running egg_info
writing ../../../build/tello/tello.egg-info/PKG-INFO
writing dependency_links to ../../../build/tello/tello.egg-info/dependency_links.txt
writing entry points to ../../../build/tello/tello.egg-info/entry_points.txt
writing requirements to ../../../build/tello/tello.egg-info/requires.txt
writing top-level names to ../../../build/tello/tello.egg-info/top_level.txt
reading manifest file '../../../build/tello/tello.egg-info/SOURCES.txt'
adding license file 'LICENSE.txt'
writing manifest file '../../../build/tello/tello.egg-info/SOURCES.txt'
running build
running build_py
copying tello/node.py -> /home/roey/tello-ros2/build/tello/build/lib/tello
running install
running install_lib
copying /home/roey/tello-ros2/build/tello/build/lib/tello/node.py -> /home/roey/tello-ros2/install/tello/lib/python3.10/site-packages/tello
byte-compiling /home/roey/tello-ros2/install/tello/lib/python3.10/site-packages/tello/node.py to node.cpython-310.pyc
running install_data
copying package.xml -> /home/roey/tello-ros2/install/tello/share/tello
running install_egg_info
removing '/home/roey/tello-ros2/install/tello/lib/python3.10/site-packages/tello-0.1.0-py3.10.egg-info' (and everything under it)
Copying ../../../build/tello/tello.egg-info to /home/roey/tello-ros2/install/tello/lib/python3.10/site-packages/tello-0.1.0-py3.10.egg-info
running install_scripts
Installing tello script to /home/roey/tello-ros2/install/tello/lib/tello
writing list of installed files to '/home/roey/tello-ros2/build/tello/install.log'
