[1.027s] Invoking command in '/home/roey/tello-ros2/workspace/src/tello': AMENT_PREFIX_PATH=/home/roey/tello-ros2/install/tello_msg:${AMENT_PREFIX_PATH} CMAKE_PREFIX_PATH=/home/roey/tello-ros2/install/tello_msg LD_LIBRARY_PATH=/home/roey/tello-ros2/install/tello_msg/lib:/usr/lib/x86_64-linux-gnu/gazebo-11/plugins:/opt/ros/humble/opt/rviz_ogre_vendor/lib:/opt/ros/humble/lib/x86_64-linux-gnu:/opt/ros/humble/lib:/usr/share/gazebo/../../lib/x86_64-linux-gnu/gazebo-11/plugins:/usr/share/gazebo/../../lib/x86_64-linux-gnu/gazebo-11/plugins:/usr/share/gazebo/../../lib/x86_64-linux-gnu/gazebo-11/plugins PYTHONPATH=/home/roey/tello-ros2/build/tello/prefix_override:/usr/lib/python3/dist-packages/colcon_core/task/python/colcon_distutils_commands:/home/roey/tello-ros2/install/tello/lib/python3.10/site-packages:/home/roey/tello-ros2/install/tello_msg/local/lib/python3.10/dist-packages:${PYTHONPATH} /usr/bin/python3 -W ignore:setup.py install is deprecated setup.py egg_info --egg-base ../../../build/tello build --build-base /home/roey/tello-ros2/build/tello/build install --record /home/roey/tello-ros2/build/tello/install.log --single-version-externally-managed install_data
[1.418s] running egg_info
[1.418s] writing ../../../build/tello/tello.egg-info/PKG-INFO
[1.419s] writing dependency_links to ../../../build/tello/tello.egg-info/dependency_links.txt
[1.419s] writing entry points to ../../../build/tello/tello.egg-info/entry_points.txt
[1.419s] writing requirements to ../../../build/tello/tello.egg-info/requires.txt
[1.419s] writing top-level names to ../../../build/tello/tello.egg-info/top_level.txt
[1.423s] reading manifest file '../../../build/tello/tello.egg-info/SOURCES.txt'
[1.423s] adding license file 'LICENSE.txt'
[1.424s] writing manifest file '../../../build/tello/tello.egg-info/SOURCES.txt'
[1.424s] running build
[1.424s] running build_py
[1.425s] copying tello/node.py -> /home/roey/tello-ros2/build/tello/build/lib/tello
[1.425s] running install
[1.425s] running install_lib
[1.427s] copying /home/roey/tello-ros2/build/tello/build/lib/tello/node.py -> /home/roey/tello-ros2/install/tello/lib/python3.10/site-packages/tello
[1.428s] byte-compiling /home/roey/tello-ros2/install/tello/lib/python3.10/site-packages/tello/node.py to node.cpython-310.pyc
[1.432s] running install_data
[1.432s] copying package.xml -> /home/roey/tello-ros2/install/tello/share/tello
[1.432s] running install_egg_info
[1.434s] removing '/home/roey/tello-ros2/install/tello/lib/python3.10/site-packages/tello-0.1.0-py3.10.egg-info' (and everything under it)
[1.435s] Copying ../../../build/tello/tello.egg-info to /home/roey/tello-ros2/install/tello/lib/python3.10/site-packages/tello-0.1.0-py3.10.egg-info
[1.436s] running install_scripts
[1.465s] Installing tello script to /home/roey/tello-ros2/install/tello/lib/tello
[1.466s] writing list of installed files to '/home/roey/tello-ros2/build/tello/install.log'
[1.499s] Invoked command in '/home/roey/tello-ros2/workspace/src/tello' returned '0': AMENT_PREFIX_PATH=/home/roey/tello-ros2/install/tello_msg:${AMENT_PREFIX_PATH} CMAKE_PREFIX_PATH=/home/roey/tello-ros2/install/tello_msg LD_LIBRARY_PATH=/home/roey/tello-ros2/install/tello_msg/lib:/usr/lib/x86_64-linux-gnu/gazebo-11/plugins:/opt/ros/humble/opt/rviz_ogre_vendor/lib:/opt/ros/humble/lib/x86_64-linux-gnu:/opt/ros/humble/lib:/usr/share/gazebo/../../lib/x86_64-linux-gnu/gazebo-11/plugins:/usr/share/gazebo/../../lib/x86_64-linux-gnu/gazebo-11/plugins:/usr/share/gazebo/../../lib/x86_64-linux-gnu/gazebo-11/plugins PYTHONPATH=/home/roey/tello-ros2/build/tello/prefix_override:/usr/lib/python3/dist-packages/colcon_core/task/python/colcon_distutils_commands:/home/roey/tello-ros2/install/tello/lib/python3.10/site-packages:/home/roey/tello-ros2/install/tello_msg/local/lib/python3.10/dist-packages:${PYTHONPATH} /usr/bin/python3 -W ignore:setup.py install is deprecated setup.py egg_info --egg-base ../../../build/tello build --build-base /home/roey/tello-ros2/build/tello/build install --record /home/roey/tello-ros2/build/tello/install.log --single-version-externally-managed install_data
