In file included from /home/roey/tello-vio/libs/ORB_SLAM2/Thirdparty/g2o/g2o/types/types_seven_dof_expmap.h:34,
                 from /home/roey/tello-vio/libs/ORB_SLAM2/include/LoopClosing.h:34,
                 from /home/roey/tello-vio/libs/ORB_SLAM2/include/LocalMapping.h:26,
                 from /home/roey/tello-vio/libs/ORB_SLAM2/include/Tracking.h:29,
                 from /home/roey/tello-vio/libs/ORB_SLAM2/include/System.h:29,
                 from /home/roey/tello-vio/slam/src/orbslam2/src/monocular/monocular-slam-node.hpp:16,
                 from /home/roey/tello-vio/slam/src/orbslam2/src/monocular/monocular-slam-node.cpp:1:
/home/roey/tello-vio/libs/ORB_SLAM2/Thirdparty/g2o/g2o/types/../core/base_vertex.h:62:74: warning: ‘Eigen::AlignedBit’ is deprecated [-Wdeprecated-declarations]
   62 |     typedef Eigen::Map<Matrix<double, D, D>, Matrix<double,D,D>::Flags & AlignedBit ? Aligned : Unaligned >  HessianBlockType;
      |                                                                          ^~~~~~~~~~
In file included from /usr/include/eigen3/Eigen/Core:161,
                 from /home/roey/tello-vio/libs/ORB_SLAM2/Thirdparty/g2o/g2o/types/../core/jacobian_workspace.h:30,
                 from /home/roey/tello-vio/libs/ORB_SLAM2/Thirdparty/g2o/g2o/types/../core/optimizable_graph.h:41,
                 from /home/roey/tello-vio/libs/ORB_SLAM2/Thirdparty/g2o/g2o/types/../core/base_vertex.h:30,
                 from /home/roey/tello-vio/libs/ORB_SLAM2/Thirdparty/g2o/g2o/types/types_seven_dof_expmap.h:34,
                 from /home/roey/tello-vio/libs/ORB_SLAM2/include/LoopClosing.h:34,
                 from /home/roey/tello-vio/libs/ORB_SLAM2/include/LocalMapping.h:26,
                 from /home/roey/tello-vio/libs/ORB_SLAM2/include/Tracking.h:29,
                 from /home/roey/tello-vio/libs/ORB_SLAM2/include/System.h:29,
                 from /home/roey/tello-vio/slam/src/orbslam2/src/monocular/monocular-slam-node.hpp:16,
                 from /home/roey/tello-vio/slam/src/orbslam2/src/monocular/monocular-slam-node.cpp:1:
/usr/include/eigen3/Eigen/src/Core/util/Constants.h:167:37: note: declared here
  167 | EIGEN_DEPRECATED const unsigned int AlignedBit = 0x80;
      |                                     ^~~~~~~~~~
In file included from /home/roey/tello-vio/libs/ORB_SLAM2/Thirdparty/g2o/g2o/types/types_seven_dof_expmap.h:35,
                 from /home/roey/tello-vio/libs/ORB_SLAM2/include/LoopClosing.h:34,
                 from /home/roey/tello-vio/libs/ORB_SLAM2/include/LocalMapping.h:26,
                 from /home/roey/tello-vio/libs/ORB_SLAM2/include/Tracking.h:29,
                 from /home/roey/tello-vio/libs/ORB_SLAM2/include/System.h:29,
                 from /home/roey/tello-vio/slam/src/orbslam2/src/monocular/monocular-slam-node.hpp:16,
                 from /home/roey/tello-vio/slam/src/orbslam2/src/monocular/monocular-slam-node.cpp:1:
/home/roey/tello-vio/libs/ORB_SLAM2/Thirdparty/g2o/g2o/types/../core/base_binary_edge.h:59:82: warning: ‘Eigen::AlignedBit’ is deprecated [-Wdeprecated-declarations]
   59 |       typedef Eigen::Map<Matrix<double, Di, Dj>, Matrix<double, Di, Dj>::Flags & AlignedBit ? Aligned : Unaligned > HessianBlockType;
      |                                                                                  ^~~~~~~~~~
In file included from /usr/include/eigen3/Eigen/Core:161,
                 from /home/roey/tello-vio/libs/ORB_SLAM2/Thirdparty/g2o/g2o/types/../core/jacobian_workspace.h:30,
                 from /home/roey/tello-vio/libs/ORB_SLAM2/Thirdparty/g2o/g2o/types/../core/optimizable_graph.h:41,
                 from /home/roey/tello-vio/libs/ORB_SLAM2/Thirdparty/g2o/g2o/types/../core/base_vertex.h:30,
                 from /home/roey/tello-vio/libs/ORB_SLAM2/Thirdparty/g2o/g2o/types/types_seven_dof_expmap.h:34,
                 from /home/roey/tello-vio/libs/ORB_SLAM2/include/LoopClosing.h:34,
                 from /home/roey/tello-vio/libs/ORB_SLAM2/include/LocalMapping.h:26,
                 from /home/roey/tello-vio/libs/ORB_SLAM2/include/Tracking.h:29,
                 from /home/roey/tello-vio/libs/ORB_SLAM2/include/System.h:29,
                 from /home/roey/tello-vio/slam/src/orbslam2/src/monocular/monocular-slam-node.hpp:16,
                 from /home/roey/tello-vio/slam/src/orbslam2/src/monocular/monocular-slam-node.cpp:1:
/usr/include/eigen3/Eigen/src/Core/util/Constants.h:167:37: note: declared here
  167 | EIGEN_DEPRECATED const unsigned int AlignedBit = 0x80;
      |                                     ^~~~~~~~~~
In file included from /home/roey/tello-vio/libs/ORB_SLAM2/Thirdparty/g2o/g2o/types/types_seven_dof_expmap.h:35,
                 from /home/roey/tello-vio/libs/ORB_SLAM2/include/LoopClosing.h:34,
                 from /home/roey/tello-vio/libs/ORB_SLAM2/include/LocalMapping.h:26,
                 from /home/roey/tello-vio/libs/ORB_SLAM2/include/Tracking.h:29,
                 from /home/roey/tello-vio/libs/ORB_SLAM2/include/System.h:29,
                 from /home/roey/tello-vio/slam/src/orbslam2/src/monocular/monocular-slam-node.hpp:16,
                 from /home/roey/tello-vio/slam/src/orbslam2/src/monocular/monocular-slam-node.cpp:1:
/home/roey/tello-vio/libs/ORB_SLAM2/Thirdparty/g2o/g2o/types/../core/base_binary_edge.h:60:82: warning: ‘Eigen::AlignedBit’ is deprecated [-Wdeprecated-declarations]
   60 |       typedef Eigen::Map<Matrix<double, Dj, Di>, Matrix<double, Dj, Di>::Flags & AlignedBit ? Aligned : Unaligned > HessianBlockTransposedType;
      |                                                                                  ^~~~~~~~~~
In file included from /usr/include/eigen3/Eigen/Core:161,
                 from /home/roey/tello-vio/libs/ORB_SLAM2/Thirdparty/g2o/g2o/types/../core/jacobian_workspace.h:30,
                 from /home/roey/tello-vio/libs/ORB_SLAM2/Thirdparty/g2o/g2o/types/../core/optimizable_graph.h:41,
                 from /home/roey/tello-vio/libs/ORB_SLAM2/Thirdparty/g2o/g2o/types/../core/base_vertex.h:30,
                 from /home/roey/tello-vio/libs/ORB_SLAM2/Thirdparty/g2o/g2o/types/types_seven_dof_expmap.h:34,
                 from /home/roey/tello-vio/libs/ORB_SLAM2/include/LoopClosing.h:34,
                 from /home/roey/tello-vio/libs/ORB_SLAM2/include/LocalMapping.h:26,
                 from /home/roey/tello-vio/libs/ORB_SLAM2/include/Tracking.h:29,
                 from /home/roey/tello-vio/libs/ORB_SLAM2/include/System.h:29,
                 from /home/roey/tello-vio/slam/src/orbslam2/src/monocular/monocular-slam-node.hpp:16,
                 from /home/roey/tello-vio/slam/src/orbslam2/src/monocular/monocular-slam-node.cpp:1:
/usr/include/eigen3/Eigen/src/Core/util/Constants.h:167:37: note: declared here
  167 | EIGEN_DEPRECATED const unsigned int AlignedBit = 0x80;
      |                                     ^~~~~~~~~~
In file included from /home/roey/tello-vio/libs/ORB_SLAM2/Thirdparty/g2o/g2o/types/types_six_dof_expmap.h:41,
                 from /home/roey/tello-vio/libs/ORB_SLAM2/Thirdparty/g2o/g2o/types/types_seven_dof_expmap.h:36,
                 from /home/roey/tello-vio/libs/ORB_SLAM2/include/LoopClosing.h:34,
                 from /home/roey/tello-vio/libs/ORB_SLAM2/include/LocalMapping.h:26,
                 from /home/roey/tello-vio/libs/ORB_SLAM2/include/Tracking.h:29,
                 from /home/roey/tello-vio/libs/ORB_SLAM2/include/System.h:29,
                 from /home/roey/tello-vio/slam/src/orbslam2/src/monocular/monocular-slam-node.hpp:16,
                 from /home/roey/tello-vio/slam/src/orbslam2/src/monocular/monocular-slam-node.cpp:1:
/home/roey/tello-vio/libs/ORB_SLAM2/Thirdparty/g2o/g2o/types/se3quat.h:43:38: warning: extra ‘;’ [-Wpedantic]
   43 |       EIGEN_MAKE_ALIGNED_OPERATOR_NEW;
      |                                      ^
      |                                      -
In file included from /home/roey/tello-vio/libs/ORB_SLAM2/Thirdparty/g2o/g2o/types/types_seven_dof_expmap.h:34,
                 from /home/roey/tello-vio/libs/ORB_SLAM2/include/LoopClosing.h:34,
                 from /home/roey/tello-vio/libs/ORB_SLAM2/include/LocalMapping.h:26,
                 from /home/roey/tello-vio/libs/ORB_SLAM2/include/Tracking.h:29,
                 from /home/roey/tello-vio/libs/ORB_SLAM2/include/System.h:29,
                 from /home/roey/tello-vio/slam/src/orbslam2/src/monocular/monocular-slam-node.hpp:16,
                 from /home/roey/tello-vio/slam/src/orbslam2/src/monocular/monocular-slam-node.cpp:1:
/home/roey/tello-vio/libs/ORB_SLAM2/Thirdparty/g2o/g2o/types/../core/base_vertex.h: In instantiation of ‘class g2o::BaseVertex<3, Eigen::Matrix<double, 3, 1> >’:
/home/roey/tello-vio/libs/ORB_SLAM2/Thirdparty/g2o/g2o/types/types_sba.h:40:35:   required from here
/home/roey/tello-vio/libs/ORB_SLAM2/Thirdparty/g2o/g2o/types/../core/base_vertex.h:62:72: warning: ‘Eigen::AlignedBit’ is deprecated [-Wdeprecated-declarations]
   62 |     typedef Eigen::Map<Matrix<double, D, D>, Matrix<double,D,D>::Flags & AlignedBit ? Aligned : Unaligned >  HessianBlockType;
      |                                                                  ~~~~~~^~~~~~~~~~~~
In file included from /usr/include/eigen3/Eigen/Core:161,
                 from /home/roey/tello-vio/libs/ORB_SLAM2/Thirdparty/g2o/g2o/types/../core/jacobian_workspace.h:30,
                 from /home/roey/tello-vio/libs/ORB_SLAM2/Thirdparty/g2o/g2o/types/../core/optimizable_graph.h:41,
                 from /home/roey/tello-vio/libs/ORB_SLAM2/Thirdparty/g2o/g2o/types/../core/base_vertex.h:30,
                 from /home/roey/tello-vio/libs/ORB_SLAM2/Thirdparty/g2o/g2o/types/types_seven_dof_expmap.h:34,
                 from /home/roey/tello-vio/libs/ORB_SLAM2/include/LoopClosing.h:34,
                 from /home/roey/tello-vio/libs/ORB_SLAM2/include/LocalMapping.h:26,
                 from /home/roey/tello-vio/libs/ORB_SLAM2/include/Tracking.h:29,
                 from /home/roey/tello-vio/libs/ORB_SLAM2/include/System.h:29,
                 from /home/roey/tello-vio/slam/src/orbslam2/src/monocular/monocular-slam-node.hpp:16,
                 from /home/roey/tello-vio/slam/src/orbslam2/src/monocular/monocular-slam-node.cpp:1:
/usr/include/eigen3/Eigen/src/Core/util/Constants.h:167:37: note: declared here
  167 | EIGEN_DEPRECATED const unsigned int AlignedBit = 0x80;
      |                                     ^~~~~~~~~~
In file included from /home/roey/tello-vio/libs/ORB_SLAM2/Thirdparty/g2o/g2o/types/types_seven_dof_expmap.h:34,
                 from /home/roey/tello-vio/libs/ORB_SLAM2/include/LoopClosing.h:34,
                 from /home/roey/tello-vio/libs/ORB_SLAM2/include/LocalMapping.h:26,
                 from /home/roey/tello-vio/libs/ORB_SLAM2/include/Tracking.h:29,
                 from /home/roey/tello-vio/libs/ORB_SLAM2/include/System.h:29,
                 from /home/roey/tello-vio/slam/src/orbslam2/src/monocular/monocular-slam-node.hpp:16,
                 from /home/roey/tello-vio/slam/src/orbslam2/src/monocular/monocular-slam-node.cpp:1:
/home/roey/tello-vio/libs/ORB_SLAM2/Thirdparty/g2o/g2o/types/../core/base_vertex.h: In instantiation of ‘class g2o::BaseVertex<6, g2o::SE3Quat>’:
/home/roey/tello-vio/libs/ORB_SLAM2/Thirdparty/g2o/g2o/types/types_six_dof_expmap.h:59:33:   required from here
/home/roey/tello-vio/libs/ORB_SLAM2/Thirdparty/g2o/g2o/types/../core/base_vertex.h:62:72: warning: ‘Eigen::AlignedBit’ is deprecated [-Wdeprecated-declarations]
   62 |     typedef Eigen::Map<Matrix<double, D, D>, Matrix<double,D,D>::Flags & AlignedBit ? Aligned : Unaligned >  HessianBlockType;
      |                                                                  ~~~~~~^~~~~~~~~~~~
In file included from /usr/include/eigen3/Eigen/Core:161,
                 from /home/roey/tello-vio/libs/ORB_SLAM2/Thirdparty/g2o/g2o/types/../core/jacobian_workspace.h:30,
                 from /home/roey/tello-vio/libs/ORB_SLAM2/Thirdparty/g2o/g2o/types/../core/optimizable_graph.h:41,
                 from /home/roey/tello-vio/libs/ORB_SLAM2/Thirdparty/g2o/g2o/types/../core/base_vertex.h:30,
                 from /home/roey/tello-vio/libs/ORB_SLAM2/Thirdparty/g2o/g2o/types/types_seven_dof_expmap.h:34,
                 from /home/roey/tello-vio/libs/ORB_SLAM2/include/LoopClosing.h:34,
                 from /home/roey/tello-vio/libs/ORB_SLAM2/include/LocalMapping.h:26,
                 from /home/roey/tello-vio/libs/ORB_SLAM2/include/Tracking.h:29,
                 from /home/roey/tello-vio/libs/ORB_SLAM2/include/System.h:29,
                 from /home/roey/tello-vio/slam/src/orbslam2/src/monocular/monocular-slam-node.hpp:16,
                 from /home/roey/tello-vio/slam/src/orbslam2/src/monocular/monocular-slam-node.cpp:1:
/usr/include/eigen3/Eigen/src/Core/util/Constants.h:167:37: note: declared here
  167 | EIGEN_DEPRECATED const unsigned int AlignedBit = 0x80;
      |                                     ^~~~~~~~~~
In file included from /home/roey/tello-vio/libs/ORB_SLAM2/Thirdparty/g2o/g2o/types/types_seven_dof_expmap.h:35,
                 from /home/roey/tello-vio/libs/ORB_SLAM2/include/LoopClosing.h:34,
                 from /home/roey/tello-vio/libs/ORB_SLAM2/include/LocalMapping.h:26,
                 from /home/roey/tello-vio/libs/ORB_SLAM2/include/Tracking.h:29,
                 from /home/roey/tello-vio/libs/ORB_SLAM2/include/System.h:29,
                 from /home/roey/tello-vio/slam/src/orbslam2/src/monocular/monocular-slam-node.hpp:16,
                 from /home/roey/tello-vio/slam/src/orbslam2/src/monocular/monocular-slam-node.cpp:1:
/home/roey/tello-vio/libs/ORB_SLAM2/Thirdparty/g2o/g2o/types/../core/base_binary_edge.h: In instantiation of ‘class g2o::BaseBinaryEdge<2, Eigen::Matrix<double, 2, 1>, g2o::VertexSBAPointXYZ, g2o::VertexSE3Expmap>’:
/home/roey/tello-vio/libs/ORB_SLAM2/Thirdparty/g2o/g2o/types/types_six_dof_expmap.h:80:35:   required from here
/home/roey/tello-vio/libs/ORB_SLAM2/Thirdparty/g2o/g2o/types/../core/base_binary_edge.h:59:80: warning: ‘Eigen::AlignedBit’ is deprecated [-Wdeprecated-declarations]
   59 |       typedef Eigen::Map<Matrix<double, Di, Dj>, Matrix<double, Di, Dj>::Flags & AlignedBit ? Aligned : Unaligned > HessianBlockType;
      |                                                                          ~~~~~~^~~~~~~~~~~~
In file included from /usr/include/eigen3/Eigen/Core:161,
                 from /home/roey/tello-vio/libs/ORB_SLAM2/Thirdparty/g2o/g2o/types/../core/jacobian_workspace.h:30,
                 from /home/roey/tello-vio/libs/ORB_SLAM2/Thirdparty/g2o/g2o/types/../core/optimizable_graph.h:41,
                 from /home/roey/tello-vio/libs/ORB_SLAM2/Thirdparty/g2o/g2o/types/../core/base_vertex.h:30,
                 from /home/roey/tello-vio/libs/ORB_SLAM2/Thirdparty/g2o/g2o/types/types_seven_dof_expmap.h:34,
                 from /home/roey/tello-vio/libs/ORB_SLAM2/include/LoopClosing.h:34,
                 from /home/roey/tello-vio/libs/ORB_SLAM2/include/LocalMapping.h:26,
                 from /home/roey/tello-vio/libs/ORB_SLAM2/include/Tracking.h:29,
                 from /home/roey/tello-vio/libs/ORB_SLAM2/include/System.h:29,
                 from /home/roey/tello-vio/slam/src/orbslam2/src/monocular/monocular-slam-node.hpp:16,
                 from /home/roey/tello-vio/slam/src/orbslam2/src/monocular/monocular-slam-node.cpp:1:
/usr/include/eigen3/Eigen/src/Core/util/Constants.h:167:37: note: declared here
  167 | EIGEN_DEPRECATED const unsigned int AlignedBit = 0x80;
      |                                     ^~~~~~~~~~
In file included from /home/roey/tello-vio/libs/ORB_SLAM2/Thirdparty/g2o/g2o/types/types_seven_dof_expmap.h:35,
                 from /home/roey/tello-vio/libs/ORB_SLAM2/include/LoopClosing.h:34,
                 from /home/roey/tello-vio/libs/ORB_SLAM2/include/LocalMapping.h:26,
                 from /home/roey/tello-vio/libs/ORB_SLAM2/include/Tracking.h:29,
                 from /home/roey/tello-vio/libs/ORB_SLAM2/include/System.h:29,
                 from /home/roey/tello-vio/slam/src/orbslam2/src/monocular/monocular-slam-node.hpp:16,
                 from /home/roey/tello-vio/slam/src/orbslam2/src/monocular/monocular-slam-node.cpp:1:
/home/roey/tello-vio/libs/ORB_SLAM2/Thirdparty/g2o/g2o/types/../core/base_binary_edge.h:60:80: warning: ‘Eigen::AlignedBit’ is deprecated [-Wdeprecated-declarations]
   60 |       typedef Eigen::Map<Matrix<double, Dj, Di>, Matrix<double, Dj, Di>::Flags & AlignedBit ? Aligned : Unaligned > HessianBlockTransposedType;
      |                                                                          ~~~~~~^~~~~~~~~~~~
In file included from /usr/include/eigen3/Eigen/Core:161,
                 from /home/roey/tello-vio/libs/ORB_SLAM2/Thirdparty/g2o/g2o/types/../core/jacobian_workspace.h:30,
                 from /home/roey/tello-vio/libs/ORB_SLAM2/Thirdparty/g2o/g2o/types/../core/optimizable_graph.h:41,
                 from /home/roey/tello-vio/libs/ORB_SLAM2/Thirdparty/g2o/g2o/types/../core/base_vertex.h:30,
                 from /home/roey/tello-vio/libs/ORB_SLAM2/Thirdparty/g2o/g2o/types/types_seven_dof_expmap.h:34,
                 from /home/roey/tello-vio/libs/ORB_SLAM2/include/LoopClosing.h:34,
                 from /home/roey/tello-vio/libs/ORB_SLAM2/include/LocalMapping.h:26,
                 from /home/roey/tello-vio/libs/ORB_SLAM2/include/Tracking.h:29,
                 from /home/roey/tello-vio/libs/ORB_SLAM2/include/System.h:29,
                 from /home/roey/tello-vio/slam/src/orbslam2/src/monocular/monocular-slam-node.hpp:16,
                 from /home/roey/tello-vio/slam/src/orbslam2/src/monocular/monocular-slam-node.cpp:1:
/usr/include/eigen3/Eigen/src/Core/util/Constants.h:167:37: note: declared here
  167 | EIGEN_DEPRECATED const unsigned int AlignedBit = 0x80;
      |                                     ^~~~~~~~~~
In file included from /home/roey/tello-vio/libs/ORB_SLAM2/Thirdparty/g2o/g2o/types/types_seven_dof_expmap.h:35,
                 from /home/roey/tello-vio/libs/ORB_SLAM2/include/LoopClosing.h:34,
                 from /home/roey/tello-vio/libs/ORB_SLAM2/include/LocalMapping.h:26,
                 from /home/roey/tello-vio/libs/ORB_SLAM2/include/Tracking.h:29,
                 from /home/roey/tello-vio/libs/ORB_SLAM2/include/System.h:29,
                 from /home/roey/tello-vio/slam/src/orbslam2/src/monocular/monocular-slam-node.hpp:16,
                 from /home/roey/tello-vio/slam/src/orbslam2/src/monocular/monocular-slam-node.cpp:1:
/home/roey/tello-vio/libs/ORB_SLAM2/Thirdparty/g2o/g2o/types/../core/base_binary_edge.h: In instantiation of ‘class g2o::BaseBinaryEdge<3, Eigen::Matrix<double, 3, 1>, g2o::VertexSBAPointXYZ, g2o::VertexSE3Expmap>’:
/home/roey/tello-vio/libs/ORB_SLAM2/Thirdparty/g2o/g2o/types/types_six_dof_expmap.h:112:41:   required from here
/home/roey/tello-vio/libs/ORB_SLAM2/Thirdparty/g2o/g2o/types/../core/base_binary_edge.h:59:80: warning: ‘Eigen::AlignedBit’ is deprecated [-Wdeprecated-declarations]
   59 |       typedef Eigen::Map<Matrix<double, Di, Dj>, Matrix<double, Di, Dj>::Flags & AlignedBit ? Aligned : Unaligned > HessianBlockType;
      |                                                                          ~~~~~~^~~~~~~~~~~~
In file included from /usr/include/eigen3/Eigen/Core:161,
                 from /home/roey/tello-vio/libs/ORB_SLAM2/Thirdparty/g2o/g2o/types/../core/jacobian_workspace.h:30,
                 from /home/roey/tello-vio/libs/ORB_SLAM2/Thirdparty/g2o/g2o/types/../core/optimizable_graph.h:41,
                 from /home/roey/tello-vio/libs/ORB_SLAM2/Thirdparty/g2o/g2o/types/../core/base_vertex.h:30,
                 from /home/roey/tello-vio/libs/ORB_SLAM2/Thirdparty/g2o/g2o/types/types_seven_dof_expmap.h:34,
                 from /home/roey/tello-vio/libs/ORB_SLAM2/include/LoopClosing.h:34,
                 from /home/roey/tello-vio/libs/ORB_SLAM2/include/LocalMapping.h:26,
                 from /home/roey/tello-vio/libs/ORB_SLAM2/include/Tracking.h:29,
                 from /home/roey/tello-vio/libs/ORB_SLAM2/include/System.h:29,
                 from /home/roey/tello-vio/slam/src/orbslam2/src/monocular/monocular-slam-node.hpp:16,
                 from /home/roey/tello-vio/slam/src/orbslam2/src/monocular/monocular-slam-node.cpp:1:
/usr/include/eigen3/Eigen/src/Core/util/Constants.h:167:37: note: declared here
  167 | EIGEN_DEPRECATED const unsigned int AlignedBit = 0x80;
      |                                     ^~~~~~~~~~
In file included from /home/roey/tello-vio/libs/ORB_SLAM2/Thirdparty/g2o/g2o/types/types_seven_dof_expmap.h:35,
                 from /home/roey/tello-vio/libs/ORB_SLAM2/include/LoopClosing.h:34,
                 from /home/roey/tello-vio/libs/ORB_SLAM2/include/LocalMapping.h:26,
                 from /home/roey/tello-vio/libs/ORB_SLAM2/include/Tracking.h:29,
                 from /home/roey/tello-vio/libs/ORB_SLAM2/include/System.h:29,
                 from /home/roey/tello-vio/slam/src/orbslam2/src/monocular/monocular-slam-node.hpp:16,
                 from /home/roey/tello-vio/slam/src/orbslam2/src/monocular/monocular-slam-node.cpp:1:
/home/roey/tello-vio/libs/ORB_SLAM2/Thirdparty/g2o/g2o/types/../core/base_binary_edge.h:60:80: warning: ‘Eigen::AlignedBit’ is deprecated [-Wdeprecated-declarations]
   60 |       typedef Eigen::Map<Matrix<double, Dj, Di>, Matrix<double, Dj, Di>::Flags & AlignedBit ? Aligned : Unaligned > HessianBlockTransposedType;
      |                                                                          ~~~~~~^~~~~~~~~~~~
In file included from /usr/include/eigen3/Eigen/Core:161,
                 from /home/roey/tello-vio/libs/ORB_SLAM2/Thirdparty/g2o/g2o/types/../core/jacobian_workspace.h:30,
                 from /home/roey/tello-vio/libs/ORB_SLAM2/Thirdparty/g2o/g2o/types/../core/optimizable_graph.h:41,
                 from /home/roey/tello-vio/libs/ORB_SLAM2/Thirdparty/g2o/g2o/types/../core/base_vertex.h:30,
                 from /home/roey/tello-vio/libs/ORB_SLAM2/Thirdparty/g2o/g2o/types/types_seven_dof_expmap.h:34,
                 from /home/roey/tello-vio/libs/ORB_SLAM2/include/LoopClosing.h:34,
                 from /home/roey/tello-vio/libs/ORB_SLAM2/include/LocalMapping.h:26,
                 from /home/roey/tello-vio/libs/ORB_SLAM2/include/Tracking.h:29,
                 from /home/roey/tello-vio/libs/ORB_SLAM2/include/System.h:29,
                 from /home/roey/tello-vio/slam/src/orbslam2/src/monocular/monocular-slam-node.hpp:16,
                 from /home/roey/tello-vio/slam/src/orbslam2/src/monocular/monocular-slam-node.cpp:1:
/usr/include/eigen3/Eigen/src/Core/util/Constants.h:167:37: note: declared here
  167 | EIGEN_DEPRECATED const unsigned int AlignedBit = 0x80;
      |                                     ^~~~~~~~~~
In file included from /home/roey/tello-vio/libs/ORB_SLAM2/Thirdparty/g2o/g2o/types/types_seven_dof_expmap.h:34,
                 from /home/roey/tello-vio/libs/ORB_SLAM2/include/LoopClosing.h:34,
                 from /home/roey/tello-vio/libs/ORB_SLAM2/include/LocalMapping.h:26,
                 from /home/roey/tello-vio/libs/ORB_SLAM2/include/Tracking.h:29,
                 from /home/roey/tello-vio/libs/ORB_SLAM2/include/System.h:29,
                 from /home/roey/tello-vio/slam/src/orbslam2/src/monocular/monocular-slam-node.hpp:16,
                 from /home/roey/tello-vio/slam/src/orbslam2/src/monocular/monocular-slam-node.cpp:1:
/home/roey/tello-vio/libs/ORB_SLAM2/Thirdparty/g2o/g2o/types/../core/base_vertex.h: In instantiation of ‘class g2o::BaseVertex<7, g2o::Sim3>’:
/home/roey/tello-vio/libs/ORB_SLAM2/Thirdparty/g2o/g2o/types/types_seven_dof_expmap.h:48:35:   required from here
/home/roey/tello-vio/libs/ORB_SLAM2/Thirdparty/g2o/g2o/types/../core/base_vertex.h:62:72: warning: ‘Eigen::AlignedBit’ is deprecated [-Wdeprecated-declarations]
   62 |     typedef Eigen::Map<Matrix<double, D, D>, Matrix<double,D,D>::Flags & AlignedBit ? Aligned : Unaligned >  HessianBlockType;
      |                                                                  ~~~~~~^~~~~~~~~~~~
In file included from /usr/include/eigen3/Eigen/Core:161,
                 from /home/roey/tello-vio/libs/ORB_SLAM2/Thirdparty/g2o/g2o/types/../core/jacobian_workspace.h:30,
                 from /home/roey/tello-vio/libs/ORB_SLAM2/Thirdparty/g2o/g2o/types/../core/optimizable_graph.h:41,
                 from /home/roey/tello-vio/libs/ORB_SLAM2/Thirdparty/g2o/g2o/types/../core/base_vertex.h:30,
                 from /home/roey/tello-vio/libs/ORB_SLAM2/Thirdparty/g2o/g2o/types/types_seven_dof_expmap.h:34,
                 from /home/roey/tello-vio/libs/ORB_SLAM2/include/LoopClosing.h:34,
                 from /home/roey/tello-vio/libs/ORB_SLAM2/include/LocalMapping.h:26,
                 from /home/roey/tello-vio/libs/ORB_SLAM2/include/Tracking.h:29,
                 from /home/roey/tello-vio/libs/ORB_SLAM2/include/System.h:29,
                 from /home/roey/tello-vio/slam/src/orbslam2/src/monocular/monocular-slam-node.hpp:16,
                 from /home/roey/tello-vio/slam/src/orbslam2/src/monocular/monocular-slam-node.cpp:1:
/usr/include/eigen3/Eigen/src/Core/util/Constants.h:167:37: note: declared here
  167 | EIGEN_DEPRECATED const unsigned int AlignedBit = 0x80;
      |                                     ^~~~~~~~~~
In file included from /home/roey/tello-vio/libs/ORB_SLAM2/Thirdparty/g2o/g2o/types/types_seven_dof_expmap.h:35,
                 from /home/roey/tello-vio/libs/ORB_SLAM2/include/LoopClosing.h:34,
                 from /home/roey/tello-vio/libs/ORB_SLAM2/include/LocalMapping.h:26,
                 from /home/roey/tello-vio/libs/ORB_SLAM2/include/Tracking.h:29,
                 from /home/roey/tello-vio/libs/ORB_SLAM2/include/System.h:29,
                 from /home/roey/tello-vio/slam/src/orbslam2/src/monocular/monocular-slam-node.hpp:16,
                 from /home/roey/tello-vio/slam/src/orbslam2/src/monocular/monocular-slam-node.cpp:1:
/home/roey/tello-vio/libs/ORB_SLAM2/Thirdparty/g2o/g2o/types/../core/base_binary_edge.h: In instantiation of ‘class g2o::BaseBinaryEdge<7, g2o::Sim3, g2o::VertexSim3Expmap, g2o::VertexSim3Expmap>’:
/home/roey/tello-vio/libs/ORB_SLAM2/Thirdparty/g2o/g2o/types/types_seven_dof_expmap.h:99:27:   required from here
/home/roey/tello-vio/libs/ORB_SLAM2/Thirdparty/g2o/g2o/types/../core/base_binary_edge.h:59:80: warning: ‘Eigen::AlignedBit’ is deprecated [-Wdeprecated-declarations]
   59 |       typedef Eigen::Map<Matrix<double, Di, Dj>, Matrix<double, Di, Dj>::Flags & AlignedBit ? Aligned : Unaligned > HessianBlockType;
      |                                                                          ~~~~~~^~~~~~~~~~~~
In file included from /usr/include/eigen3/Eigen/Core:161,
                 from /home/roey/tello-vio/libs/ORB_SLAM2/Thirdparty/g2o/g2o/types/../core/jacobian_workspace.h:30,
                 from /home/roey/tello-vio/libs/ORB_SLAM2/Thirdparty/g2o/g2o/types/../core/optimizable_graph.h:41,
                 from /home/roey/tello-vio/libs/ORB_SLAM2/Thirdparty/g2o/g2o/types/../core/base_vertex.h:30,
                 from /home/roey/tello-vio/libs/ORB_SLAM2/Thirdparty/g2o/g2o/types/types_seven_dof_expmap.h:34,
                 from /home/roey/tello-vio/libs/ORB_SLAM2/include/LoopClosing.h:34,
                 from /home/roey/tello-vio/libs/ORB_SLAM2/include/LocalMapping.h:26,
                 from /home/roey/tello-vio/libs/ORB_SLAM2/include/Tracking.h:29,
                 from /home/roey/tello-vio/libs/ORB_SLAM2/include/System.h:29,
                 from /home/roey/tello-vio/slam/src/orbslam2/src/monocular/monocular-slam-node.hpp:16,
                 from /home/roey/tello-vio/slam/src/orbslam2/src/monocular/monocular-slam-node.cpp:1:
/usr/include/eigen3/Eigen/src/Core/util/Constants.h:167:37: note: declared here
  167 | EIGEN_DEPRECATED const unsigned int AlignedBit = 0x80;
      |                                     ^~~~~~~~~~
In file included from /home/roey/tello-vio/libs/ORB_SLAM2/Thirdparty/g2o/g2o/types/types_seven_dof_expmap.h:35,
                 from /home/roey/tello-vio/libs/ORB_SLAM2/include/LoopClosing.h:34,
                 from /home/roey/tello-vio/libs/ORB_SLAM2/include/LocalMapping.h:26,
                 from /home/roey/tello-vio/libs/ORB_SLAM2/include/Tracking.h:29,
                 from /home/roey/tello-vio/libs/ORB_SLAM2/include/System.h:29,
                 from /home/roey/tello-vio/slam/src/orbslam2/src/monocular/monocular-slam-node.hpp:16,
                 from /home/roey/tello-vio/slam/src/orbslam2/src/monocular/monocular-slam-node.cpp:1:
/home/roey/tello-vio/libs/ORB_SLAM2/Thirdparty/g2o/g2o/types/../core/base_binary_edge.h:60:80: warning: ‘Eigen::AlignedBit’ is deprecated [-Wdeprecated-declarations]
   60 |       typedef Eigen::Map<Matrix<double, Dj, Di>, Matrix<double, Dj, Di>::Flags & AlignedBit ? Aligned : Unaligned > HessianBlockTransposedType;
      |                                                                          ~~~~~~^~~~~~~~~~~~
In file included from /usr/include/eigen3/Eigen/Core:161,
                 from /home/roey/tello-vio/libs/ORB_SLAM2/Thirdparty/g2o/g2o/types/../core/jacobian_workspace.h:30,
                 from /home/roey/tello-vio/libs/ORB_SLAM2/Thirdparty/g2o/g2o/types/../core/optimizable_graph.h:41,
                 from /home/roey/tello-vio/libs/ORB_SLAM2/Thirdparty/g2o/g2o/types/../core/base_vertex.h:30,
                 from /home/roey/tello-vio/libs/ORB_SLAM2/Thirdparty/g2o/g2o/types/types_seven_dof_expmap.h:34,
                 from /home/roey/tello-vio/libs/ORB_SLAM2/include/LoopClosing.h:34,
                 from /home/roey/tello-vio/libs/ORB_SLAM2/include/LocalMapping.h:26,
                 from /home/roey/tello-vio/libs/ORB_SLAM2/include/Tracking.h:29,
                 from /home/roey/tello-vio/libs/ORB_SLAM2/include/System.h:29,
                 from /home/roey/tello-vio/slam/src/orbslam2/src/monocular/monocular-slam-node.hpp:16,
                 from /home/roey/tello-vio/slam/src/orbslam2/src/monocular/monocular-slam-node.cpp:1:
/usr/include/eigen3/Eigen/src/Core/util/Constants.h:167:37: note: declared here
  167 | EIGEN_DEPRECATED const unsigned int AlignedBit = 0x80;
      |                                     ^~~~~~~~~~
In file included from /home/roey/tello-vio/libs/ORB_SLAM2/Thirdparty/g2o/g2o/types/types_seven_dof_expmap.h:35,
                 from /home/roey/tello-vio/libs/ORB_SLAM2/include/LoopClosing.h:34,
                 from /home/roey/tello-vio/libs/ORB_SLAM2/include/LocalMapping.h:26,
                 from /home/roey/tello-vio/libs/ORB_SLAM2/include/Tracking.h:29,
                 from /home/roey/tello-vio/libs/ORB_SLAM2/include/System.h:29,
                 from /home/roey/tello-vio/slam/src/orbslam2/src/monocular/monocular-slam-node.hpp:16,
                 from /home/roey/tello-vio/slam/src/orbslam2/src/monocular/monocular-slam-node.cpp:1:
/home/roey/tello-vio/libs/ORB_SLAM2/Thirdparty/g2o/g2o/types/../core/base_binary_edge.h: In instantiation of ‘class g2o::BaseBinaryEdge<2, Eigen::Matrix<double, 2, 1>, g2o::VertexSBAPointXYZ, g2o::VertexSim3Expmap>’:
/home/roey/tello-vio/libs/ORB_SLAM2/Thirdparty/g2o/g2o/types/types_seven_dof_expmap.h:130:36:   required from here
/home/roey/tello-vio/libs/ORB_SLAM2/Thirdparty/g2o/g2o/types/../core/base_binary_edge.h:59:80: warning: ‘Eigen::AlignedBit’ is deprecated [-Wdeprecated-declarations]
   59 |       typedef Eigen::Map<Matrix<double, Di, Dj>, Matrix<double, Di, Dj>::Flags & AlignedBit ? Aligned : Unaligned > HessianBlockType;
      |                                                                          ~~~~~~^~~~~~~~~~~~
In file included from /usr/include/eigen3/Eigen/Core:161,
                 from /home/roey/tello-vio/libs/ORB_SLAM2/Thirdparty/g2o/g2o/types/../core/jacobian_workspace.h:30,
                 from /home/roey/tello-vio/libs/ORB_SLAM2/Thirdparty/g2o/g2o/types/../core/optimizable_graph.h:41,
                 from /home/roey/tello-vio/libs/ORB_SLAM2/Thirdparty/g2o/g2o/types/../core/base_vertex.h:30,
                 from /home/roey/tello-vio/libs/ORB_SLAM2/Thirdparty/g2o/g2o/types/types_seven_dof_expmap.h:34,
                 from /home/roey/tello-vio/libs/ORB_SLAM2/include/LoopClosing.h:34,
                 from /home/roey/tello-vio/libs/ORB_SLAM2/include/LocalMapping.h:26,
                 from /home/roey/tello-vio/libs/ORB_SLAM2/include/Tracking.h:29,
                 from /home/roey/tello-vio/libs/ORB_SLAM2/include/System.h:29,
                 from /home/roey/tello-vio/slam/src/orbslam2/src/monocular/monocular-slam-node.hpp:16,
                 from /home/roey/tello-vio/slam/src/orbslam2/src/monocular/monocular-slam-node.cpp:1:
/usr/include/eigen3/Eigen/src/Core/util/Constants.h:167:37: note: declared here
  167 | EIGEN_DEPRECATED const unsigned int AlignedBit = 0x80;
      |                                     ^~~~~~~~~~
In file included from /home/roey/tello-vio/libs/ORB_SLAM2/Thirdparty/g2o/g2o/types/types_seven_dof_expmap.h:35,
                 from /home/roey/tello-vio/libs/ORB_SLAM2/include/LoopClosing.h:34,
                 from /home/roey/tello-vio/libs/ORB_SLAM2/include/LocalMapping.h:26,
                 from /home/roey/tello-vio/libs/ORB_SLAM2/include/Tracking.h:29,
                 from /home/roey/tello-vio/libs/ORB_SLAM2/include/System.h:29,
                 from /home/roey/tello-vio/slam/src/orbslam2/src/monocular/monocular-slam-node.hpp:16,
                 from /home/roey/tello-vio/slam/src/orbslam2/src/monocular/monocular-slam-node.cpp:1:
/home/roey/tello-vio/libs/ORB_SLAM2/Thirdparty/g2o/g2o/types/../core/base_binary_edge.h:60:80: warning: ‘Eigen::AlignedBit’ is deprecated [-Wdeprecated-declarations]
   60 |       typedef Eigen::Map<Matrix<double, Dj, Di>, Matrix<double, Dj, Di>::Flags & AlignedBit ? Aligned : Unaligned > HessianBlockTransposedType;
      |                                                                          ~~~~~~^~~~~~~~~~~~
In file included from /usr/include/eigen3/Eigen/Core:161,
                 from /home/roey/tello-vio/libs/ORB_SLAM2/Thirdparty/g2o/g2o/types/../core/jacobian_workspace.h:30,
                 from /home/roey/tello-vio/libs/ORB_SLAM2/Thirdparty/g2o/g2o/types/../core/optimizable_graph.h:41,
                 from /home/roey/tello-vio/libs/ORB_SLAM2/Thirdparty/g2o/g2o/types/../core/base_vertex.h:30,
                 from /home/roey/tello-vio/libs/ORB_SLAM2/Thirdparty/g2o/g2o/types/types_seven_dof_expmap.h:34,
                 from /home/roey/tello-vio/libs/ORB_SLAM2/include/LoopClosing.h:34,
                 from /home/roey/tello-vio/libs/ORB_SLAM2/include/LocalMapping.h:26,
                 from /home/roey/tello-vio/libs/ORB_SLAM2/include/Tracking.h:29,
                 from /home/roey/tello-vio/libs/ORB_SLAM2/include/System.h:29,
                 from /home/roey/tello-vio/slam/src/orbslam2/src/monocular/monocular-slam-node.hpp:16,
                 from /home/roey/tello-vio/slam/src/orbslam2/src/monocular/monocular-slam-node.cpp:1:
/usr/include/eigen3/Eigen/src/Core/util/Constants.h:167:37: note: declared here
  167 | EIGEN_DEPRECATED const unsigned int AlignedBit = 0x80;
      |                                     ^~~~~~~~~~
/home/roey/tello-vio/slam/src/orbslam2/src/monocular/monocular-slam-node.cpp: In constructor ‘MonocularSlamNode::MonocularSlamNode(ORB_SLAM2::System*, const string&, const string&)’:
/home/roey/tello-vio/slam/src/orbslam2/src/monocular/monocular-slam-node.cpp:20:61: error: no matching function for call to ‘MonocularSlamNode::create_subscription<ImageMsg>(const char [7], std::_Bind_helper<false, void (MonocularSlamNode::*)(std::shared_ptr<sensor_msgs::msg::Image_<std::allocator<void> > >), MonocularSlamNode*, const std::_Placeholder<1>&>::type)’
   20 |     m_image_subscriber = this->create_subscription<ImageMsg>("camera", std::bind(&MonocularSlamNode::GrabImage, this, std::placeholders::_1));
      |                          ~~~~~~~~~~~~~~~~~~~~~~~~~~~~~~~~~~~^~~~~~~~~~~~~~~~~~~~~~~~~~~~~~~~~~~~~~~~~~~~~~~~~~~~~~~~~~~~~~~~~~~~~~~~~~~~~~~~~
In file included from /opt/ros/humble/include/rclcpp/rclcpp/executors/single_threaded_executor.hpp:28,
                 from /opt/ros/humble/include/rclcpp/rclcpp/executors.hpp:22,
                 from /opt/ros/humble/include/rclcpp/rclcpp/rclcpp.hpp:155,
                 from /home/roey/tello-vio/slam/src/orbslam2/src/monocular/monocular-slam-node.hpp:10,
                 from /home/roey/tello-vio/slam/src/orbslam2/src/monocular/monocular-slam-node.cpp:1:
/opt/ros/humble/include/rclcpp/rclcpp/node.hpp:219:3: note: candidate: ‘template<class MessageT, class CallbackT, class AllocatorT, class SubscriptionT, class MessageMemoryStrategyT> std::shared_ptr<ROSMessageT> rclcpp::Node::create_subscription(const string&, const rclcpp::QoS&, CallbackT&&, const rclcpp::SubscriptionOptionsWithAllocator<AllocatorT>&, typename MessageMemoryStrategyT::SharedPtr)’
  219 |   create_subscription(
      |   ^~~~~~~~~~~~~~~~~~~
/opt/ros/humble/include/rclcpp/rclcpp/node.hpp:219:3: note:   template argument deduction/substitution failed:
/home/roey/tello-vio/slam/src/orbslam2/src/monocular/monocular-slam-node.cpp:20:61: note:   candidate expects 5 arguments, 2 provided
   20 |     m_image_subscriber = this->create_subscription<ImageMsg>("camera", std::bind(&MonocularSlamNode::GrabImage, this, std::placeholders::_1));
      |                          ~~~~~~~~~~~~~~~~~~~~~~~~~~~~~~~~~~~^~~~~~~~~~~~~~~~~~~~~~~~~~~~~~~~~~~~~~~~~~~~~~~~~~~~~~~~~~~~~~~~~~~~~~~~~~~~~~~~~
/home/roey/tello-vio/slam/src/orbslam2/src/monocular/monocular-slam-node.cpp:22:67: error: no matching function for call to ‘MonocularSlamNode::create_publisher<ImageMsg>(const char [16])’
   22 |     m_annotated_image_publisher = this->create_publisher<ImageMsg>("annotated_frame");
      |                                   ~~~~~~~~~~~~~~~~~~~~~~~~~~~~~~~~^~~~~~~~~~~~~~~~~~~
In file included from /opt/ros/humble/include/rclcpp/rclcpp/executors/single_threaded_executor.hpp:28,
                 from /opt/ros/humble/include/rclcpp/rclcpp/executors.hpp:22,
                 from /opt/ros/humble/include/rclcpp/rclcpp/rclcpp.hpp:155,
                 from /home/roey/tello-vio/slam/src/orbslam2/src/monocular/monocular-slam-node.hpp:10,
                 from /home/roey/tello-vio/slam/src/orbslam2/src/monocular/monocular-slam-node.cpp:1:
/opt/ros/humble/include/rclcpp/rclcpp/node.hpp:195:3: note: candidate: ‘template<class MessageT, class AllocatorT, class PublisherT> std::shared_ptr<PublisherT> rclcpp::Node::create_publisher(const string&, const rclcpp::QoS&, const rclcpp::PublisherOptionsWithAllocator<AllocatorT>&)’
  195 |   create_publisher(
      |   ^~~~~~~~~~~~~~~~
/opt/ros/humble/include/rclcpp/rclcpp/node.hpp:195:3: note:   template argument deduction/substitution failed:
/home/roey/tello-vio/slam/src/orbslam2/src/monocular/monocular-slam-node.cpp:22:67: note:   candidate expects 3 arguments, 1 provided
   22 |     m_annotated_image_publisher = this->create_publisher<ImageMsg>("annotated_frame");
      |                                   ~~~~~~~~~~~~~~~~~~~~~~~~~~~~~~~~^~~~~~~~~~~~~~~~~~~
/home/roey/tello-vio/slam/src/orbslam2/src/monocular/monocular-slam-node.cpp:24:56: error: no matching function for call to ‘MonocularSlamNode::create_publisher<MarkerMsg>(const char [13])’
   24 |     m_map_publisher = this->create_publisher<MarkerMsg>("ORB_SLAM_map");
      |                       ~~~~~~~~~~~~~~~~~~~~~~~~~~~~~~~~~^~~~~~~~~~~~~~~~
In file included from /opt/ros/humble/include/rclcpp/rclcpp/executors/single_threaded_executor.hpp:28,
                 from /opt/ros/humble/include/rclcpp/rclcpp/executors.hpp:22,
                 from /opt/ros/humble/include/rclcpp/rclcpp/rclcpp.hpp:155,
                 from /home/roey/tello-vio/slam/src/orbslam2/src/monocular/monocular-slam-node.hpp:10,
                 from /home/roey/tello-vio/slam/src/orbslam2/src/monocular/monocular-slam-node.cpp:1:
/opt/ros/humble/include/rclcpp/rclcpp/node.hpp:195:3: note: candidate: ‘template<class MessageT, class AllocatorT, class PublisherT> std::shared_ptr<PublisherT> rclcpp::Node::create_publisher(const string&, const rclcpp::QoS&, const rclcpp::PublisherOptionsWithAllocator<AllocatorT>&)’
  195 |   create_publisher(
      |   ^~~~~~~~~~~~~~~~
/opt/ros/humble/include/rclcpp/rclcpp/node.hpp:195:3: note:   template argument deduction/substitution failed:
/home/roey/tello-vio/slam/src/orbslam2/src/monocular/monocular-slam-node.cpp:24:56: note:   candidate expects 3 arguments, 1 provided
   24 |     m_map_publisher = this->create_publisher<MarkerMsg>("ORB_SLAM_map");
      |                       ~~~~~~~~~~~~~~~~~~~~~~~~~~~~~~~~~^~~~~~~~~~~~~~~~
/home/roey/tello-vio/slam/src/orbslam2/src/monocular/monocular-slam-node.cpp:15:78: warning: unused parameter ‘strVocFile’ [-Wunused-parameter]
   15 | MonocularSlamNode::MonocularSlamNode(ORB_SLAM2::System* pSLAM, const string &strVocFile, const string &strSettingsFile)
      |                                                                ~~~~~~~~~~~~~~^~~~~~~~~~
gmake[2]: *** [CMakeFiles/mono.dir/build.make:90: CMakeFiles/mono.dir/src/monocular/monocular-slam-node.cpp.o] Error 1
gmake[1]: *** [CMakeFiles/Makefile2:137: CMakeFiles/mono.dir/all] Error 2
gmake: *** [Makefile:146: all] Error 2
