[0.017s] Invoking command in '/home/roey/tello-vio/build/orbslam2': CMAKE_PREFIX_PATH=${CMAKE_PREFIX_PATH}:/home/roey/tello-vio/install/tello:/home/roey/tello-ros2/install/tello:/opt/ros/humble /usr/bin/cmake /home/roey/tello-vio/slam/src/orbslam2 -DCMAKE_INSTALL_PREFIX=/home/roey/tello-vio/install/orbslam2
[0.131s] -- The C compiler identification is GNU 11.4.0
[0.251s] -- The CXX compiler identification is GNU 11.4.0
[0.267s] -- Detecting C compiler ABI info
[0.418s] -- Detecting C compiler ABI info - done
[0.437s] -- Check for working C compiler: /usr/bin/cc - skipped
[0.437s] -- Detecting C compile features
[0.438s] -- Detecting C compile features - done
[0.444s] -- Detecting CXX compiler ABI info
[0.678s] -- Detecting CXX compiler ABI info - done
[0.698s] -- Check for working CXX compiler: /usr/bin/c++ - skipped
[0.703s] -- Detecting CXX compile features
[0.703s] -- Detecting CXX compile features - done
[0.711s] -- Found ament_cmake: 1.3.10 (/opt/ros/humble/share/ament_cmake/cmake)
[1.075s] -- Found Python3: /usr/bin/python3 (found version "3.10.12") found components: Interpreter 
[1.303s] -- Found rclcpp: 16.0.10 (/opt/ros/humble/share/rclcpp/cmake)
[1.412s] -- Found rosidl_generator_c: 3.1.5 (/opt/ros/humble/share/rosidl_generator_c/cmake)
[1.426s] -- Found rosidl_adapter: 3.1.5 (/opt/ros/humble/share/rosidl_adapter/cmake)
[1.450s] -- Found rosidl_generator_cpp: 3.1.5 (/opt/ros/humble/share/rosidl_generator_cpp/cmake)
[1.482s] -- Using all available rosidl_typesupport_c: rosidl_typesupport_fastrtps_c;rosidl_typesupport_introspection_c
[1.523s] -- Using all available rosidl_typesupport_cpp: rosidl_typesupport_fastrtps_cpp;rosidl_typesupport_introspection_cpp
[1.638s] -- Found rmw_implementation_cmake: 6.1.2 (/opt/ros/humble/share/rmw_implementation_cmake/cmake)
[1.646s] -- Found rmw_fastrtps_cpp: 6.2.7 (/opt/ros/humble/share/rmw_fastrtps_cpp/cmake)
[1.836s] -- Found OpenSSL: /usr/lib/x86_64-linux-gnu/libcrypto.so (found version "3.0.2")  
[1.898s] -- Found FastRTPS: /opt/ros/humble/include  
[1.989s] -- Using RMW implementation 'rmw_fastrtps_cpp' as default
[2.011s] -- Looking for pthread.h
[2.148s] -- Looking for pthread.h - found
[2.149s] -- Performing Test CMAKE_HAVE_LIBC_PTHREAD
[2.286s] -- Performing Test CMAKE_HAVE_LIBC_PTHREAD - Success
[2.288s] -- Found Threads: TRUE  
[2.419s] -- Found sensor_msgs: 4.2.4 (/opt/ros/humble/share/sensor_msgs/cmake)
[2.499s] -- Found visualization_msgs: 4.2.4 (/opt/ros/humble/share/visualization_msgs/cmake)
[2.549s] -- Found cv_bridge: 3.2.1 (/opt/ros/humble/share/cv_bridge/cmake)
[2.577s] -- Found message_filters: 4.3.5 (/opt/ros/humble/share/message_filters/cmake)
[2.607s] -- Found Boost: /usr/lib/x86_64-linux-gnu/cmake/Boost-1.74.0/BoostConfig.cmake (found version "1.74.0") found components: system 
[2.617s] -- Found OpenCV: /usr (found version "4.5.4") 
[2.620s] -- Found Eigen: /usr/include/eigen3 (Required is at least version "2.91.0") 
[2.832s] -- Configuring done
[2.866s] -- Generating done
[2.873s] -- Build files have been written to: /home/roey/tello-vio/build/orbslam2
[2.901s] Invoked command in '/home/roey/tello-vio/build/orbslam2' returned '0': CMAKE_PREFIX_PATH=${CMAKE_PREFIX_PATH}:/home/roey/tello-vio/install/tello:/home/roey/tello-ros2/install/tello:/opt/ros/humble /usr/bin/cmake /home/roey/tello-vio/slam/src/orbslam2 -DCMAKE_INSTALL_PREFIX=/home/roey/tello-vio/install/orbslam2
[2.904s] Invoking command in '/home/roey/tello-vio/build/orbslam2': CMAKE_PREFIX_PATH=${CMAKE_PREFIX_PATH}:/home/roey/tello-vio/install/tello:/home/roey/tello-ros2/install/tello:/opt/ros/humble /usr/bin/cmake --build /home/roey/tello-vio/build/orbslam2 -- -j8 -l8
[3.012s] Consolidate compiler generated dependencies of target mono
[3.053s] [ 33%] Building CXX object CMakeFiles/mono.dir/src/monocular/monocular-slam-node.cpp.o
[11.012s] In file included from /home/roey/tello-vio/libs/ORB_SLAM2/Thirdparty/g2o/g2o/types/types_seven_dof_expmap.h:34,
[11.012s]                  from /home/roey/tello-vio/libs/ORB_SLAM2/include/LoopClosing.h:34,
[11.012s]                  from /home/roey/tello-vio/libs/ORB_SLAM2/include/LocalMapping.h:26,
[11.012s]                  from /home/roey/tello-vio/libs/ORB_SLAM2/include/Tracking.h:29,
[11.012s]                  from /home/roey/tello-vio/libs/ORB_SLAM2/include/System.h:29,
[11.012s]                  from /home/roey/tello-vio/slam/src/orbslam2/src/monocular/monocular-slam-node.hpp:16,
[11.013s]                  from /home/roey/tello-vio/slam/src/orbslam2/src/monocular/monocular-slam-node.cpp:1:
[11.013s] /home/roey/tello-vio/libs/ORB_SLAM2/Thirdparty/g2o/g2o/types/../core/base_vertex.h:62:74: warning: ‘Eigen::AlignedBit’ is deprecated [-Wdeprecated-declarations]
[11.013s]    62 |     typedef Eigen::Map<Matrix<double, D, D>, Matrix<double,D,D>::Flags & AlignedBit ? Aligned : Unaligned >  HessianBlockType;
[11.013s]       |                                                                          ^~~~~~~~~~
[11.013s] In file included from /usr/include/eigen3/Eigen/Core:161,
[11.013s]                  from /home/roey/tello-vio/libs/ORB_SLAM2/Thirdparty/g2o/g2o/types/../core/jacobian_workspace.h:30,
[11.013s]                  from /home/roey/tello-vio/libs/ORB_SLAM2/Thirdparty/g2o/g2o/types/../core/optimizable_graph.h:41,
[11.013s]                  from /home/roey/tello-vio/libs/ORB_SLAM2/Thirdparty/g2o/g2o/types/../core/base_vertex.h:30,
[11.014s]                  from /home/roey/tello-vio/libs/ORB_SLAM2/Thirdparty/g2o/g2o/types/types_seven_dof_expmap.h:34,
[11.014s]                  from /home/roey/tello-vio/libs/ORB_SLAM2/include/LoopClosing.h:34,
[11.014s]                  from /home/roey/tello-vio/libs/ORB_SLAM2/include/LocalMapping.h:26,
[11.014s]                  from /home/roey/tello-vio/libs/ORB_SLAM2/include/Tracking.h:29,
[11.014s]                  from /home/roey/tello-vio/libs/ORB_SLAM2/include/System.h:29,
[11.014s]                  from /home/roey/tello-vio/slam/src/orbslam2/src/monocular/monocular-slam-node.hpp:16,
[11.014s]                  from /home/roey/tello-vio/slam/src/orbslam2/src/monocular/monocular-slam-node.cpp:1:
[11.014s] /usr/include/eigen3/Eigen/src/Core/util/Constants.h:167:37: note: declared here
[11.014s]   167 | EIGEN_DEPRECATED const unsigned int AlignedBit = 0x80;
[11.015s]       |                                     ^~~~~~~~~~
[11.058s] In file included from /home/roey/tello-vio/libs/ORB_SLAM2/Thirdparty/g2o/g2o/types/types_seven_dof_expmap.h:35,
[11.058s]                  from /home/roey/tello-vio/libs/ORB_SLAM2/include/LoopClosing.h:34,
[11.058s]                  from /home/roey/tello-vio/libs/ORB_SLAM2/include/LocalMapping.h:26,
[11.058s]                  from /home/roey/tello-vio/libs/ORB_SLAM2/include/Tracking.h:29,
[11.058s]                  from /home/roey/tello-vio/libs/ORB_SLAM2/include/System.h:29,
[11.058s]                  from /home/roey/tello-vio/slam/src/orbslam2/src/monocular/monocular-slam-node.hpp:16,
[11.058s]                  from /home/roey/tello-vio/slam/src/orbslam2/src/monocular/monocular-slam-node.cpp:1:
[11.058s] /home/roey/tello-vio/libs/ORB_SLAM2/Thirdparty/g2o/g2o/types/../core/base_binary_edge.h:59:82: warning: ‘Eigen::AlignedBit’ is deprecated [-Wdeprecated-declarations]
[11.059s]    59 |       typedef Eigen::Map<Matrix<double, Di, Dj>, Matrix<double, Di, Dj>::Flags & AlignedBit ? Aligned : Unaligned > HessianBlockType;
[11.059s]       |                                                                                  ^~~~~~~~~~
[11.059s] In file included from /usr/include/eigen3/Eigen/Core:161,
[11.059s]                  from /home/roey/tello-vio/libs/ORB_SLAM2/Thirdparty/g2o/g2o/types/../core/jacobian_workspace.h:30,
[11.059s]                  from /home/roey/tello-vio/libs/ORB_SLAM2/Thirdparty/g2o/g2o/types/../core/optimizable_graph.h:41,
[11.059s]                  from /home/roey/tello-vio/libs/ORB_SLAM2/Thirdparty/g2o/g2o/types/../core/base_vertex.h:30,
[11.059s]                  from /home/roey/tello-vio/libs/ORB_SLAM2/Thirdparty/g2o/g2o/types/types_seven_dof_expmap.h:34,
[11.059s]                  from /home/roey/tello-vio/libs/ORB_SLAM2/include/LoopClosing.h:34,
[11.060s]                  from /home/roey/tello-vio/libs/ORB_SLAM2/include/LocalMapping.h:26,
[11.060s]                  from /home/roey/tello-vio/libs/ORB_SLAM2/include/Tracking.h:29,
[11.060s]                  from /home/roey/tello-vio/libs/ORB_SLAM2/include/System.h:29,
[11.060s]                  from /home/roey/tello-vio/slam/src/orbslam2/src/monocular/monocular-slam-node.hpp:16,
[11.060s]                  from /home/roey/tello-vio/slam/src/orbslam2/src/monocular/monocular-slam-node.cpp:1:
[11.060s] /usr/include/eigen3/Eigen/src/Core/util/Constants.h:167:37: note: declared here
[11.060s]   167 | EIGEN_DEPRECATED const unsigned int AlignedBit = 0x80;
[11.060s]       |                                     ^~~~~~~~~~
[11.061s] In file included from /home/roey/tello-vio/libs/ORB_SLAM2/Thirdparty/g2o/g2o/types/types_seven_dof_expmap.h:35,
[11.061s]                  from /home/roey/tello-vio/libs/ORB_SLAM2/include/LoopClosing.h:34,
[11.061s]                  from /home/roey/tello-vio/libs/ORB_SLAM2/include/LocalMapping.h:26,
[11.061s]                  from /home/roey/tello-vio/libs/ORB_SLAM2/include/Tracking.h:29,
[11.061s]                  from /home/roey/tello-vio/libs/ORB_SLAM2/include/System.h:29,
[11.061s]                  from /home/roey/tello-vio/slam/src/orbslam2/src/monocular/monocular-slam-node.hpp:16,
[11.062s]                  from /home/roey/tello-vio/slam/src/orbslam2/src/monocular/monocular-slam-node.cpp:1:
[11.062s] /home/roey/tello-vio/libs/ORB_SLAM2/Thirdparty/g2o/g2o/types/../core/base_binary_edge.h:60:82: warning: ‘Eigen::AlignedBit’ is deprecated [-Wdeprecated-declarations]
[11.062s]    60 |       typedef Eigen::Map<Matrix<double, Dj, Di>, Matrix<double, Dj, Di>::Flags & AlignedBit ? Aligned : Unaligned > HessianBlockTransposedType;
[11.062s]       |                                                                                  ^~~~~~~~~~
[11.062s] In file included from /usr/include/eigen3/Eigen/Core:161,
[11.062s]                  from /home/roey/tello-vio/libs/ORB_SLAM2/Thirdparty/g2o/g2o/types/../core/jacobian_workspace.h:30,
[11.062s]                  from /home/roey/tello-vio/libs/ORB_SLAM2/Thirdparty/g2o/g2o/types/../core/optimizable_graph.h:41,
[11.062s]                  from /home/roey/tello-vio/libs/ORB_SLAM2/Thirdparty/g2o/g2o/types/../core/base_vertex.h:30,
[11.063s]                  from /home/roey/tello-vio/libs/ORB_SLAM2/Thirdparty/g2o/g2o/types/types_seven_dof_expmap.h:34,
[11.063s]                  from /home/roey/tello-vio/libs/ORB_SLAM2/include/LoopClosing.h:34,
[11.063s]                  from /home/roey/tello-vio/libs/ORB_SLAM2/include/LocalMapping.h:26,
[11.063s]                  from /home/roey/tello-vio/libs/ORB_SLAM2/include/Tracking.h:29,
[11.063s]                  from /home/roey/tello-vio/libs/ORB_SLAM2/include/System.h:29,
[11.064s]                  from /home/roey/tello-vio/slam/src/orbslam2/src/monocular/monocular-slam-node.hpp:16,
[11.064s]                  from /home/roey/tello-vio/slam/src/orbslam2/src/monocular/monocular-slam-node.cpp:1:
[11.064s] /usr/include/eigen3/Eigen/src/Core/util/Constants.h:167:37: note: declared here
[11.064s]   167 | EIGEN_DEPRECATED const unsigned int AlignedBit = 0x80;
[11.064s]       |                                     ^~~~~~~~~~
[11.167s] In file included from /home/roey/tello-vio/libs/ORB_SLAM2/Thirdparty/g2o/g2o/types/types_six_dof_expmap.h:41,
[11.167s]                  from /home/roey/tello-vio/libs/ORB_SLAM2/Thirdparty/g2o/g2o/types/types_seven_dof_expmap.h:36,
[11.167s]                  from /home/roey/tello-vio/libs/ORB_SLAM2/include/LoopClosing.h:34,
[11.167s]                  from /home/roey/tello-vio/libs/ORB_SLAM2/include/LocalMapping.h:26,
[11.167s]                  from /home/roey/tello-vio/libs/ORB_SLAM2/include/Tracking.h:29,
[11.167s]                  from /home/roey/tello-vio/libs/ORB_SLAM2/include/System.h:29,
[11.167s]                  from /home/roey/tello-vio/slam/src/orbslam2/src/monocular/monocular-slam-node.hpp:16,
[11.168s]                  from /home/roey/tello-vio/slam/src/orbslam2/src/monocular/monocular-slam-node.cpp:1:
[11.168s] /home/roey/tello-vio/libs/ORB_SLAM2/Thirdparty/g2o/g2o/types/se3quat.h:43:38: warning: extra ‘;’ [-Wpedantic]
[11.168s]    43 |       EIGEN_MAKE_ALIGNED_OPERATOR_NEW;
[11.168s]       |                                      ^
[11.168s]       |                                      -
[11.955s] In file included from /home/roey/tello-vio/libs/ORB_SLAM2/Thirdparty/g2o/g2o/types/types_seven_dof_expmap.h:34,
[11.955s]                  from /home/roey/tello-vio/libs/ORB_SLAM2/include/LoopClosing.h:34,
[11.955s]                  from /home/roey/tello-vio/libs/ORB_SLAM2/include/LocalMapping.h:26,
[11.956s]                  from /home/roey/tello-vio/libs/ORB_SLAM2/include/Tracking.h:29,
[11.956s]                  from /home/roey/tello-vio/libs/ORB_SLAM2/include/System.h:29,
[11.956s]                  from /home/roey/tello-vio/slam/src/orbslam2/src/monocular/monocular-slam-node.hpp:16,
[11.956s]                  from /home/roey/tello-vio/slam/src/orbslam2/src/monocular/monocular-slam-node.cpp:1:
[11.956s] /home/roey/tello-vio/libs/ORB_SLAM2/Thirdparty/g2o/g2o/types/../core/base_vertex.h: In instantiation of ‘class g2o::BaseVertex<3, Eigen::Matrix<double, 3, 1> >’:
[11.956s] /home/roey/tello-vio/libs/ORB_SLAM2/Thirdparty/g2o/g2o/types/types_sba.h:40:35:   required from here
[11.956s] /home/roey/tello-vio/libs/ORB_SLAM2/Thirdparty/g2o/g2o/types/../core/base_vertex.h:62:72: warning: ‘Eigen::AlignedBit’ is deprecated [-Wdeprecated-declarations]
[11.956s]    62 |     typedef Eigen::Map<Matrix<double, D, D>, Matrix<double,D,D>::Flags & AlignedBit ? Aligned : Unaligned >  HessianBlockType;
[11.957s]       |                                                                  ~~~~~~^~~~~~~~~~~~
[11.957s] In file included from /usr/include/eigen3/Eigen/Core:161,
[11.957s]                  from /home/roey/tello-vio/libs/ORB_SLAM2/Thirdparty/g2o/g2o/types/../core/jacobian_workspace.h:30,
[11.957s]                  from /home/roey/tello-vio/libs/ORB_SLAM2/Thirdparty/g2o/g2o/types/../core/optimizable_graph.h:41,
[11.957s]                  from /home/roey/tello-vio/libs/ORB_SLAM2/Thirdparty/g2o/g2o/types/../core/base_vertex.h:30,
[11.957s]                  from /home/roey/tello-vio/libs/ORB_SLAM2/Thirdparty/g2o/g2o/types/types_seven_dof_expmap.h:34,
[11.957s]                  from /home/roey/tello-vio/libs/ORB_SLAM2/include/LoopClosing.h:34,
[11.958s]                  from /home/roey/tello-vio/libs/ORB_SLAM2/include/LocalMapping.h:26,
[11.958s]                  from /home/roey/tello-vio/libs/ORB_SLAM2/include/Tracking.h:29,
[11.958s]                  from /home/roey/tello-vio/libs/ORB_SLAM2/include/System.h:29,
[11.958s]                  from /home/roey/tello-vio/slam/src/orbslam2/src/monocular/monocular-slam-node.hpp:16,
[11.958s]                  from /home/roey/tello-vio/slam/src/orbslam2/src/monocular/monocular-slam-node.cpp:1:
[11.958s] /usr/include/eigen3/Eigen/src/Core/util/Constants.h:167:37: note: declared here
[11.958s]   167 | EIGEN_DEPRECATED const unsigned int AlignedBit = 0x80;
[11.958s]       |                                     ^~~~~~~~~~
[12.016s] In file included from /home/roey/tello-vio/libs/ORB_SLAM2/Thirdparty/g2o/g2o/types/types_seven_dof_expmap.h:34,
[12.016s]                  from /home/roey/tello-vio/libs/ORB_SLAM2/include/LoopClosing.h:34,
[12.017s]                  from /home/roey/tello-vio/libs/ORB_SLAM2/include/LocalMapping.h:26,
[12.017s]                  from /home/roey/tello-vio/libs/ORB_SLAM2/include/Tracking.h:29,
[12.017s]                  from /home/roey/tello-vio/libs/ORB_SLAM2/include/System.h:29,
[12.017s]                  from /home/roey/tello-vio/slam/src/orbslam2/src/monocular/monocular-slam-node.hpp:16,
[12.017s]                  from /home/roey/tello-vio/slam/src/orbslam2/src/monocular/monocular-slam-node.cpp:1:
[12.017s] /home/roey/tello-vio/libs/ORB_SLAM2/Thirdparty/g2o/g2o/types/../core/base_vertex.h: In instantiation of ‘class g2o::BaseVertex<6, g2o::SE3Quat>’:
[12.017s] /home/roey/tello-vio/libs/ORB_SLAM2/Thirdparty/g2o/g2o/types/types_six_dof_expmap.h:59:33:   required from here
[12.018s] /home/roey/tello-vio/libs/ORB_SLAM2/Thirdparty/g2o/g2o/types/../core/base_vertex.h:62:72: warning: ‘Eigen::AlignedBit’ is deprecated [-Wdeprecated-declarations]
[12.018s]    62 |     typedef Eigen::Map<Matrix<double, D, D>, Matrix<double,D,D>::Flags & AlignedBit ? Aligned : Unaligned >  HessianBlockType;
[12.018s]       |                                                                  ~~~~~~^~~~~~~~~~~~
[12.018s] In file included from /usr/include/eigen3/Eigen/Core:161,
[12.018s]                  from /home/roey/tello-vio/libs/ORB_SLAM2/Thirdparty/g2o/g2o/types/../core/jacobian_workspace.h:30,
[12.018s]                  from /home/roey/tello-vio/libs/ORB_SLAM2/Thirdparty/g2o/g2o/types/../core/optimizable_graph.h:41,
[12.018s]                  from /home/roey/tello-vio/libs/ORB_SLAM2/Thirdparty/g2o/g2o/types/../core/base_vertex.h:30,
[12.019s]                  from /home/roey/tello-vio/libs/ORB_SLAM2/Thirdparty/g2o/g2o/types/types_seven_dof_expmap.h:34,
[12.019s]                  from /home/roey/tello-vio/libs/ORB_SLAM2/include/LoopClosing.h:34,
[12.019s]                  from /home/roey/tello-vio/libs/ORB_SLAM2/include/LocalMapping.h:26,
[12.019s]                  from /home/roey/tello-vio/libs/ORB_SLAM2/include/Tracking.h:29,
[12.019s]                  from /home/roey/tello-vio/libs/ORB_SLAM2/include/System.h:29,
[12.019s]                  from /home/roey/tello-vio/slam/src/orbslam2/src/monocular/monocular-slam-node.hpp:16,
[12.023s]                  from /home/roey/tello-vio/slam/src/orbslam2/src/monocular/monocular-slam-node.cpp:1:
[12.023s] /usr/include/eigen3/Eigen/src/Core/util/Constants.h:167:37: note: declared here
[12.023s]   167 | EIGEN_DEPRECATED const unsigned int AlignedBit = 0x80;
[12.023s]       |                                     ^~~~~~~~~~
[12.204s] In file included from /home/roey/tello-vio/libs/ORB_SLAM2/Thirdparty/g2o/g2o/types/types_seven_dof_expmap.h:35,
[12.204s]                  from /home/roey/tello-vio/libs/ORB_SLAM2/include/LoopClosing.h:34,
[12.204s]                  from /home/roey/tello-vio/libs/ORB_SLAM2/include/LocalMapping.h:26,
[12.204s]                  from /home/roey/tello-vio/libs/ORB_SLAM2/include/Tracking.h:29,
[12.204s]                  from /home/roey/tello-vio/libs/ORB_SLAM2/include/System.h:29,
[12.204s]                  from /home/roey/tello-vio/slam/src/orbslam2/src/monocular/monocular-slam-node.hpp:16,
[12.205s]                  from /home/roey/tello-vio/slam/src/orbslam2/src/monocular/monocular-slam-node.cpp:1:
[12.205s] /home/roey/tello-vio/libs/ORB_SLAM2/Thirdparty/g2o/g2o/types/../core/base_binary_edge.h: In instantiation of ‘class g2o::BaseBinaryEdge<2, Eigen::Matrix<double, 2, 1>, g2o::VertexSBAPointXYZ, g2o::VertexSE3Expmap>’:
[12.205s] /home/roey/tello-vio/libs/ORB_SLAM2/Thirdparty/g2o/g2o/types/types_six_dof_expmap.h:80:35:   required from here
[12.205s] /home/roey/tello-vio/libs/ORB_SLAM2/Thirdparty/g2o/g2o/types/../core/base_binary_edge.h:59:80: warning: ‘Eigen::AlignedBit’ is deprecated [-Wdeprecated-declarations]
[12.205s]    59 |       typedef Eigen::Map<Matrix<double, Di, Dj>, Matrix<double, Di, Dj>::Flags & AlignedBit ? Aligned : Unaligned > HessianBlockType;
[12.205s]       |                                                                          ~~~~~~^~~~~~~~~~~~
[12.205s] In file included from /usr/include/eigen3/Eigen/Core:161,
[12.205s]                  from /home/roey/tello-vio/libs/ORB_SLAM2/Thirdparty/g2o/g2o/types/../core/jacobian_workspace.h:30,
[12.206s]                  from /home/roey/tello-vio/libs/ORB_SLAM2/Thirdparty/g2o/g2o/types/../core/optimizable_graph.h:41,
[12.206s]                  from /home/roey/tello-vio/libs/ORB_SLAM2/Thirdparty/g2o/g2o/types/../core/base_vertex.h:30,
[12.206s]                  from /home/roey/tello-vio/libs/ORB_SLAM2/Thirdparty/g2o/g2o/types/types_seven_dof_expmap.h:34,
[12.206s]                  from /home/roey/tello-vio/libs/ORB_SLAM2/include/LoopClosing.h:34,
[12.206s]                  from /home/roey/tello-vio/libs/ORB_SLAM2/include/LocalMapping.h:26,
[12.209s]                  from /home/roey/tello-vio/libs/ORB_SLAM2/include/Tracking.h:29,
[12.209s]                  from /home/roey/tello-vio/libs/ORB_SLAM2/include/System.h:29,
[12.210s]                  from /home/roey/tello-vio/slam/src/orbslam2/src/monocular/monocular-slam-node.hpp:16,
[12.210s]                  from /home/roey/tello-vio/slam/src/orbslam2/src/monocular/monocular-slam-node.cpp:1:
[12.210s] /usr/include/eigen3/Eigen/src/Core/util/Constants.h:167:37: note: declared here
[12.210s]   167 | EIGEN_DEPRECATED const unsigned int AlignedBit = 0x80;
[12.210s]       |                                     ^~~~~~~~~~
[12.236s] In file included from /home/roey/tello-vio/libs/ORB_SLAM2/Thirdparty/g2o/g2o/types/types_seven_dof_expmap.h:35,
[12.236s]                  from /home/roey/tello-vio/libs/ORB_SLAM2/include/LoopClosing.h:34,
[12.236s]                  from /home/roey/tello-vio/libs/ORB_SLAM2/include/LocalMapping.h:26,
[12.236s]                  from /home/roey/tello-vio/libs/ORB_SLAM2/include/Tracking.h:29,
[12.236s]                  from /home/roey/tello-vio/libs/ORB_SLAM2/include/System.h:29,
[12.237s]                  from /home/roey/tello-vio/slam/src/orbslam2/src/monocular/monocular-slam-node.hpp:16,
[12.237s]                  from /home/roey/tello-vio/slam/src/orbslam2/src/monocular/monocular-slam-node.cpp:1:
[12.237s] /home/roey/tello-vio/libs/ORB_SLAM2/Thirdparty/g2o/g2o/types/../core/base_binary_edge.h:60:80: warning: ‘Eigen::AlignedBit’ is deprecated [-Wdeprecated-declarations]
[12.237s]    60 |       typedef Eigen::Map<Matrix<double, Dj, Di>, Matrix<double, Dj, Di>::Flags & AlignedBit ? Aligned : Unaligned > HessianBlockTransposedType;
[12.237s]       |                                                                          ~~~~~~^~~~~~~~~~~~
[12.237s] In file included from /usr/include/eigen3/Eigen/Core:161,
[12.237s]                  from /home/roey/tello-vio/libs/ORB_SLAM2/Thirdparty/g2o/g2o/types/../core/jacobian_workspace.h:30,
[12.237s]                  from /home/roey/tello-vio/libs/ORB_SLAM2/Thirdparty/g2o/g2o/types/../core/optimizable_graph.h:41,
[12.238s]                  from /home/roey/tello-vio/libs/ORB_SLAM2/Thirdparty/g2o/g2o/types/../core/base_vertex.h:30,
[12.238s]                  from /home/roey/tello-vio/libs/ORB_SLAM2/Thirdparty/g2o/g2o/types/types_seven_dof_expmap.h:34,
[12.238s]                  from /home/roey/tello-vio/libs/ORB_SLAM2/include/LoopClosing.h:34,
[12.238s]                  from /home/roey/tello-vio/libs/ORB_SLAM2/include/LocalMapping.h:26,
[12.238s]                  from /home/roey/tello-vio/libs/ORB_SLAM2/include/Tracking.h:29,
[12.238s]                  from /home/roey/tello-vio/libs/ORB_SLAM2/include/System.h:29,
[12.238s]                  from /home/roey/tello-vio/slam/src/orbslam2/src/monocular/monocular-slam-node.hpp:16,
[12.238s]                  from /home/roey/tello-vio/slam/src/orbslam2/src/monocular/monocular-slam-node.cpp:1:
[12.239s] /usr/include/eigen3/Eigen/src/Core/util/Constants.h:167:37: note: declared here
[12.239s]   167 | EIGEN_DEPRECATED const unsigned int AlignedBit = 0x80;
[12.239s]       |                                     ^~~~~~~~~~
[12.365s] In file included from /home/roey/tello-vio/libs/ORB_SLAM2/Thirdparty/g2o/g2o/types/types_seven_dof_expmap.h:35,
[12.365s]                  from /home/roey/tello-vio/libs/ORB_SLAM2/include/LoopClosing.h:34,
[12.366s]                  from /home/roey/tello-vio/libs/ORB_SLAM2/include/LocalMapping.h:26,
[12.366s]                  from /home/roey/tello-vio/libs/ORB_SLAM2/include/Tracking.h:29,
[12.366s]                  from /home/roey/tello-vio/libs/ORB_SLAM2/include/System.h:29,
[12.366s]                  from /home/roey/tello-vio/slam/src/orbslam2/src/monocular/monocular-slam-node.hpp:16,
[12.366s]                  from /home/roey/tello-vio/slam/src/orbslam2/src/monocular/monocular-slam-node.cpp:1:
[12.366s] /home/roey/tello-vio/libs/ORB_SLAM2/Thirdparty/g2o/g2o/types/../core/base_binary_edge.h: In instantiation of ‘class g2o::BaseBinaryEdge<3, Eigen::Matrix<double, 3, 1>, g2o::VertexSBAPointXYZ, g2o::VertexSE3Expmap>’:
[12.366s] /home/roey/tello-vio/libs/ORB_SLAM2/Thirdparty/g2o/g2o/types/types_six_dof_expmap.h:112:41:   required from here
[12.367s] /home/roey/tello-vio/libs/ORB_SLAM2/Thirdparty/g2o/g2o/types/../core/base_binary_edge.h:59:80: warning: ‘Eigen::AlignedBit’ is deprecated [-Wdeprecated-declarations]
[12.367s]    59 |       typedef Eigen::Map<Matrix<double, Di, Dj>, Matrix<double, Di, Dj>::Flags & AlignedBit ? Aligned : Unaligned > HessianBlockType;
[12.367s]       |                                                                          ~~~~~~^~~~~~~~~~~~
[12.367s] In file included from /usr/include/eigen3/Eigen/Core:161,
[12.367s]                  from /home/roey/tello-vio/libs/ORB_SLAM2/Thirdparty/g2o/g2o/types/../core/jacobian_workspace.h:30,
[12.367s]                  from /home/roey/tello-vio/libs/ORB_SLAM2/Thirdparty/g2o/g2o/types/../core/optimizable_graph.h:41,
[12.367s]                  from /home/roey/tello-vio/libs/ORB_SLAM2/Thirdparty/g2o/g2o/types/../core/base_vertex.h:30,
[12.367s]                  from /home/roey/tello-vio/libs/ORB_SLAM2/Thirdparty/g2o/g2o/types/types_seven_dof_expmap.h:34,
[12.368s]                  from /home/roey/tello-vio/libs/ORB_SLAM2/include/LoopClosing.h:34,
[12.368s]                  from /home/roey/tello-vio/libs/ORB_SLAM2/include/LocalMapping.h:26,
[12.368s]                  from /home/roey/tello-vio/libs/ORB_SLAM2/include/Tracking.h:29,
[12.368s]                  from /home/roey/tello-vio/libs/ORB_SLAM2/include/System.h:29,
[12.368s]                  from /home/roey/tello-vio/slam/src/orbslam2/src/monocular/monocular-slam-node.hpp:16,
[12.368s]                  from /home/roey/tello-vio/slam/src/orbslam2/src/monocular/monocular-slam-node.cpp:1:
[12.372s] /usr/include/eigen3/Eigen/src/Core/util/Constants.h:167:37: note: declared here
[12.372s]   167 | EIGEN_DEPRECATED const unsigned int AlignedBit = 0x80;
[12.373s]       |                                     ^~~~~~~~~~
[12.373s] In file included from /home/roey/tello-vio/libs/ORB_SLAM2/Thirdparty/g2o/g2o/types/types_seven_dof_expmap.h:35,
[12.373s]                  from /home/roey/tello-vio/libs/ORB_SLAM2/include/LoopClosing.h:34,
[12.373s]                  from /home/roey/tello-vio/libs/ORB_SLAM2/include/LocalMapping.h:26,
[12.373s]                  from /home/roey/tello-vio/libs/ORB_SLAM2/include/Tracking.h:29,
[12.373s]                  from /home/roey/tello-vio/libs/ORB_SLAM2/include/System.h:29,
[12.373s]                  from /home/roey/tello-vio/slam/src/orbslam2/src/monocular/monocular-slam-node.hpp:16,
[12.373s]                  from /home/roey/tello-vio/slam/src/orbslam2/src/monocular/monocular-slam-node.cpp:1:
[12.374s] /home/roey/tello-vio/libs/ORB_SLAM2/Thirdparty/g2o/g2o/types/../core/base_binary_edge.h:60:80: warning: ‘Eigen::AlignedBit’ is deprecated [-Wdeprecated-declarations]
[12.374s]    60 |       typedef Eigen::Map<Matrix<double, Dj, Di>, Matrix<double, Dj, Di>::Flags & AlignedBit ? Aligned : Unaligned > HessianBlockTransposedType;
[12.374s]       |                                                                          ~~~~~~^~~~~~~~~~~~
[12.374s] In file included from /usr/include/eigen3/Eigen/Core:161,
[12.374s]                  from /home/roey/tello-vio/libs/ORB_SLAM2/Thirdparty/g2o/g2o/types/../core/jacobian_workspace.h:30,
[12.374s]                  from /home/roey/tello-vio/libs/ORB_SLAM2/Thirdparty/g2o/g2o/types/../core/optimizable_graph.h:41,
[12.374s]                  from /home/roey/tello-vio/libs/ORB_SLAM2/Thirdparty/g2o/g2o/types/../core/base_vertex.h:30,
[12.375s]                  from /home/roey/tello-vio/libs/ORB_SLAM2/Thirdparty/g2o/g2o/types/types_seven_dof_expmap.h:34,
[12.375s]                  from /home/roey/tello-vio/libs/ORB_SLAM2/include/LoopClosing.h:34,
[12.375s]                  from /home/roey/tello-vio/libs/ORB_SLAM2/include/LocalMapping.h:26,
[12.375s]                  from /home/roey/tello-vio/libs/ORB_SLAM2/include/Tracking.h:29,
[12.375s]                  from /home/roey/tello-vio/libs/ORB_SLAM2/include/System.h:29,
[12.375s]                  from /home/roey/tello-vio/slam/src/orbslam2/src/monocular/monocular-slam-node.hpp:16,
[12.375s]                  from /home/roey/tello-vio/slam/src/orbslam2/src/monocular/monocular-slam-node.cpp:1:
[12.375s] /usr/include/eigen3/Eigen/src/Core/util/Constants.h:167:37: note: declared here
[12.376s]   167 | EIGEN_DEPRECATED const unsigned int AlignedBit = 0x80;
[12.376s]       |                                     ^~~~~~~~~~
[12.829s] In file included from /home/roey/tello-vio/libs/ORB_SLAM2/Thirdparty/g2o/g2o/types/types_seven_dof_expmap.h:34,
[12.829s]                  from /home/roey/tello-vio/libs/ORB_SLAM2/include/LoopClosing.h:34,
[12.829s]                  from /home/roey/tello-vio/libs/ORB_SLAM2/include/LocalMapping.h:26,
[12.830s]                  from /home/roey/tello-vio/libs/ORB_SLAM2/include/Tracking.h:29,
[12.830s]                  from /home/roey/tello-vio/libs/ORB_SLAM2/include/System.h:29,
[12.830s]                  from /home/roey/tello-vio/slam/src/orbslam2/src/monocular/monocular-slam-node.hpp:16,
[12.830s]                  from /home/roey/tello-vio/slam/src/orbslam2/src/monocular/monocular-slam-node.cpp:1:
[12.830s] /home/roey/tello-vio/libs/ORB_SLAM2/Thirdparty/g2o/g2o/types/../core/base_vertex.h: In instantiation of ‘class g2o::BaseVertex<7, g2o::Sim3>’:
[12.830s] /home/roey/tello-vio/libs/ORB_SLAM2/Thirdparty/g2o/g2o/types/types_seven_dof_expmap.h:48:35:   required from here
[12.830s] /home/roey/tello-vio/libs/ORB_SLAM2/Thirdparty/g2o/g2o/types/../core/base_vertex.h:62:72: warning: ‘Eigen::AlignedBit’ is deprecated [-Wdeprecated-declarations]
[12.830s]    62 |     typedef Eigen::Map<Matrix<double, D, D>, Matrix<double,D,D>::Flags & AlignedBit ? Aligned : Unaligned >  HessianBlockType;
[12.831s]       |                                                                  ~~~~~~^~~~~~~~~~~~
[12.831s] In file included from /usr/include/eigen3/Eigen/Core:161,
[12.831s]                  from /home/roey/tello-vio/libs/ORB_SLAM2/Thirdparty/g2o/g2o/types/../core/jacobian_workspace.h:30,
[12.831s]                  from /home/roey/tello-vio/libs/ORB_SLAM2/Thirdparty/g2o/g2o/types/../core/optimizable_graph.h:41,
[12.831s]                  from /home/roey/tello-vio/libs/ORB_SLAM2/Thirdparty/g2o/g2o/types/../core/base_vertex.h:30,
[12.831s]                  from /home/roey/tello-vio/libs/ORB_SLAM2/Thirdparty/g2o/g2o/types/types_seven_dof_expmap.h:34,
[12.831s]                  from /home/roey/tello-vio/libs/ORB_SLAM2/include/LoopClosing.h:34,
[12.831s]                  from /home/roey/tello-vio/libs/ORB_SLAM2/include/LocalMapping.h:26,
[12.832s]                  from /home/roey/tello-vio/libs/ORB_SLAM2/include/Tracking.h:29,
[12.832s]                  from /home/roey/tello-vio/libs/ORB_SLAM2/include/System.h:29,
[12.832s]                  from /home/roey/tello-vio/slam/src/orbslam2/src/monocular/monocular-slam-node.hpp:16,
[12.832s]                  from /home/roey/tello-vio/slam/src/orbslam2/src/monocular/monocular-slam-node.cpp:1:
[12.832s] /usr/include/eigen3/Eigen/src/Core/util/Constants.h:167:37: note: declared here
[12.832s]   167 | EIGEN_DEPRECATED const unsigned int AlignedBit = 0x80;
[12.832s]       |                                     ^~~~~~~~~~
[12.898s] In file included from /home/roey/tello-vio/libs/ORB_SLAM2/Thirdparty/g2o/g2o/types/types_seven_dof_expmap.h:35,
[12.898s]                  from /home/roey/tello-vio/libs/ORB_SLAM2/include/LoopClosing.h:34,
[12.898s]                  from /home/roey/tello-vio/libs/ORB_SLAM2/include/LocalMapping.h:26,
[12.898s]                  from /home/roey/tello-vio/libs/ORB_SLAM2/include/Tracking.h:29,
[12.898s]                  from /home/roey/tello-vio/libs/ORB_SLAM2/include/System.h:29,
[12.898s]                  from /home/roey/tello-vio/slam/src/orbslam2/src/monocular/monocular-slam-node.hpp:16,
[12.899s]                  from /home/roey/tello-vio/slam/src/orbslam2/src/monocular/monocular-slam-node.cpp:1:
[12.899s] /home/roey/tello-vio/libs/ORB_SLAM2/Thirdparty/g2o/g2o/types/../core/base_binary_edge.h: In instantiation of ‘class g2o::BaseBinaryEdge<7, g2o::Sim3, g2o::VertexSim3Expmap, g2o::VertexSim3Expmap>’:
[12.899s] /home/roey/tello-vio/libs/ORB_SLAM2/Thirdparty/g2o/g2o/types/types_seven_dof_expmap.h:99:27:   required from here
[12.899s] /home/roey/tello-vio/libs/ORB_SLAM2/Thirdparty/g2o/g2o/types/../core/base_binary_edge.h:59:80: warning: ‘Eigen::AlignedBit’ is deprecated [-Wdeprecated-declarations]
[12.899s]    59 |       typedef Eigen::Map<Matrix<double, Di, Dj>, Matrix<double, Di, Dj>::Flags & AlignedBit ? Aligned : Unaligned > HessianBlockType;
[12.899s]       |                                                                          ~~~~~~^~~~~~~~~~~~
[12.900s] In file included from /usr/include/eigen3/Eigen/Core:161,
[12.900s]                  from /home/roey/tello-vio/libs/ORB_SLAM2/Thirdparty/g2o/g2o/types/../core/jacobian_workspace.h:30,
[12.900s]                  from /home/roey/tello-vio/libs/ORB_SLAM2/Thirdparty/g2o/g2o/types/../core/optimizable_graph.h:41,
[12.900s]                  from /home/roey/tello-vio/libs/ORB_SLAM2/Thirdparty/g2o/g2o/types/../core/base_vertex.h:30,
[12.900s]                  from /home/roey/tello-vio/libs/ORB_SLAM2/Thirdparty/g2o/g2o/types/types_seven_dof_expmap.h:34,
[12.900s]                  from /home/roey/tello-vio/libs/ORB_SLAM2/include/LoopClosing.h:34,
[12.900s]                  from /home/roey/tello-vio/libs/ORB_SLAM2/include/LocalMapping.h:26,
[12.900s]                  from /home/roey/tello-vio/libs/ORB_SLAM2/include/Tracking.h:29,
[12.901s]                  from /home/roey/tello-vio/libs/ORB_SLAM2/include/System.h:29,
[12.901s]                  from /home/roey/tello-vio/slam/src/orbslam2/src/monocular/monocular-slam-node.hpp:16,
[12.901s]                  from /home/roey/tello-vio/slam/src/orbslam2/src/monocular/monocular-slam-node.cpp:1:
[12.901s] /usr/include/eigen3/Eigen/src/Core/util/Constants.h:167:37: note: declared here
[12.901s]   167 | EIGEN_DEPRECATED const unsigned int AlignedBit = 0x80;
[12.901s]       |                                     ^~~~~~~~~~
[12.901s] In file included from /home/roey/tello-vio/libs/ORB_SLAM2/Thirdparty/g2o/g2o/types/types_seven_dof_expmap.h:35,
[12.901s]                  from /home/roey/tello-vio/libs/ORB_SLAM2/include/LoopClosing.h:34,
[12.902s]                  from /home/roey/tello-vio/libs/ORB_SLAM2/include/LocalMapping.h:26,
[12.902s]                  from /home/roey/tello-vio/libs/ORB_SLAM2/include/Tracking.h:29,
[12.902s]                  from /home/roey/tello-vio/libs/ORB_SLAM2/include/System.h:29,
[12.902s]                  from /home/roey/tello-vio/slam/src/orbslam2/src/monocular/monocular-slam-node.hpp:16,
[12.902s]                  from /home/roey/tello-vio/slam/src/orbslam2/src/monocular/monocular-slam-node.cpp:1:
[12.902s] /home/roey/tello-vio/libs/ORB_SLAM2/Thirdparty/g2o/g2o/types/../core/base_binary_edge.h:60:80: warning: ‘Eigen::AlignedBit’ is deprecated [-Wdeprecated-declarations]
[12.902s]    60 |       typedef Eigen::Map<Matrix<double, Dj, Di>, Matrix<double, Dj, Di>::Flags & AlignedBit ? Aligned : Unaligned > HessianBlockTransposedType;
[12.903s]       |                                                                          ~~~~~~^~~~~~~~~~~~
[12.903s] In file included from /usr/include/eigen3/Eigen/Core:161,
[12.903s]                  from /home/roey/tello-vio/libs/ORB_SLAM2/Thirdparty/g2o/g2o/types/../core/jacobian_workspace.h:30,
[12.903s]                  from /home/roey/tello-vio/libs/ORB_SLAM2/Thirdparty/g2o/g2o/types/../core/optimizable_graph.h:41,
[12.903s]                  from /home/roey/tello-vio/libs/ORB_SLAM2/Thirdparty/g2o/g2o/types/../core/base_vertex.h:30,
[12.903s]                  from /home/roey/tello-vio/libs/ORB_SLAM2/Thirdparty/g2o/g2o/types/types_seven_dof_expmap.h:34,
[12.903s]                  from /home/roey/tello-vio/libs/ORB_SLAM2/include/LoopClosing.h:34,
[12.903s]                  from /home/roey/tello-vio/libs/ORB_SLAM2/include/LocalMapping.h:26,
[12.904s]                  from /home/roey/tello-vio/libs/ORB_SLAM2/include/Tracking.h:29,
[12.904s]                  from /home/roey/tello-vio/libs/ORB_SLAM2/include/System.h:29,
[12.904s]                  from /home/roey/tello-vio/slam/src/orbslam2/src/monocular/monocular-slam-node.hpp:16,
[12.904s]                  from /home/roey/tello-vio/slam/src/orbslam2/src/monocular/monocular-slam-node.cpp:1:
[12.904s] /usr/include/eigen3/Eigen/src/Core/util/Constants.h:167:37: note: declared here
[12.904s]   167 | EIGEN_DEPRECATED const unsigned int AlignedBit = 0x80;
[12.904s]       |                                     ^~~~~~~~~~
[12.995s] In file included from /home/roey/tello-vio/libs/ORB_SLAM2/Thirdparty/g2o/g2o/types/types_seven_dof_expmap.h:35,
[12.995s]                  from /home/roey/tello-vio/libs/ORB_SLAM2/include/LoopClosing.h:34,
[12.995s]                  from /home/roey/tello-vio/libs/ORB_SLAM2/include/LocalMapping.h:26,
[12.995s]                  from /home/roey/tello-vio/libs/ORB_SLAM2/include/Tracking.h:29,
[12.995s]                  from /home/roey/tello-vio/libs/ORB_SLAM2/include/System.h:29,
[12.995s]                  from /home/roey/tello-vio/slam/src/orbslam2/src/monocular/monocular-slam-node.hpp:16,
[12.996s]                  from /home/roey/tello-vio/slam/src/orbslam2/src/monocular/monocular-slam-node.cpp:1:
[12.996s] /home/roey/tello-vio/libs/ORB_SLAM2/Thirdparty/g2o/g2o/types/../core/base_binary_edge.h: In instantiation of ‘class g2o::BaseBinaryEdge<2, Eigen::Matrix<double, 2, 1>, g2o::VertexSBAPointXYZ, g2o::VertexSim3Expmap>’:
[12.996s] /home/roey/tello-vio/libs/ORB_SLAM2/Thirdparty/g2o/g2o/types/types_seven_dof_expmap.h:130:36:   required from here
[12.996s] /home/roey/tello-vio/libs/ORB_SLAM2/Thirdparty/g2o/g2o/types/../core/base_binary_edge.h:59:80: warning: ‘Eigen::AlignedBit’ is deprecated [-Wdeprecated-declarations]
[12.996s]    59 |       typedef Eigen::Map<Matrix<double, Di, Dj>, Matrix<double, Di, Dj>::Flags & AlignedBit ? Aligned : Unaligned > HessianBlockType;
[12.996s]       |                                                                          ~~~~~~^~~~~~~~~~~~
[12.996s] In file included from /usr/include/eigen3/Eigen/Core:161,
[12.996s]                  from /home/roey/tello-vio/libs/ORB_SLAM2/Thirdparty/g2o/g2o/types/../core/jacobian_workspace.h:30,
[12.997s]                  from /home/roey/tello-vio/libs/ORB_SLAM2/Thirdparty/g2o/g2o/types/../core/optimizable_graph.h:41,
[12.997s]                  from /home/roey/tello-vio/libs/ORB_SLAM2/Thirdparty/g2o/g2o/types/../core/base_vertex.h:30,
[12.997s]                  from /home/roey/tello-vio/libs/ORB_SLAM2/Thirdparty/g2o/g2o/types/types_seven_dof_expmap.h:34,
[12.997s]                  from /home/roey/tello-vio/libs/ORB_SLAM2/include/LoopClosing.h:34,
[12.997s]                  from /home/roey/tello-vio/libs/ORB_SLAM2/include/LocalMapping.h:26,
[12.997s]                  from /home/roey/tello-vio/libs/ORB_SLAM2/include/Tracking.h:29,
[12.997s]                  from /home/roey/tello-vio/libs/ORB_SLAM2/include/System.h:29,
[12.997s]                  from /home/roey/tello-vio/slam/src/orbslam2/src/monocular/monocular-slam-node.hpp:16,
[12.998s]                  from /home/roey/tello-vio/slam/src/orbslam2/src/monocular/monocular-slam-node.cpp:1:
[12.998s] /usr/include/eigen3/Eigen/src/Core/util/Constants.h:167:37: note: declared here
[12.998s]   167 | EIGEN_DEPRECATED const unsigned int AlignedBit = 0x80;
[12.998s]       |                                     ^~~~~~~~~~
[13.028s] In file included from /home/roey/tello-vio/libs/ORB_SLAM2/Thirdparty/g2o/g2o/types/types_seven_dof_expmap.h:35,
[13.028s]                  from /home/roey/tello-vio/libs/ORB_SLAM2/include/LoopClosing.h:34,
[13.028s]                  from /home/roey/tello-vio/libs/ORB_SLAM2/include/LocalMapping.h:26,
[13.028s]                  from /home/roey/tello-vio/libs/ORB_SLAM2/include/Tracking.h:29,
[13.028s]                  from /home/roey/tello-vio/libs/ORB_SLAM2/include/System.h:29,
[13.028s]                  from /home/roey/tello-vio/slam/src/orbslam2/src/monocular/monocular-slam-node.hpp:16,
[13.029s]                  from /home/roey/tello-vio/slam/src/orbslam2/src/monocular/monocular-slam-node.cpp:1:
[13.029s] /home/roey/tello-vio/libs/ORB_SLAM2/Thirdparty/g2o/g2o/types/../core/base_binary_edge.h:60:80: warning: ‘Eigen::AlignedBit’ is deprecated [-Wdeprecated-declarations]
[13.029s]    60 |       typedef Eigen::Map<Matrix<double, Dj, Di>, Matrix<double, Dj, Di>::Flags & AlignedBit ? Aligned : Unaligned > HessianBlockTransposedType;
[13.029s]       |                                                                          ~~~~~~^~~~~~~~~~~~
[13.029s] In file included from /usr/include/eigen3/Eigen/Core:161,
[13.029s]                  from /home/roey/tello-vio/libs/ORB_SLAM2/Thirdparty/g2o/g2o/types/../core/jacobian_workspace.h:30,
[13.029s]                  from /home/roey/tello-vio/libs/ORB_SLAM2/Thirdparty/g2o/g2o/types/../core/optimizable_graph.h:41,
[13.029s]                  from /home/roey/tello-vio/libs/ORB_SLAM2/Thirdparty/g2o/g2o/types/../core/base_vertex.h:30,
[13.030s]                  from /home/roey/tello-vio/libs/ORB_SLAM2/Thirdparty/g2o/g2o/types/types_seven_dof_expmap.h:34,
[13.030s]                  from /home/roey/tello-vio/libs/ORB_SLAM2/include/LoopClosing.h:34,
[13.030s]                  from /home/roey/tello-vio/libs/ORB_SLAM2/include/LocalMapping.h:26,
[13.030s]                  from /home/roey/tello-vio/libs/ORB_SLAM2/include/Tracking.h:29,
[13.030s]                  from /home/roey/tello-vio/libs/ORB_SLAM2/include/System.h:29,
[13.030s]                  from /home/roey/tello-vio/slam/src/orbslam2/src/monocular/monocular-slam-node.hpp:16,
[13.030s]                  from /home/roey/tello-vio/slam/src/orbslam2/src/monocular/monocular-slam-node.cpp:1:
[13.030s] /usr/include/eigen3/Eigen/src/Core/util/Constants.h:167:37: note: declared here
[13.031s]   167 | EIGEN_DEPRECATED const unsigned int AlignedBit = 0x80;
[13.031s]       |                                     ^~~~~~~~~~
[13.293s] /home/roey/tello-vio/slam/src/orbslam2/src/monocular/monocular-slam-node.cpp: In constructor ‘MonocularSlamNode::MonocularSlamNode(ORB_SLAM2::System*, const string&, const string&)’:
[13.293s] /home/roey/tello-vio/slam/src/orbslam2/src/monocular/monocular-slam-node.cpp:20:61: error: no matching function for call to ‘MonocularSlamNode::create_subscription<ImageMsg>(const char [7], std::_Bind_helper<false, void (MonocularSlamNode::*)(std::shared_ptr<sensor_msgs::msg::Image_<std::allocator<void> > >), MonocularSlamNode*, const std::_Placeholder<1>&>::type)’
[13.293s]    20 |     m_image_subscriber = this->create_subscription<ImageMsg>("camera", std::bind(&MonocularSlamNode::GrabImage, this, std::placeholders::_1));
[13.293s]       |                          ~~~~~~~~~~~~~~~~~~~~~~~~~~~~~~~~~~~^~~~~~~~~~~~~~~~~~~~~~~~~~~~~~~~~~~~~~~~~~~~~~~~~~~~~~~~~~~~~~~~~~~~~~~~~~~~~~~~~
[13.293s] In file included from /opt/ros/humble/include/rclcpp/rclcpp/executors/single_threaded_executor.hpp:28,
[13.293s]                  from /opt/ros/humble/include/rclcpp/rclcpp/executors.hpp:22,
[13.294s]                  from /opt/ros/humble/include/rclcpp/rclcpp/rclcpp.hpp:155,
[13.294s]                  from /home/roey/tello-vio/slam/src/orbslam2/src/monocular/monocular-slam-node.hpp:10,
[13.294s]                  from /home/roey/tello-vio/slam/src/orbslam2/src/monocular/monocular-slam-node.cpp:1:
[13.294s] /opt/ros/humble/include/rclcpp/rclcpp/node.hpp:219:3: note: candidate: ‘template<class MessageT, class CallbackT, class AllocatorT, class SubscriptionT, class MessageMemoryStrategyT> std::shared_ptr<ROSMessageT> rclcpp::Node::create_subscription(const string&, const rclcpp::QoS&, CallbackT&&, const rclcpp::SubscriptionOptionsWithAllocator<AllocatorT>&, typename MessageMemoryStrategyT::SharedPtr)’
[13.294s]   219 |   create_subscription(
[13.294s]       |   ^~~~~~~~~~~~~~~~~~~
[13.294s] /opt/ros/humble/include/rclcpp/rclcpp/node.hpp:219:3: note:   template argument deduction/substitution failed:
[13.294s] /home/roey/tello-vio/slam/src/orbslam2/src/monocular/monocular-slam-node.cpp:20:61: note:   candidate expects 5 arguments, 2 provided
[13.295s]    20 |     m_image_subscriber = this->create_subscription<ImageMsg>("camera", std::bind(&MonocularSlamNode::GrabImage, this, std::placeholders::_1));
[13.295s]       |                          ~~~~~~~~~~~~~~~~~~~~~~~~~~~~~~~~~~~^~~~~~~~~~~~~~~~~~~~~~~~~~~~~~~~~~~~~~~~~~~~~~~~~~~~~~~~~~~~~~~~~~~~~~~~~~~~~~~~~
[13.295s] /home/roey/tello-vio/slam/src/orbslam2/src/monocular/monocular-slam-node.cpp:22:67: error: no matching function for call to ‘MonocularSlamNode::create_publisher<ImageMsg>(const char [16])’
[13.295s]    22 |     m_annotated_image_publisher = this->create_publisher<ImageMsg>("annotated_frame");
[13.295s]       |                                   ~~~~~~~~~~~~~~~~~~~~~~~~~~~~~~~~^~~~~~~~~~~~~~~~~~~
[13.295s] In file included from /opt/ros/humble/include/rclcpp/rclcpp/executors/single_threaded_executor.hpp:28,
[13.295s]                  from /opt/ros/humble/include/rclcpp/rclcpp/executors.hpp:22,
[13.295s]                  from /opt/ros/humble/include/rclcpp/rclcpp/rclcpp.hpp:155,
[13.296s]                  from /home/roey/tello-vio/slam/src/orbslam2/src/monocular/monocular-slam-node.hpp:10,
[13.296s]                  from /home/roey/tello-vio/slam/src/orbslam2/src/monocular/monocular-slam-node.cpp:1:
[13.296s] /opt/ros/humble/include/rclcpp/rclcpp/node.hpp:195:3: note: candidate: ‘template<class MessageT, class AllocatorT, class PublisherT> std::shared_ptr<PublisherT> rclcpp::Node::create_publisher(const string&, const rclcpp::QoS&, const rclcpp::PublisherOptionsWithAllocator<AllocatorT>&)’
[13.296s]   195 |   create_publisher(
[13.296s]       |   ^~~~~~~~~~~~~~~~
[13.296s] /opt/ros/humble/include/rclcpp/rclcpp/node.hpp:195:3: note:   template argument deduction/substitution failed:
[13.296s] /home/roey/tello-vio/slam/src/orbslam2/src/monocular/monocular-slam-node.cpp:22:67: note:   candidate expects 3 arguments, 1 provided
[13.297s]    22 |     m_annotated_image_publisher = this->create_publisher<ImageMsg>("annotated_frame");
[13.297s]       |                                   ~~~~~~~~~~~~~~~~~~~~~~~~~~~~~~~~^~~~~~~~~~~~~~~~~~~
[13.297s] /home/roey/tello-vio/slam/src/orbslam2/src/monocular/monocular-slam-node.cpp:24:56: error: no matching function for call to ‘MonocularSlamNode::create_publisher<MarkerMsg>(const char [13])’
[13.297s]    24 |     m_map_publisher = this->create_publisher<MarkerMsg>("ORB_SLAM_map");
[13.297s]       |                       ~~~~~~~~~~~~~~~~~~~~~~~~~~~~~~~~~^~~~~~~~~~~~~~~~
[13.297s] In file included from /opt/ros/humble/include/rclcpp/rclcpp/executors/single_threaded_executor.hpp:28,
[13.297s]                  from /opt/ros/humble/include/rclcpp/rclcpp/executors.hpp:22,
[13.297s]                  from /opt/ros/humble/include/rclcpp/rclcpp/rclcpp.hpp:155,
[13.298s]                  from /home/roey/tello-vio/slam/src/orbslam2/src/monocular/monocular-slam-node.hpp:10,
[13.298s]                  from /home/roey/tello-vio/slam/src/orbslam2/src/monocular/monocular-slam-node.cpp:1:
[13.298s] /opt/ros/humble/include/rclcpp/rclcpp/node.hpp:195:3: note: candidate: ‘template<class MessageT, class AllocatorT, class PublisherT> std::shared_ptr<PublisherT> rclcpp::Node::create_publisher(const string&, const rclcpp::QoS&, const rclcpp::PublisherOptionsWithAllocator<AllocatorT>&)’
[13.298s]   195 |   create_publisher(
[13.298s]       |   ^~~~~~~~~~~~~~~~
[13.298s] /opt/ros/humble/include/rclcpp/rclcpp/node.hpp:195:3: note:   template argument deduction/substitution failed:
[13.298s] /home/roey/tello-vio/slam/src/orbslam2/src/monocular/monocular-slam-node.cpp:24:56: note:   candidate expects 3 arguments, 1 provided
[13.298s]    24 |     m_map_publisher = this->create_publisher<MarkerMsg>("ORB_SLAM_map");
[13.299s]       |                       ~~~~~~~~~~~~~~~~~~~~~~~~~~~~~~~~~^~~~~~~~~~~~~~~~
[13.299s] /home/roey/tello-vio/slam/src/orbslam2/src/monocular/monocular-slam-node.cpp:15:78: warning: unused parameter ‘strVocFile’ [-Wunused-parameter]
[13.299s]    15 | MonocularSlamNode::MonocularSlamNode(ORB_SLAM2::System* pSLAM, const string &strVocFile, const string &strSettingsFile)
[13.299s]       |                                                                ~~~~~~~~~~~~~~^~~~~~~~~~
[23.540s] gmake[2]: *** [CMakeFiles/mono.dir/build.make:90: CMakeFiles/mono.dir/src/monocular/monocular-slam-node.cpp.o] Error 1
[23.542s] gmake[1]: *** [CMakeFiles/Makefile2:137: CMakeFiles/mono.dir/all] Error 2
[23.542s] gmake: *** [Makefile:146: all] Error 2
[23.544s] Invoked command in '/home/roey/tello-vio/build/orbslam2' returned '2': CMAKE_PREFIX_PATH=${CMAKE_PREFIX_PATH}:/home/roey/tello-vio/install/tello:/home/roey/tello-ros2/install/tello:/opt/ros/humble /usr/bin/cmake --build /home/roey/tello-vio/build/orbslam2 -- -j8 -l8
