[0.023s] Invoking command in '/home/roey/tello-vio/build/orbslam2': CMAKE_PREFIX_PATH=${CMAKE_PREFIX_PATH}:/home/roey/tello-ros2/install/tello:/opt/ros/humble /usr/bin/cmake /home/roey/tello-vio/slam/src/orbslam2 -DCMAKE_INSTALL_PREFIX=/home/roey/tello-vio/install/orbslam2
[0.096s] -- The C compiler identification is GNU 11.4.0
[0.175s] -- The CXX compiler identification is GNU 11.4.0
[0.187s] -- Detecting C compiler ABI info
[0.295s] -- Detecting C compiler ABI info - done
[0.306s] -- Check for working C compiler: /usr/bin/cc - skipped
[0.307s] -- Detecting C compile features
[0.307s] -- Detecting C compile features - done
[0.312s] -- Detecting CXX compiler ABI info
[0.509s] -- Detecting CXX compiler ABI info - done
[0.539s] -- Check for working CXX compiler: /usr/bin/c++ - skipped
[0.540s] -- Detecting CXX compile features
[0.541s] -- Detecting CXX compile features - done
[0.548s] -- Found ament_cmake: 1.3.10 (/opt/ros/humble/share/ament_cmake/cmake)
[0.835s] -- Found Python3: /usr/bin/python3 (found version "3.10.12") found components: Interpreter 
[1.011s] -- Found rclcpp: 16.0.10 (/opt/ros/humble/share/rclcpp/cmake)
[1.091s] -- Found rosidl_generator_c: 3.1.5 (/opt/ros/humble/share/rosidl_generator_c/cmake)
[1.100s] -- Found rosidl_adapter: 3.1.5 (/opt/ros/humble/share/rosidl_adapter/cmake)
[1.115s] -- Found rosidl_generator_cpp: 3.1.5 (/opt/ros/humble/share/rosidl_generator_cpp/cmake)
[1.137s] -- Using all available rosidl_typesupport_c: rosidl_typesupport_fastrtps_c;rosidl_typesupport_introspection_c
[1.164s] -- Using all available rosidl_typesupport_cpp: rosidl_typesupport_fastrtps_cpp;rosidl_typesupport_introspection_cpp
[1.236s] -- Found rmw_implementation_cmake: 6.1.2 (/opt/ros/humble/share/rmw_implementation_cmake/cmake)
[1.241s] -- Found rmw_fastrtps_cpp: 6.2.7 (/opt/ros/humble/share/rmw_fastrtps_cpp/cmake)
[1.371s] -- Found OpenSSL: /usr/lib/x86_64-linux-gnu/libcrypto.so (found version "3.0.2")  
[1.427s] -- Found FastRTPS: /opt/ros/humble/include  
[1.495s] -- Using RMW implementation 'rmw_fastrtps_cpp' as default
[1.511s] -- Looking for pthread.h
[1.629s] -- Looking for pthread.h - found
[1.630s] -- Performing Test CMAKE_HAVE_LIBC_PTHREAD
[1.746s] -- Performing Test CMAKE_HAVE_LIBC_PTHREAD - Success
[1.748s] -- Found Threads: TRUE  
[1.835s] -- Found sensor_msgs: 4.2.4 (/opt/ros/humble/share/sensor_msgs/cmake)
[1.887s] -- Found visualization_msgs: 4.2.4 (/opt/ros/humble/share/visualization_msgs/cmake)
[1.928s] -- Found cv_bridge: 3.2.1 (/opt/ros/humble/share/cv_bridge/cmake)
[1.947s] -- Found message_filters: 4.3.5 (/opt/ros/humble/share/message_filters/cmake)
[1.968s] -- Found Boost: /usr/lib/x86_64-linux-gnu/cmake/Boost-1.74.0/BoostConfig.cmake (found version "1.74.0") found components: system 
[1.977s] -- Found OpenCV: /usr (found version "4.5.4") 
[1.979s] -- Found Eigen: /usr/include/eigen3 (Required is at least version "2.91.0") 
[1.990s] CMake Warning at CMakeLists.txt:33 (message):
[1.991s]   ORB_SLAM2 not found; skipping orbslam2 node build.  Set ORB_SLAM2_ROOT_DIR
[1.991s]   (or install ORB_SLAM2) and rebuild to enable.
[1.991s] 
[1.991s] 
[2.150s] -- Configuring done
[2.157s] -- Generating done
[2.160s] -- Build files have been written to: /home/roey/tello-vio/build/orbslam2
[2.176s] Invoked command in '/home/roey/tello-vio/build/orbslam2' returned '0': CMAKE_PREFIX_PATH=${CMAKE_PREFIX_PATH}:/home/roey/tello-ros2/install/tello:/opt/ros/humble /usr/bin/cmake /home/roey/tello-vio/slam/src/orbslam2 -DCMAKE_INSTALL_PREFIX=/home/roey/tello-vio/install/orbslam2
[2.178s] Invoking command in '/home/roey/tello-vio/build/orbslam2': CMAKE_PREFIX_PATH=${CMAKE_PREFIX_PATH}:/home/roey/tello-ros2/install/tello:/opt/ros/humble /usr/bin/cmake --build /home/roey/tello-vio/build/orbslam2 -- -j8 -l8
[2.243s] Invoked command in '/home/roey/tello-vio/build/orbslam2' returned '0': CMAKE_PREFIX_PATH=${CMAKE_PREFIX_PATH}:/home/roey/tello-ros2/install/tello:/opt/ros/humble /usr/bin/cmake --build /home/roey/tello-vio/build/orbslam2 -- -j8 -l8
[2.291s] Invoking command in '/home/roey/tello-vio/build/orbslam2': CMAKE_PREFIX_PATH=${CMAKE_PREFIX_PATH}:/home/roey/tello-ros2/install/tello:/opt/ros/humble /usr/bin/cmake --install /home/roey/tello-vio/build/orbslam2
[2.303s] -- Install configuration: ""
[2.304s] -- Installing: /home/roey/tello-vio/install/orbslam2/share/ament_index/resource_index/package_run_dependencies/orbslam2
[2.304s] -- Installing: /home/roey/tello-vio/install/orbslam2/share/ament_index/resource_index/parent_prefix_path/orbslam2
[2.305s] -- Installing: /home/roey/tello-vio/install/orbslam2/share/orbslam2/environment/ament_prefix_path.sh
[2.305s] -- Installing: /home/roey/tello-vio/install/orbslam2/share/orbslam2/environment/ament_prefix_path.dsv
[2.307s] -- Installing: /home/roey/tello-vio/install/orbslam2/share/orbslam2/environment/path.sh
[2.307s] -- Installing: /home/roey/tello-vio/install/orbslam2/share/orbslam2/environment/path.dsv
[2.308s] -- Installing: /home/roey/tello-vio/install/orbslam2/share/orbslam2/local_setup.bash
[2.308s] -- Installing: /home/roey/tello-vio/install/orbslam2/share/orbslam2/local_setup.sh
[2.308s] -- Installing: /home/roey/tello-vio/install/orbslam2/share/orbslam2/local_setup.zsh
[2.308s] -- Installing: /home/roey/tello-vio/install/orbslam2/share/orbslam2/local_setup.dsv
[2.308s] -- Installing: /home/roey/tello-vio/install/orbslam2/share/orbslam2/package.dsv
[2.308s] -- Installing: /home/roey/tello-vio/install/orbslam2/share/ament_index/resource_index/packages/orbslam2
[2.308s] -- Installing: /home/roey/tello-vio/install/orbslam2/share/orbslam2/cmake/orbslam2Config.cmake
[2.308s] -- Installing: /home/roey/tello-vio/install/orbslam2/share/orbslam2/cmake/orbslam2Config-version.cmake
[2.308s] -- Installing: /home/roey/tello-vio/install/orbslam2/share/orbslam2/package.xml
[2.309s] Invoked command in '/home/roey/tello-vio/build/orbslam2' returned '0': CMAKE_PREFIX_PATH=${CMAKE_PREFIX_PATH}:/home/roey/tello-ros2/install/tello:/opt/ros/humble /usr/bin/cmake --install /home/roey/tello-vio/build/orbslam2
