[0.161s] DEBUG:colcon:Command line arguments: ['/usr/bin/colcon', 'build', '--packages-select', 'tello_msg', '--cmake-clean-cache']
[0.161s] DEBUG:colcon:Parsed command line arguments: Namespace(log_base=None, log_level=None, verb_name='build', build_base='build', install_base='install', merge_install=False, symlink_install=False, test_result_base=None, continue_on_error=False, executor='parallel', parallel_workers=8, event_handlers=None, ignore_user_meta=False, metas=['./colcon.meta'], base_paths=['.'], packages_ignore=None, packages_ignore_regex=None, paths=None, packages_up_to=None, packages_up_to_regex=None, packages_above=None, packages_above_and_dependencies=None, packages_above_depth=None, packages_select_by_dep=None, packages_skip_by_dep=None, packages_skip_up_to=None, packages_select_build_failed=False, packages_skip_build_finished=False, packages_select_test_failures=False, packages_skip_test_passed=False, packages_select=['tello_msg'], packages_skip=None, packages_select_regex=None, packages_skip_regex=None, packages_start=None, packages_end=None, allow_overriding=[], cmake_args=None, cmake_target=None, cmake_target_skip_unavailable=False, cmake_clean_cache=True, cmake_clean_first=False, cmake_force_configure=False, ament_cmake_args=None, catkin_cmake_args=None, catkin_skip_building_tests=False, mixin_files=None, mixin=None, verb_parser=<colcon_mixin.mixin.mixin_argument.MixinArgumentDecorator object at 0x7494f9d1a380>, verb_extension=<colcon_core.verb.build.BuildVerb object at 0x7494f9d19d80>, main=<bound method BuildVerb.main of <colcon_core.verb.build.BuildVerb object at 0x7494f9d19d80>>, mixin_verb=('build',))
[0.423s] Level 1:colcon.colcon_core.package_discovery:discover_packages(colcon_meta) check parameters
[0.424s] Level 1:colcon.colcon_core.package_discovery:discover_packages(recursive) check parameters
[0.424s] Level 1:colcon.colcon_core.package_discovery:discover_packages(ignore) check parameters
[0.424s] Level 1:colcon.colcon_core.package_discovery:discover_packages(path) check parameters
[0.424s] Level 1:colcon.colcon_core.package_discovery:discover_packages(colcon_meta) discover
[0.424s] Level 1:colcon.colcon_core.package_discovery:discover_packages(recursive) discover
[0.424s] INFO:colcon.colcon_core.package_discovery:Crawling recursively for packages in '/home/roey/tello-ros2'
[0.424s] Level 1:colcon.colcon_core.package_identification:_identify(.) by extensions ['ignore', 'ignore_ament_install']
[0.424s] Level 1:colcon.colcon_core.package_identification:_identify(.) by extension 'ignore'
[0.424s] Level 1:colcon.colcon_core.package_identification:_identify(.) by extension 'ignore_ament_install'
[0.424s] Level 1:colcon.colcon_core.package_identification:_identify(.) by extensions ['colcon_pkg']
[0.425s] Level 1:colcon.colcon_core.package_identification:_identify(.) by extension 'colcon_pkg'
[0.425s] Level 1:colcon.colcon_core.package_identification:_identify(.) by extensions ['colcon_meta']
[0.425s] Level 1:colcon.colcon_core.package_identification:_identify(.) by extension 'colcon_meta'
[0.425s] Level 1:colcon.colcon_core.package_identification:_identify(.) by extensions ['ros']
[0.425s] Level 1:colcon.colcon_core.package_identification:_identify(.) by extension 'ros'
[0.477s] Level 1:colcon.colcon_core.package_identification:_identify(.) by extensions ['cmake', 'python']
[0.477s] Level 1:colcon.colcon_core.package_identification:_identify(.) by extension 'cmake'
[0.477s] Level 1:colcon.colcon_core.package_identification:_identify(.) by extension 'python'
[0.477s] Level 1:colcon.colcon_core.package_identification:_identify(.) by extensions ['python_setup_py']
[0.477s] Level 1:colcon.colcon_core.package_identification:_identify(.) by extension 'python_setup_py'
[0.477s] Level 1:colcon.colcon_core.package_identification:_identify(build) by extensions ['ignore', 'ignore_ament_install']
[0.477s] Level 1:colcon.colcon_core.package_identification:_identify(build) by extension 'ignore'
[0.477s] Level 1:colcon.colcon_core.package_identification:_identify(build) ignored
[0.477s] Level 1:colcon.colcon_core.package_identification:_identify(install) by extensions ['ignore', 'ignore_ament_install']
[0.478s] Level 1:colcon.colcon_core.package_identification:_identify(install) by extension 'ignore'
[0.478s] Level 1:colcon.colcon_core.package_identification:_identify(install) ignored
[0.478s] Level 1:colcon.colcon_core.package_identification:_identify(log) by extensions ['ignore', 'ignore_ament_install']
[0.478s] Level 1:colcon.colcon_core.package_identification:_identify(log) by extension 'ignore'
[0.478s] Level 1:colcon.colcon_core.package_identification:_identify(log) ignored
[0.478s] Level 1:colcon.colcon_core.package_identification:_identify(readme) by extensions ['ignore', 'ignore_ament_install']
[0.478s] Level 1:colcon.colcon_core.package_identification:_identify(readme) by extension 'ignore'
[0.478s] Level 1:colcon.colcon_core.package_identification:_identify(readme) by extension 'ignore_ament_install'
[0.479s] Level 1:colcon.colcon_core.package_identification:_identify(readme) by extensions ['colcon_pkg']
[0.479s] Level 1:colcon.colcon_core.package_identification:_identify(readme) by extension 'colcon_pkg'
[0.479s] Level 1:colcon.colcon_core.package_identification:_identify(readme) by extensions ['colcon_meta']
[0.479s] Level 1:colcon.colcon_core.package_identification:_identify(readme) by extension 'colcon_meta'
[0.479s] Level 1:colcon.colcon_core.package_identification:_identify(readme) by extensions ['ros']
[0.479s] Level 1:colcon.colcon_core.package_identification:_identify(readme) by extension 'ros'
[0.479s] Level 1:colcon.colcon_core.package_identification:_identify(readme) by extensions ['cmake', 'python']
[0.479s] Level 1:colcon.colcon_core.package_identification:_identify(readme) by extension 'cmake'
[0.479s] Level 1:colcon.colcon_core.package_identification:_identify(readme) by extension 'python'
[0.479s] Level 1:colcon.colcon_core.package_identification:_identify(readme) by extensions ['python_setup_py']
[0.479s] Level 1:colcon.colcon_core.package_identification:_identify(readme) by extension 'python_setup_py'
[0.479s] Level 1:colcon.colcon_core.package_identification:_identify(scripts) by extensions ['ignore', 'ignore_ament_install']
[0.479s] Level 1:colcon.colcon_core.package_identification:_identify(scripts) by extension 'ignore'
[0.479s] Level 1:colcon.colcon_core.package_identification:_identify(scripts) by extension 'ignore_ament_install'
[0.480s] Level 1:colcon.colcon_core.package_identification:_identify(scripts) by extensions ['colcon_pkg']
[0.480s] Level 1:colcon.colcon_core.package_identification:_identify(scripts) by extension 'colcon_pkg'
[0.480s] Level 1:colcon.colcon_core.package_identification:_identify(scripts) by extensions ['colcon_meta']
[0.480s] Level 1:colcon.colcon_core.package_identification:_identify(scripts) by extension 'colcon_meta'
[0.480s] Level 1:colcon.colcon_core.package_identification:_identify(scripts) by extensions ['ros']
[0.480s] Level 1:colcon.colcon_core.package_identification:_identify(scripts) by extension 'ros'
[0.480s] Level 1:colcon.colcon_core.package_identification:_identify(scripts) by extensions ['cmake', 'python']
[0.480s] Level 1:colcon.colcon_core.package_identification:_identify(scripts) by extension 'cmake'
[0.480s] Level 1:colcon.colcon_core.package_identification:_identify(scripts) by extension 'python'
[0.480s] Level 1:colcon.colcon_core.package_identification:_identify(scripts) by extensions ['python_setup_py']
[0.480s] Level 1:colcon.colcon_core.package_identification:_identify(scripts) by extension 'python_setup_py'
[0.480s] Level 1:colcon.colcon_core.package_identification:_identify(slam) by extensions ['ignore', 'ignore_ament_install']
[0.480s] Level 1:colcon.colcon_core.package_identification:_identify(slam) by extension 'ignore'
[0.480s] Level 1:colcon.colcon_core.package_identification:_identify(slam) by extension 'ignore_ament_install'
[0.480s] Level 1:colcon.colcon_core.package_identification:_identify(slam) by extensions ['colcon_pkg']
[0.480s] Level 1:colcon.colcon_core.package_identification:_identify(slam) by extension 'colcon_pkg'
[0.481s] Level 1:colcon.colcon_core.package_identification:_identify(slam) by extensions ['colcon_meta']
[0.481s] Level 1:colcon.colcon_core.package_identification:_identify(slam) by extension 'colcon_meta'
[0.481s] Level 1:colcon.colcon_core.package_identification:_identify(slam) by extensions ['ros']
[0.481s] Level 1:colcon.colcon_core.package_identification:_identify(slam) by extension 'ros'
[0.481s] Level 1:colcon.colcon_core.package_identification:_identify(slam) by extensions ['cmake', 'python']
[0.481s] Level 1:colcon.colcon_core.package_identification:_identify(slam) by extension 'cmake'
[0.481s] Level 1:colcon.colcon_core.package_identification:_identify(slam) by extension 'python'
[0.481s] Level 1:colcon.colcon_core.package_identification:_identify(slam) by extensions ['python_setup_py']
[0.481s] Level 1:colcon.colcon_core.package_identification:_identify(slam) by extension 'python_setup_py'
[0.481s] Level 1:colcon.colcon_core.package_identification:_identify(slam/src) by extensions ['ignore', 'ignore_ament_install']
[0.481s] Level 1:colcon.colcon_core.package_identification:_identify(slam/src) by extension 'ignore'
[0.481s] Level 1:colcon.colcon_core.package_identification:_identify(slam/src) by extension 'ignore_ament_install'
[0.481s] Level 1:colcon.colcon_core.package_identification:_identify(slam/src) by extensions ['colcon_pkg']
[0.481s] Level 1:colcon.colcon_core.package_identification:_identify(slam/src) by extension 'colcon_pkg'
[0.482s] Level 1:colcon.colcon_core.package_identification:_identify(slam/src) by extensions ['colcon_meta']
[0.482s] Level 1:colcon.colcon_core.package_identification:_identify(slam/src) by extension 'colcon_meta'
[0.482s] Level 1:colcon.colcon_core.package_identification:_identify(slam/src) by extensions ['ros']
[0.482s] Level 1:colcon.colcon_core.package_identification:_identify(slam/src) by extension 'ros'
[0.482s] Level 1:colcon.colcon_core.package_identification:_identify(slam/src) by extensions ['cmake', 'python']
[0.482s] Level 1:colcon.colcon_core.package_identification:_identify(slam/src) by extension 'cmake'
[0.482s] Level 1:colcon.colcon_core.package_identification:_identify(slam/src) by extension 'python'
[0.482s] Level 1:colcon.colcon_core.package_identification:_identify(slam/src) by extensions ['python_setup_py']
[0.482s] Level 1:colcon.colcon_core.package_identification:_identify(slam/src) by extension 'python_setup_py'
[0.482s] Level 1:colcon.colcon_core.package_identification:_identify(slam/src/orbslam2) by extensions ['ignore', 'ignore_ament_install']
[0.482s] Level 1:colcon.colcon_core.package_identification:_identify(slam/src/orbslam2) by extension 'ignore'
[0.482s] Level 1:colcon.colcon_core.package_identification:_identify(slam/src/orbslam2) by extension 'ignore_ament_install'
[0.482s] Level 1:colcon.colcon_core.package_identification:_identify(slam/src/orbslam2) by extensions ['colcon_pkg']
[0.482s] Level 1:colcon.colcon_core.package_identification:_identify(slam/src/orbslam2) by extension 'colcon_pkg'
[0.483s] Level 1:colcon.colcon_core.package_identification:_identify(slam/src/orbslam2) by extensions ['colcon_meta']
[0.483s] Level 1:colcon.colcon_core.package_identification:_identify(slam/src/orbslam2) by extension 'colcon_meta'
[0.483s] Level 1:colcon.colcon_core.package_identification:_identify(slam/src/orbslam2) by extensions ['ros']
[0.483s] Level 1:colcon.colcon_core.package_identification:_identify(slam/src/orbslam2) by extension 'ros'
[0.486s] DEBUG:colcon.colcon_core.package_identification:Package 'slam/src/orbslam2' with type 'ros.ament_cmake' and name 'orbslam2'
[0.486s] Level 1:colcon.colcon_core.package_identification:_identify(workspace) by extensions ['ignore', 'ignore_ament_install']
[0.487s] Level 1:colcon.colcon_core.package_identification:_identify(workspace) by extension 'ignore'
[0.487s] Level 1:colcon.colcon_core.package_identification:_identify(workspace) by extension 'ignore_ament_install'
[0.487s] Level 1:colcon.colcon_core.package_identification:_identify(workspace) by extensions ['colcon_pkg']
[0.487s] Level 1:colcon.colcon_core.package_identification:_identify(workspace) by extension 'colcon_pkg'
[0.487s] Level 1:colcon.colcon_core.package_identification:_identify(workspace) by extensions ['colcon_meta']
[0.487s] Level 1:colcon.colcon_core.package_identification:_identify(workspace) by extension 'colcon_meta'
[0.487s] Level 1:colcon.colcon_core.package_identification:_identify(workspace) by extensions ['ros']
[0.487s] Level 1:colcon.colcon_core.package_identification:_identify(workspace) by extension 'ros'
[0.487s] Level 1:colcon.colcon_core.package_identification:_identify(workspace) by extensions ['cmake', 'python']
[0.487s] Level 1:colcon.colcon_core.package_identification:_identify(workspace) by extension 'cmake'
[0.487s] Level 1:colcon.colcon_core.package_identification:_identify(workspace) by extension 'python'
[0.487s] Level 1:colcon.colcon_core.package_identification:_identify(workspace) by extensions ['python_setup_py']
[0.487s] Level 1:colcon.colcon_core.package_identification:_identify(workspace) by extension 'python_setup_py'
[0.487s] Level 1:colcon.colcon_core.package_identification:_identify(workspace/src) by extensions ['ignore', 'ignore_ament_install']
[0.488s] Level 1:colcon.colcon_core.package_identification:_identify(workspace/src) by extension 'ignore'
[0.488s] Level 1:colcon.colcon_core.package_identification:_identify(workspace/src) by extension 'ignore_ament_install'
[0.488s] Level 1:colcon.colcon_core.package_identification:_identify(workspace/src) by extensions ['colcon_pkg']
[0.488s] Level 1:colcon.colcon_core.package_identification:_identify(workspace/src) by extension 'colcon_pkg'
[0.488s] Level 1:colcon.colcon_core.package_identification:_identify(workspace/src) by extensions ['colcon_meta']
[0.488s] Level 1:colcon.colcon_core.package_identification:_identify(workspace/src) by extension 'colcon_meta'
[0.488s] Level 1:colcon.colcon_core.package_identification:_identify(workspace/src) by extensions ['ros']
[0.488s] Level 1:colcon.colcon_core.package_identification:_identify(workspace/src) by extension 'ros'
[0.488s] Level 1:colcon.colcon_core.package_identification:_identify(workspace/src) by extensions ['cmake', 'python']
[0.488s] Level 1:colcon.colcon_core.package_identification:_identify(workspace/src) by extension 'cmake'
[0.488s] Level 1:colcon.colcon_core.package_identification:_identify(workspace/src) by extension 'python'
[0.488s] Level 1:colcon.colcon_core.package_identification:_identify(workspace/src) by extensions ['python_setup_py']
[0.488s] Level 1:colcon.colcon_core.package_identification:_identify(workspace/src) by extension 'python_setup_py'
[0.488s] Level 1:colcon.colcon_core.package_identification:_identify(workspace/src/tello) by extensions ['ignore', 'ignore_ament_install']
[0.489s] Level 1:colcon.colcon_core.package_identification:_identify(workspace/src/tello) by extension 'ignore'
[0.489s] Level 1:colcon.colcon_core.package_identification:_identify(workspace/src/tello) by extension 'ignore_ament_install'
[0.489s] Level 1:colcon.colcon_core.package_identification:_identify(workspace/src/tello) by extensions ['colcon_pkg']
[0.489s] Level 1:colcon.colcon_core.package_identification:_identify(workspace/src/tello) by extension 'colcon_pkg'
[0.489s] Level 1:colcon.colcon_core.package_identification:_identify(workspace/src/tello) by extensions ['colcon_meta']
[0.489s] Level 1:colcon.colcon_core.package_identification:_identify(workspace/src/tello) by extension 'colcon_meta'
[0.489s] Level 1:colcon.colcon_core.package_identification:_identify(workspace/src/tello) by extensions ['ros']
[0.489s] Level 1:colcon.colcon_core.package_identification:_identify(workspace/src/tello) by extension 'ros'
[0.490s] DEBUG:colcon.colcon_core.package_identification:Package 'workspace/src/tello' with type 'ros.ament_python' and name 'tello'
[0.490s] Level 1:colcon.colcon_core.package_identification:_identify(workspace/src/tello_control) by extensions ['ignore', 'ignore_ament_install']
[0.490s] Level 1:colcon.colcon_core.package_identification:_identify(workspace/src/tello_control) by extension 'ignore'
[0.491s] Level 1:colcon.colcon_core.package_identification:_identify(workspace/src/tello_control) by extension 'ignore_ament_install'
[0.491s] Level 1:colcon.colcon_core.package_identification:_identify(workspace/src/tello_control) by extensions ['colcon_pkg']
[0.491s] Level 1:colcon.colcon_core.package_identification:_identify(workspace/src/tello_control) by extension 'colcon_pkg'
[0.491s] Level 1:colcon.colcon_core.package_identification:_identify(workspace/src/tello_control) by extensions ['colcon_meta']
[0.491s] Level 1:colcon.colcon_core.package_identification:_identify(workspace/src/tello_control) by extension 'colcon_meta'
[0.491s] Level 1:colcon.colcon_core.package_identification:_identify(workspace/src/tello_control) by extensions ['ros']
[0.491s] Level 1:colcon.colcon_core.package_identification:_identify(workspace/src/tello_control) by extension 'ros'
[0.493s] DEBUG:colcon.colcon_core.package_identification:Package 'workspace/src/tello_control' with type 'ros.ament_cmake' and name 'tello_control'
[0.493s] Level 1:colcon.colcon_core.package_identification:_identify(workspace/src/tello_msg) by extensions ['ignore', 'ignore_ament_install']
[0.493s] Level 1:colcon.colcon_core.package_identification:_identify(workspace/src/tello_msg) by extension 'ignore'
[0.493s] Level 1:colcon.colcon_core.package_identification:_identify(workspace/src/tello_msg) by extension 'ignore_ament_install'
[0.493s] Level 1:colcon.colcon_core.package_identification:_identify(workspace/src/tello_msg) by extensions ['colcon_pkg']
[0.493s] Level 1:colcon.colcon_core.package_identification:_identify(workspace/src/tello_msg) by extension 'colcon_pkg'
[0.493s] Level 1:colcon.colcon_core.package_identification:_identify(workspace/src/tello_msg) by extensions ['colcon_meta']
[0.493s] Level 1:colcon.colcon_core.package_identification:_identify(workspace/src/tello_msg) by extension 'colcon_meta'
[0.493s] Level 1:colcon.colcon_core.package_identification:_identify(workspace/src/tello_msg) by extensions ['ros']
[0.493s] Level 1:colcon.colcon_core.package_identification:_identify(workspace/src/tello_msg) by extension 'ros'
[0.495s] DEBUG:colcon.colcon_core.package_identification:Package 'workspace/src/tello_msg' with type 'ros.ament_cmake' and name 'tello_msg'
[0.495s] Level 1:colcon.colcon_core.package_discovery:discover_packages(recursive) using defaults
[0.495s] Level 1:colcon.colcon_core.package_discovery:discover_packages(ignore) discover
[0.495s] Level 1:colcon.colcon_core.package_discovery:discover_packages(ignore) using defaults
[0.495s] Level 1:colcon.colcon_core.package_discovery:discover_packages(path) discover
[0.495s] Level 1:colcon.colcon_core.package_discovery:discover_packages(path) using defaults
[0.522s] INFO:colcon.colcon_core.package_selection:Skipping not selected package 'orbslam2' in 'slam/src/orbslam2'
[0.522s] INFO:colcon.colcon_core.package_selection:Skipping not selected package 'tello_control' in 'workspace/src/tello_control'
[0.522s] INFO:colcon.colcon_core.package_selection:Skipping not selected package 'tello' in 'workspace/src/tello'
[0.523s] Level 1:colcon.colcon_core.package_discovery:discover_packages(prefix_path) check parameters
[0.523s] Level 1:colcon.colcon_core.package_discovery:discover_packages(prefix_path) discover
[0.528s] DEBUG:colcon.colcon_installed_package_information.package_discovery:Found 450 installed packages in /opt/ros/humble
[0.531s] Level 1:colcon.colcon_core.package_discovery:discover_packages(prefix_path) using defaults
[0.610s] Level 5:colcon.colcon_core.verb:set package 'tello_msg' build argument 'cmake_args' from command line to 'None'
[0.610s] Level 5:colcon.colcon_core.verb:set package 'tello_msg' build argument 'cmake_target' from command line to 'None'
[0.610s] Level 5:colcon.colcon_core.verb:set package 'tello_msg' build argument 'cmake_target_skip_unavailable' from command line to 'False'
[0.610s] Level 5:colcon.colcon_core.verb:set package 'tello_msg' build argument 'cmake_clean_cache' from command line to 'True'
[0.610s] Level 5:colcon.colcon_core.verb:set package 'tello_msg' build argument 'cmake_clean_first' from command line to 'False'
[0.610s] Level 5:colcon.colcon_core.verb:set package 'tello_msg' build argument 'cmake_force_configure' from command line to 'False'
[0.610s] Level 5:colcon.colcon_core.verb:set package 'tello_msg' build argument 'ament_cmake_args' from command line to 'None'
[0.610s] Level 5:colcon.colcon_core.verb:set package 'tello_msg' build argument 'catkin_cmake_args' from command line to 'None'
[0.610s] Level 5:colcon.colcon_core.verb:set package 'tello_msg' build argument 'catkin_skip_building_tests' from command line to 'False'
[0.610s] DEBUG:colcon.colcon_core.verb:Building package 'tello_msg' with the following arguments: {'ament_cmake_args': None, 'build_base': '/home/roey/tello-ros2/build/tello_msg', 'catkin_cmake_args': None, 'catkin_skip_building_tests': False, 'cmake_args': None, 'cmake_clean_cache': True, 'cmake_clean_first': False, 'cmake_force_configure': False, 'cmake_target': None, 'cmake_target_skip_unavailable': False, 'install_base': '/home/roey/tello-ros2/install/tello_msg', 'merge_install': False, 'path': '/home/roey/tello-ros2/workspace/src/tello_msg', 'symlink_install': False, 'test_result_base': None}
[0.610s] INFO:colcon.colcon_core.executor:Executing jobs using 'parallel' executor
[0.612s] DEBUG:colcon.colcon_parallel_executor.executor.parallel:run_until_complete
[0.612s] INFO:colcon.colcon_ros.task.ament_cmake.build:Building ROS package in '/home/roey/tello-ros2/workspace/src/tello_msg' with build type 'ament_cmake'
[0.612s] INFO:colcon.colcon_cmake.task.cmake.build:Building CMake package in '/home/roey/tello-ros2/workspace/src/tello_msg'
[0.615s] INFO:colcon.colcon_core.plugin_system:Skipping extension 'colcon_core.shell.bat': Not used on non-Windows systems
[0.615s] INFO:colcon.colcon_core.shell:Skip shell extension 'powershell' for command environment: Not usable outside of PowerShell
[0.615s] DEBUG:colcon.colcon_core.shell:Skip shell extension 'dsv' for command environment
[0.625s] DEBUG:colcon.colcon_core.event_handler.log_command:Invoking command in '/home/roey/tello-ros2/build/tello_msg': CMAKE_PREFIX_PATH=/opt/ros/humble /usr/bin/cmake /home/roey/tello-ros2/workspace/src/tello_msg -DCMAKE_INSTALL_PREFIX=/home/roey/tello-ros2/install/tello_msg
[3.087s] DEBUG:colcon.colcon_core.event_handler.log_command:Invoked command in '/home/roey/tello-ros2/build/tello_msg' returned '0': CMAKE_PREFIX_PATH=/opt/ros/humble /usr/bin/cmake /home/roey/tello-ros2/workspace/src/tello_msg -DCMAKE_INSTALL_PREFIX=/home/roey/tello-ros2/install/tello_msg
[3.089s] DEBUG:colcon.colcon_core.event_handler.log_command:Invoking command in '/home/roey/tello-ros2/build/tello_msg': CMAKE_PREFIX_PATH=/opt/ros/humble /usr/bin/cmake --build /home/roey/tello-ros2/build/tello_msg -- -j8 -l8
[8.397s] DEBUG:colcon.colcon_core.event_handler.log_command:Invoked command in '/home/roey/tello-ros2/build/tello_msg' returned '0': CMAKE_PREFIX_PATH=/opt/ros/humble /usr/bin/cmake --build /home/roey/tello-ros2/build/tello_msg -- -j8 -l8
[8.523s] DEBUG:colcon.colcon_core.event_handler.log_command:Invoking command in '/home/roey/tello-ros2/build/tello_msg': CMAKE_PREFIX_PATH=/opt/ros/humble /usr/bin/cmake --install /home/roey/tello-ros2/build/tello_msg
[8.629s] Level 1:colcon.colcon_core.environment:create_environment_scripts_only(tello_msg)
[8.630s] DEBUG:colcon.colcon_core.event_handler.log_command:Invoked command in '/home/roey/tello-ros2/build/tello_msg' returned '0': CMAKE_PREFIX_PATH=/opt/ros/humble /usr/bin/cmake --install /home/roey/tello-ros2/build/tello_msg
[8.633s] Level 1:colcon.colcon_core.environment:checking '/home/roey/tello-ros2/install/tello_msg' for CMake module files
[8.634s] Level 1:colcon.colcon_core.environment:checking '/home/roey/tello-ros2/install/tello_msg' for CMake config files
[8.634s] Level 1:colcon.colcon_core.shell:create_environment_hook('tello_msg', 'cmake_prefix_path')
[8.634s] INFO:colcon.colcon_core.shell:Creating environment hook '/home/roey/tello-ros2/install/tello_msg/share/tello_msg/hook/cmake_prefix_path.ps1'
[8.635s] INFO:colcon.colcon_core.shell:Creating environment descriptor '/home/roey/tello-ros2/install/tello_msg/share/tello_msg/hook/cmake_prefix_path.dsv'
[8.636s] INFO:colcon.colcon_core.shell:Creating environment hook '/home/roey/tello-ros2/install/tello_msg/share/tello_msg/hook/cmake_prefix_path.sh'
[8.637s] Level 1:colcon.colcon_core.environment:checking '/home/roey/tello-ros2/install/tello_msg/lib'
[8.637s] Level 1:colcon.colcon_core.shell:create_environment_hook('tello_msg', 'ld_library_path_lib')
[8.637s] INFO:colcon.colcon_core.shell:Creating environment hook '/home/roey/tello-ros2/install/tello_msg/share/tello_msg/hook/ld_library_path_lib.ps1'
[8.638s] INFO:colcon.colcon_core.shell:Creating environment descriptor '/home/roey/tello-ros2/install/tello_msg/share/tello_msg/hook/ld_library_path_lib.dsv'
[8.638s] INFO:colcon.colcon_core.shell:Creating environment hook '/home/roey/tello-ros2/install/tello_msg/share/tello_msg/hook/ld_library_path_lib.sh'
[8.639s] Level 1:colcon.colcon_core.environment:checking '/home/roey/tello-ros2/install/tello_msg/bin'
[8.639s] Level 1:colcon.colcon_core.environment:checking '/home/roey/tello-ros2/install/tello_msg/lib/pkgconfig/tello_msg.pc'
[8.639s] Level 1:colcon.colcon_core.environment:checking '/home/roey/tello-ros2/install/tello_msg/lib/python3.10/site-packages'
[8.639s] Level 1:colcon.colcon_core.environment:checking '/home/roey/tello-ros2/install/tello_msg/bin'
[8.640s] INFO:colcon.colcon_core.shell:Creating package script '/home/roey/tello-ros2/install/tello_msg/share/tello_msg/package.ps1'
[8.641s] INFO:colcon.colcon_core.shell:Creating package descriptor '/home/roey/tello-ros2/install/tello_msg/share/tello_msg/package.dsv'
[8.642s] INFO:colcon.colcon_core.shell:Creating package script '/home/roey/tello-ros2/install/tello_msg/share/tello_msg/package.sh'
[8.643s] INFO:colcon.colcon_core.shell:Creating package script '/home/roey/tello-ros2/install/tello_msg/share/tello_msg/package.bash'
[8.644s] INFO:colcon.colcon_core.shell:Creating package script '/home/roey/tello-ros2/install/tello_msg/share/tello_msg/package.zsh'
[8.645s] Level 1:colcon.colcon_core.environment:create_file_with_runtime_dependencies(/home/roey/tello-ros2/install/tello_msg/share/colcon-core/packages/tello_msg)
[8.757s] Level 1:colcon.colcon_core.environment:create_environment_scripts_only(tello_msg)
[8.758s] Level 1:colcon.colcon_core.environment:checking '/home/roey/tello-ros2/install/tello_msg' for CMake module files
[8.759s] Level 1:colcon.colcon_core.environment:checking '/home/roey/tello-ros2/install/tello_msg' for CMake config files
[8.759s] Level 1:colcon.colcon_core.shell:create_environment_hook('tello_msg', 'cmake_prefix_path')
[8.759s] INFO:colcon.colcon_core.shell:Creating environment hook '/home/roey/tello-ros2/install/tello_msg/share/tello_msg/hook/cmake_prefix_path.ps1'
[8.760s] INFO:colcon.colcon_core.shell:Creating environment descriptor '/home/roey/tello-ros2/install/tello_msg/share/tello_msg/hook/cmake_prefix_path.dsv'
[8.761s] INFO:colcon.colcon_core.shell:Creating environment hook '/home/roey/tello-ros2/install/tello_msg/share/tello_msg/hook/cmake_prefix_path.sh'
[8.762s] Level 1:colcon.colcon_core.environment:checking '/home/roey/tello-ros2/install/tello_msg/lib'
[8.762s] Level 1:colcon.colcon_core.shell:create_environment_hook('tello_msg', 'ld_library_path_lib')
[8.762s] INFO:colcon.colcon_core.shell:Creating environment hook '/home/roey/tello-ros2/install/tello_msg/share/tello_msg/hook/ld_library_path_lib.ps1'
[8.763s] INFO:colcon.colcon_core.shell:Creating environment descriptor '/home/roey/tello-ros2/install/tello_msg/share/tello_msg/hook/ld_library_path_lib.dsv'
[8.763s] INFO:colcon.colcon_core.shell:Creating environment hook '/home/roey/tello-ros2/install/tello_msg/share/tello_msg/hook/ld_library_path_lib.sh'
[8.764s] Level 1:colcon.colcon_core.environment:checking '/home/roey/tello-ros2/install/tello_msg/bin'
[8.764s] Level 1:colcon.colcon_core.environment:checking '/home/roey/tello-ros2/install/tello_msg/lib/pkgconfig/tello_msg.pc'
[8.764s] Level 1:colcon.colcon_core.environment:checking '/home/roey/tello-ros2/install/tello_msg/lib/python3.10/site-packages'
[8.765s] Level 1:colcon.colcon_core.environment:checking '/home/roey/tello-ros2/install/tello_msg/bin'
[8.765s] INFO:colcon.colcon_core.shell:Creating package script '/home/roey/tello-ros2/install/tello_msg/share/tello_msg/package.ps1'
[8.766s] INFO:colcon.colcon_core.shell:Creating package descriptor '/home/roey/tello-ros2/install/tello_msg/share/tello_msg/package.dsv'
[8.766s] INFO:colcon.colcon_core.shell:Creating package script '/home/roey/tello-ros2/install/tello_msg/share/tello_msg/package.sh'
[8.767s] INFO:colcon.colcon_core.shell:Creating package script '/home/roey/tello-ros2/install/tello_msg/share/tello_msg/package.bash'
[8.768s] INFO:colcon.colcon_core.shell:Creating package script '/home/roey/tello-ros2/install/tello_msg/share/tello_msg/package.zsh'
[8.768s] Level 1:colcon.colcon_core.environment:create_file_with_runtime_dependencies(/home/roey/tello-ros2/install/tello_msg/share/colcon-core/packages/tello_msg)
[8.768s] DEBUG:colcon.colcon_parallel_executor.executor.parallel:closing loop
[8.769s] DEBUG:colcon.colcon_parallel_executor.executor.parallel:loop closed
[8.769s] DEBUG:colcon.colcon_parallel_executor.executor.parallel:run_until_complete finished with '0'
[8.769s] DEBUG:colcon.colcon_core.event_reactor:joining thread
[8.776s] INFO:colcon.colcon_core.plugin_system:Skipping extension 'colcon_notification.desktop_notification.terminal_notifier': Not used on non-Darwin systems
[8.776s] INFO:colcon.colcon_core.plugin_system:Skipping extension 'colcon_notification.desktop_notification.win32': Not used on non-Windows systems
[8.776s] INFO:colcon.colcon_notification.desktop_notification:Sending desktop notification using 'notify2'
[8.776s] DEBUG:colcon.colcon_notification.desktop_notification.notify2:Failed to initialize notify2: org.freedesktop.DBus.Error.NoReply: Did not receive a reply. Possible causes include: the remote application did not send a reply, the message bus security policy blocked the reply, the reply timeout expired, or the network connection was broken.
[8.776s] DEBUG:colcon.colcon_core.event_reactor:joined thread
[8.777s] INFO:colcon.colcon_core.shell:Creating prefix script '/home/roey/tello-ros2/install/local_setup.ps1'
[8.779s] INFO:colcon.colcon_core.shell:Creating prefix util module '/home/roey/tello-ros2/install/_local_setup_util_ps1.py'
[8.781s] INFO:colcon.colcon_core.shell:Creating prefix chain script '/home/roey/tello-ros2/install/setup.ps1'
[8.782s] INFO:colcon.colcon_core.shell:Creating prefix script '/home/roey/tello-ros2/install/local_setup.sh'
[8.783s] INFO:colcon.colcon_core.shell:Creating prefix util module '/home/roey/tello-ros2/install/_local_setup_util_sh.py'
[8.784s] INFO:colcon.colcon_core.shell:Creating prefix chain script '/home/roey/tello-ros2/install/setup.sh'
[8.785s] INFO:colcon.colcon_core.shell:Creating prefix script '/home/roey/tello-ros2/install/local_setup.bash'
[8.786s] INFO:colcon.colcon_core.shell:Creating prefix chain script '/home/roey/tello-ros2/install/setup.bash'
[8.787s] INFO:colcon.colcon_core.shell:Creating prefix script '/home/roey/tello-ros2/install/local_setup.zsh'
[8.787s] INFO:colcon.colcon_core.shell:Creating prefix chain script '/home/roey/tello-ros2/install/setup.zsh'
