[0.032s] Invoking command in '/home/roey/tello-vio/build/orbslam2': CMAKE_PREFIX_PATH=${CMAKE_PREFIX_PATH}:/home/roey/tello-vio/install/tello:/home/roey/tello-ros2/install/tello:/opt/ros/humble /usr/bin/cmake --build /home/roey/tello-vio/build/orbslam2 -- -j8 -l8
[0.125s] [35m[1mConsolidate compiler generated dependencies of target mono[0m
[0.187s] [100%] Built target mono
[0.217s] Invoked command in '/home/roey/tello-vio/build/orbslam2' returned '0': CMAKE_PREFIX_PATH=${CMAKE_PREFIX_PATH}:/home/roey/tello-vio/install/tello:/home/roey/tello-ros2/install/tello:/opt/ros/humble /usr/bin/cmake --build /home/roey/tello-vio/build/orbslam2 -- -j8 -l8
[0.296s] Invoking command in '/home/roey/tello-vio/build/orbslam2': CMAKE_PREFIX_PATH=${CMAKE_PREFIX_PATH}:/home/roey/tello-vio/install/tello:/home/roey/tello-ros2/install/tello:/opt/ros/humble /usr/bin/cmake --install /home/roey/tello-vio/build/orbslam2
[0.317s] -- Install configuration: ""
[0.317s] -- Up-to-date: /home/roey/tello-vio/install/orbslam2/lib/orbslam2/mono
[0.318s] -- Up-to-date: /home/roey/tello-vio/install/orbslam2/share/ament_index/resource_index/package_run_dependencies/orbslam2
[0.318s] -- Up-to-date: /home/roey/tello-vio/install/orbslam2/share/ament_index/resource_index/parent_prefix_path/orbslam2
[0.318s] -- Up-to-date: /home/roey/tello-vio/install/orbslam2/share/orbslam2/environment/ament_prefix_path.sh
[0.318s] -- Up-to-date: /home/roey/tello-vio/install/orbslam2/share/orbslam2/environment/ament_prefix_path.dsv
[0.318s] -- Up-to-date: /home/roey/tello-vio/install/orbslam2/share/orbslam2/environment/path.sh
[0.318s] -- Up-to-date: /home/roey/tello-vio/install/orbslam2/share/orbslam2/environment/path.dsv
[0.318s] -- Up-to-date: /home/roey/tello-vio/install/orbslam2/share/orbslam2/local_setup.bash
[0.319s] -- Up-to-date: /home/roey/tello-vio/install/orbslam2/share/orbslam2/local_setup.sh
[0.319s] -- Up-to-date: /home/roey/tello-vio/install/orbslam2/share/orbslam2/local_setup.zsh
[0.319s] -- Up-to-date: /home/roey/tello-vio/install/orbslam2/share/orbslam2/local_setup.dsv
[0.319s] -- Installing: /home/roey/tello-vio/install/orbslam2/share/orbslam2/package.dsv
[0.319s] -- Up-to-date: /home/roey/tello-vio/install/orbslam2/share/ament_index/resource_index/packages/orbslam2
[0.319s] -- Up-to-date: /home/roey/tello-vio/install/orbslam2/share/orbslam2/cmake/orbslam2Config.cmake
[0.319s] -- Up-to-date: /home/roey/tello-vio/install/orbslam2/share/orbslam2/cmake/orbslam2Config-version.cmake
[0.320s] -- Up-to-date: /home/roey/tello-vio/install/orbslam2/share/orbslam2/package.xml
[0.343s] Invoked command in '/home/roey/tello-vio/build/orbslam2' returned '0': CMAKE_PREFIX_PATH=${CMAKE_PREFIX_PATH}:/home/roey/tello-vio/install/tello:/home/roey/tello-ros2/install/tello:/opt/ros/humble /usr/bin/cmake --install /home/roey/tello-vio/build/orbslam2
