In file included from /home/roey/tello-vio/libs/ORB_SLAM2/Thirdparty/g2o/g2o/types/types_seven_dof_expmap.h:34,
                 from /home/roey/tello-vio/libs/ORB_SLAM2/include/LoopClosing.h:34,
                 from /home/roey/tello-vio/libs/ORB_SLAM2/include/LocalMapping.h:26,
                 from /home/roey/tello-vio/libs/ORB_SLAM2/include/Tracking.h:29,
                 from /home/roey/tello-vio/libs/ORB_SLAM2/include/System.h:29,
                 from /home/roey/tello-vio/slam/src/orbslam2/src/monocular/monocular-slam-node.hpp:17,
                 from /home/roey/tello-vio/slam/src/orbslam2/src/monocular/mono.cpp:7:
/home/roey/tello-vio/libs/ORB_SLAM2/Thirdparty/g2o/g2o/types/../core/base_vertex.h:62:74: warning: ‘Eigen::AlignedBit’ is deprecated [-Wdeprecated-declarations]
   62 |     typedef Eigen::Map<Matrix<double, D, D>, Matrix<double,D,D>::Flags & AlignedBit ? Aligned : Unaligned >  HessianBlockType;
      |                                                                          ^~~~~~~~~~
In file included from /usr/include/eigen3/Eigen/Core:161,
                 from /home/roey/tello-vio/libs/ORB_SLAM2/Thirdparty/g2o/g2o/types/../core/jacobian_workspace.h:30,
                 from /home/roey/tello-vio/libs/ORB_SLAM2/Thirdparty/g2o/g2o/types/../core/optimizable_graph.h:41,
                 from /home/roey/tello-vio/libs/ORB_SLAM2/Thirdparty/g2o/g2o/types/../core/base_vertex.h:30,
                 from /home/roey/tello-vio/libs/ORB_SLAM2/Thirdparty/g2o/g2o/types/types_seven_dof_expmap.h:34,
                 from /home/roey/tello-vio/libs/ORB_SLAM2/include/LoopClosing.h:34,
                 from /home/roey/tello-vio/libs/ORB_SLAM2/include/LocalMapping.h:26,
                 from /home/roey/tello-vio/libs/ORB_SLAM2/include/Tracking.h:29,
                 from /home/roey/tello-vio/libs/ORB_SLAM2/include/System.h:29,
                 from /home/roey/tello-vio/slam/src/orbslam2/src/monocular/monocular-slam-node.hpp:17,
                 from /home/roey/tello-vio/slam/src/orbslam2/src/monocular/mono.cpp:7:
/usr/include/eigen3/Eigen/src/Core/util/Constants.h:167:37: note: declared here
  167 | EIGEN_DEPRECATED const unsigned int AlignedBit = 0x80;
      |                                     ^~~~~~~~~~
In file included from /home/roey/tello-vio/libs/ORB_SLAM2/Thirdparty/g2o/g2o/types/types_seven_dof_expmap.h:35,
                 from /home/roey/tello-vio/libs/ORB_SLAM2/include/LoopClosing.h:34,
                 from /home/roey/tello-vio/libs/ORB_SLAM2/include/LocalMapping.h:26,
                 from /home/roey/tello-vio/libs/ORB_SLAM2/include/Tracking.h:29,
                 from /home/roey/tello-vio/libs/ORB_SLAM2/include/System.h:29,
                 from /home/roey/tello-vio/slam/src/orbslam2/src/monocular/monocular-slam-node.hpp:17,
                 from /home/roey/tello-vio/slam/src/orbslam2/src/monocular/mono.cpp:7:
/home/roey/tello-vio/libs/ORB_SLAM2/Thirdparty/g2o/g2o/types/../core/base_binary_edge.h:59:82: warning: ‘Eigen::AlignedBit’ is deprecated [-Wdeprecated-declarations]
   59 |       typedef Eigen::Map<Matrix<double, Di, Dj>, Matrix<double, Di, Dj>::Flags & AlignedBit ? Aligned : Unaligned > HessianBlockType;
      |                                                                                  ^~~~~~~~~~
In file included from /usr/include/eigen3/Eigen/Core:161,
                 from /home/roey/tello-vio/libs/ORB_SLAM2/Thirdparty/g2o/g2o/types/../core/jacobian_workspace.h:30,
                 from /home/roey/tello-vio/libs/ORB_SLAM2/Thirdparty/g2o/g2o/types/../core/optimizable_graph.h:41,
                 from /home/roey/tello-vio/libs/ORB_SLAM2/Thirdparty/g2o/g2o/types/../core/base_vertex.h:30,
                 from /home/roey/tello-vio/libs/ORB_SLAM2/Thirdparty/g2o/g2o/types/types_seven_dof_expmap.h:34,
                 from /home/roey/tello-vio/libs/ORB_SLAM2/include/LoopClosing.h:34,
                 from /home/roey/tello-vio/libs/ORB_SLAM2/include/LocalMapping.h:26,
                 from /home/roey/tello-vio/libs/ORB_SLAM2/include/Tracking.h:29,
                 from /home/roey/tello-vio/libs/ORB_SLAM2/include/System.h:29,
                 from /home/roey/tello-vio/slam/src/orbslam2/src/monocular/monocular-slam-node.hpp:17,
                 from /home/roey/tello-vio/slam/src/orbslam2/src/monocular/mono.cpp:7:
/usr/include/eigen3/Eigen/src/Core/util/Constants.h:167:37: note: declared here
  167 | EIGEN_DEPRECATED const unsigned int AlignedBit = 0x80;
      |                                     ^~~~~~~~~~
In file included from /home/roey/tello-vio/libs/ORB_SLAM2/Thirdparty/g2o/g2o/types/types_seven_dof_expmap.h:35,
                 from /home/roey/tello-vio/libs/ORB_SLAM2/include/LoopClosing.h:34,
                 from /home/roey/tello-vio/libs/ORB_SLAM2/include/LocalMapping.h:26,
                 from /home/roey/tello-vio/libs/ORB_SLAM2/include/Tracking.h:29,
                 from /home/roey/tello-vio/libs/ORB_SLAM2/include/System.h:29,
                 from /home/roey/tello-vio/slam/src/orbslam2/src/monocular/monocular-slam-node.hpp:17,
                 from /home/roey/tello-vio/slam/src/orbslam2/src/monocular/mono.cpp:7:
/home/roey/tello-vio/libs/ORB_SLAM2/Thirdparty/g2o/g2o/types/../core/base_binary_edge.h:60:82: warning: ‘Eigen::AlignedBit’ is deprecated [-Wdeprecated-declarations]
   60 |       typedef Eigen::Map<Matrix<double, Dj, Di>, Matrix<double, Dj, Di>::Flags & AlignedBit ? Aligned : Unaligned > HessianBlockTransposedType;
      |                                                                                  ^~~~~~~~~~
In file included from /usr/include/eigen3/Eigen/Core:161,
                 from /home/roey/tello-vio/libs/ORB_SLAM2/Thirdparty/g2o/g2o/types/../core/jacobian_workspace.h:30,
                 from /home/roey/tello-vio/libs/ORB_SLAM2/Thirdparty/g2o/g2o/types/../core/optimizable_graph.h:41,
                 from /home/roey/tello-vio/libs/ORB_SLAM2/Thirdparty/g2o/g2o/types/../core/base_vertex.h:30,
                 from /home/roey/tello-vio/libs/ORB_SLAM2/Thirdparty/g2o/g2o/types/types_seven_dof_expmap.h:34,
                 from /home/roey/tello-vio/libs/ORB_SLAM2/include/LoopClosing.h:34,
                 from /home/roey/tello-vio/libs/ORB_SLAM2/include/LocalMapping.h:26,
                 from /home/roey/tello-vio/libs/ORB_SLAM2/include/Tracking.h:29,
                 from /home/roey/tello-vio/libs/ORB_SLAM2/include/System.h:29,
                 from /home/roey/tello-vio/slam/src/orbslam2/src/monocular/monocular-slam-node.hpp:17,
                 from /home/roey/tello-vio/slam/src/orbslam2/src/monocular/mono.cpp:7:
/usr/include/eigen3/Eigen/src/Core/util/Constants.h:167:37: note: declared here
  167 | EIGEN_DEPRECATED const unsigned int AlignedBit = 0x80;
      |                                     ^~~~~~~~~~
In file included from /home/roey/tello-vio/libs/ORB_SLAM2/Thirdparty/g2o/g2o/types/types_six_dof_expmap.h:41,
                 from /home/roey/tello-vio/libs/ORB_SLAM2/Thirdparty/g2o/g2o/types/types_seven_dof_expmap.h:36,
                 from /home/roey/tello-vio/libs/ORB_SLAM2/include/LoopClosing.h:34,
                 from /home/roey/tello-vio/libs/ORB_SLAM2/include/LocalMapping.h:26,
                 from /home/roey/tello-vio/libs/ORB_SLAM2/include/Tracking.h:29,
                 from /home/roey/tello-vio/libs/ORB_SLAM2/include/System.h:29,
                 from /home/roey/tello-vio/slam/src/orbslam2/src/monocular/monocular-slam-node.hpp:17,
                 from /home/roey/tello-vio/slam/src/orbslam2/src/monocular/mono.cpp:7:
/home/roey/tello-vio/libs/ORB_SLAM2/Thirdparty/g2o/g2o/types/se3quat.h:43:38: warning: extra ‘;’ [-Wpedantic]
   43 |       EIGEN_MAKE_ALIGNED_OPERATOR_NEW;
      |                                      ^
      |                                      -
In file included from /home/roey/tello-vio/libs/ORB_SLAM2/Thirdparty/g2o/g2o/types/types_seven_dof_expmap.h:34,
                 from /home/roey/tello-vio/libs/ORB_SLAM2/include/LoopClosing.h:34,
                 from /home/roey/tello-vio/libs/ORB_SLAM2/include/LocalMapping.h:26,
                 from /home/roey/tello-vio/libs/ORB_SLAM2/include/Tracking.h:29,
                 from /home/roey/tello-vio/libs/ORB_SLAM2/include/System.h:29,
                 from /home/roey/tello-vio/slam/src/orbslam2/src/monocular/monocular-slam-node.hpp:17,
                 from /home/roey/tello-vio/slam/src/orbslam2/src/monocular/mono.cpp:7:
/home/roey/tello-vio/libs/ORB_SLAM2/Thirdparty/g2o/g2o/types/../core/base_vertex.h: In instantiation of ‘class g2o::BaseVertex<3, Eigen::Matrix<double, 3, 1> >’:
/home/roey/tello-vio/libs/ORB_SLAM2/Thirdparty/g2o/g2o/types/types_sba.h:40:35:   required from here
/home/roey/tello-vio/libs/ORB_SLAM2/Thirdparty/g2o/g2o/types/../core/base_vertex.h:62:72: warning: ‘Eigen::AlignedBit’ is deprecated [-Wdeprecated-declarations]
   62 |     typedef Eigen::Map<Matrix<double, D, D>, Matrix<double,D,D>::Flags & AlignedBit ? Aligned : Unaligned >  HessianBlockType;
      |                                                                  ~~~~~~^~~~~~~~~~~~
In file included from /usr/include/eigen3/Eigen/Core:161,
                 from /home/roey/tello-vio/libs/ORB_SLAM2/Thirdparty/g2o/g2o/types/../core/jacobian_workspace.h:30,
                 from /home/roey/tello-vio/libs/ORB_SLAM2/Thirdparty/g2o/g2o/types/../core/optimizable_graph.h:41,
                 from /home/roey/tello-vio/libs/ORB_SLAM2/Thirdparty/g2o/g2o/types/../core/base_vertex.h:30,
                 from /home/roey/tello-vio/libs/ORB_SLAM2/Thirdparty/g2o/g2o/types/types_seven_dof_expmap.h:34,
                 from /home/roey/tello-vio/libs/ORB_SLAM2/include/LoopClosing.h:34,
                 from /home/roey/tello-vio/libs/ORB_SLAM2/include/LocalMapping.h:26,
                 from /home/roey/tello-vio/libs/ORB_SLAM2/include/Tracking.h:29,
                 from /home/roey/tello-vio/libs/ORB_SLAM2/include/System.h:29,
                 from /home/roey/tello-vio/slam/src/orbslam2/src/monocular/monocular-slam-node.hpp:17,
                 from /home/roey/tello-vio/slam/src/orbslam2/src/monocular/mono.cpp:7:
/usr/include/eigen3/Eigen/src/Core/util/Constants.h:167:37: note: declared here
  167 | EIGEN_DEPRECATED const unsigned int AlignedBit = 0x80;
      |                                     ^~~~~~~~~~
In file included from /home/roey/tello-vio/libs/ORB_SLAM2/Thirdparty/g2o/g2o/types/types_seven_dof_expmap.h:34,
                 from /home/roey/tello-vio/libs/ORB_SLAM2/include/LoopClosing.h:34,
                 from /home/roey/tello-vio/libs/ORB_SLAM2/include/LocalMapping.h:26,
                 from /home/roey/tello-vio/libs/ORB_SLAM2/include/Tracking.h:29,
                 from /home/roey/tello-vio/libs/ORB_SLAM2/include/System.h:29,
                 from /home/roey/tello-vio/slam/src/orbslam2/src/monocular/monocular-slam-node.hpp:17,
                 from /home/roey/tello-vio/slam/src/orbslam2/src/monocular/mono.cpp:7:
/home/roey/tello-vio/libs/ORB_SLAM2/Thirdparty/g2o/g2o/types/../core/base_vertex.h: In instantiation of ‘class g2o::BaseVertex<6, g2o::SE3Quat>’:
/home/roey/tello-vio/libs/ORB_SLAM2/Thirdparty/g2o/g2o/types/types_six_dof_expmap.h:59:33:   required from here
/home/roey/tello-vio/libs/ORB_SLAM2/Thirdparty/g2o/g2o/types/../core/base_vertex.h:62:72: warning: ‘Eigen::AlignedBit’ is deprecated [-Wdeprecated-declarations]
   62 |     typedef Eigen::Map<Matrix<double, D, D>, Matrix<double,D,D>::Flags & AlignedBit ? Aligned : Unaligned >  HessianBlockType;
      |                                                                  ~~~~~~^~~~~~~~~~~~
In file included from /usr/include/eigen3/Eigen/Core:161,
                 from /home/roey/tello-vio/libs/ORB_SLAM2/Thirdparty/g2o/g2o/types/../core/jacobian_workspace.h:30,
                 from /home/roey/tello-vio/libs/ORB_SLAM2/Thirdparty/g2o/g2o/types/../core/optimizable_graph.h:41,
                 from /home/roey/tello-vio/libs/ORB_SLAM2/Thirdparty/g2o/g2o/types/../core/base_vertex.h:30,
                 from /home/roey/tello-vio/libs/ORB_SLAM2/Thirdparty/g2o/g2o/types/types_seven_dof_expmap.h:34,
                 from /home/roey/tello-vio/libs/ORB_SLAM2/include/LoopClosing.h:34,
                 from /home/roey/tello-vio/libs/ORB_SLAM2/include/LocalMapping.h:26,
                 from /home/roey/tello-vio/libs/ORB_SLAM2/include/Tracking.h:29,
                 from /home/roey/tello-vio/libs/ORB_SLAM2/include/System.h:29,
                 from /home/roey/tello-vio/slam/src/orbslam2/src/monocular/monocular-slam-node.hpp:17,
                 from /home/roey/tello-vio/slam/src/orbslam2/src/monocular/mono.cpp:7:
/usr/include/eigen3/Eigen/src/Core/util/Constants.h:167:37: note: declared here
  167 | EIGEN_DEPRECATED const unsigned int AlignedBit = 0x80;
      |                                     ^~~~~~~~~~
In file included from /home/roey/tello-vio/libs/ORB_SLAM2/Thirdparty/g2o/g2o/types/types_seven_dof_expmap.h:34,
                 from /home/roey/tello-vio/libs/ORB_SLAM2/include/LoopClosing.h:34,
                 from /home/roey/tello-vio/libs/ORB_SLAM2/include/LocalMapping.h:26,
                 from /home/roey/tello-vio/libs/ORB_SLAM2/include/Tracking.h:29,
                 from /home/roey/tello-vio/libs/ORB_SLAM2/include/System.h:29,
                 from /home/roey/tello-vio/slam/src/orbslam2/src/monocular/monocular-slam-node.hpp:17,
                 from /home/roey/tello-vio/slam/src/orbslam2/src/monocular/monocular-slam-node.cpp:1:
/home/roey/tello-vio/libs/ORB_SLAM2/Thirdparty/g2o/g2o/types/../core/base_vertex.h:62:74: warning: ‘Eigen::AlignedBit’ is deprecated [-Wdeprecated-declarations]
   62 |     typedef Eigen::Map<Matrix<double, D, D>, Matrix<double,D,D>::Flags & AlignedBit ? Aligned : Unaligned >  HessianBlockType;
      |                                                                          ^~~~~~~~~~
In file included from /usr/include/eigen3/Eigen/Core:161,
                 from /home/roey/tello-vio/libs/ORB_SLAM2/Thirdparty/g2o/g2o/types/../core/jacobian_workspace.h:30,
                 from /home/roey/tello-vio/libs/ORB_SLAM2/Thirdparty/g2o/g2o/types/../core/optimizable_graph.h:41,
                 from /home/roey/tello-vio/libs/ORB_SLAM2/Thirdparty/g2o/g2o/types/../core/base_vertex.h:30,
                 from /home/roey/tello-vio/libs/ORB_SLAM2/Thirdparty/g2o/g2o/types/types_seven_dof_expmap.h:34,
                 from /home/roey/tello-vio/libs/ORB_SLAM2/include/LoopClosing.h:34,
                 from /home/roey/tello-vio/libs/ORB_SLAM2/include/LocalMapping.h:26,
                 from /home/roey/tello-vio/libs/ORB_SLAM2/include/Tracking.h:29,
                 from /home/roey/tello-vio/libs/ORB_SLAM2/include/System.h:29,
                 from /home/roey/tello-vio/slam/src/orbslam2/src/monocular/monocular-slam-node.hpp:17,
                 from /home/roey/tello-vio/slam/src/orbslam2/src/monocular/monocular-slam-node.cpp:1:
/usr/include/eigen3/Eigen/src/Core/util/Constants.h:167:37: note: declared here
  167 | EIGEN_DEPRECATED const unsigned int AlignedBit = 0x80;
      |                                     ^~~~~~~~~~
In file included from /home/roey/tello-vio/libs/ORB_SLAM2/Thirdparty/g2o/g2o/types/types_seven_dof_expmap.h:35,
                 from /home/roey/tello-vio/libs/ORB_SLAM2/include/LoopClosing.h:34,
                 from /home/roey/tello-vio/libs/ORB_SLAM2/include/LocalMapping.h:26,
                 from /home/roey/tello-vio/libs/ORB_SLAM2/include/Tracking.h:29,
                 from /home/roey/tello-vio/libs/ORB_SLAM2/include/System.h:29,
                 from /home/roey/tello-vio/slam/src/orbslam2/src/monocular/monocular-slam-node.hpp:17,
                 from /home/roey/tello-vio/slam/src/orbslam2/src/monocular/monocular-slam-node.cpp:1:
/home/roey/tello-vio/libs/ORB_SLAM2/Thirdparty/g2o/g2o/types/../core/base_binary_edge.h:59:82: warning: ‘Eigen::AlignedBit’ is deprecated [-Wdeprecated-declarations]
   59 |       typedef Eigen::Map<Matrix<double, Di, Dj>, Matrix<double, Di, Dj>::Flags & AlignedBit ? Aligned : Unaligned > HessianBlockType;
      |                                                                                  ^~~~~~~~~~
In file included from /usr/include/eigen3/Eigen/Core:161,
                 from /home/roey/tello-vio/libs/ORB_SLAM2/Thirdparty/g2o/g2o/types/../core/jacobian_workspace.h:30,
                 from /home/roey/tello-vio/libs/ORB_SLAM2/Thirdparty/g2o/g2o/types/../core/optimizable_graph.h:41,
                 from /home/roey/tello-vio/libs/ORB_SLAM2/Thirdparty/g2o/g2o/types/../core/base_vertex.h:30,
                 from /home/roey/tello-vio/libs/ORB_SLAM2/Thirdparty/g2o/g2o/types/types_seven_dof_expmap.h:34,
                 from /home/roey/tello-vio/libs/ORB_SLAM2/include/LoopClosing.h:34,
                 from /home/roey/tello-vio/libs/ORB_SLAM2/include/LocalMapping.h:26,
                 from /home/roey/tello-vio/libs/ORB_SLAM2/include/Tracking.h:29,
                 from /home/roey/tello-vio/libs/ORB_SLAM2/include/System.h:29,
                 from /home/roey/tello-vio/slam/src/orbslam2/src/monocular/monocular-slam-node.hpp:17,
                 from /home/roey/tello-vio/slam/src/orbslam2/src/monocular/monocular-slam-node.cpp:1:
/usr/include/eigen3/Eigen/src/Core/util/Constants.h:167:37: note: declared here
  167 | EIGEN_DEPRECATED const unsigned int AlignedBit = 0x80;
      |                                     ^~~~~~~~~~
In file included from /home/roey/tello-vio/libs/ORB_SLAM2/Thirdparty/g2o/g2o/types/types_seven_dof_expmap.h:35,
                 from /home/roey/tello-vio/libs/ORB_SLAM2/include/LoopClosing.h:34,
                 from /home/roey/tello-vio/libs/ORB_SLAM2/include/LocalMapping.h:26,
                 from /home/roey/tello-vio/libs/ORB_SLAM2/include/Tracking.h:29,
                 from /home/roey/tello-vio/libs/ORB_SLAM2/include/System.h:29,
                 from /home/roey/tello-vio/slam/src/orbslam2/src/monocular/monocular-slam-node.hpp:17,
                 from /home/roey/tello-vio/slam/src/orbslam2/src/monocular/monocular-slam-node.cpp:1:
/home/roey/tello-vio/libs/ORB_SLAM2/Thirdparty/g2o/g2o/types/../core/base_binary_edge.h:60:82: warning: ‘Eigen::AlignedBit’ is deprecated [-Wdeprecated-declarations]
   60 |       typedef Eigen::Map<Matrix<double, Dj, Di>, Matrix<double, Dj, Di>::Flags & AlignedBit ? Aligned : Unaligned > HessianBlockTransposedType;
      |                                                                                  ^~~~~~~~~~
In file included from /usr/include/eigen3/Eigen/Core:161,
                 from /home/roey/tello-vio/libs/ORB_SLAM2/Thirdparty/g2o/g2o/types/../core/jacobian_workspace.h:30,
                 from /home/roey/tello-vio/libs/ORB_SLAM2/Thirdparty/g2o/g2o/types/../core/optimizable_graph.h:41,
                 from /home/roey/tello-vio/libs/ORB_SLAM2/Thirdparty/g2o/g2o/types/../core/base_vertex.h:30,
                 from /home/roey/tello-vio/libs/ORB_SLAM2/Thirdparty/g2o/g2o/types/types_seven_dof_expmap.h:34,
                 from /home/roey/tello-vio/libs/ORB_SLAM2/include/LoopClosing.h:34,
                 from /home/roey/tello-vio/libs/ORB_SLAM2/include/LocalMapping.h:26,
                 from /home/roey/tello-vio/libs/ORB_SLAM2/include/Tracking.h:29,
                 from /home/roey/tello-vio/libs/ORB_SLAM2/include/System.h:29,
                 from /home/roey/tello-vio/slam/src/orbslam2/src/monocular/monocular-slam-node.hpp:17,
                 from /home/roey/tello-vio/slam/src/orbslam2/src/monocular/monocular-slam-node.cpp:1:
/usr/include/eigen3/Eigen/src/Core/util/Constants.h:167:37: note: declared here
  167 | EIGEN_DEPRECATED const unsigned int AlignedBit = 0x80;
      |                                     ^~~~~~~~~~
In file included from /home/roey/tello-vio/libs/ORB_SLAM2/Thirdparty/g2o/g2o/types/types_six_dof_expmap.h:41,
                 from /home/roey/tello-vio/libs/ORB_SLAM2/Thirdparty/g2o/g2o/types/types_seven_dof_expmap.h:36,
                 from /home/roey/tello-vio/libs/ORB_SLAM2/include/LoopClosing.h:34,
                 from /home/roey/tello-vio/libs/ORB_SLAM2/include/LocalMapping.h:26,
                 from /home/roey/tello-vio/libs/ORB_SLAM2/include/Tracking.h:29,
                 from /home/roey/tello-vio/libs/ORB_SLAM2/include/System.h:29,
                 from /home/roey/tello-vio/slam/src/orbslam2/src/monocular/monocular-slam-node.hpp:17,
                 from /home/roey/tello-vio/slam/src/orbslam2/src/monocular/monocular-slam-node.cpp:1:
/home/roey/tello-vio/libs/ORB_SLAM2/Thirdparty/g2o/g2o/types/se3quat.h:43:38: warning: extra ‘;’ [-Wpedantic]
   43 |       EIGEN_MAKE_ALIGNED_OPERATOR_NEW;
      |                                      ^
      |                                      -
In file included from /home/roey/tello-vio/libs/ORB_SLAM2/Thirdparty/g2o/g2o/types/types_seven_dof_expmap.h:35,
                 from /home/roey/tello-vio/libs/ORB_SLAM2/include/LoopClosing.h:34,
                 from /home/roey/tello-vio/libs/ORB_SLAM2/include/LocalMapping.h:26,
                 from /home/roey/tello-vio/libs/ORB_SLAM2/include/Tracking.h:29,
                 from /home/roey/tello-vio/libs/ORB_SLAM2/include/System.h:29,
                 from /home/roey/tello-vio/slam/src/orbslam2/src/monocular/monocular-slam-node.hpp:17,
                 from /home/roey/tello-vio/slam/src/orbslam2/src/monocular/mono.cpp:7:
/home/roey/tello-vio/libs/ORB_SLAM2/Thirdparty/g2o/g2o/types/../core/base_binary_edge.h: In instantiation of ‘class g2o::BaseBinaryEdge<2, Eigen::Matrix<double, 2, 1>, g2o::VertexSBAPointXYZ, g2o::VertexSE3Expmap>’:
/home/roey/tello-vio/libs/ORB_SLAM2/Thirdparty/g2o/g2o/types/types_six_dof_expmap.h:80:35:   required from here
/home/roey/tello-vio/libs/ORB_SLAM2/Thirdparty/g2o/g2o/types/../core/base_binary_edge.h:59:80: warning: ‘Eigen::AlignedBit’ is deprecated [-Wdeprecated-declarations]
   59 |       typedef Eigen::Map<Matrix<double, Di, Dj>, Matrix<double, Di, Dj>::Flags & AlignedBit ? Aligned : Unaligned > HessianBlockType;
      |                                                                          ~~~~~~^~~~~~~~~~~~
In file included from /usr/include/eigen3/Eigen/Core:161,
                 from /home/roey/tello-vio/libs/ORB_SLAM2/Thirdparty/g2o/g2o/types/../core/jacobian_workspace.h:30,
                 from /home/roey/tello-vio/libs/ORB_SLAM2/Thirdparty/g2o/g2o/types/../core/optimizable_graph.h:41,
                 from /home/roey/tello-vio/libs/ORB_SLAM2/Thirdparty/g2o/g2o/types/../core/base_vertex.h:30,
                 from /home/roey/tello-vio/libs/ORB_SLAM2/Thirdparty/g2o/g2o/types/types_seven_dof_expmap.h:34,
                 from /home/roey/tello-vio/libs/ORB_SLAM2/include/LoopClosing.h:34,
                 from /home/roey/tello-vio/libs/ORB_SLAM2/include/LocalMapping.h:26,
                 from /home/roey/tello-vio/libs/ORB_SLAM2/include/Tracking.h:29,
                 from /home/roey/tello-vio/libs/ORB_SLAM2/include/System.h:29,
                 from /home/roey/tello-vio/slam/src/orbslam2/src/monocular/monocular-slam-node.hpp:17,
                 from /home/roey/tello-vio/slam/src/orbslam2/src/monocular/mono.cpp:7:
/usr/include/eigen3/Eigen/src/Core/util/Constants.h:167:37: note: declared here
  167 | EIGEN_DEPRECATED const unsigned int AlignedBit = 0x80;
      |                                     ^~~~~~~~~~
In file included from /home/roey/tello-vio/libs/ORB_SLAM2/Thirdparty/g2o/g2o/types/types_seven_dof_expmap.h:35,
                 from /home/roey/tello-vio/libs/ORB_SLAM2/include/LoopClosing.h:34,
                 from /home/roey/tello-vio/libs/ORB_SLAM2/include/LocalMapping.h:26,
                 from /home/roey/tello-vio/libs/ORB_SLAM2/include/Tracking.h:29,
                 from /home/roey/tello-vio/libs/ORB_SLAM2/include/System.h:29,
                 from /home/roey/tello-vio/slam/src/orbslam2/src/monocular/monocular-slam-node.hpp:17,
                 from /home/roey/tello-vio/slam/src/orbslam2/src/monocular/mono.cpp:7:
/home/roey/tello-vio/libs/ORB_SLAM2/Thirdparty/g2o/g2o/types/../core/base_binary_edge.h:60:80: warning: ‘Eigen::AlignedBit’ is deprecated [-Wdeprecated-declarations]
   60 |       typedef Eigen::Map<Matrix<double, Dj, Di>, Matrix<double, Dj, Di>::Flags & AlignedBit ? Aligned : Unaligned > HessianBlockTransposedType;
      |                                                                          ~~~~~~^~~~~~~~~~~~
In file included from /usr/include/eigen3/Eigen/Core:161,
                 from /home/roey/tello-vio/libs/ORB_SLAM2/Thirdparty/g2o/g2o/types/../core/jacobian_workspace.h:30,
                 from /home/roey/tello-vio/libs/ORB_SLAM2/Thirdparty/g2o/g2o/types/../core/optimizable_graph.h:41,
                 from /home/roey/tello-vio/libs/ORB_SLAM2/Thirdparty/g2o/g2o/types/../core/base_vertex.h:30,
                 from /home/roey/tello-vio/libs/ORB_SLAM2/Thirdparty/g2o/g2o/types/types_seven_dof_expmap.h:34,
                 from /home/roey/tello-vio/libs/ORB_SLAM2/include/LoopClosing.h:34,
                 from /home/roey/tello-vio/libs/ORB_SLAM2/include/LocalMapping.h:26,
                 from /home/roey/tello-vio/libs/ORB_SLAM2/include/Tracking.h:29,
                 from /home/roey/tello-vio/libs/ORB_SLAM2/include/System.h:29,
                 from /home/roey/tello-vio/slam/src/orbslam2/src/monocular/monocular-slam-node.hpp:17,
                 from /home/roey/tello-vio/slam/src/orbslam2/src/monocular/mono.cpp:7:
/usr/include/eigen3/Eigen/src/Core/util/Constants.h:167:37: note: declared here
  167 | EIGEN_DEPRECATED const unsigned int AlignedBit = 0x80;
      |                                     ^~~~~~~~~~
In file included from /home/roey/tello-vio/libs/ORB_SLAM2/Thirdparty/g2o/g2o/types/types_seven_dof_expmap.h:35,
                 from /home/roey/tello-vio/libs/ORB_SLAM2/include/LoopClosing.h:34,
                 from /home/roey/tello-vio/libs/ORB_SLAM2/include/LocalMapping.h:26,
                 from /home/roey/tello-vio/libs/ORB_SLAM2/include/Tracking.h:29,
                 from /home/roey/tello-vio/libs/ORB_SLAM2/include/System.h:29,
                 from /home/roey/tello-vio/slam/src/orbslam2/src/monocular/monocular-slam-node.hpp:17,
                 from /home/roey/tello-vio/slam/src/orbslam2/src/monocular/mono.cpp:7:
/home/roey/tello-vio/libs/ORB_SLAM2/Thirdparty/g2o/g2o/types/../core/base_binary_edge.h: In instantiation of ‘class g2o::BaseBinaryEdge<3, Eigen::Matrix<double, 3, 1>, g2o::VertexSBAPointXYZ, g2o::VertexSE3Expmap>’:
/home/roey/tello-vio/libs/ORB_SLAM2/Thirdparty/g2o/g2o/types/types_six_dof_expmap.h:112:41:   required from here
/home/roey/tello-vio/libs/ORB_SLAM2/Thirdparty/g2o/g2o/types/../core/base_binary_edge.h:59:80: warning: ‘Eigen::AlignedBit’ is deprecated [-Wdeprecated-declarations]
   59 |       typedef Eigen::Map<Matrix<double, Di, Dj>, Matrix<double, Di, Dj>::Flags & AlignedBit ? Aligned : Unaligned > HessianBlockType;
      |                                                                          ~~~~~~^~~~~~~~~~~~
In file included from /usr/include/eigen3/Eigen/Core:161,
                 from /home/roey/tello-vio/libs/ORB_SLAM2/Thirdparty/g2o/g2o/types/../core/jacobian_workspace.h:30,
                 from /home/roey/tello-vio/libs/ORB_SLAM2/Thirdparty/g2o/g2o/types/../core/optimizable_graph.h:41,
                 from /home/roey/tello-vio/libs/ORB_SLAM2/Thirdparty/g2o/g2o/types/../core/base_vertex.h:30,
                 from /home/roey/tello-vio/libs/ORB_SLAM2/Thirdparty/g2o/g2o/types/types_seven_dof_expmap.h:34,
                 from /home/roey/tello-vio/libs/ORB_SLAM2/include/LoopClosing.h:34,
                 from /home/roey/tello-vio/libs/ORB_SLAM2/include/LocalMapping.h:26,
                 from /home/roey/tello-vio/libs/ORB_SLAM2/include/Tracking.h:29,
                 from /home/roey/tello-vio/libs/ORB_SLAM2/include/System.h:29,
                 from /home/roey/tello-vio/slam/src/orbslam2/src/monocular/monocular-slam-node.hpp:17,
                 from /home/roey/tello-vio/slam/src/orbslam2/src/monocular/mono.cpp:7:
/usr/include/eigen3/Eigen/src/Core/util/Constants.h:167:37: note: declared here
  167 | EIGEN_DEPRECATED const unsigned int AlignedBit = 0x80;
      |                                     ^~~~~~~~~~
In file included from /home/roey/tello-vio/libs/ORB_SLAM2/Thirdparty/g2o/g2o/types/types_seven_dof_expmap.h:35,
                 from /home/roey/tello-vio/libs/ORB_SLAM2/include/LoopClosing.h:34,
                 from /home/roey/tello-vio/libs/ORB_SLAM2/include/LocalMapping.h:26,
                 from /home/roey/tello-vio/libs/ORB_SLAM2/include/Tracking.h:29,
                 from /home/roey/tello-vio/libs/ORB_SLAM2/include/System.h:29,
                 from /home/roey/tello-vio/slam/src/orbslam2/src/monocular/monocular-slam-node.hpp:17,
                 from /home/roey/tello-vio/slam/src/orbslam2/src/monocular/mono.cpp:7:
/home/roey/tello-vio/libs/ORB_SLAM2/Thirdparty/g2o/g2o/types/../core/base_binary_edge.h:60:80: warning: ‘Eigen::AlignedBit’ is deprecated [-Wdeprecated-declarations]
   60 |       typedef Eigen::Map<Matrix<double, Dj, Di>, Matrix<double, Dj, Di>::Flags & AlignedBit ? Aligned : Unaligned > HessianBlockTransposedType;
      |                                                                          ~~~~~~^~~~~~~~~~~~
In file included from /usr/include/eigen3/Eigen/Core:161,
                 from /home/roey/tello-vio/libs/ORB_SLAM2/Thirdparty/g2o/g2o/types/../core/jacobian_workspace.h:30,
                 from /home/roey/tello-vio/libs/ORB_SLAM2/Thirdparty/g2o/g2o/types/../core/optimizable_graph.h:41,
                 from /home/roey/tello-vio/libs/ORB_SLAM2/Thirdparty/g2o/g2o/types/../core/base_vertex.h:30,
                 from /home/roey/tello-vio/libs/ORB_SLAM2/Thirdparty/g2o/g2o/types/types_seven_dof_expmap.h:34,
                 from /home/roey/tello-vio/libs/ORB_SLAM2/include/LoopClosing.h:34,
                 from /home/roey/tello-vio/libs/ORB_SLAM2/include/LocalMapping.h:26,
                 from /home/roey/tello-vio/libs/ORB_SLAM2/include/Tracking.h:29,
                 from /home/roey/tello-vio/libs/ORB_SLAM2/include/System.h:29,
                 from /home/roey/tello-vio/slam/src/orbslam2/src/monocular/monocular-slam-node.hpp:17,
                 from /home/roey/tello-vio/slam/src/orbslam2/src/monocular/mono.cpp:7:
/usr/include/eigen3/Eigen/src/Core/util/Constants.h:167:37: note: declared here
  167 | EIGEN_DEPRECATED const unsigned int AlignedBit = 0x80;
      |                                     ^~~~~~~~~~
In file included from /home/roey/tello-vio/libs/ORB_SLAM2/Thirdparty/g2o/g2o/types/types_seven_dof_expmap.h:34,
                 from /home/roey/tello-vio/libs/ORB_SLAM2/include/LoopClosing.h:34,
                 from /home/roey/tello-vio/libs/ORB_SLAM2/include/LocalMapping.h:26,
                 from /home/roey/tello-vio/libs/ORB_SLAM2/include/Tracking.h:29,
                 from /home/roey/tello-vio/libs/ORB_SLAM2/include/System.h:29,
                 from /home/roey/tello-vio/slam/src/orbslam2/src/monocular/monocular-slam-node.hpp:17,
                 from /home/roey/tello-vio/slam/src/orbslam2/src/monocular/mono.cpp:7:
/home/roey/tello-vio/libs/ORB_SLAM2/Thirdparty/g2o/g2o/types/../core/base_vertex.h: In instantiation of ‘class g2o::BaseVertex<7, g2o::Sim3>’:
/home/roey/tello-vio/libs/ORB_SLAM2/Thirdparty/g2o/g2o/types/types_seven_dof_expmap.h:48:35:   required from here
/home/roey/tello-vio/libs/ORB_SLAM2/Thirdparty/g2o/g2o/types/../core/base_vertex.h:62:72: warning: ‘Eigen::AlignedBit’ is deprecated [-Wdeprecated-declarations]
   62 |     typedef Eigen::Map<Matrix<double, D, D>, Matrix<double,D,D>::Flags & AlignedBit ? Aligned : Unaligned >  HessianBlockType;
      |                                                                  ~~~~~~^~~~~~~~~~~~
In file included from /usr/include/eigen3/Eigen/Core:161,
                 from /home/roey/tello-vio/libs/ORB_SLAM2/Thirdparty/g2o/g2o/types/../core/jacobian_workspace.h:30,
                 from /home/roey/tello-vio/libs/ORB_SLAM2/Thirdparty/g2o/g2o/types/../core/optimizable_graph.h:41,
                 from /home/roey/tello-vio/libs/ORB_SLAM2/Thirdparty/g2o/g2o/types/../core/base_vertex.h:30,
                 from /home/roey/tello-vio/libs/ORB_SLAM2/Thirdparty/g2o/g2o/types/types_seven_dof_expmap.h:34,
                 from /home/roey/tello-vio/libs/ORB_SLAM2/include/LoopClosing.h:34,
                 from /home/roey/tello-vio/libs/ORB_SLAM2/include/LocalMapping.h:26,
                 from /home/roey/tello-vio/libs/ORB_SLAM2/include/Tracking.h:29,
                 from /home/roey/tello-vio/libs/ORB_SLAM2/include/System.h:29,
                 from /home/roey/tello-vio/slam/src/orbslam2/src/monocular/monocular-slam-node.hpp:17,
                 from /home/roey/tello-vio/slam/src/orbslam2/src/monocular/mono.cpp:7:
/usr/include/eigen3/Eigen/src/Core/util/Constants.h:167:37: note: declared here
  167 | EIGEN_DEPRECATED const unsigned int AlignedBit = 0x80;
      |                                     ^~~~~~~~~~
In file included from /home/roey/tello-vio/libs/ORB_SLAM2/Thirdparty/g2o/g2o/types/types_seven_dof_expmap.h:34,
                 from /home/roey/tello-vio/libs/ORB_SLAM2/include/LoopClosing.h:34,
                 from /home/roey/tello-vio/libs/ORB_SLAM2/include/LocalMapping.h:26,
                 from /home/roey/tello-vio/libs/ORB_SLAM2/include/Tracking.h:29,
                 from /home/roey/tello-vio/libs/ORB_SLAM2/include/System.h:29,
                 from /home/roey/tello-vio/slam/src/orbslam2/src/monocular/monocular-slam-node.hpp:17,
                 from /home/roey/tello-vio/slam/src/orbslam2/src/monocular/monocular-slam-node.cpp:1:
/home/roey/tello-vio/libs/ORB_SLAM2/Thirdparty/g2o/g2o/types/../core/base_vertex.h: In instantiation of ‘class g2o::BaseVertex<3, Eigen::Matrix<double, 3, 1> >’:
/home/roey/tello-vio/libs/ORB_SLAM2/Thirdparty/g2o/g2o/types/types_sba.h:40:35:   required from here
/home/roey/tello-vio/libs/ORB_SLAM2/Thirdparty/g2o/g2o/types/../core/base_vertex.h:62:72: warning: ‘Eigen::AlignedBit’ is deprecated [-Wdeprecated-declarations]
   62 |     typedef Eigen::Map<Matrix<double, D, D>, Matrix<double,D,D>::Flags & AlignedBit ? Aligned : Unaligned >  HessianBlockType;
      |                                                                  ~~~~~~^~~~~~~~~~~~
In file included from /usr/include/eigen3/Eigen/Core:161,
                 from /home/roey/tello-vio/libs/ORB_SLAM2/Thirdparty/g2o/g2o/types/../core/jacobian_workspace.h:30,
                 from /home/roey/tello-vio/libs/ORB_SLAM2/Thirdparty/g2o/g2o/types/../core/optimizable_graph.h:41,
                 from /home/roey/tello-vio/libs/ORB_SLAM2/Thirdparty/g2o/g2o/types/../core/base_vertex.h:30,
                 from /home/roey/tello-vio/libs/ORB_SLAM2/Thirdparty/g2o/g2o/types/types_seven_dof_expmap.h:34,
                 from /home/roey/tello-vio/libs/ORB_SLAM2/include/LoopClosing.h:34,
                 from /home/roey/tello-vio/libs/ORB_SLAM2/include/LocalMapping.h:26,
                 from /home/roey/tello-vio/libs/ORB_SLAM2/include/Tracking.h:29,
                 from /home/roey/tello-vio/libs/ORB_SLAM2/include/System.h:29,
                 from /home/roey/tello-vio/slam/src/orbslam2/src/monocular/monocular-slam-node.hpp:17,
                 from /home/roey/tello-vio/slam/src/orbslam2/src/monocular/monocular-slam-node.cpp:1:
/usr/include/eigen3/Eigen/src/Core/util/Constants.h:167:37: note: declared here
  167 | EIGEN_DEPRECATED const unsigned int AlignedBit = 0x80;
      |                                     ^~~~~~~~~~
In file included from /home/roey/tello-vio/libs/ORB_SLAM2/Thirdparty/g2o/g2o/types/types_seven_dof_expmap.h:34,
                 from /home/roey/tello-vio/libs/ORB_SLAM2/include/LoopClosing.h:34,
                 from /home/roey/tello-vio/libs/ORB_SLAM2/include/LocalMapping.h:26,
                 from /home/roey/tello-vio/libs/ORB_SLAM2/include/Tracking.h:29,
                 from /home/roey/tello-vio/libs/ORB_SLAM2/include/System.h:29,
                 from /home/roey/tello-vio/slam/src/orbslam2/src/monocular/monocular-slam-node.hpp:17,
                 from /home/roey/tello-vio/slam/src/orbslam2/src/monocular/monocular-slam-node.cpp:1:
/home/roey/tello-vio/libs/ORB_SLAM2/Thirdparty/g2o/g2o/types/../core/base_vertex.h: In instantiation of ‘class g2o::BaseVertex<6, g2o::SE3Quat>’:
/home/roey/tello-vio/libs/ORB_SLAM2/Thirdparty/g2o/g2o/types/types_six_dof_expmap.h:59:33:   required from here
/home/roey/tello-vio/libs/ORB_SLAM2/Thirdparty/g2o/g2o/types/../core/base_vertex.h:62:72: warning: ‘Eigen::AlignedBit’ is deprecated [-Wdeprecated-declarations]
   62 |     typedef Eigen::Map<Matrix<double, D, D>, Matrix<double,D,D>::Flags & AlignedBit ? Aligned : Unaligned >  HessianBlockType;
      |                                                                  ~~~~~~^~~~~~~~~~~~
In file included from /usr/include/eigen3/Eigen/Core:161,
                 from /home/roey/tello-vio/libs/ORB_SLAM2/Thirdparty/g2o/g2o/types/../core/jacobian_workspace.h:30,
                 from /home/roey/tello-vio/libs/ORB_SLAM2/Thirdparty/g2o/g2o/types/../core/optimizable_graph.h:41,
                 from /home/roey/tello-vio/libs/ORB_SLAM2/Thirdparty/g2o/g2o/types/../core/base_vertex.h:30,
                 from /home/roey/tello-vio/libs/ORB_SLAM2/Thirdparty/g2o/g2o/types/types_seven_dof_expmap.h:34,
                 from /home/roey/tello-vio/libs/ORB_SLAM2/include/LoopClosing.h:34,
                 from /home/roey/tello-vio/libs/ORB_SLAM2/include/LocalMapping.h:26,
                 from /home/roey/tello-vio/libs/ORB_SLAM2/include/Tracking.h:29,
                 from /home/roey/tello-vio/libs/ORB_SLAM2/include/System.h:29,
                 from /home/roey/tello-vio/slam/src/orbslam2/src/monocular/monocular-slam-node.hpp:17,
                 from /home/roey/tello-vio/slam/src/orbslam2/src/monocular/monocular-slam-node.cpp:1:
/usr/include/eigen3/Eigen/src/Core/util/Constants.h:167:37: note: declared here
  167 | EIGEN_DEPRECATED const unsigned int AlignedBit = 0x80;
      |                                     ^~~~~~~~~~
In file included from /home/roey/tello-vio/libs/ORB_SLAM2/Thirdparty/g2o/g2o/types/types_seven_dof_expmap.h:35,
                 from /home/roey/tello-vio/libs/ORB_SLAM2/include/LoopClosing.h:34,
                 from /home/roey/tello-vio/libs/ORB_SLAM2/include/LocalMapping.h:26,
                 from /home/roey/tello-vio/libs/ORB_SLAM2/include/Tracking.h:29,
                 from /home/roey/tello-vio/libs/ORB_SLAM2/include/System.h:29,
                 from /home/roey/tello-vio/slam/src/orbslam2/src/monocular/monocular-slam-node.hpp:17,
                 from /home/roey/tello-vio/slam/src/orbslam2/src/monocular/mono.cpp:7:
/home/roey/tello-vio/libs/ORB_SLAM2/Thirdparty/g2o/g2o/types/../core/base_binary_edge.h: In instantiation of ‘class g2o::BaseBinaryEdge<7, g2o::Sim3, g2o::VertexSim3Expmap, g2o::VertexSim3Expmap>’:
/home/roey/tello-vio/libs/ORB_SLAM2/Thirdparty/g2o/g2o/types/types_seven_dof_expmap.h:99:27:   required from here
/home/roey/tello-vio/libs/ORB_SLAM2/Thirdparty/g2o/g2o/types/../core/base_binary_edge.h:59:80: warning: ‘Eigen::AlignedBit’ is deprecated [-Wdeprecated-declarations]
   59 |       typedef Eigen::Map<Matrix<double, Di, Dj>, Matrix<double, Di, Dj>::Flags & AlignedBit ? Aligned : Unaligned > HessianBlockType;
      |                                                                          ~~~~~~^~~~~~~~~~~~
In file included from /usr/include/eigen3/Eigen/Core:161,
                 from /home/roey/tello-vio/libs/ORB_SLAM2/Thirdparty/g2o/g2o/types/../core/jacobian_workspace.h:30,
                 from /home/roey/tello-vio/libs/ORB_SLAM2/Thirdparty/g2o/g2o/types/../core/optimizable_graph.h:41,
                 from /home/roey/tello-vio/libs/ORB_SLAM2/Thirdparty/g2o/g2o/types/../core/base_vertex.h:30,
                 from /home/roey/tello-vio/libs/ORB_SLAM2/Thirdparty/g2o/g2o/types/types_seven_dof_expmap.h:34,
                 from /home/roey/tello-vio/libs/ORB_SLAM2/include/LoopClosing.h:34,
                 from /home/roey/tello-vio/libs/ORB_SLAM2/include/LocalMapping.h:26,
                 from /home/roey/tello-vio/libs/ORB_SLAM2/include/Tracking.h:29,
                 from /home/roey/tello-vio/libs/ORB_SLAM2/include/System.h:29,
                 from /home/roey/tello-vio/slam/src/orbslam2/src/monocular/monocular-slam-node.hpp:17,
                 from /home/roey/tello-vio/slam/src/orbslam2/src/monocular/mono.cpp:7:
/usr/include/eigen3/Eigen/src/Core/util/Constants.h:167:37: note: declared here
  167 | EIGEN_DEPRECATED const unsigned int AlignedBit = 0x80;
      |                                     ^~~~~~~~~~
In file included from /home/roey/tello-vio/libs/ORB_SLAM2/Thirdparty/g2o/g2o/types/types_seven_dof_expmap.h:35,
                 from /home/roey/tello-vio/libs/ORB_SLAM2/include/LoopClosing.h:34,
                 from /home/roey/tello-vio/libs/ORB_SLAM2/include/LocalMapping.h:26,
                 from /home/roey/tello-vio/libs/ORB_SLAM2/include/Tracking.h:29,
                 from /home/roey/tello-vio/libs/ORB_SLAM2/include/System.h:29,
                 from /home/roey/tello-vio/slam/src/orbslam2/src/monocular/monocular-slam-node.hpp:17,
                 from /home/roey/tello-vio/slam/src/orbslam2/src/monocular/mono.cpp:7:
/home/roey/tello-vio/libs/ORB_SLAM2/Thirdparty/g2o/g2o/types/../core/base_binary_edge.h:60:80: warning: ‘Eigen::AlignedBit’ is deprecated [-Wdeprecated-declarations]
   60 |       typedef Eigen::Map<Matrix<double, Dj, Di>, Matrix<double, Dj, Di>::Flags & AlignedBit ? Aligned : Unaligned > HessianBlockTransposedType;
      |                                                                          ~~~~~~^~~~~~~~~~~~
In file included from /usr/include/eigen3/Eigen/Core:161,
                 from /home/roey/tello-vio/libs/ORB_SLAM2/Thirdparty/g2o/g2o/types/../core/jacobian_workspace.h:30,
                 from /home/roey/tello-vio/libs/ORB_SLAM2/Thirdparty/g2o/g2o/types/../core/optimizable_graph.h:41,
                 from /home/roey/tello-vio/libs/ORB_SLAM2/Thirdparty/g2o/g2o/types/../core/base_vertex.h:30,
                 from /home/roey/tello-vio/libs/ORB_SLAM2/Thirdparty/g2o/g2o/types/types_seven_dof_expmap.h:34,
                 from /home/roey/tello-vio/libs/ORB_SLAM2/include/LoopClosing.h:34,
                 from /home/roey/tello-vio/libs/ORB_SLAM2/include/LocalMapping.h:26,
                 from /home/roey/tello-vio/libs/ORB_SLAM2/include/Tracking.h:29,
                 from /home/roey/tello-vio/libs/ORB_SLAM2/include/System.h:29,
                 from /home/roey/tello-vio/slam/src/orbslam2/src/monocular/monocular-slam-node.hpp:17,
                 from /home/roey/tello-vio/slam/src/orbslam2/src/monocular/mono.cpp:7:
/usr/include/eigen3/Eigen/src/Core/util/Constants.h:167:37: note: declared here
  167 | EIGEN_DEPRECATED const unsigned int AlignedBit = 0x80;
      |                                     ^~~~~~~~~~
In file included from /home/roey/tello-vio/libs/ORB_SLAM2/Thirdparty/g2o/g2o/types/types_seven_dof_expmap.h:35,
                 from /home/roey/tello-vio/libs/ORB_SLAM2/include/LoopClosing.h:34,
                 from /home/roey/tello-vio/libs/ORB_SLAM2/include/LocalMapping.h:26,
                 from /home/roey/tello-vio/libs/ORB_SLAM2/include/Tracking.h:29,
                 from /home/roey/tello-vio/libs/ORB_SLAM2/include/System.h:29,
                 from /home/roey/tello-vio/slam/src/orbslam2/src/monocular/monocular-slam-node.hpp:17,
                 from /home/roey/tello-vio/slam/src/orbslam2/src/monocular/mono.cpp:7:
/home/roey/tello-vio/libs/ORB_SLAM2/Thirdparty/g2o/g2o/types/../core/base_binary_edge.h: In instantiation of ‘class g2o::BaseBinaryEdge<2, Eigen::Matrix<double, 2, 1>, g2o::VertexSBAPointXYZ, g2o::VertexSim3Expmap>’:
/home/roey/tello-vio/libs/ORB_SLAM2/Thirdparty/g2o/g2o/types/types_seven_dof_expmap.h:130:36:   required from here
/home/roey/tello-vio/libs/ORB_SLAM2/Thirdparty/g2o/g2o/types/../core/base_binary_edge.h:59:80: warning: ‘Eigen::AlignedBit’ is deprecated [-Wdeprecated-declarations]
   59 |       typedef Eigen::Map<Matrix<double, Di, Dj>, Matrix<double, Di, Dj>::Flags & AlignedBit ? Aligned : Unaligned > HessianBlockType;
      |                                                                          ~~~~~~^~~~~~~~~~~~
In file included from /usr/include/eigen3/Eigen/Core:161,
                 from /home/roey/tello-vio/libs/ORB_SLAM2/Thirdparty/g2o/g2o/types/../core/jacobian_workspace.h:30,
                 from /home/roey/tello-vio/libs/ORB_SLAM2/Thirdparty/g2o/g2o/types/../core/optimizable_graph.h:41,
                 from /home/roey/tello-vio/libs/ORB_SLAM2/Thirdparty/g2o/g2o/types/../core/base_vertex.h:30,
                 from /home/roey/tello-vio/libs/ORB_SLAM2/Thirdparty/g2o/g2o/types/types_seven_dof_expmap.h:34,
                 from /home/roey/tello-vio/libs/ORB_SLAM2/include/LoopClosing.h:34,
                 from /home/roey/tello-vio/libs/ORB_SLAM2/include/LocalMapping.h:26,
                 from /home/roey/tello-vio/libs/ORB_SLAM2/include/Tracking.h:29,
                 from /home/roey/tello-vio/libs/ORB_SLAM2/include/System.h:29,
                 from /home/roey/tello-vio/slam/src/orbslam2/src/monocular/monocular-slam-node.hpp:17,
                 from /home/roey/tello-vio/slam/src/orbslam2/src/monocular/mono.cpp:7:
/usr/include/eigen3/Eigen/src/Core/util/Constants.h:167:37: note: declared here
  167 | EIGEN_DEPRECATED const unsigned int AlignedBit = 0x80;
      |                                     ^~~~~~~~~~
In file included from /home/roey/tello-vio/libs/ORB_SLAM2/Thirdparty/g2o/g2o/types/types_seven_dof_expmap.h:35,
                 from /home/roey/tello-vio/libs/ORB_SLAM2/include/LoopClosing.h:34,
                 from /home/roey/tello-vio/libs/ORB_SLAM2/include/LocalMapping.h:26,
                 from /home/roey/tello-vio/libs/ORB_SLAM2/include/Tracking.h:29,
                 from /home/roey/tello-vio/libs/ORB_SLAM2/include/System.h:29,
                 from /home/roey/tello-vio/slam/src/orbslam2/src/monocular/monocular-slam-node.hpp:17,
                 from /home/roey/tello-vio/slam/src/orbslam2/src/monocular/mono.cpp:7:
/home/roey/tello-vio/libs/ORB_SLAM2/Thirdparty/g2o/g2o/types/../core/base_binary_edge.h:60:80: warning: ‘Eigen::AlignedBit’ is deprecated [-Wdeprecated-declarations]
   60 |       typedef Eigen::Map<Matrix<double, Dj, Di>, Matrix<double, Dj, Di>::Flags & AlignedBit ? Aligned : Unaligned > HessianBlockTransposedType;
      |                                                                          ~~~~~~^~~~~~~~~~~~
In file included from /usr/include/eigen3/Eigen/Core:161,
                 from /home/roey/tello-vio/libs/ORB_SLAM2/Thirdparty/g2o/g2o/types/../core/jacobian_workspace.h:30,
                 from /home/roey/tello-vio/libs/ORB_SLAM2/Thirdparty/g2o/g2o/types/../core/optimizable_graph.h:41,
                 from /home/roey/tello-vio/libs/ORB_SLAM2/Thirdparty/g2o/g2o/types/../core/base_vertex.h:30,
                 from /home/roey/tello-vio/libs/ORB_SLAM2/Thirdparty/g2o/g2o/types/types_seven_dof_expmap.h:34,
                 from /home/roey/tello-vio/libs/ORB_SLAM2/include/LoopClosing.h:34,
                 from /home/roey/tello-vio/libs/ORB_SLAM2/include/LocalMapping.h:26,
                 from /home/roey/tello-vio/libs/ORB_SLAM2/include/Tracking.h:29,
                 from /home/roey/tello-vio/libs/ORB_SLAM2/include/System.h:29,
                 from /home/roey/tello-vio/slam/src/orbslam2/src/monocular/monocular-slam-node.hpp:17,
                 from /home/roey/tello-vio/slam/src/orbslam2/src/monocular/mono.cpp:7:
/usr/include/eigen3/Eigen/src/Core/util/Constants.h:167:37: note: declared here
  167 | EIGEN_DEPRECATED const unsigned int AlignedBit = 0x80;
      |                                     ^~~~~~~~~~
In file included from /home/roey/tello-vio/libs/ORB_SLAM2/Thirdparty/g2o/g2o/types/types_seven_dof_expmap.h:35,
                 from /home/roey/tello-vio/libs/ORB_SLAM2/include/LoopClosing.h:34,
                 from /home/roey/tello-vio/libs/ORB_SLAM2/include/LocalMapping.h:26,
                 from /home/roey/tello-vio/libs/ORB_SLAM2/include/Tracking.h:29,
                 from /home/roey/tello-vio/libs/ORB_SLAM2/include/System.h:29,
                 from /home/roey/tello-vio/slam/src/orbslam2/src/monocular/monocular-slam-node.hpp:17,
                 from /home/roey/tello-vio/slam/src/orbslam2/src/monocular/monocular-slam-node.cpp:1:
/home/roey/tello-vio/libs/ORB_SLAM2/Thirdparty/g2o/g2o/types/../core/base_binary_edge.h: In instantiation of ‘class g2o::BaseBinaryEdge<2, Eigen::Matrix<double, 2, 1>, g2o::VertexSBAPointXYZ, g2o::VertexSE3Expmap>’:
/home/roey/tello-vio/libs/ORB_SLAM2/Thirdparty/g2o/g2o/types/types_six_dof_expmap.h:80:35:   required from here
/home/roey/tello-vio/libs/ORB_SLAM2/Thirdparty/g2o/g2o/types/../core/base_binary_edge.h:59:80: warning: ‘Eigen::AlignedBit’ is deprecated [-Wdeprecated-declarations]
   59 |       typedef Eigen::Map<Matrix<double, Di, Dj>, Matrix<double, Di, Dj>::Flags & AlignedBit ? Aligned : Unaligned > HessianBlockType;
      |                                                                          ~~~~~~^~~~~~~~~~~~
In file included from /usr/include/eigen3/Eigen/Core:161,
                 from /home/roey/tello-vio/libs/ORB_SLAM2/Thirdparty/g2o/g2o/types/../core/jacobian_workspace.h:30,
                 from /home/roey/tello-vio/libs/ORB_SLAM2/Thirdparty/g2o/g2o/types/../core/optimizable_graph.h:41,
                 from /home/roey/tello-vio/libs/ORB_SLAM2/Thirdparty/g2o/g2o/types/../core/base_vertex.h:30,
                 from /home/roey/tello-vio/libs/ORB_SLAM2/Thirdparty/g2o/g2o/types/types_seven_dof_expmap.h:34,
                 from /home/roey/tello-vio/libs/ORB_SLAM2/include/LoopClosing.h:34,
                 from /home/roey/tello-vio/libs/ORB_SLAM2/include/LocalMapping.h:26,
                 from /home/roey/tello-vio/libs/ORB_SLAM2/include/Tracking.h:29,
                 from /home/roey/tello-vio/libs/ORB_SLAM2/include/System.h:29,
                 from /home/roey/tello-vio/slam/src/orbslam2/src/monocular/monocular-slam-node.hpp:17,
                 from /home/roey/tello-vio/slam/src/orbslam2/src/monocular/monocular-slam-node.cpp:1:
/usr/include/eigen3/Eigen/src/Core/util/Constants.h:167:37: note: declared here
  167 | EIGEN_DEPRECATED const unsigned int AlignedBit = 0x80;
      |                                     ^~~~~~~~~~
In file included from /home/roey/tello-vio/libs/ORB_SLAM2/Thirdparty/g2o/g2o/types/types_seven_dof_expmap.h:35,
                 from /home/roey/tello-vio/libs/ORB_SLAM2/include/LoopClosing.h:34,
                 from /home/roey/tello-vio/libs/ORB_SLAM2/include/LocalMapping.h:26,
                 from /home/roey/tello-vio/libs/ORB_SLAM2/include/Tracking.h:29,
                 from /home/roey/tello-vio/libs/ORB_SLAM2/include/System.h:29,
                 from /home/roey/tello-vio/slam/src/orbslam2/src/monocular/monocular-slam-node.hpp:17,
                 from /home/roey/tello-vio/slam/src/orbslam2/src/monocular/monocular-slam-node.cpp:1:
/home/roey/tello-vio/libs/ORB_SLAM2/Thirdparty/g2o/g2o/types/../core/base_binary_edge.h:60:80: warning: ‘Eigen::AlignedBit’ is deprecated [-Wdeprecated-declarations]
   60 |       typedef Eigen::Map<Matrix<double, Dj, Di>, Matrix<double, Dj, Di>::Flags & AlignedBit ? Aligned : Unaligned > HessianBlockTransposedType;
      |                                                                          ~~~~~~^~~~~~~~~~~~
In file included from /usr/include/eigen3/Eigen/Core:161,
                 from /home/roey/tello-vio/libs/ORB_SLAM2/Thirdparty/g2o/g2o/types/../core/jacobian_workspace.h:30,
                 from /home/roey/tello-vio/libs/ORB_SLAM2/Thirdparty/g2o/g2o/types/../core/optimizable_graph.h:41,
                 from /home/roey/tello-vio/libs/ORB_SLAM2/Thirdparty/g2o/g2o/types/../core/base_vertex.h:30,
                 from /home/roey/tello-vio/libs/ORB_SLAM2/Thirdparty/g2o/g2o/types/types_seven_dof_expmap.h:34,
                 from /home/roey/tello-vio/libs/ORB_SLAM2/include/LoopClosing.h:34,
                 from /home/roey/tello-vio/libs/ORB_SLAM2/include/LocalMapping.h:26,
                 from /home/roey/tello-vio/libs/ORB_SLAM2/include/Tracking.h:29,
                 from /home/roey/tello-vio/libs/ORB_SLAM2/include/System.h:29,
                 from /home/roey/tello-vio/slam/src/orbslam2/src/monocular/monocular-slam-node.hpp:17,
                 from /home/roey/tello-vio/slam/src/orbslam2/src/monocular/monocular-slam-node.cpp:1:
/usr/include/eigen3/Eigen/src/Core/util/Constants.h:167:37: note: declared here
  167 | EIGEN_DEPRECATED const unsigned int AlignedBit = 0x80;
      |                                     ^~~~~~~~~~
In file included from /home/roey/tello-vio/libs/ORB_SLAM2/Thirdparty/g2o/g2o/types/types_seven_dof_expmap.h:35,
                 from /home/roey/tello-vio/libs/ORB_SLAM2/include/LoopClosing.h:34,
                 from /home/roey/tello-vio/libs/ORB_SLAM2/include/LocalMapping.h:26,
                 from /home/roey/tello-vio/libs/ORB_SLAM2/include/Tracking.h:29,
                 from /home/roey/tello-vio/libs/ORB_SLAM2/include/System.h:29,
                 from /home/roey/tello-vio/slam/src/orbslam2/src/monocular/monocular-slam-node.hpp:17,
                 from /home/roey/tello-vio/slam/src/orbslam2/src/monocular/monocular-slam-node.cpp:1:
/home/roey/tello-vio/libs/ORB_SLAM2/Thirdparty/g2o/g2o/types/../core/base_binary_edge.h: In instantiation of ‘class g2o::BaseBinaryEdge<3, Eigen::Matrix<double, 3, 1>, g2o::VertexSBAPointXYZ, g2o::VertexSE3Expmap>’:
/home/roey/tello-vio/libs/ORB_SLAM2/Thirdparty/g2o/g2o/types/types_six_dof_expmap.h:112:41:   required from here
/home/roey/tello-vio/libs/ORB_SLAM2/Thirdparty/g2o/g2o/types/../core/base_binary_edge.h:59:80: warning: ‘Eigen::AlignedBit’ is deprecated [-Wdeprecated-declarations]
   59 |       typedef Eigen::Map<Matrix<double, Di, Dj>, Matrix<double, Di, Dj>::Flags & AlignedBit ? Aligned : Unaligned > HessianBlockType;
      |                                                                          ~~~~~~^~~~~~~~~~~~
In file included from /usr/include/eigen3/Eigen/Core:161,
                 from /home/roey/tello-vio/libs/ORB_SLAM2/Thirdparty/g2o/g2o/types/../core/jacobian_workspace.h:30,
                 from /home/roey/tello-vio/libs/ORB_SLAM2/Thirdparty/g2o/g2o/types/../core/optimizable_graph.h:41,
                 from /home/roey/tello-vio/libs/ORB_SLAM2/Thirdparty/g2o/g2o/types/../core/base_vertex.h:30,
                 from /home/roey/tello-vio/libs/ORB_SLAM2/Thirdparty/g2o/g2o/types/types_seven_dof_expmap.h:34,
                 from /home/roey/tello-vio/libs/ORB_SLAM2/include/LoopClosing.h:34,
                 from /home/roey/tello-vio/libs/ORB_SLAM2/include/LocalMapping.h:26,
                 from /home/roey/tello-vio/libs/ORB_SLAM2/include/Tracking.h:29,
                 from /home/roey/tello-vio/libs/ORB_SLAM2/include/System.h:29,
                 from /home/roey/tello-vio/slam/src/orbslam2/src/monocular/monocular-slam-node.hpp:17,
                 from /home/roey/tello-vio/slam/src/orbslam2/src/monocular/monocular-slam-node.cpp:1:
/usr/include/eigen3/Eigen/src/Core/util/Constants.h:167:37: note: declared here
  167 | EIGEN_DEPRECATED const unsigned int AlignedBit = 0x80;
      |                                     ^~~~~~~~~~
In file included from /home/roey/tello-vio/libs/ORB_SLAM2/Thirdparty/g2o/g2o/types/types_seven_dof_expmap.h:35,
                 from /home/roey/tello-vio/libs/ORB_SLAM2/include/LoopClosing.h:34,
                 from /home/roey/tello-vio/libs/ORB_SLAM2/include/LocalMapping.h:26,
                 from /home/roey/tello-vio/libs/ORB_SLAM2/include/Tracking.h:29,
                 from /home/roey/tello-vio/libs/ORB_SLAM2/include/System.h:29,
                 from /home/roey/tello-vio/slam/src/orbslam2/src/monocular/monocular-slam-node.hpp:17,
                 from /home/roey/tello-vio/slam/src/orbslam2/src/monocular/monocular-slam-node.cpp:1:
/home/roey/tello-vio/libs/ORB_SLAM2/Thirdparty/g2o/g2o/types/../core/base_binary_edge.h:60:80: warning: ‘Eigen::AlignedBit’ is deprecated [-Wdeprecated-declarations]
   60 |       typedef Eigen::Map<Matrix<double, Dj, Di>, Matrix<double, Dj, Di>::Flags & AlignedBit ? Aligned : Unaligned > HessianBlockTransposedType;
      |                                                                          ~~~~~~^~~~~~~~~~~~
In file included from /usr/include/eigen3/Eigen/Core:161,
                 from /home/roey/tello-vio/libs/ORB_SLAM2/Thirdparty/g2o/g2o/types/../core/jacobian_workspace.h:30,
                 from /home/roey/tello-vio/libs/ORB_SLAM2/Thirdparty/g2o/g2o/types/../core/optimizable_graph.h:41,
                 from /home/roey/tello-vio/libs/ORB_SLAM2/Thirdparty/g2o/g2o/types/../core/base_vertex.h:30,
                 from /home/roey/tello-vio/libs/ORB_SLAM2/Thirdparty/g2o/g2o/types/types_seven_dof_expmap.h:34,
                 from /home/roey/tello-vio/libs/ORB_SLAM2/include/LoopClosing.h:34,
                 from /home/roey/tello-vio/libs/ORB_SLAM2/include/LocalMapping.h:26,
                 from /home/roey/tello-vio/libs/ORB_SLAM2/include/Tracking.h:29,
                 from /home/roey/tello-vio/libs/ORB_SLAM2/include/System.h:29,
                 from /home/roey/tello-vio/slam/src/orbslam2/src/monocular/monocular-slam-node.hpp:17,
                 from /home/roey/tello-vio/slam/src/orbslam2/src/monocular/monocular-slam-node.cpp:1:
/usr/include/eigen3/Eigen/src/Core/util/Constants.h:167:37: note: declared here
  167 | EIGEN_DEPRECATED const unsigned int AlignedBit = 0x80;
      |                                     ^~~~~~~~~~
In file included from /home/roey/tello-vio/libs/ORB_SLAM2/Thirdparty/g2o/g2o/types/types_seven_dof_expmap.h:34,
                 from /home/roey/tello-vio/libs/ORB_SLAM2/include/LoopClosing.h:34,
                 from /home/roey/tello-vio/libs/ORB_SLAM2/include/LocalMapping.h:26,
                 from /home/roey/tello-vio/libs/ORB_SLAM2/include/Tracking.h:29,
                 from /home/roey/tello-vio/libs/ORB_SLAM2/include/System.h:29,
                 from /home/roey/tello-vio/slam/src/orbslam2/src/monocular/monocular-slam-node.hpp:17,
                 from /home/roey/tello-vio/slam/src/orbslam2/src/monocular/monocular-slam-node.cpp:1:
/home/roey/tello-vio/libs/ORB_SLAM2/Thirdparty/g2o/g2o/types/../core/base_vertex.h: In instantiation of ‘class g2o::BaseVertex<7, g2o::Sim3>’:
/home/roey/tello-vio/libs/ORB_SLAM2/Thirdparty/g2o/g2o/types/types_seven_dof_expmap.h:48:35:   required from here
/home/roey/tello-vio/libs/ORB_SLAM2/Thirdparty/g2o/g2o/types/../core/base_vertex.h:62:72: warning: ‘Eigen::AlignedBit’ is deprecated [-Wdeprecated-declarations]
   62 |     typedef Eigen::Map<Matrix<double, D, D>, Matrix<double,D,D>::Flags & AlignedBit ? Aligned : Unaligned >  HessianBlockType;
      |                                                                  ~~~~~~^~~~~~~~~~~~
In file included from /usr/include/eigen3/Eigen/Core:161,
                 from /home/roey/tello-vio/libs/ORB_SLAM2/Thirdparty/g2o/g2o/types/../core/jacobian_workspace.h:30,
                 from /home/roey/tello-vio/libs/ORB_SLAM2/Thirdparty/g2o/g2o/types/../core/optimizable_graph.h:41,
                 from /home/roey/tello-vio/libs/ORB_SLAM2/Thirdparty/g2o/g2o/types/../core/base_vertex.h:30,
                 from /home/roey/tello-vio/libs/ORB_SLAM2/Thirdparty/g2o/g2o/types/types_seven_dof_expmap.h:34,
                 from /home/roey/tello-vio/libs/ORB_SLAM2/include/LoopClosing.h:34,
                 from /home/roey/tello-vio/libs/ORB_SLAM2/include/LocalMapping.h:26,
                 from /home/roey/tello-vio/libs/ORB_SLAM2/include/Tracking.h:29,
                 from /home/roey/tello-vio/libs/ORB_SLAM2/include/System.h:29,
                 from /home/roey/tello-vio/slam/src/orbslam2/src/monocular/monocular-slam-node.hpp:17,
                 from /home/roey/tello-vio/slam/src/orbslam2/src/monocular/monocular-slam-node.cpp:1:
/usr/include/eigen3/Eigen/src/Core/util/Constants.h:167:37: note: declared here
  167 | EIGEN_DEPRECATED const unsigned int AlignedBit = 0x80;
      |                                     ^~~~~~~~~~
In file included from /home/roey/tello-vio/libs/ORB_SLAM2/Thirdparty/g2o/g2o/types/types_seven_dof_expmap.h:35,
                 from /home/roey/tello-vio/libs/ORB_SLAM2/include/LoopClosing.h:34,
                 from /home/roey/tello-vio/libs/ORB_SLAM2/include/LocalMapping.h:26,
                 from /home/roey/tello-vio/libs/ORB_SLAM2/include/Tracking.h:29,
                 from /home/roey/tello-vio/libs/ORB_SLAM2/include/System.h:29,
                 from /home/roey/tello-vio/slam/src/orbslam2/src/monocular/monocular-slam-node.hpp:17,
                 from /home/roey/tello-vio/slam/src/orbslam2/src/monocular/monocular-slam-node.cpp:1:
/home/roey/tello-vio/libs/ORB_SLAM2/Thirdparty/g2o/g2o/types/../core/base_binary_edge.h: In instantiation of ‘class g2o::BaseBinaryEdge<7, g2o::Sim3, g2o::VertexSim3Expmap, g2o::VertexSim3Expmap>’:
/home/roey/tello-vio/libs/ORB_SLAM2/Thirdparty/g2o/g2o/types/types_seven_dof_expmap.h:99:27:   required from here
/home/roey/tello-vio/libs/ORB_SLAM2/Thirdparty/g2o/g2o/types/../core/base_binary_edge.h:59:80: warning: ‘Eigen::AlignedBit’ is deprecated [-Wdeprecated-declarations]
   59 |       typedef Eigen::Map<Matrix<double, Di, Dj>, Matrix<double, Di, Dj>::Flags & AlignedBit ? Aligned : Unaligned > HessianBlockType;
      |                                                                          ~~~~~~^~~~~~~~~~~~
In file included from /usr/include/eigen3/Eigen/Core:161,
                 from /home/roey/tello-vio/libs/ORB_SLAM2/Thirdparty/g2o/g2o/types/../core/jacobian_workspace.h:30,
                 from /home/roey/tello-vio/libs/ORB_SLAM2/Thirdparty/g2o/g2o/types/../core/optimizable_graph.h:41,
                 from /home/roey/tello-vio/libs/ORB_SLAM2/Thirdparty/g2o/g2o/types/../core/base_vertex.h:30,
                 from /home/roey/tello-vio/libs/ORB_SLAM2/Thirdparty/g2o/g2o/types/types_seven_dof_expmap.h:34,
                 from /home/roey/tello-vio/libs/ORB_SLAM2/include/LoopClosing.h:34,
                 from /home/roey/tello-vio/libs/ORB_SLAM2/include/LocalMapping.h:26,
                 from /home/roey/tello-vio/libs/ORB_SLAM2/include/Tracking.h:29,
                 from /home/roey/tello-vio/libs/ORB_SLAM2/include/System.h:29,
                 from /home/roey/tello-vio/slam/src/orbslam2/src/monocular/monocular-slam-node.hpp:17,
                 from /home/roey/tello-vio/slam/src/orbslam2/src/monocular/monocular-slam-node.cpp:1:
/usr/include/eigen3/Eigen/src/Core/util/Constants.h:167:37: note: declared here
  167 | EIGEN_DEPRECATED const unsigned int AlignedBit = 0x80;
      |                                     ^~~~~~~~~~
In file included from /home/roey/tello-vio/libs/ORB_SLAM2/Thirdparty/g2o/g2o/types/types_seven_dof_expmap.h:35,
                 from /home/roey/tello-vio/libs/ORB_SLAM2/include/LoopClosing.h:34,
                 from /home/roey/tello-vio/libs/ORB_SLAM2/include/LocalMapping.h:26,
                 from /home/roey/tello-vio/libs/ORB_SLAM2/include/Tracking.h:29,
                 from /home/roey/tello-vio/libs/ORB_SLAM2/include/System.h:29,
                 from /home/roey/tello-vio/slam/src/orbslam2/src/monocular/monocular-slam-node.hpp:17,
                 from /home/roey/tello-vio/slam/src/orbslam2/src/monocular/monocular-slam-node.cpp:1:
/home/roey/tello-vio/libs/ORB_SLAM2/Thirdparty/g2o/g2o/types/../core/base_binary_edge.h:60:80: warning: ‘Eigen::AlignedBit’ is deprecated [-Wdeprecated-declarations]
   60 |       typedef Eigen::Map<Matrix<double, Dj, Di>, Matrix<double, Dj, Di>::Flags & AlignedBit ? Aligned : Unaligned > HessianBlockTransposedType;
      |                                                                          ~~~~~~^~~~~~~~~~~~
In file included from /usr/include/eigen3/Eigen/Core:161,
                 from /home/roey/tello-vio/libs/ORB_SLAM2/Thirdparty/g2o/g2o/types/../core/jacobian_workspace.h:30,
                 from /home/roey/tello-vio/libs/ORB_SLAM2/Thirdparty/g2o/g2o/types/../core/optimizable_graph.h:41,
                 from /home/roey/tello-vio/libs/ORB_SLAM2/Thirdparty/g2o/g2o/types/../core/base_vertex.h:30,
                 from /home/roey/tello-vio/libs/ORB_SLAM2/Thirdparty/g2o/g2o/types/types_seven_dof_expmap.h:34,
                 from /home/roey/tello-vio/libs/ORB_SLAM2/include/LoopClosing.h:34,
                 from /home/roey/tello-vio/libs/ORB_SLAM2/include/LocalMapping.h:26,
                 from /home/roey/tello-vio/libs/ORB_SLAM2/include/Tracking.h:29,
                 from /home/roey/tello-vio/libs/ORB_SLAM2/include/System.h:29,
                 from /home/roey/tello-vio/slam/src/orbslam2/src/monocular/monocular-slam-node.hpp:17,
                 from /home/roey/tello-vio/slam/src/orbslam2/src/monocular/monocular-slam-node.cpp:1:
/usr/include/eigen3/Eigen/src/Core/util/Constants.h:167:37: note: declared here
  167 | EIGEN_DEPRECATED const unsigned int AlignedBit = 0x80;
      |                                     ^~~~~~~~~~
In file included from /home/roey/tello-vio/libs/ORB_SLAM2/Thirdparty/g2o/g2o/types/types_seven_dof_expmap.h:35,
                 from /home/roey/tello-vio/libs/ORB_SLAM2/include/LoopClosing.h:34,
                 from /home/roey/tello-vio/libs/ORB_SLAM2/include/LocalMapping.h:26,
                 from /home/roey/tello-vio/libs/ORB_SLAM2/include/Tracking.h:29,
                 from /home/roey/tello-vio/libs/ORB_SLAM2/include/System.h:29,
                 from /home/roey/tello-vio/slam/src/orbslam2/src/monocular/monocular-slam-node.hpp:17,
                 from /home/roey/tello-vio/slam/src/orbslam2/src/monocular/monocular-slam-node.cpp:1:
/home/roey/tello-vio/libs/ORB_SLAM2/Thirdparty/g2o/g2o/types/../core/base_binary_edge.h: In instantiation of ‘class g2o::BaseBinaryEdge<2, Eigen::Matrix<double, 2, 1>, g2o::VertexSBAPointXYZ, g2o::VertexSim3Expmap>’:
/home/roey/tello-vio/libs/ORB_SLAM2/Thirdparty/g2o/g2o/types/types_seven_dof_expmap.h:130:36:   required from here
/home/roey/tello-vio/libs/ORB_SLAM2/Thirdparty/g2o/g2o/types/../core/base_binary_edge.h:59:80: warning: ‘Eigen::AlignedBit’ is deprecated [-Wdeprecated-declarations]
   59 |       typedef Eigen::Map<Matrix<double, Di, Dj>, Matrix<double, Di, Dj>::Flags & AlignedBit ? Aligned : Unaligned > HessianBlockType;
      |                                                                          ~~~~~~^~~~~~~~~~~~
In file included from /usr/include/eigen3/Eigen/Core:161,
                 from /home/roey/tello-vio/libs/ORB_SLAM2/Thirdparty/g2o/g2o/types/../core/jacobian_workspace.h:30,
                 from /home/roey/tello-vio/libs/ORB_SLAM2/Thirdparty/g2o/g2o/types/../core/optimizable_graph.h:41,
                 from /home/roey/tello-vio/libs/ORB_SLAM2/Thirdparty/g2o/g2o/types/../core/base_vertex.h:30,
                 from /home/roey/tello-vio/libs/ORB_SLAM2/Thirdparty/g2o/g2o/types/types_seven_dof_expmap.h:34,
                 from /home/roey/tello-vio/libs/ORB_SLAM2/include/LoopClosing.h:34,
                 from /home/roey/tello-vio/libs/ORB_SLAM2/include/LocalMapping.h:26,
                 from /home/roey/tello-vio/libs/ORB_SLAM2/include/Tracking.h:29,
                 from /home/roey/tello-vio/libs/ORB_SLAM2/include/System.h:29,
                 from /home/roey/tello-vio/slam/src/orbslam2/src/monocular/monocular-slam-node.hpp:17,
                 from /home/roey/tello-vio/slam/src/orbslam2/src/monocular/monocular-slam-node.cpp:1:
/usr/include/eigen3/Eigen/src/Core/util/Constants.h:167:37: note: declared here
  167 | EIGEN_DEPRECATED const unsigned int AlignedBit = 0x80;
      |                                     ^~~~~~~~~~
In file included from /home/roey/tello-vio/libs/ORB_SLAM2/Thirdparty/g2o/g2o/types/types_seven_dof_expmap.h:35,
                 from /home/roey/tello-vio/libs/ORB_SLAM2/include/LoopClosing.h:34,
                 from /home/roey/tello-vio/libs/ORB_SLAM2/include/LocalMapping.h:26,
                 from /home/roey/tello-vio/libs/ORB_SLAM2/include/Tracking.h:29,
                 from /home/roey/tello-vio/libs/ORB_SLAM2/include/System.h:29,
                 from /home/roey/tello-vio/slam/src/orbslam2/src/monocular/monocular-slam-node.hpp:17,
                 from /home/roey/tello-vio/slam/src/orbslam2/src/monocular/monocular-slam-node.cpp:1:
/home/roey/tello-vio/libs/ORB_SLAM2/Thirdparty/g2o/g2o/types/../core/base_binary_edge.h:60:80: warning: ‘Eigen::AlignedBit’ is deprecated [-Wdeprecated-declarations]
   60 |       typedef Eigen::Map<Matrix<double, Dj, Di>, Matrix<double, Dj, Di>::Flags & AlignedBit ? Aligned : Unaligned > HessianBlockTransposedType;
      |                                                                          ~~~~~~^~~~~~~~~~~~
In file included from /usr/include/eigen3/Eigen/Core:161,
                 from /home/roey/tello-vio/libs/ORB_SLAM2/Thirdparty/g2o/g2o/types/../core/jacobian_workspace.h:30,
                 from /home/roey/tello-vio/libs/ORB_SLAM2/Thirdparty/g2o/g2o/types/../core/optimizable_graph.h:41,
                 from /home/roey/tello-vio/libs/ORB_SLAM2/Thirdparty/g2o/g2o/types/../core/base_vertex.h:30,
                 from /home/roey/tello-vio/libs/ORB_SLAM2/Thirdparty/g2o/g2o/types/types_seven_dof_expmap.h:34,
                 from /home/roey/tello-vio/libs/ORB_SLAM2/include/LoopClosing.h:34,
                 from /home/roey/tello-vio/libs/ORB_SLAM2/include/LocalMapping.h:26,
                 from /home/roey/tello-vio/libs/ORB_SLAM2/include/Tracking.h:29,
                 from /home/roey/tello-vio/libs/ORB_SLAM2/include/System.h:29,
                 from /home/roey/tello-vio/slam/src/orbslam2/src/monocular/monocular-slam-node.hpp:17,
                 from /home/roey/tello-vio/slam/src/orbslam2/src/monocular/monocular-slam-node.cpp:1:
/usr/include/eigen3/Eigen/src/Core/util/Constants.h:167:37: note: declared here
  167 | EIGEN_DEPRECATED const unsigned int AlignedBit = 0x80;
      |                                     ^~~~~~~~~~
/home/roey/tello-vio/slam/src/orbslam2/src/monocular/monocular-slam-node.cpp: In constructor ‘MonocularSlamNode::MonocularSlamNode(ORB_SLAM2::System*, const string&, const string&)’:
/home/roey/tello-vio/slam/src/orbslam2/src/monocular/monocular-slam-node.cpp:15:78: warning: unused parameter ‘strVocFile’ [-Wunused-parameter]
   15 | MonocularSlamNode::MonocularSlamNode(ORB_SLAM2::System* pSLAM, const string &strVocFile, const string &strSettingsFile)
      |                                                                ~~~~~~~~~~~~~~^~~~~~~~~~
