In file included from /home/roey/tello-vio/libs/ORB_SLAM2/include/MapPoint.h:24,
                 from /home/roey/tello-vio/libs/ORB_SLAM2/include/Map.h:24,
                 from /home/roey/tello-vio/libs/ORB_SLAM2/include/Tracking.h:28,
                 from /home/roey/tello-vio/libs/ORB_SLAM2/include/System.h:29,
                 from /home/roey/tello-vio/slam/src/orbslam2/src/monocular/monocular-slam-node.hpp:16,
                 from /home/roey/tello-vio/slam/src/orbslam2/src/monocular/monocular-slam-node.cpp:1:
/home/roey/tello-vio/libs/ORB_SLAM2/include/KeyFrame.h:25:10: fatal error: Thirdparty/DBoW2/DBoW2/BowVector.h: No such file or directory
   25 | #include "Thirdparty/DBoW2/DBoW2/BowVector.h"
      |          ^~~~~~~~~~~~~~~~~~~~~~~~~~~~~~~~~~~~
compilation terminated.
In file included from /home/roey/tello-vio/libs/ORB_SLAM2/include/MapPoint.h:24,
                 from /home/roey/tello-vio/libs/ORB_SLAM2/include/Map.h:24,
                 from /home/roey/tello-vio/libs/ORB_SLAM2/include/Tracking.h:28,
                 from /home/roey/tello-vio/libs/ORB_SLAM2/include/System.h:29,
                 from /home/roey/tello-vio/slam/src/orbslam2/src/monocular/monocular-slam-node.hpp:16,
                 from /home/roey/tello-vio/slam/src/orbslam2/src/monocular/mono.cpp:7:
/home/roey/tello-vio/libs/ORB_SLAM2/include/KeyFrame.h:25:10: fatal error: Thirdparty/DBoW2/DBoW2/BowVector.h: No such file or directory
   25 | #include "Thirdparty/DBoW2/DBoW2/BowVector.h"
      |          ^~~~~~~~~~~~~~~~~~~~~~~~~~~~~~~~~~~~
compilation terminated.
gmake[2]: *** [CMakeFiles/mono.dir/build.make:90: CMakeFiles/mono.dir/src/monocular/monocular-slam-node.cpp.o] Error 1
gmake[2]: *** Waiting for unfinished jobs....
gmake[2]: *** [CMakeFiles/mono.dir/build.make:76: CMakeFiles/mono.dir/src/monocular/mono.cpp.o] Error 1
gmake[1]: *** [CMakeFiles/Makefile2:137: CMakeFiles/mono.dir/all] Error 2
gmake: *** [Makefile:146: all] Error 2
