[0.023s] Invoking command in '/home/roey/tello-vio/build/orbslam2': CMAKE_PREFIX_PATH=${CMAKE_PREFIX_PATH}:/home/roey/tello-vio/install/tello:/home/roey/tello-ros2/install/tello:/opt/ros/humble /usr/bin/cmake /home/roey/tello-vio/slam/src/orbslam2 -DCMAKE_INSTALL_PREFIX=/home/roey/tello-vio/install/orbslam2
[0.148s] -- The C compiler identification is GNU 11.4.0
[0.248s] -- The CXX compiler identification is GNU 11.4.0
[0.261s] -- Detecting C compiler ABI info
[0.388s] -- Detecting C compiler ABI info - done
[0.407s] -- Check for working C compiler: /usr/bin/cc - skipped
[0.407s] -- Detecting C compile features
[0.407s] -- Detecting C compile features - done
[0.414s] -- Detecting CXX compiler ABI info
[0.560s] -- Detecting CXX compiler ABI info - done
[0.575s] -- Check for working CXX compiler: /usr/bin/c++ - skipped
[0.577s] -- Detecting CXX compile features
[0.577s] -- Detecting CXX compile features - done
[0.582s] -- Found ament_cmake: 1.3.10 (/opt/ros/humble/share/ament_cmake/cmake)
[0.883s] -- Found Python3: /usr/bin/python3 (found version "3.10.12") found components: Interpreter 
[1.043s] -- Found rclcpp: 16.0.10 (/opt/ros/humble/share/rclcpp/cmake)
[1.119s] -- Found rosidl_generator_c: 3.1.5 (/opt/ros/humble/share/rosidl_generator_c/cmake)
[1.130s] -- Found rosidl_adapter: 3.1.5 (/opt/ros/humble/share/rosidl_adapter/cmake)
[1.145s] -- Found rosidl_generator_cpp: 3.1.5 (/opt/ros/humble/share/rosidl_generator_cpp/cmake)
[1.166s] -- Using all available rosidl_typesupport_c: rosidl_typesupport_fastrtps_c;rosidl_typesupport_introspection_c
[1.199s] -- Using all available rosidl_typesupport_cpp: rosidl_typesupport_fastrtps_cpp;rosidl_typesupport_introspection_cpp
[1.344s] -- Found rmw_implementation_cmake: 6.1.2 (/opt/ros/humble/share/rmw_implementation_cmake/cmake)
[1.351s] -- Found rmw_fastrtps_cpp: 6.2.7 (/opt/ros/humble/share/rmw_fastrtps_cpp/cmake)
[1.618s] -- Found OpenSSL: /usr/lib/x86_64-linux-gnu/libcrypto.so (found version "3.0.2")  
[1.669s] -- Found FastRTPS: /opt/ros/humble/include  
[1.750s] -- Using RMW implementation 'rmw_fastrtps_cpp' as default
[1.775s] -- Looking for pthread.h
[1.892s] -- Looking for pthread.h - found
[1.892s] -- Performing Test CMAKE_HAVE_LIBC_PTHREAD
[2.004s] -- Performing Test CMAKE_HAVE_LIBC_PTHREAD - Success
[2.006s] -- Found Threads: TRUE  
[2.097s] -- Found sensor_msgs: 4.2.4 (/opt/ros/humble/share/sensor_msgs/cmake)
[2.149s] -- Found visualization_msgs: 4.2.4 (/opt/ros/humble/share/visualization_msgs/cmake)
[2.182s] -- Found cv_bridge: 3.2.1 (/opt/ros/humble/share/cv_bridge/cmake)
[2.201s] -- Found message_filters: 4.3.5 (/opt/ros/humble/share/message_filters/cmake)
[2.221s] -- Found Boost: /usr/lib/x86_64-linux-gnu/cmake/Boost-1.74.0/BoostConfig.cmake (found version "1.74.0") found components: system 
[2.229s] -- Found OpenCV: /usr (found version "4.5.4") 
[2.231s] -- Found Eigen: /usr/include/eigen3 (Required is at least version "2.91.0") 
[2.384s] -- Configuring done
[2.417s] -- Generating done
[2.418s] -- Build files have been written to: /home/roey/tello-vio/build/orbslam2
[2.440s] Invoked command in '/home/roey/tello-vio/build/orbslam2' returned '0': CMAKE_PREFIX_PATH=${CMAKE_PREFIX_PATH}:/home/roey/tello-vio/install/tello:/home/roey/tello-ros2/install/tello:/opt/ros/humble /usr/bin/cmake /home/roey/tello-vio/slam/src/orbslam2 -DCMAKE_INSTALL_PREFIX=/home/roey/tello-vio/install/orbslam2
[2.445s] Invoking command in '/home/roey/tello-vio/build/orbslam2': CMAKE_PREFIX_PATH=${CMAKE_PREFIX_PATH}:/home/roey/tello-vio/install/tello:/home/roey/tello-ros2/install/tello:/opt/ros/humble /usr/bin/cmake --build /home/roey/tello-vio/build/orbslam2 -- -j8 -l8
[2.540s] [ 66%] Building CXX object CMakeFiles/mono.dir/src/monocular/mono.cpp.o
[2.540s] [ 66%] Building CXX object CMakeFiles/mono.dir/src/monocular/monocular-slam-node.cpp.o
[3.127s] In file included from /home/roey/tello-vio/libs/ORB_SLAM2/include/MapPoint.h:24,
[3.127s]                  from /home/roey/tello-vio/libs/ORB_SLAM2/include/Map.h:24,
[3.127s]                  from /home/roey/tello-vio/libs/ORB_SLAM2/include/Tracking.h:28,
[3.127s]                  from /home/roey/tello-vio/libs/ORB_SLAM2/include/System.h:29,
[3.130s]                  from /home/roey/tello-vio/slam/src/orbslam2/src/monocular/monocular-slam-node.hpp:16,
[3.130s]                  from /home/roey/tello-vio/slam/src/orbslam2/src/monocular/monocular-slam-node.cpp:1:
[3.130s] /home/roey/tello-vio/libs/ORB_SLAM2/include/KeyFrame.h:25:10: fatal error: Thirdparty/DBoW2/DBoW2/BowVector.h: No such file or directory
[3.130s]    25 | #include "Thirdparty/DBoW2/DBoW2/BowVector.h"
[3.131s]       |          ^~~~~~~~~~~~~~~~~~~~~~~~~~~~~~~~~~~~
[3.131s] compilation terminated.
[3.131s] In file included from /home/roey/tello-vio/libs/ORB_SLAM2/include/MapPoint.h:24,
[3.131s]                  from /home/roey/tello-vio/libs/ORB_SLAM2/include/Map.h:24,
[3.131s]                  from /home/roey/tello-vio/libs/ORB_SLAM2/include/Tracking.h:28,
[3.131s]                  from /home/roey/tello-vio/libs/ORB_SLAM2/include/System.h:29,
[3.131s]                  from /home/roey/tello-vio/slam/src/orbslam2/src/monocular/monocular-slam-node.hpp:16,
[3.131s]                  from /home/roey/tello-vio/slam/src/orbslam2/src/monocular/mono.cpp:7:
[3.132s] /home/roey/tello-vio/libs/ORB_SLAM2/include/KeyFrame.h:25:10: fatal error: Thirdparty/DBoW2/DBoW2/BowVector.h: No such file or directory
[3.132s]    25 | #include "Thirdparty/DBoW2/DBoW2/BowVector.h"
[3.132s]       |          ^~~~~~~~~~~~~~~~~~~~~~~~~~~~~~~~~~~~
[3.132s] compilation terminated.
[3.133s] gmake[2]: *** [CMakeFiles/mono.dir/build.make:90: CMakeFiles/mono.dir/src/monocular/monocular-slam-node.cpp.o] Error 1
[3.133s] gmake[2]: *** Waiting for unfinished jobs....
[3.134s] gmake[2]: *** [CMakeFiles/mono.dir/build.make:76: CMakeFiles/mono.dir/src/monocular/mono.cpp.o] Error 1
[3.134s] gmake[1]: *** [CMakeFiles/Makefile2:137: CMakeFiles/mono.dir/all] Error 2
[3.135s] gmake: *** [Makefile:146: all] Error 2
[3.138s] Invoked command in '/home/roey/tello-vio/build/orbslam2' returned '2': CMAKE_PREFIX_PATH=${CMAKE_PREFIX_PATH}:/home/roey/tello-vio/install/tello:/home/roey/tello-ros2/install/tello:/opt/ros/humble /usr/bin/cmake --build /home/roey/tello-vio/build/orbslam2 -- -j8 -l8
