-- The C compiler identification is GNU 11.4.0
-- The CXX compiler identification is GNU 11.4.0
-- Detecting C compiler ABI info
-- Detecting C compiler ABI info - done
-- Check for working C compiler: /usr/bin/cc - skipped
-- Detecting C compile features
-- Detecting C compile features - done
-- Detecting CXX compiler ABI info
-- Detecting CXX compiler ABI info - done
-- Check for working CXX compiler: /usr/bin/c++ - skipped
-- Detecting CXX compile features
-- Detecting CXX compile features - done
-- Found ament_cmake: 1.3.10 (/opt/ros/humble/share/ament_cmake/cmake)
-- Found Python3: /usr/bin/python3 (found version "3.10.12") found components: Interpreter 
-- Found rclcpp: 16.0.10 (/opt/ros/humble/share/rclcpp/cmake)
-- Found rosidl_generator_c: 3.1.5 (/opt/ros/humble/share/rosidl_generator_c/cmake)
-- Found rosidl_adapter: 3.1.5 (/opt/ros/humble/share/rosidl_adapter/cmake)
-- Found rosidl_generator_cpp: 3.1.5 (/opt/ros/humble/share/rosidl_generator_cpp/cmake)
-- Using all available rosidl_typesupport_c: rosidl_typesupport_fastrtps_c;rosidl_typesupport_introspection_c
-- Using all available rosidl_typesupport_cpp: rosidl_typesupport_fastrtps_cpp;rosidl_typesupport_introspection_cpp
-- Found rmw_implementation_cmake: 6.1.2 (/opt/ros/humble/share/rmw_implementation_cmake/cmake)
-- Found rmw_fastrtps_cpp: 6.2.7 (/opt/ros/humble/share/rmw_fastrtps_cpp/cmake)
-- Found OpenSSL: /usr/lib/x86_64-linux-gnu/libcrypto.so (found version "3.0.2")  
-- Found FastRTPS: /opt/ros/humble/include  
-- Using RMW implementation 'rmw_fastrtps_cpp' as default
-- Looking for pthread.h
-- Looking for pthread.h - found
-- Performing Test CMAKE_HAVE_LIBC_PTHREAD
-- Performing Test CMAKE_HAVE_LIBC_PTHREAD - Success
-- Found Threads: TRUE  
-- Found sensor_msgs: 4.2.4 (/opt/ros/humble/share/sensor_msgs/cmake)
-- Found visualization_msgs: 4.2.4 (/opt/ros/humble/share/visualization_msgs/cmake)
-- Found cv_bridge: 3.2.1 (/opt/ros/humble/share/cv_bridge/cmake)
-- Found message_filters: 4.3.5 (/opt/ros/humble/share/message_filters/cmake)
-- Found Boost: /usr/lib/x86_64-linux-gnu/cmake/Boost-1.74.0/BoostConfig.cmake (found version "1.74.0") found components: system 
-- Found OpenCV: /usr (found version "4.5.4") 
-- Found Eigen: /usr/include/eigen3 (Required is at least version "2.91.0") 
-- Configuring done
-- Generating done
-- Build files have been written to: /home/roey/tello-ros2/build/orbslam2
-- Install configuration: ""
-- Installing: /home/roey/tello-ros2/install/orbslam2/share/ament_index/resource_index/package_run_dependencies/orbslam2
-- Installing: /home/roey/tello-ros2/install/orbslam2/share/ament_index/resource_index/parent_prefix_path/orbslam2
-- Installing: /home/roey/tello-ros2/install/orbslam2/share/orbslam2/environment/ament_prefix_path.sh
-- Installing: /home/roey/tello-ros2/install/orbslam2/share/orbslam2/environment/ament_prefix_path.dsv
-- Installing: /home/roey/tello-ros2/install/orbslam2/share/orbslam2/environment/path.sh
-- Installing: /home/roey/tello-ros2/install/orbslam2/share/orbslam2/environment/path.dsv
-- Installing: /home/roey/tello-ros2/install/orbslam2/share/orbslam2/local_setup.bash
-- Installing: /home/roey/tello-ros2/install/orbslam2/share/orbslam2/local_setup.sh
-- Installing: /home/roey/tello-ros2/install/orbslam2/share/orbslam2/local_setup.zsh
-- Installing: /home/roey/tello-ros2/install/orbslam2/share/orbslam2/local_setup.dsv
-- Installing: /home/roey/tello-ros2/install/orbslam2/share/orbslam2/package.dsv
-- Installing: /home/roey/tello-ros2/install/orbslam2/share/ament_index/resource_index/packages/orbslam2
-- Installing: /home/roey/tello-ros2/install/orbslam2/share/orbslam2/cmake/orbslam2Config.cmake
-- Installing: /home/roey/tello-ros2/install/orbslam2/share/orbslam2/cmake/orbslam2Config-version.cmake
-- Installing: /home/roey/tello-ros2/install/orbslam2/share/orbslam2/package.xml
