[0.019s] Invoking command in '/home/roey/tello-ros2/build/orbslam2': CMAKE_PREFIX_PATH=/opt/ros/humble /usr/bin/cmake /home/roey/tello-ros2/slam/src/orbslam2 -DCMAKE_INSTALL_PREFIX=/home/roey/tello-ros2/install/orbslam2
[0.107s] -- The C compiler identification is GNU 11.4.0
[0.197s] -- The CXX compiler identification is GNU 11.4.0
[0.211s] -- Detecting C compiler ABI info
[0.319s] -- Detecting C compiler ABI info - done
[0.337s] -- Check for working C compiler: /usr/bin/cc - skipped
[0.338s] -- Detecting C compile features
[0.339s] -- Detecting C compile features - done
[0.347s] -- Detecting CXX compiler ABI info
[0.484s] -- Detecting CXX compiler ABI info - done
[0.496s] -- Check for working CXX compiler: /usr/bin/c++ - skipped
[0.496s] -- Detecting CXX compile features
[0.497s] -- Detecting CXX compile features - done
[0.500s] -- Found ament_cmake: 1.3.10 (/opt/ros/humble/share/ament_cmake/cmake)
[0.745s] -- Found Python3: /usr/bin/python3 (found version "3.10.12") found components: Interpreter 
[0.895s] -- Found rclcpp: 16.0.10 (/opt/ros/humble/share/rclcpp/cmake)
[0.963s] -- Found rosidl_generator_c: 3.1.5 (/opt/ros/humble/share/rosidl_generator_c/cmake)
[0.970s] -- Found rosidl_adapter: 3.1.5 (/opt/ros/humble/share/rosidl_adapter/cmake)
[0.990s] -- Found rosidl_generator_cpp: 3.1.5 (/opt/ros/humble/share/rosidl_generator_cpp/cmake)
[1.019s] -- Using all available rosidl_typesupport_c: rosidl_typesupport_fastrtps_c;rosidl_typesupport_introspection_c
[1.048s] -- Using all available rosidl_typesupport_cpp: rosidl_typesupport_fastrtps_cpp;rosidl_typesupport_introspection_cpp
[1.121s] -- Found rmw_implementation_cmake: 6.1.2 (/opt/ros/humble/share/rmw_implementation_cmake/cmake)
[1.126s] -- Found rmw_fastrtps_cpp: 6.2.7 (/opt/ros/humble/share/rmw_fastrtps_cpp/cmake)
[1.258s] -- Found OpenSSL: /usr/lib/x86_64-linux-gnu/libcrypto.so (found version "3.0.2")  
[1.299s] -- Found FastRTPS: /opt/ros/humble/include  
[1.359s] -- Using RMW implementation 'rmw_fastrtps_cpp' as default
[1.372s] -- Looking for pthread.h
[1.469s] -- Looking for pthread.h - found
[1.470s] -- Performing Test CMAKE_HAVE_LIBC_PTHREAD
[1.570s] -- Performing Test CMAKE_HAVE_LIBC_PTHREAD - Success
[1.571s] -- Found Threads: TRUE  
[1.652s] -- Found sensor_msgs: 4.2.4 (/opt/ros/humble/share/sensor_msgs/cmake)
[1.702s] -- Found visualization_msgs: 4.2.4 (/opt/ros/humble/share/visualization_msgs/cmake)
[1.733s] -- Found cv_bridge: 3.2.1 (/opt/ros/humble/share/cv_bridge/cmake)
[1.752s] -- Found message_filters: 4.3.5 (/opt/ros/humble/share/message_filters/cmake)
[1.776s] -- Found Boost: /usr/lib/x86_64-linux-gnu/cmake/Boost-1.74.0/BoostConfig.cmake (found version "1.74.0") found components: system 
[1.787s] -- Found OpenCV: /usr (found version "4.5.4") 
[1.791s] -- Found Eigen: /usr/include/eigen3 (Required is at least version "2.91.0") 
[1.810s] CMake Warning at CMakeLists.txt:33 (message):
[1.811s]   ORB_SLAM2 not found; skipping orbslam2 node build.  Set ORB_SLAM2_ROOT_DIR
[1.811s]   (or install ORB_SLAM2) and rebuild to enable.
[1.811s] 
[1.811s] 
[1.965s] -- Configuring done
[1.971s] -- Generating done
[1.974s] -- Build files have been written to: /home/roey/tello-ros2/build/orbslam2
[1.998s] Invoked command in '/home/roey/tello-ros2/build/orbslam2' returned '0': CMAKE_PREFIX_PATH=/opt/ros/humble /usr/bin/cmake /home/roey/tello-ros2/slam/src/orbslam2 -DCMAKE_INSTALL_PREFIX=/home/roey/tello-ros2/install/orbslam2
[2.001s] Invoking command in '/home/roey/tello-ros2/build/orbslam2': CMAKE_PREFIX_PATH=/opt/ros/humble /usr/bin/cmake --build /home/roey/tello-ros2/build/orbslam2 -- -j8 -l8
[2.059s] Invoked command in '/home/roey/tello-ros2/build/orbslam2' returned '0': CMAKE_PREFIX_PATH=/opt/ros/humble /usr/bin/cmake --build /home/roey/tello-ros2/build/orbslam2 -- -j8 -l8
[2.089s] Invoking command in '/home/roey/tello-ros2/build/orbslam2': CMAKE_PREFIX_PATH=/opt/ros/humble /usr/bin/cmake --install /home/roey/tello-ros2/build/orbslam2
[2.100s] -- Install configuration: ""
[2.100s] -- Installing: /home/roey/tello-ros2/install/orbslam2/share/ament_index/resource_index/package_run_dependencies/orbslam2
[2.101s] -- Installing: /home/roey/tello-ros2/install/orbslam2/share/ament_index/resource_index/parent_prefix_path/orbslam2
[2.101s] -- Installing: /home/roey/tello-ros2/install/orbslam2/share/orbslam2/environment/ament_prefix_path.sh
[2.101s] -- Installing: /home/roey/tello-ros2/install/orbslam2/share/orbslam2/environment/ament_prefix_path.dsv
[2.102s] -- Installing: /home/roey/tello-ros2/install/orbslam2/share/orbslam2/environment/path.sh
[2.102s] -- Installing: /home/roey/tello-ros2/install/orbslam2/share/orbslam2/environment/path.dsv
[2.102s] -- Installing: /home/roey/tello-ros2/install/orbslam2/share/orbslam2/local_setup.bash
[2.102s] -- Installing: /home/roey/tello-ros2/install/orbslam2/share/orbslam2/local_setup.sh
[2.103s] -- Installing: /home/roey/tello-ros2/install/orbslam2/share/orbslam2/local_setup.zsh
[2.103s] -- Installing: /home/roey/tello-ros2/install/orbslam2/share/orbslam2/local_setup.dsv
[2.103s] -- Installing: /home/roey/tello-ros2/install/orbslam2/share/orbslam2/package.dsv
[2.103s] -- Installing: /home/roey/tello-ros2/install/orbslam2/share/ament_index/resource_index/packages/orbslam2
[2.104s] -- Installing: /home/roey/tello-ros2/install/orbslam2/share/orbslam2/cmake/orbslam2Config.cmake
[2.104s] -- Installing: /home/roey/tello-ros2/install/orbslam2/share/orbslam2/cmake/orbslam2Config-version.cmake
[2.104s] -- Installing: /home/roey/tello-ros2/install/orbslam2/share/orbslam2/package.xml
[2.107s] Invoked command in '/home/roey/tello-ros2/build/orbslam2' returned '0': CMAKE_PREFIX_PATH=/opt/ros/humble /usr/bin/cmake --install /home/roey/tello-ros2/build/orbslam2
