[0.179s] DEBUG:colcon:Command line arguments: ['/usr/bin/colcon', 'build', '--packages-select', 'tello', 'tello_control', '--cmake-clean-cache']
[0.179s] DEBUG:colcon:Parsed command line arguments: Namespace(log_base=None, log_level=None, verb_name='build', build_base='build', install_base='install', merge_install=False, symlink_install=False, test_result_base=None, continue_on_error=False, executor='parallel', parallel_workers=8, event_handlers=None, ignore_user_meta=False, metas=['./colcon.meta'], base_paths=['.'], packages_ignore=None, packages_ignore_regex=None, paths=None, packages_up_to=None, packages_up_to_regex=None, packages_above=None, packages_above_and_dependencies=None, packages_above_depth=None, packages_select_by_dep=None, packages_skip_by_dep=None, packages_skip_up_to=None, packages_select_build_failed=False, packages_skip_build_finished=False, packages_select_test_failures=False, packages_skip_test_passed=False, packages_select=['tello', 'tello_control'], packages_skip=None, packages_select_regex=None, packages_skip_regex=None, packages_start=None, packages_end=None, allow_overriding=[], cmake_args=None, cmake_target=None, cmake_target_skip_unavailable=False, cmake_clean_cache=True, cmake_clean_first=False, cmake_force_configure=False, ament_cmake_args=None, catkin_cmake_args=None, catkin_skip_building_tests=False, mixin_files=None, mixin=None, verb_parser=<colcon_mixin.mixin.mixin_argument.MixinArgumentDecorator object at 0x76f56b5023e0>, verb_extension=<colcon_core.verb.build.BuildVerb object at 0x76f56b501de0>, main=<bound method BuildVerb.main of <colcon_core.verb.build.BuildVerb object at 0x76f56b501de0>>, mixin_verb=('build',))
[0.460s] Level 1:colcon.colcon_core.package_discovery:discover_packages(colcon_meta) check parameters
[0.460s] Level 1:colcon.colcon_core.package_discovery:discover_packages(recursive) check parameters
[0.460s] Level 1:colcon.colcon_core.package_discovery:discover_packages(ignore) check parameters
[0.460s] Level 1:colcon.colcon_core.package_discovery:discover_packages(path) check parameters
[0.460s] Level 1:colcon.colcon_core.package_discovery:discover_packages(colcon_meta) discover
[0.460s] Level 1:colcon.colcon_core.package_discovery:discover_packages(recursive) discover
[0.460s] INFO:colcon.colcon_core.package_discovery:Crawling recursively for packages in '/home/roey/tello-ros2'
[0.460s] Level 1:colcon.colcon_core.package_identification:_identify(.) by extensions ['ignore', 'ignore_ament_install']
[0.460s] Level 1:colcon.colcon_core.package_identification:_identify(.) by extension 'ignore'
[0.460s] Level 1:colcon.colcon_core.package_identification:_identify(.) by extension 'ignore_ament_install'
[0.460s] Level 1:colcon.colcon_core.package_identification:_identify(.) by extensions ['colcon_pkg']
[0.461s] Level 1:colcon.colcon_core.package_identification:_identify(.) by extension 'colcon_pkg'
[0.461s] Level 1:colcon.colcon_core.package_identification:_identify(.) by extensions ['colcon_meta']
[0.461s] Level 1:colcon.colcon_core.package_identification:_identify(.) by extension 'colcon_meta'
[0.461s] Level 1:colcon.colcon_core.package_identification:_identify(.) by extensions ['ros']
[0.461s] Level 1:colcon.colcon_core.package_identification:_identify(.) by extension 'ros'
[0.515s] Level 1:colcon.colcon_core.package_identification:_identify(.) by extensions ['cmake', 'python']
[0.515s] Level 1:colcon.colcon_core.package_identification:_identify(.) by extension 'cmake'
[0.516s] Level 1:colcon.colcon_core.package_identification:_identify(.) by extension 'python'
[0.516s] Level 1:colcon.colcon_core.package_identification:_identify(.) by extensions ['python_setup_py']
[0.516s] Level 1:colcon.colcon_core.package_identification:_identify(.) by extension 'python_setup_py'
[0.516s] Level 1:colcon.colcon_core.package_identification:_identify(build) by extensions ['ignore', 'ignore_ament_install']
[0.516s] Level 1:colcon.colcon_core.package_identification:_identify(build) by extension 'ignore'
[0.516s] Level 1:colcon.colcon_core.package_identification:_identify(build) ignored
[0.517s] Level 1:colcon.colcon_core.package_identification:_identify(install) by extensions ['ignore', 'ignore_ament_install']
[0.517s] Level 1:colcon.colcon_core.package_identification:_identify(install) by extension 'ignore'
[0.517s] Level 1:colcon.colcon_core.package_identification:_identify(install) ignored
[0.517s] Level 1:colcon.colcon_core.package_identification:_identify(log) by extensions ['ignore', 'ignore_ament_install']
[0.517s] Level 1:colcon.colcon_core.package_identification:_identify(log) by extension 'ignore'
[0.517s] Level 1:colcon.colcon_core.package_identification:_identify(log) ignored
[0.517s] Level 1:colcon.colcon_core.package_identification:_identify(readme) by extensions ['ignore', 'ignore_ament_install']
[0.518s] Level 1:colcon.colcon_core.package_identification:_identify(readme) by extension 'ignore'
[0.518s] Level 1:colcon.colcon_core.package_identification:_identify(readme) by extension 'ignore_ament_install'
[0.518s] Level 1:colcon.colcon_core.package_identification:_identify(readme) by extensions ['colcon_pkg']
[0.518s] Level 1:colcon.colcon_core.package_identification:_identify(readme) by extension 'colcon_pkg'
[0.518s] Level 1:colcon.colcon_core.package_identification:_identify(readme) by extensions ['colcon_meta']
[0.518s] Level 1:colcon.colcon_core.package_identification:_identify(readme) by extension 'colcon_meta'
[0.518s] Level 1:colcon.colcon_core.package_identification:_identify(readme) by extensions ['ros']
[0.518s] Level 1:colcon.colcon_core.package_identification:_identify(readme) by extension 'ros'
[0.518s] Level 1:colcon.colcon_core.package_identification:_identify(readme) by extensions ['cmake', 'python']
[0.518s] Level 1:colcon.colcon_core.package_identification:_identify(readme) by extension 'cmake'
[0.518s] Level 1:colcon.colcon_core.package_identification:_identify(readme) by extension 'python'
[0.518s] Level 1:colcon.colcon_core.package_identification:_identify(readme) by extensions ['python_setup_py']
[0.518s] Level 1:colcon.colcon_core.package_identification:_identify(readme) by extension 'python_setup_py'
[0.518s] Level 1:colcon.colcon_core.package_identification:_identify(scripts) by extensions ['ignore', 'ignore_ament_install']
[0.519s] Level 1:colcon.colcon_core.package_identification:_identify(scripts) by extension 'ignore'
[0.519s] Level 1:colcon.colcon_core.package_identification:_identify(scripts) by extension 'ignore_ament_install'
[0.519s] Level 1:colcon.colcon_core.package_identification:_identify(scripts) by extensions ['colcon_pkg']
[0.519s] Level 1:colcon.colcon_core.package_identification:_identify(scripts) by extension 'colcon_pkg'
[0.519s] Level 1:colcon.colcon_core.package_identification:_identify(scripts) by extensions ['colcon_meta']
[0.519s] Level 1:colcon.colcon_core.package_identification:_identify(scripts) by extension 'colcon_meta'
[0.519s] Level 1:colcon.colcon_core.package_identification:_identify(scripts) by extensions ['ros']
[0.519s] Level 1:colcon.colcon_core.package_identification:_identify(scripts) by extension 'ros'
[0.519s] Level 1:colcon.colcon_core.package_identification:_identify(scripts) by extensions ['cmake', 'python']
[0.519s] Level 1:colcon.colcon_core.package_identification:_identify(scripts) by extension 'cmake'
[0.519s] Level 1:colcon.colcon_core.package_identification:_identify(scripts) by extension 'python'
[0.519s] Level 1:colcon.colcon_core.package_identification:_identify(scripts) by extensions ['python_setup_py']
[0.519s] Level 1:colcon.colcon_core.package_identification:_identify(scripts) by extension 'python_setup_py'
[0.520s] Level 1:colcon.colcon_core.package_identification:_identify(slam) by extensions ['ignore', 'ignore_ament_install']
[0.520s] Level 1:colcon.colcon_core.package_identification:_identify(slam) by extension 'ignore'
[0.520s] Level 1:colcon.colcon_core.package_identification:_identify(slam) by extension 'ignore_ament_install'
[0.520s] Level 1:colcon.colcon_core.package_identification:_identify(slam) by extensions ['colcon_pkg']
[0.520s] Level 1:colcon.colcon_core.package_identification:_identify(slam) by extension 'colcon_pkg'
[0.520s] Level 1:colcon.colcon_core.package_identification:_identify(slam) by extensions ['colcon_meta']
[0.520s] Level 1:colcon.colcon_core.package_identification:_identify(slam) by extension 'colcon_meta'
[0.520s] Level 1:colcon.colcon_core.package_identification:_identify(slam) by extensions ['ros']
[0.521s] Level 1:colcon.colcon_core.package_identification:_identify(slam) by extension 'ros'
[0.521s] Level 1:colcon.colcon_core.package_identification:_identify(slam) by extensions ['cmake', 'python']
[0.521s] Level 1:colcon.colcon_core.package_identification:_identify(slam) by extension 'cmake'
[0.521s] Level 1:colcon.colcon_core.package_identification:_identify(slam) by extension 'python'
[0.521s] Level 1:colcon.colcon_core.package_identification:_identify(slam) by extensions ['python_setup_py']
[0.521s] Level 1:colcon.colcon_core.package_identification:_identify(slam) by extension 'python_setup_py'
[0.521s] Level 1:colcon.colcon_core.package_identification:_identify(slam/src) by extensions ['ignore', 'ignore_ament_install']
[0.521s] Level 1:colcon.colcon_core.package_identification:_identify(slam/src) by extension 'ignore'
[0.521s] Level 1:colcon.colcon_core.package_identification:_identify(slam/src) by extension 'ignore_ament_install'
[0.521s] Level 1:colcon.colcon_core.package_identification:_identify(slam/src) by extensions ['colcon_pkg']
[0.521s] Level 1:colcon.colcon_core.package_identification:_identify(slam/src) by extension 'colcon_pkg'
[0.521s] Level 1:colcon.colcon_core.package_identification:_identify(slam/src) by extensions ['colcon_meta']
[0.522s] Level 1:colcon.colcon_core.package_identification:_identify(slam/src) by extension 'colcon_meta'
[0.522s] Level 1:colcon.colcon_core.package_identification:_identify(slam/src) by extensions ['ros']
[0.522s] Level 1:colcon.colcon_core.package_identification:_identify(slam/src) by extension 'ros'
[0.522s] Level 1:colcon.colcon_core.package_identification:_identify(slam/src) by extensions ['cmake', 'python']
[0.522s] Level 1:colcon.colcon_core.package_identification:_identify(slam/src) by extension 'cmake'
[0.522s] Level 1:colcon.colcon_core.package_identification:_identify(slam/src) by extension 'python'
[0.522s] Level 1:colcon.colcon_core.package_identification:_identify(slam/src) by extensions ['python_setup_py']
[0.522s] Level 1:colcon.colcon_core.package_identification:_identify(slam/src) by extension 'python_setup_py'
[0.522s] Level 1:colcon.colcon_core.package_identification:_identify(slam/src/orbslam2) by extensions ['ignore', 'ignore_ament_install']
[0.522s] Level 1:colcon.colcon_core.package_identification:_identify(slam/src/orbslam2) by extension 'ignore'
[0.522s] Level 1:colcon.colcon_core.package_identification:_identify(slam/src/orbslam2) by extension 'ignore_ament_install'
[0.522s] Level 1:colcon.colcon_core.package_identification:_identify(slam/src/orbslam2) by extensions ['colcon_pkg']
[0.522s] Level 1:colcon.colcon_core.package_identification:_identify(slam/src/orbslam2) by extension 'colcon_pkg'
[0.522s] Level 1:colcon.colcon_core.package_identification:_identify(slam/src/orbslam2) by extensions ['colcon_meta']
[0.523s] Level 1:colcon.colcon_core.package_identification:_identify(slam/src/orbslam2) by extension 'colcon_meta'
[0.523s] Level 1:colcon.colcon_core.package_identification:_identify(slam/src/orbslam2) by extensions ['ros']
[0.523s] Level 1:colcon.colcon_core.package_identification:_identify(slam/src/orbslam2) by extension 'ros'
[0.526s] DEBUG:colcon.colcon_core.package_identification:Package 'slam/src/orbslam2' with type 'ros.ament_cmake' and name 'orbslam2'
[0.527s] Level 1:colcon.colcon_core.package_identification:_identify(workspace) by extensions ['ignore', 'ignore_ament_install']
[0.527s] Level 1:colcon.colcon_core.package_identification:_identify(workspace) by extension 'ignore'
[0.527s] Level 1:colcon.colcon_core.package_identification:_identify(workspace) by extension 'ignore_ament_install'
[0.527s] Level 1:colcon.colcon_core.package_identification:_identify(workspace) by extensions ['colcon_pkg']
[0.527s] Level 1:colcon.colcon_core.package_identification:_identify(workspace) by extension 'colcon_pkg'
[0.527s] Level 1:colcon.colcon_core.package_identification:_identify(workspace) by extensions ['colcon_meta']
[0.527s] Level 1:colcon.colcon_core.package_identification:_identify(workspace) by extension 'colcon_meta'
[0.527s] Level 1:colcon.colcon_core.package_identification:_identify(workspace) by extensions ['ros']
[0.527s] Level 1:colcon.colcon_core.package_identification:_identify(workspace) by extension 'ros'
[0.527s] Level 1:colcon.colcon_core.package_identification:_identify(workspace) by extensions ['cmake', 'python']
[0.527s] Level 1:colcon.colcon_core.package_identification:_identify(workspace) by extension 'cmake'
[0.527s] Level 1:colcon.colcon_core.package_identification:_identify(workspace) by extension 'python'
[0.527s] Level 1:colcon.colcon_core.package_identification:_identify(workspace) by extensions ['python_setup_py']
[0.527s] Level 1:colcon.colcon_core.package_identification:_identify(workspace) by extension 'python_setup_py'
[0.528s] Level 1:colcon.colcon_core.package_identification:_identify(workspace/src) by extensions ['ignore', 'ignore_ament_install']
[0.528s] Level 1:colcon.colcon_core.package_identification:_identify(workspace/src) by extension 'ignore'
[0.528s] Level 1:colcon.colcon_core.package_identification:_identify(workspace/src) by extension 'ignore_ament_install'
[0.528s] Level 1:colcon.colcon_core.package_identification:_identify(workspace/src) by extensions ['colcon_pkg']
[0.528s] Level 1:colcon.colcon_core.package_identification:_identify(workspace/src) by extension 'colcon_pkg'
[0.528s] Level 1:colcon.colcon_core.package_identification:_identify(workspace/src) by extensions ['colcon_meta']
[0.528s] Level 1:colcon.colcon_core.package_identification:_identify(workspace/src) by extension 'colcon_meta'
[0.528s] Level 1:colcon.colcon_core.package_identification:_identify(workspace/src) by extensions ['ros']
[0.528s] Level 1:colcon.colcon_core.package_identification:_identify(workspace/src) by extension 'ros'
[0.528s] Level 1:colcon.colcon_core.package_identification:_identify(workspace/src) by extensions ['cmake', 'python']
[0.528s] Level 1:colcon.colcon_core.package_identification:_identify(workspace/src) by extension 'cmake'
[0.528s] Level 1:colcon.colcon_core.package_identification:_identify(workspace/src) by extension 'python'
[0.528s] Level 1:colcon.colcon_core.package_identification:_identify(workspace/src) by extensions ['python_setup_py']
[0.528s] Level 1:colcon.colcon_core.package_identification:_identify(workspace/src) by extension 'python_setup_py'
[0.529s] Level 1:colcon.colcon_core.package_identification:_identify(workspace/src/tello) by extensions ['ignore', 'ignore_ament_install']
[0.529s] Level 1:colcon.colcon_core.package_identification:_identify(workspace/src/tello) by extension 'ignore'
[0.529s] Level 1:colcon.colcon_core.package_identification:_identify(workspace/src/tello) by extension 'ignore_ament_install'
[0.529s] Level 1:colcon.colcon_core.package_identification:_identify(workspace/src/tello) by extensions ['colcon_pkg']
[0.529s] Level 1:colcon.colcon_core.package_identification:_identify(workspace/src/tello) by extension 'colcon_pkg'
[0.529s] Level 1:colcon.colcon_core.package_identification:_identify(workspace/src/tello) by extensions ['colcon_meta']
[0.529s] Level 1:colcon.colcon_core.package_identification:_identify(workspace/src/tello) by extension 'colcon_meta'
[0.529s] Level 1:colcon.colcon_core.package_identification:_identify(workspace/src/tello) by extensions ['ros']
[0.529s] Level 1:colcon.colcon_core.package_identification:_identify(workspace/src/tello) by extension 'ros'
[0.530s] DEBUG:colcon.colcon_core.package_identification:Package 'workspace/src/tello' with type 'ros.ament_python' and name 'tello'
[0.530s] Level 1:colcon.colcon_core.package_identification:_identify(workspace/src/tello_control) by extensions ['ignore', 'ignore_ament_install']
[0.531s] Level 1:colcon.colcon_core.package_identification:_identify(workspace/src/tello_control) by extension 'ignore'
[0.531s] Level 1:colcon.colcon_core.package_identification:_identify(workspace/src/tello_control) by extension 'ignore_ament_install'
[0.531s] Level 1:colcon.colcon_core.package_identification:_identify(workspace/src/tello_control) by extensions ['colcon_pkg']
[0.531s] Level 1:colcon.colcon_core.package_identification:_identify(workspace/src/tello_control) by extension 'colcon_pkg'
[0.531s] Level 1:colcon.colcon_core.package_identification:_identify(workspace/src/tello_control) by extensions ['colcon_meta']
[0.531s] Level 1:colcon.colcon_core.package_identification:_identify(workspace/src/tello_control) by extension 'colcon_meta'
[0.531s] Level 1:colcon.colcon_core.package_identification:_identify(workspace/src/tello_control) by extensions ['ros']
[0.531s] Level 1:colcon.colcon_core.package_identification:_identify(workspace/src/tello_control) by extension 'ros'
[0.532s] DEBUG:colcon.colcon_core.package_identification:Package 'workspace/src/tello_control' with type 'ros.ament_cmake' and name 'tello_control'
[0.533s] Level 1:colcon.colcon_core.package_identification:_identify(workspace/src/tello_msg) by extensions ['ignore', 'ignore_ament_install']
[0.533s] Level 1:colcon.colcon_core.package_identification:_identify(workspace/src/tello_msg) by extension 'ignore'
[0.533s] Level 1:colcon.colcon_core.package_identification:_identify(workspace/src/tello_msg) by extension 'ignore_ament_install'
[0.533s] Level 1:colcon.colcon_core.package_identification:_identify(workspace/src/tello_msg) by extensions ['colcon_pkg']
[0.533s] Level 1:colcon.colcon_core.package_identification:_identify(workspace/src/tello_msg) by extension 'colcon_pkg'
[0.533s] Level 1:colcon.colcon_core.package_identification:_identify(workspace/src/tello_msg) by extensions ['colcon_meta']
[0.533s] Level 1:colcon.colcon_core.package_identification:_identify(workspace/src/tello_msg) by extension 'colcon_meta'
[0.533s] Level 1:colcon.colcon_core.package_identification:_identify(workspace/src/tello_msg) by extensions ['ros']
[0.533s] Level 1:colcon.colcon_core.package_identification:_identify(workspace/src/tello_msg) by extension 'ros'
[0.535s] DEBUG:colcon.colcon_core.package_identification:Package 'workspace/src/tello_msg' with type 'ros.ament_cmake' and name 'tello_msg'
[0.535s] Level 1:colcon.colcon_core.package_discovery:discover_packages(recursive) using defaults
[0.535s] Level 1:colcon.colcon_core.package_discovery:discover_packages(ignore) discover
[0.535s] Level 1:colcon.colcon_core.package_discovery:discover_packages(ignore) using defaults
[0.535s] Level 1:colcon.colcon_core.package_discovery:discover_packages(path) discover
[0.535s] Level 1:colcon.colcon_core.package_discovery:discover_packages(path) using defaults
[0.564s] INFO:colcon.colcon_core.package_selection:Skipping not selected package 'orbslam2' in 'slam/src/orbslam2'
[0.564s] INFO:colcon.colcon_core.package_selection:Skipping not selected package 'tello_msg' in 'workspace/src/tello_msg'
[0.564s] Level 1:colcon.colcon_core.package_discovery:discover_packages(prefix_path) check parameters
[0.564s] Level 1:colcon.colcon_core.package_discovery:discover_packages(prefix_path) discover
[0.569s] DEBUG:colcon.colcon_installed_package_information.package_discovery:Found 450 installed packages in /opt/ros/humble
[0.572s] Level 1:colcon.colcon_core.package_discovery:discover_packages(prefix_path) using defaults
[0.652s] Level 5:colcon.colcon_core.verb:set package 'tello_control' build argument 'cmake_args' from command line to 'None'
[0.653s] Level 5:colcon.colcon_core.verb:set package 'tello_control' build argument 'cmake_target' from command line to 'None'
[0.653s] Level 5:colcon.colcon_core.verb:set package 'tello_control' build argument 'cmake_target_skip_unavailable' from command line to 'False'
[0.653s] Level 5:colcon.colcon_core.verb:set package 'tello_control' build argument 'cmake_clean_cache' from command line to 'True'
[0.653s] Level 5:colcon.colcon_core.verb:set package 'tello_control' build argument 'cmake_clean_first' from command line to 'False'
[0.653s] Level 5:colcon.colcon_core.verb:set package 'tello_control' build argument 'cmake_force_configure' from command line to 'False'
[0.653s] Level 5:colcon.colcon_core.verb:set package 'tello_control' build argument 'ament_cmake_args' from command line to 'None'
[0.653s] Level 5:colcon.colcon_core.verb:set package 'tello_control' build argument 'catkin_cmake_args' from command line to 'None'
[0.653s] Level 5:colcon.colcon_core.verb:set package 'tello_control' build argument 'catkin_skip_building_tests' from command line to 'False'
[0.653s] DEBUG:colcon.colcon_core.verb:Building package 'tello_control' with the following arguments: {'ament_cmake_args': None, 'build_base': '/home/roey/tello-ros2/build/tello_control', 'catkin_cmake_args': None, 'catkin_skip_building_tests': False, 'cmake_args': None, 'cmake_clean_cache': True, 'cmake_clean_first': False, 'cmake_force_configure': False, 'cmake_target': None, 'cmake_target_skip_unavailable': False, 'install_base': '/home/roey/tello-ros2/install/tello_control', 'merge_install': False, 'path': '/home/roey/tello-ros2/workspace/src/tello_control', 'symlink_install': False, 'test_result_base': None}
[0.654s] Level 5:colcon.colcon_core.verb:set package 'tello' build argument 'cmake_args' from command line to 'None'
[0.654s] Level 5:colcon.colcon_core.verb:set package 'tello' build argument 'cmake_target' from command line to 'None'
[0.654s] Level 5:colcon.colcon_core.verb:set package 'tello' build argument 'cmake_target_skip_unavailable' from command line to 'False'
[0.654s] Level 5:colcon.colcon_core.verb:set package 'tello' build argument 'cmake_clean_cache' from command line to 'True'
[0.654s] Level 5:colcon.colcon_core.verb:set package 'tello' build argument 'cmake_clean_first' from command line to 'False'
[0.654s] Level 5:colcon.colcon_core.verb:set package 'tello' build argument 'cmake_force_configure' from command line to 'False'
[0.654s] Level 5:colcon.colcon_core.verb:set package 'tello' build argument 'ament_cmake_args' from command line to 'None'
[0.654s] Level 5:colcon.colcon_core.verb:set package 'tello' build argument 'catkin_cmake_args' from command line to 'None'
[0.654s] Level 5:colcon.colcon_core.verb:set package 'tello' build argument 'catkin_skip_building_tests' from command line to 'False'
[0.654s] DEBUG:colcon.colcon_core.verb:Building package 'tello' with the following arguments: {'ament_cmake_args': None, 'build_base': '/home/roey/tello-ros2/build/tello', 'catkin_cmake_args': None, 'catkin_skip_building_tests': False, 'cmake_args': None, 'cmake_clean_cache': True, 'cmake_clean_first': False, 'cmake_force_configure': False, 'cmake_target': None, 'cmake_target_skip_unavailable': False, 'install_base': '/home/roey/tello-ros2/install/tello', 'merge_install': False, 'path': '/home/roey/tello-ros2/workspace/src/tello', 'symlink_install': False, 'test_result_base': None}
[0.655s] INFO:colcon.colcon_core.executor:Executing jobs using 'parallel' executor
[0.656s] DEBUG:colcon.colcon_parallel_executor.executor.parallel:run_until_complete
[0.656s] INFO:colcon.colcon_ros.task.ament_cmake.build:Building ROS package in '/home/roey/tello-ros2/workspace/src/tello_control' with build type 'ament_cmake'
[0.656s] INFO:colcon.colcon_cmake.task.cmake.build:Building CMake package in '/home/roey/tello-ros2/workspace/src/tello_control'
[0.659s] INFO:colcon.colcon_core.plugin_system:Skipping extension 'colcon_core.shell.bat': Not used on non-Windows systems
[0.659s] INFO:colcon.colcon_core.shell:Skip shell extension 'powershell' for command environment: Not usable outside of PowerShell
[0.659s] DEBUG:colcon.colcon_core.shell:Skip shell extension 'dsv' for command environment
[0.664s] INFO:colcon.colcon_ros.task.ament_python.build:Building ROS package in '/home/roey/tello-ros2/workspace/src/tello' with build type 'ament_python'
[0.664s] Level 1:colcon.colcon_core.shell:create_environment_hook('tello', 'ament_prefix_path')
[0.665s] INFO:colcon.colcon_core.shell:Creating environment hook '/home/roey/tello-ros2/install/tello/share/tello/hook/ament_prefix_path.ps1'
[0.666s] INFO:colcon.colcon_core.shell:Creating environment descriptor '/home/roey/tello-ros2/install/tello/share/tello/hook/ament_prefix_path.dsv'
[0.667s] INFO:colcon.colcon_core.shell:Creating environment hook '/home/roey/tello-ros2/install/tello/share/tello/hook/ament_prefix_path.sh'
[0.668s] INFO:colcon.colcon_core.shell:Skip shell extension 'powershell' for command environment: Not usable outside of PowerShell
[0.669s] DEBUG:colcon.colcon_core.shell:Skip shell extension 'dsv' for command environment
[0.680s] DEBUG:colcon.colcon_core.event_handler.log_command:Invoking command in '/home/roey/tello-ros2/build/tello_control': CMAKE_PREFIX_PATH=/opt/ros/humble /usr/bin/cmake /home/roey/tello-ros2/workspace/src/tello_control -DCMAKE_INSTALL_PREFIX=/home/roey/tello-ros2/install/tello_control
[1.272s] INFO:colcon.colcon_core.task.python.build:Building Python package in '/home/roey/tello-ros2/workspace/src/tello'
[1.272s] INFO:colcon.colcon_core.shell:Skip shell extension 'powershell' for command environment: Not usable outside of PowerShell
[1.272s] DEBUG:colcon.colcon_core.shell:Skip shell extension 'dsv' for command environment
[1.849s] DEBUG:colcon.colcon_core.event_handler.log_command:Invoking command in '/home/roey/tello-ros2/workspace/src/tello': AMENT_PREFIX_PATH=/home/roey/tello-ros2/install/tello_msg:${AMENT_PREFIX_PATH} CMAKE_PREFIX_PATH=/home/roey/tello-ros2/install/tello_msg LD_LIBRARY_PATH=/home/roey/tello-ros2/install/tello_msg/lib:/usr/lib/x86_64-linux-gnu/gazebo-11/plugins:/opt/ros/humble/opt/rviz_ogre_vendor/lib:/opt/ros/humble/lib/x86_64-linux-gnu:/opt/ros/humble/lib:/usr/share/gazebo/../../lib/x86_64-linux-gnu/gazebo-11/plugins:/usr/share/gazebo/../../lib/x86_64-linux-gnu/gazebo-11/plugins:/usr/share/gazebo/../../lib/x86_64-linux-gnu/gazebo-11/plugins PYTHONPATH=/home/roey/tello-ros2/build/tello/prefix_override:/usr/lib/python3/dist-packages/colcon_core/task/python/colcon_distutils_commands:/home/roey/tello-ros2/install/tello/lib/python3.10/site-packages:/home/roey/tello-ros2/install/tello_msg/local/lib/python3.10/dist-packages:${PYTHONPATH} /usr/bin/python3 -W ignore:setup.py install is deprecated setup.py egg_info --egg-base ../../../build/tello build --build-base /home/roey/tello-ros2/build/tello/build install --record /home/roey/tello-ros2/build/tello/install.log --single-version-externally-managed install_data
[2.315s] DEBUG:colcon.colcon_core.event_handler.log_command:Invoked command in '/home/roey/tello-ros2/workspace/src/tello' returned '0': AMENT_PREFIX_PATH=/home/roey/tello-ros2/install/tello_msg:${AMENT_PREFIX_PATH} CMAKE_PREFIX_PATH=/home/roey/tello-ros2/install/tello_msg LD_LIBRARY_PATH=/home/roey/tello-ros2/install/tello_msg/lib:/usr/lib/x86_64-linux-gnu/gazebo-11/plugins:/opt/ros/humble/opt/rviz_ogre_vendor/lib:/opt/ros/humble/lib/x86_64-linux-gnu:/opt/ros/humble/lib:/usr/share/gazebo/../../lib/x86_64-linux-gnu/gazebo-11/plugins:/usr/share/gazebo/../../lib/x86_64-linux-gnu/gazebo-11/plugins:/usr/share/gazebo/../../lib/x86_64-linux-gnu/gazebo-11/plugins PYTHONPATH=/home/roey/tello-ros2/build/tello/prefix_override:/usr/lib/python3/dist-packages/colcon_core/task/python/colcon_distutils_commands:/home/roey/tello-ros2/install/tello/lib/python3.10/site-packages:/home/roey/tello-ros2/install/tello_msg/local/lib/python3.10/dist-packages:${PYTHONPATH} /usr/bin/python3 -W ignore:setup.py install is deprecated setup.py egg_info --egg-base ../../../build/tello build --build-base /home/roey/tello-ros2/build/tello/build install --record /home/roey/tello-ros2/build/tello/install.log --single-version-externally-managed install_data
[2.318s] Level 1:colcon.colcon_core.environment:checking '/home/roey/tello-ros2/install/tello' for CMake module files
[2.319s] Level 1:colcon.colcon_core.environment:checking '/home/roey/tello-ros2/install/tello' for CMake config files
[2.320s] Level 1:colcon.colcon_core.environment:checking '/home/roey/tello-ros2/install/tello/lib'
[2.320s] Level 1:colcon.colcon_core.environment:checking '/home/roey/tello-ros2/install/tello/bin'
[2.321s] Level 1:colcon.colcon_core.environment:checking '/home/roey/tello-ros2/install/tello/lib/pkgconfig/tello.pc'
[2.321s] Level 1:colcon.colcon_core.environment:checking '/home/roey/tello-ros2/install/tello/lib/python3.10/site-packages'
[2.321s] Level 1:colcon.colcon_core.shell:create_environment_hook('tello', 'pythonpath')
[2.321s] INFO:colcon.colcon_core.shell:Creating environment hook '/home/roey/tello-ros2/install/tello/share/tello/hook/pythonpath.ps1'
[2.322s] INFO:colcon.colcon_core.shell:Creating environment descriptor '/home/roey/tello-ros2/install/tello/share/tello/hook/pythonpath.dsv'
[2.322s] INFO:colcon.colcon_core.shell:Creating environment hook '/home/roey/tello-ros2/install/tello/share/tello/hook/pythonpath.sh'
[2.323s] Level 1:colcon.colcon_core.environment:checking '/home/roey/tello-ros2/install/tello/bin'
[2.323s] Level 1:colcon.colcon_core.environment:create_environment_scripts_only(tello)
[2.324s] INFO:colcon.colcon_core.shell:Creating package script '/home/roey/tello-ros2/install/tello/share/tello/package.ps1'
[2.325s] INFO:colcon.colcon_core.shell:Creating package descriptor '/home/roey/tello-ros2/install/tello/share/tello/package.dsv'
[2.326s] INFO:colcon.colcon_core.shell:Creating package script '/home/roey/tello-ros2/install/tello/share/tello/package.sh'
[2.327s] INFO:colcon.colcon_core.shell:Creating package script '/home/roey/tello-ros2/install/tello/share/tello/package.bash'
[2.328s] INFO:colcon.colcon_core.shell:Creating package script '/home/roey/tello-ros2/install/tello/share/tello/package.zsh'
[2.328s] Level 1:colcon.colcon_core.environment:create_file_with_runtime_dependencies(/home/roey/tello-ros2/install/tello/share/colcon-core/packages/tello)
[2.530s] DEBUG:colcon.colcon_core.event_handler.log_command:Invoked command in '/home/roey/tello-ros2/build/tello_control' returned '0': CMAKE_PREFIX_PATH=/opt/ros/humble /usr/bin/cmake /home/roey/tello-ros2/workspace/src/tello_control -DCMAKE_INSTALL_PREFIX=/home/roey/tello-ros2/install/tello_control
[2.532s] DEBUG:colcon.colcon_core.event_handler.log_command:Invoking command in '/home/roey/tello-ros2/build/tello_control': CMAKE_PREFIX_PATH=/opt/ros/humble /usr/bin/cmake --build /home/roey/tello-ros2/build/tello_control -- -j8 -l8
[22.626s] DEBUG:colcon.colcon_core.event_handler.log_command:Invoked command in '/home/roey/tello-ros2/build/tello_control' returned '0': CMAKE_PREFIX_PATH=/opt/ros/humble /usr/bin/cmake --build /home/roey/tello-ros2/build/tello_control -- -j8 -l8
[22.669s] DEBUG:colcon.colcon_core.event_handler.log_command:Invoking command in '/home/roey/tello-ros2/build/tello_control': CMAKE_PREFIX_PATH=/opt/ros/humble /usr/bin/cmake --install /home/roey/tello-ros2/build/tello_control
[22.690s] Level 1:colcon.colcon_core.environment:create_environment_scripts_only(tello_control)
[22.690s] Level 1:colcon.colcon_core.environment:checking '/home/roey/tello-ros2/install/tello_control' for CMake module files
[22.691s] DEBUG:colcon.colcon_core.event_handler.log_command:Invoked command in '/home/roey/tello-ros2/build/tello_control' returned '0': CMAKE_PREFIX_PATH=/opt/ros/humble /usr/bin/cmake --install /home/roey/tello-ros2/build/tello_control
[22.691s] Level 1:colcon.colcon_core.environment:checking '/home/roey/tello-ros2/install/tello_control' for CMake config files
[22.692s] Level 1:colcon.colcon_core.shell:create_environment_hook('tello_control', 'cmake_prefix_path')
[22.692s] INFO:colcon.colcon_core.shell:Creating environment hook '/home/roey/tello-ros2/install/tello_control/share/tello_control/hook/cmake_prefix_path.ps1'
[22.693s] INFO:colcon.colcon_core.shell:Creating environment descriptor '/home/roey/tello-ros2/install/tello_control/share/tello_control/hook/cmake_prefix_path.dsv'
[22.694s] INFO:colcon.colcon_core.shell:Creating environment hook '/home/roey/tello-ros2/install/tello_control/share/tello_control/hook/cmake_prefix_path.sh'
[22.695s] Level 1:colcon.colcon_core.environment:checking '/home/roey/tello-ros2/install/tello_control/lib'
[22.696s] Level 1:colcon.colcon_core.environment:checking '/home/roey/tello-ros2/install/tello_control/bin'
[22.696s] Level 1:colcon.colcon_core.environment:checking '/home/roey/tello-ros2/install/tello_control/lib/pkgconfig/tello_control.pc'
[22.696s] Level 1:colcon.colcon_core.environment:checking '/home/roey/tello-ros2/install/tello_control/lib/python3.10/site-packages'
[22.696s] Level 1:colcon.colcon_core.environment:checking '/home/roey/tello-ros2/install/tello_control/bin'
[22.697s] INFO:colcon.colcon_core.shell:Creating package script '/home/roey/tello-ros2/install/tello_control/share/tello_control/package.ps1'
[22.697s] INFO:colcon.colcon_core.shell:Creating package descriptor '/home/roey/tello-ros2/install/tello_control/share/tello_control/package.dsv'
[22.698s] INFO:colcon.colcon_core.shell:Creating package script '/home/roey/tello-ros2/install/tello_control/share/tello_control/package.sh'
[22.698s] INFO:colcon.colcon_core.shell:Creating package script '/home/roey/tello-ros2/install/tello_control/share/tello_control/package.bash'
[22.699s] INFO:colcon.colcon_core.shell:Creating package script '/home/roey/tello-ros2/install/tello_control/share/tello_control/package.zsh'
[22.699s] Level 1:colcon.colcon_core.environment:create_file_with_runtime_dependencies(/home/roey/tello-ros2/install/tello_control/share/colcon-core/packages/tello_control)
[22.730s] Level 1:colcon.colcon_core.environment:create_environment_scripts_only(tello_control)
[22.730s] Level 1:colcon.colcon_core.environment:checking '/home/roey/tello-ros2/install/tello_control' for CMake module files
[22.731s] Level 1:colcon.colcon_core.environment:checking '/home/roey/tello-ros2/install/tello_control' for CMake config files
[22.731s] Level 1:colcon.colcon_core.shell:create_environment_hook('tello_control', 'cmake_prefix_path')
[22.731s] INFO:colcon.colcon_core.shell:Creating environment hook '/home/roey/tello-ros2/install/tello_control/share/tello_control/hook/cmake_prefix_path.ps1'
[22.732s] INFO:colcon.colcon_core.shell:Creating environment descriptor '/home/roey/tello-ros2/install/tello_control/share/tello_control/hook/cmake_prefix_path.dsv'
[22.732s] INFO:colcon.colcon_core.shell:Creating environment hook '/home/roey/tello-ros2/install/tello_control/share/tello_control/hook/cmake_prefix_path.sh'
[22.733s] Level 1:colcon.colcon_core.environment:checking '/home/roey/tello-ros2/install/tello_control/lib'
[22.733s] Level 1:colcon.colcon_core.environment:checking '/home/roey/tello-ros2/install/tello_control/bin'
[22.733s] Level 1:colcon.colcon_core.environment:checking '/home/roey/tello-ros2/install/tello_control/lib/pkgconfig/tello_control.pc'
[22.733s] Level 1:colcon.colcon_core.environment:checking '/home/roey/tello-ros2/install/tello_control/lib/python3.10/site-packages'
[22.734s] Level 1:colcon.colcon_core.environment:checking '/home/roey/tello-ros2/install/tello_control/bin'
[22.734s] INFO:colcon.colcon_core.shell:Creating package script '/home/roey/tello-ros2/install/tello_control/share/tello_control/package.ps1'
[22.735s] INFO:colcon.colcon_core.shell:Creating package descriptor '/home/roey/tello-ros2/install/tello_control/share/tello_control/package.dsv'
[22.735s] INFO:colcon.colcon_core.shell:Creating package script '/home/roey/tello-ros2/install/tello_control/share/tello_control/package.sh'
[22.736s] INFO:colcon.colcon_core.shell:Creating package script '/home/roey/tello-ros2/install/tello_control/share/tello_control/package.bash'
[22.736s] INFO:colcon.colcon_core.shell:Creating package script '/home/roey/tello-ros2/install/tello_control/share/tello_control/package.zsh'
[22.737s] Level 1:colcon.colcon_core.environment:create_file_with_runtime_dependencies(/home/roey/tello-ros2/install/tello_control/share/colcon-core/packages/tello_control)
[22.737s] DEBUG:colcon.colcon_parallel_executor.executor.parallel:closing loop
[22.738s] DEBUG:colcon.colcon_parallel_executor.executor.parallel:loop closed
[22.738s] DEBUG:colcon.colcon_parallel_executor.executor.parallel:run_until_complete finished with '0'
[22.738s] DEBUG:colcon.colcon_core.event_reactor:joining thread
[22.746s] INFO:colcon.colcon_core.plugin_system:Skipping extension 'colcon_notification.desktop_notification.terminal_notifier': Not used on non-Darwin systems
[22.746s] INFO:colcon.colcon_core.plugin_system:Skipping extension 'colcon_notification.desktop_notification.win32': Not used on non-Windows systems
[22.746s] INFO:colcon.colcon_notification.desktop_notification:Sending desktop notification using 'notify2'
[22.747s] DEBUG:colcon.colcon_notification.desktop_notification.notify2:Failed to initialize notify2: org.freedesktop.DBus.Error.NoReply: Did not receive a reply. Possible causes include: the remote application did not send a reply, the message bus security policy blocked the reply, the reply timeout expired, or the network connection was broken.
[22.747s] DEBUG:colcon.colcon_core.event_reactor:joined thread
[22.747s] INFO:colcon.colcon_core.shell:Creating prefix script '/home/roey/tello-ros2/install/local_setup.ps1'
[22.749s] INFO:colcon.colcon_core.shell:Creating prefix util module '/home/roey/tello-ros2/install/_local_setup_util_ps1.py'
[22.750s] INFO:colcon.colcon_core.shell:Creating prefix chain script '/home/roey/tello-ros2/install/setup.ps1'
[22.751s] INFO:colcon.colcon_core.shell:Creating prefix script '/home/roey/tello-ros2/install/local_setup.sh'
[22.752s] INFO:colcon.colcon_core.shell:Creating prefix util module '/home/roey/tello-ros2/install/_local_setup_util_sh.py'
[22.753s] INFO:colcon.colcon_core.shell:Creating prefix chain script '/home/roey/tello-ros2/install/setup.sh'
[22.754s] INFO:colcon.colcon_core.shell:Creating prefix script '/home/roey/tello-ros2/install/local_setup.bash'
[22.755s] INFO:colcon.colcon_core.shell:Creating prefix chain script '/home/roey/tello-ros2/install/setup.bash'
[22.756s] INFO:colcon.colcon_core.shell:Creating prefix script '/home/roey/tello-ros2/install/local_setup.zsh'
[22.756s] INFO:colcon.colcon_core.shell:Creating prefix chain script '/home/roey/tello-ros2/install/setup.zsh'
