[0.013s] Invoking command in '/home/roey/tello-ros2/build/orbslam2': CMAKE_PREFIX_PATH=${CMAKE_PREFIX_PATH}:/home/roey/tello-ros2/install/tello:/opt/ros/humble /usr/bin/cmake /home/roey/tello-ros2/slam/src/orbslam2 -DCMAKE_INSTALL_PREFIX=/home/roey/tello-ros2/install/orbslam2
[0.077s] -- The C compiler identification is GNU 11.4.0
[0.148s] -- The CXX compiler identification is GNU 11.4.0
[0.156s] -- Detecting C compiler ABI info
[0.240s] -- Detecting C compiler ABI info - done
[0.250s] -- Check for working C compiler: /usr/bin/cc - skipped
[0.250s] -- Detecting C compile features
[0.251s] -- Detecting C compile features - done
[0.254s] -- Detecting CXX compiler ABI info
[0.351s] -- Detecting CXX compiler ABI info - done
[0.362s] -- Check for working CXX compiler: /usr/bin/c++ - skipped
[0.362s] -- Detecting CXX compile features
[0.363s] -- Detecting CXX compile features - done
[0.366s] -- Found ament_cmake: 1.3.10 (/opt/ros/humble/share/ament_cmake/cmake)
[0.565s] -- Found Python3: /usr/bin/python3 (found version "3.10.12") found components: Interpreter 
[0.688s] -- Found rclcpp: 16.0.10 (/opt/ros/humble/share/rclcpp/cmake)
[0.750s] -- Found rosidl_generator_c: 3.1.5 (/opt/ros/humble/share/rosidl_generator_c/cmake)
[0.758s] -- Found rosidl_adapter: 3.1.5 (/opt/ros/humble/share/rosidl_adapter/cmake)
[0.770s] -- Found rosidl_generator_cpp: 3.1.5 (/opt/ros/humble/share/rosidl_generator_cpp/cmake)
[0.787s] -- Using all available rosidl_typesupport_c: rosidl_typesupport_fastrtps_c;rosidl_typesupport_introspection_c
[0.811s] -- Using all available rosidl_typesupport_cpp: rosidl_typesupport_fastrtps_cpp;rosidl_typesupport_introspection_cpp
[0.876s] -- Found rmw_implementation_cmake: 6.1.2 (/opt/ros/humble/share/rmw_implementation_cmake/cmake)
[0.880s] -- Found rmw_fastrtps_cpp: 6.2.7 (/opt/ros/humble/share/rmw_fastrtps_cpp/cmake)
[0.985s] -- Found OpenSSL: /usr/lib/x86_64-linux-gnu/libcrypto.so (found version "3.0.2")  
[1.020s] -- Found FastRTPS: /opt/ros/humble/include  
[1.075s] -- Using RMW implementation 'rmw_fastrtps_cpp' as default
[1.087s] -- Looking for pthread.h
[1.172s] -- Looking for pthread.h - found
[1.172s] -- Performing Test CMAKE_HAVE_LIBC_PTHREAD
[1.258s] -- Performing Test CMAKE_HAVE_LIBC_PTHREAD - Success
[1.260s] -- Found Threads: TRUE  
[1.336s] -- Found sensor_msgs: 4.2.4 (/opt/ros/humble/share/sensor_msgs/cmake)
[1.381s] -- Found visualization_msgs: 4.2.4 (/opt/ros/humble/share/visualization_msgs/cmake)
[1.411s] -- Found cv_bridge: 3.2.1 (/opt/ros/humble/share/cv_bridge/cmake)
[1.428s] -- Found message_filters: 4.3.5 (/opt/ros/humble/share/message_filters/cmake)
[1.445s] -- Found Boost: /usr/lib/x86_64-linux-gnu/cmake/Boost-1.74.0/BoostConfig.cmake (found version "1.74.0") found components: system 
[1.452s] -- Found OpenCV: /usr (found version "4.5.4") 
[1.454s] -- Found Eigen: /usr/include/eigen3 (Required is at least version "2.91.0") 
[1.462s] [33mCMake Warning at CMakeLists.txt:33 (message):
[1.462s]   ORB_SLAM2 not found; skipping orbslam2 node build.  Set ORB_SLAM2_ROOT_DIR
[1.462s]   (or install ORB_SLAM2) and rebuild to enable.
[1.462s] 
[1.462s] [0m
[1.582s] -- Configuring done
[1.589s] -- Generating done
[1.592s] -- Build files have been written to: /home/roey/tello-ros2/build/orbslam2
[1.605s] Invoked command in '/home/roey/tello-ros2/build/orbslam2' returned '0': CMAKE_PREFIX_PATH=${CMAKE_PREFIX_PATH}:/home/roey/tello-ros2/install/tello:/opt/ros/humble /usr/bin/cmake /home/roey/tello-ros2/slam/src/orbslam2 -DCMAKE_INSTALL_PREFIX=/home/roey/tello-ros2/install/orbslam2
[1.607s] Invoking command in '/home/roey/tello-ros2/build/orbslam2': CMAKE_PREFIX_PATH=${CMAKE_PREFIX_PATH}:/home/roey/tello-ros2/install/tello:/opt/ros/humble /usr/bin/cmake --build /home/roey/tello-ros2/build/orbslam2 -- -j8 -l8
[1.656s] Invoked command in '/home/roey/tello-ros2/build/orbslam2' returned '0': CMAKE_PREFIX_PATH=${CMAKE_PREFIX_PATH}:/home/roey/tello-ros2/install/tello:/opt/ros/humble /usr/bin/cmake --build /home/roey/tello-ros2/build/orbslam2 -- -j8 -l8
[1.692s] Invoking command in '/home/roey/tello-ros2/build/orbslam2': CMAKE_PREFIX_PATH=${CMAKE_PREFIX_PATH}:/home/roey/tello-ros2/install/tello:/opt/ros/humble /usr/bin/cmake --install /home/roey/tello-ros2/build/orbslam2
[1.701s] -- Install configuration: ""
[1.701s] -- Up-to-date: /home/roey/tello-ros2/install/orbslam2/share/ament_index/resource_index/package_run_dependencies/orbslam2
[1.701s] -- Installing: /home/roey/tello-ros2/install/orbslam2/share/ament_index/resource_index/parent_prefix_path/orbslam2
[1.702s] -- Up-to-date: /home/roey/tello-ros2/install/orbslam2/share/orbslam2/environment/ament_prefix_path.sh
[1.702s] -- Installing: /home/roey/tello-ros2/install/orbslam2/share/orbslam2/environment/ament_prefix_path.dsv
[1.702s] -- Up-to-date: /home/roey/tello-ros2/install/orbslam2/share/orbslam2/environment/path.sh
[1.702s] -- Installing: /home/roey/tello-ros2/install/orbslam2/share/orbslam2/environment/path.dsv
[1.702s] -- Up-to-date: /home/roey/tello-ros2/install/orbslam2/share/orbslam2/local_setup.bash
[1.702s] -- Up-to-date: /home/roey/tello-ros2/install/orbslam2/share/orbslam2/local_setup.sh
[1.702s] -- Up-to-date: /home/roey/tello-ros2/install/orbslam2/share/orbslam2/local_setup.zsh
[1.702s] -- Installing: /home/roey/tello-ros2/install/orbslam2/share/orbslam2/local_setup.dsv
[1.702s] -- Installing: /home/roey/tello-ros2/install/orbslam2/share/orbslam2/package.dsv
[1.703s] -- Up-to-date: /home/roey/tello-ros2/install/orbslam2/share/ament_index/resource_index/packages/orbslam2
[1.703s] -- Up-to-date: /home/roey/tello-ros2/install/orbslam2/share/orbslam2/cmake/orbslam2Config.cmake
[1.703s] -- Up-to-date: /home/roey/tello-ros2/install/orbslam2/share/orbslam2/cmake/orbslam2Config-version.cmake
[1.703s] -- Up-to-date: /home/roey/tello-ros2/install/orbslam2/share/orbslam2/package.xml
[1.705s] Invoked command in '/home/roey/tello-ros2/build/orbslam2' returned '0': CMAKE_PREFIX_PATH=${CMAKE_PREFIX_PATH}:/home/roey/tello-ros2/install/tello:/opt/ros/humble /usr/bin/cmake --install /home/roey/tello-ros2/build/orbslam2
