[0.024s] Invoking command in '/home/roey/tello-vio/build/orbslam2': CMAKE_PREFIX_PATH=${CMAKE_PREFIX_PATH}:/home/roey/tello-vio/install/tello:/home/roey/tello-ros2/install/tello:/opt/ros/humble /usr/bin/cmake /home/roey/tello-vio/slam/src/orbslam2 -DCMAKE_INSTALL_PREFIX=/home/roey/tello-vio/install/orbslam2
[0.134s] -- The C compiler identification is GNU 11.4.0
[0.257s] -- The CXX compiler identification is GNU 11.4.0
[0.273s] -- Detecting C compiler ABI info
[0.417s] -- Detecting C compiler ABI info - done
[0.436s] -- Check for working C compiler: /usr/bin/cc - skipped
[0.436s] -- Detecting C compile features
[0.437s] -- Detecting C compile features - done
[0.443s] -- Detecting CXX compiler ABI info
[0.603s] -- Detecting CXX compiler ABI info - done
[0.621s] -- Check for working CXX compiler: /usr/bin/c++ - skipped
[0.622s] -- Detecting CXX compile features
[0.623s] -- Detecting CXX compile features - done
[0.630s] -- Found ament_cmake: 1.3.10 (/opt/ros/humble/share/ament_cmake/cmake)
[0.956s] -- Found Python3: /usr/bin/python3 (found version "3.10.12") found components: Interpreter 
[1.175s] -- Found rclcpp: 16.0.10 (/opt/ros/humble/share/rclcpp/cmake)
[1.285s] -- Found rosidl_generator_c: 3.1.5 (/opt/ros/humble/share/rosidl_generator_c/cmake)
[1.300s] -- Found rosidl_adapter: 3.1.5 (/opt/ros/humble/share/rosidl_adapter/cmake)
[1.321s] -- Found rosidl_generator_cpp: 3.1.5 (/opt/ros/humble/share/rosidl_generator_cpp/cmake)
[1.353s] -- Using all available rosidl_typesupport_c: rosidl_typesupport_fastrtps_c;rosidl_typesupport_introspection_c
[1.396s] -- Using all available rosidl_typesupport_cpp: rosidl_typesupport_fastrtps_cpp;rosidl_typesupport_introspection_cpp
[1.514s] -- Found rmw_implementation_cmake: 6.1.2 (/opt/ros/humble/share/rmw_implementation_cmake/cmake)
[1.521s] -- Found rmw_fastrtps_cpp: 6.2.7 (/opt/ros/humble/share/rmw_fastrtps_cpp/cmake)
[1.709s] -- Found OpenSSL: /usr/lib/x86_64-linux-gnu/libcrypto.so (found version "3.0.2")  
[1.773s] -- Found FastRTPS: /opt/ros/humble/include  
[1.865s] -- Using RMW implementation 'rmw_fastrtps_cpp' as default
[1.888s] -- Looking for pthread.h
[2.033s] -- Looking for pthread.h - found
[2.036s] -- Performing Test CMAKE_HAVE_LIBC_PTHREAD
[2.180s] -- Performing Test CMAKE_HAVE_LIBC_PTHREAD - Success
[2.183s] -- Found Threads: TRUE  
[2.316s] -- Found sensor_msgs: 4.2.4 (/opt/ros/humble/share/sensor_msgs/cmake)
[2.397s] -- Found visualization_msgs: 4.2.4 (/opt/ros/humble/share/visualization_msgs/cmake)
[2.450s] -- Found cv_bridge: 3.2.1 (/opt/ros/humble/share/cv_bridge/cmake)
[2.480s] -- Found message_filters: 4.3.5 (/opt/ros/humble/share/message_filters/cmake)
[2.510s] -- Found Boost: /usr/lib/x86_64-linux-gnu/cmake/Boost-1.74.0/BoostConfig.cmake (found version "1.74.0") found components: system 
[2.521s] -- Found OpenCV: /usr (found version "4.5.4") 
[2.523s] -- Found Eigen: /usr/include/eigen3 (Required is at least version "2.91.0") 
[2.742s] -- Configuring done
[2.774s] -- Generating done
[2.777s] -- Build files have been written to: /home/roey/tello-vio/build/orbslam2
[2.800s] Invoked command in '/home/roey/tello-vio/build/orbslam2' returned '0': CMAKE_PREFIX_PATH=${CMAKE_PREFIX_PATH}:/home/roey/tello-vio/install/tello:/home/roey/tello-ros2/install/tello:/opt/ros/humble /usr/bin/cmake /home/roey/tello-vio/slam/src/orbslam2 -DCMAKE_INSTALL_PREFIX=/home/roey/tello-vio/install/orbslam2
[2.803s] Invoking command in '/home/roey/tello-vio/build/orbslam2': CMAKE_PREFIX_PATH=${CMAKE_PREFIX_PATH}:/home/roey/tello-vio/install/tello:/home/roey/tello-ros2/install/tello:/opt/ros/humble /usr/bin/cmake --build /home/roey/tello-vio/build/orbslam2 -- -j8 -l8
[2.904s] Consolidate compiler generated dependencies of target mono
[2.937s] [ 33%] Building CXX object CMakeFiles/mono.dir/src/monocular/monocular-slam-node.cpp.o
[11.320s] In file included from /home/roey/tello-vio/libs/ORB_SLAM2/Thirdparty/g2o/g2o/types/types_seven_dof_expmap.h:34,
[11.322s]                  from /home/roey/tello-vio/libs/ORB_SLAM2/include/LoopClosing.h:34,
[11.322s]                  from /home/roey/tello-vio/libs/ORB_SLAM2/include/LocalMapping.h:26,
[11.322s]                  from /home/roey/tello-vio/libs/ORB_SLAM2/include/Tracking.h:29,
[11.322s]                  from /home/roey/tello-vio/libs/ORB_SLAM2/include/System.h:29,
[11.323s]                  from /home/roey/tello-vio/slam/src/orbslam2/src/monocular/monocular-slam-node.hpp:16,
[11.323s]                  from /home/roey/tello-vio/slam/src/orbslam2/src/monocular/monocular-slam-node.cpp:1:
[11.323s] /home/roey/tello-vio/libs/ORB_SLAM2/Thirdparty/g2o/g2o/types/../core/base_vertex.h:62:74: warning: ‘Eigen::AlignedBit’ is deprecated [-Wdeprecated-declarations]
[11.323s]    62 |     typedef Eigen::Map<Matrix<double, D, D>, Matrix<double,D,D>::Flags & AlignedBit ? Aligned : Unaligned >  HessianBlockType;
[11.323s]       |                                                                          ^~~~~~~~~~
[11.323s] In file included from /usr/include/eigen3/Eigen/Core:161,
[11.323s]                  from /home/roey/tello-vio/libs/ORB_SLAM2/Thirdparty/g2o/g2o/types/../core/jacobian_workspace.h:30,
[11.323s]                  from /home/roey/tello-vio/libs/ORB_SLAM2/Thirdparty/g2o/g2o/types/../core/optimizable_graph.h:41,
[11.324s]                  from /home/roey/tello-vio/libs/ORB_SLAM2/Thirdparty/g2o/g2o/types/../core/base_vertex.h:30,
[11.324s]                  from /home/roey/tello-vio/libs/ORB_SLAM2/Thirdparty/g2o/g2o/types/types_seven_dof_expmap.h:34,
[11.324s]                  from /home/roey/tello-vio/libs/ORB_SLAM2/include/LoopClosing.h:34,
[11.324s]                  from /home/roey/tello-vio/libs/ORB_SLAM2/include/LocalMapping.h:26,
[11.324s]                  from /home/roey/tello-vio/libs/ORB_SLAM2/include/Tracking.h:29,
[11.324s]                  from /home/roey/tello-vio/libs/ORB_SLAM2/include/System.h:29,
[11.324s]                  from /home/roey/tello-vio/slam/src/orbslam2/src/monocular/monocular-slam-node.hpp:16,
[11.324s]                  from /home/roey/tello-vio/slam/src/orbslam2/src/monocular/monocular-slam-node.cpp:1:
[11.337s] /usr/include/eigen3/Eigen/src/Core/util/Constants.h:167:37: note: declared here
[11.337s]   167 | EIGEN_DEPRECATED const unsigned int AlignedBit = 0x80;
[11.337s]       |                                     ^~~~~~~~~~
[11.371s] In file included from /home/roey/tello-vio/libs/ORB_SLAM2/Thirdparty/g2o/g2o/types/types_seven_dof_expmap.h:35,
[11.371s]                  from /home/roey/tello-vio/libs/ORB_SLAM2/include/LoopClosing.h:34,
[11.371s]                  from /home/roey/tello-vio/libs/ORB_SLAM2/include/LocalMapping.h:26,
[11.371s]                  from /home/roey/tello-vio/libs/ORB_SLAM2/include/Tracking.h:29,
[11.371s]                  from /home/roey/tello-vio/libs/ORB_SLAM2/include/System.h:29,
[11.371s]                  from /home/roey/tello-vio/slam/src/orbslam2/src/monocular/monocular-slam-node.hpp:16,
[11.372s]                  from /home/roey/tello-vio/slam/src/orbslam2/src/monocular/monocular-slam-node.cpp:1:
[11.372s] /home/roey/tello-vio/libs/ORB_SLAM2/Thirdparty/g2o/g2o/types/../core/base_binary_edge.h:59:82: warning: ‘Eigen::AlignedBit’ is deprecated [-Wdeprecated-declarations]
[11.372s]    59 |       typedef Eigen::Map<Matrix<double, Di, Dj>, Matrix<double, Di, Dj>::Flags & AlignedBit ? Aligned : Unaligned > HessianBlockType;
[11.372s]       |                                                                                  ^~~~~~~~~~
[11.372s] In file included from /usr/include/eigen3/Eigen/Core:161,
[11.372s]                  from /home/roey/tello-vio/libs/ORB_SLAM2/Thirdparty/g2o/g2o/types/../core/jacobian_workspace.h:30,
[11.372s]                  from /home/roey/tello-vio/libs/ORB_SLAM2/Thirdparty/g2o/g2o/types/../core/optimizable_graph.h:41,
[11.372s]                  from /home/roey/tello-vio/libs/ORB_SLAM2/Thirdparty/g2o/g2o/types/../core/base_vertex.h:30,
[11.373s]                  from /home/roey/tello-vio/libs/ORB_SLAM2/Thirdparty/g2o/g2o/types/types_seven_dof_expmap.h:34,
[11.373s]                  from /home/roey/tello-vio/libs/ORB_SLAM2/include/LoopClosing.h:34,
[11.373s]                  from /home/roey/tello-vio/libs/ORB_SLAM2/include/LocalMapping.h:26,
[11.373s]                  from /home/roey/tello-vio/libs/ORB_SLAM2/include/Tracking.h:29,
[11.373s]                  from /home/roey/tello-vio/libs/ORB_SLAM2/include/System.h:29,
[11.373s]                  from /home/roey/tello-vio/slam/src/orbslam2/src/monocular/monocular-slam-node.hpp:16,
[11.373s]                  from /home/roey/tello-vio/slam/src/orbslam2/src/monocular/monocular-slam-node.cpp:1:
[11.373s] /usr/include/eigen3/Eigen/src/Core/util/Constants.h:167:37: note: declared here
[11.374s]   167 | EIGEN_DEPRECATED const unsigned int AlignedBit = 0x80;
[11.377s]       |                                     ^~~~~~~~~~
[11.377s] In file included from /home/roey/tello-vio/libs/ORB_SLAM2/Thirdparty/g2o/g2o/types/types_seven_dof_expmap.h:35,
[11.377s]                  from /home/roey/tello-vio/libs/ORB_SLAM2/include/LoopClosing.h:34,
[11.377s]                  from /home/roey/tello-vio/libs/ORB_SLAM2/include/LocalMapping.h:26,
[11.377s]                  from /home/roey/tello-vio/libs/ORB_SLAM2/include/Tracking.h:29,
[11.378s]                  from /home/roey/tello-vio/libs/ORB_SLAM2/include/System.h:29,
[11.381s]                  from /home/roey/tello-vio/slam/src/orbslam2/src/monocular/monocular-slam-node.hpp:16,
[11.381s]                  from /home/roey/tello-vio/slam/src/orbslam2/src/monocular/monocular-slam-node.cpp:1:
[11.381s] /home/roey/tello-vio/libs/ORB_SLAM2/Thirdparty/g2o/g2o/types/../core/base_binary_edge.h:60:82: warning: ‘Eigen::AlignedBit’ is deprecated [-Wdeprecated-declarations]
[11.381s]    60 |       typedef Eigen::Map<Matrix<double, Dj, Di>, Matrix<double, Dj, Di>::Flags & AlignedBit ? Aligned : Unaligned > HessianBlockTransposedType;
[11.381s]       |                                                                                  ^~~~~~~~~~
[11.382s] In file included from /usr/include/eigen3/Eigen/Core:161,
[11.382s]                  from /home/roey/tello-vio/libs/ORB_SLAM2/Thirdparty/g2o/g2o/types/../core/jacobian_workspace.h:30,
[11.382s]                  from /home/roey/tello-vio/libs/ORB_SLAM2/Thirdparty/g2o/g2o/types/../core/optimizable_graph.h:41,
[11.382s]                  from /home/roey/tello-vio/libs/ORB_SLAM2/Thirdparty/g2o/g2o/types/../core/base_vertex.h:30,
[11.382s]                  from /home/roey/tello-vio/libs/ORB_SLAM2/Thirdparty/g2o/g2o/types/types_seven_dof_expmap.h:34,
[11.382s]                  from /home/roey/tello-vio/libs/ORB_SLAM2/include/LoopClosing.h:34,
[11.382s]                  from /home/roey/tello-vio/libs/ORB_SLAM2/include/LocalMapping.h:26,
[11.382s]                  from /home/roey/tello-vio/libs/ORB_SLAM2/include/Tracking.h:29,
[11.383s]                  from /home/roey/tello-vio/libs/ORB_SLAM2/include/System.h:29,
[11.389s]                  from /home/roey/tello-vio/slam/src/orbslam2/src/monocular/monocular-slam-node.hpp:16,
[11.389s]                  from /home/roey/tello-vio/slam/src/orbslam2/src/monocular/monocular-slam-node.cpp:1:
[11.390s] /usr/include/eigen3/Eigen/src/Core/util/Constants.h:167:37: note: declared here
[11.392s]   167 | EIGEN_DEPRECATED const unsigned int AlignedBit = 0x80;
[11.392s]       |                                     ^~~~~~~~~~
[11.485s] In file included from /home/roey/tello-vio/libs/ORB_SLAM2/Thirdparty/g2o/g2o/types/types_six_dof_expmap.h:41,
[11.485s]                  from /home/roey/tello-vio/libs/ORB_SLAM2/Thirdparty/g2o/g2o/types/types_seven_dof_expmap.h:36,
[11.486s]                  from /home/roey/tello-vio/libs/ORB_SLAM2/include/LoopClosing.h:34,
[11.486s]                  from /home/roey/tello-vio/libs/ORB_SLAM2/include/LocalMapping.h:26,
[11.486s]                  from /home/roey/tello-vio/libs/ORB_SLAM2/include/Tracking.h:29,
[11.486s]                  from /home/roey/tello-vio/libs/ORB_SLAM2/include/System.h:29,
[11.486s]                  from /home/roey/tello-vio/slam/src/orbslam2/src/monocular/monocular-slam-node.hpp:16,
[11.486s]                  from /home/roey/tello-vio/slam/src/orbslam2/src/monocular/monocular-slam-node.cpp:1:
[11.486s] /home/roey/tello-vio/libs/ORB_SLAM2/Thirdparty/g2o/g2o/types/se3quat.h:43:38: warning: extra ‘;’ [-Wpedantic]
[11.487s]    43 |       EIGEN_MAKE_ALIGNED_OPERATOR_NEW;
[11.487s]       |                                      ^
[11.487s]       |                                      -
[12.276s] In file included from /home/roey/tello-vio/libs/ORB_SLAM2/Thirdparty/g2o/g2o/types/types_seven_dof_expmap.h:34,
[12.276s]                  from /home/roey/tello-vio/libs/ORB_SLAM2/include/LoopClosing.h:34,
[12.276s]                  from /home/roey/tello-vio/libs/ORB_SLAM2/include/LocalMapping.h:26,
[12.276s]                  from /home/roey/tello-vio/libs/ORB_SLAM2/include/Tracking.h:29,
[12.276s]                  from /home/roey/tello-vio/libs/ORB_SLAM2/include/System.h:29,
[12.277s]                  from /home/roey/tello-vio/slam/src/orbslam2/src/monocular/monocular-slam-node.hpp:16,
[12.277s]                  from /home/roey/tello-vio/slam/src/orbslam2/src/monocular/monocular-slam-node.cpp:1:
[12.277s] /home/roey/tello-vio/libs/ORB_SLAM2/Thirdparty/g2o/g2o/types/../core/base_vertex.h: In instantiation of ‘class g2o::BaseVertex<3, Eigen::Matrix<double, 3, 1> >’:
[12.277s] /home/roey/tello-vio/libs/ORB_SLAM2/Thirdparty/g2o/g2o/types/types_sba.h:40:35:   required from here
[12.277s] /home/roey/tello-vio/libs/ORB_SLAM2/Thirdparty/g2o/g2o/types/../core/base_vertex.h:62:72: warning: ‘Eigen::AlignedBit’ is deprecated [-Wdeprecated-declarations]
[12.277s]    62 |     typedef Eigen::Map<Matrix<double, D, D>, Matrix<double,D,D>::Flags & AlignedBit ? Aligned : Unaligned >  HessianBlockType;
[12.277s]       |                                                                  ~~~~~~^~~~~~~~~~~~
[12.277s] In file included from /usr/include/eigen3/Eigen/Core:161,
[12.278s]                  from /home/roey/tello-vio/libs/ORB_SLAM2/Thirdparty/g2o/g2o/types/../core/jacobian_workspace.h:30,
[12.278s]                  from /home/roey/tello-vio/libs/ORB_SLAM2/Thirdparty/g2o/g2o/types/../core/optimizable_graph.h:41,
[12.278s]                  from /home/roey/tello-vio/libs/ORB_SLAM2/Thirdparty/g2o/g2o/types/../core/base_vertex.h:30,
[12.278s]                  from /home/roey/tello-vio/libs/ORB_SLAM2/Thirdparty/g2o/g2o/types/types_seven_dof_expmap.h:34,
[12.278s]                  from /home/roey/tello-vio/libs/ORB_SLAM2/include/LoopClosing.h:34,
[12.278s]                  from /home/roey/tello-vio/libs/ORB_SLAM2/include/LocalMapping.h:26,
[12.278s]                  from /home/roey/tello-vio/libs/ORB_SLAM2/include/Tracking.h:29,
[12.279s]                  from /home/roey/tello-vio/libs/ORB_SLAM2/include/System.h:29,
[12.279s]                  from /home/roey/tello-vio/slam/src/orbslam2/src/monocular/monocular-slam-node.hpp:16,
[12.279s]                  from /home/roey/tello-vio/slam/src/orbslam2/src/monocular/monocular-slam-node.cpp:1:
[12.279s] /usr/include/eigen3/Eigen/src/Core/util/Constants.h:167:37: note: declared here
[12.279s]   167 | EIGEN_DEPRECATED const unsigned int AlignedBit = 0x80;
[12.279s]       |                                     ^~~~~~~~~~
[12.328s] In file included from /home/roey/tello-vio/libs/ORB_SLAM2/Thirdparty/g2o/g2o/types/types_seven_dof_expmap.h:34,
[12.328s]                  from /home/roey/tello-vio/libs/ORB_SLAM2/include/LoopClosing.h:34,
[12.328s]                  from /home/roey/tello-vio/libs/ORB_SLAM2/include/LocalMapping.h:26,
[12.329s]                  from /home/roey/tello-vio/libs/ORB_SLAM2/include/Tracking.h:29,
[12.329s]                  from /home/roey/tello-vio/libs/ORB_SLAM2/include/System.h:29,
[12.329s]                  from /home/roey/tello-vio/slam/src/orbslam2/src/monocular/monocular-slam-node.hpp:16,
[12.329s]                  from /home/roey/tello-vio/slam/src/orbslam2/src/monocular/monocular-slam-node.cpp:1:
[12.329s] /home/roey/tello-vio/libs/ORB_SLAM2/Thirdparty/g2o/g2o/types/../core/base_vertex.h: In instantiation of ‘class g2o::BaseVertex<6, g2o::SE3Quat>’:
[12.329s] /home/roey/tello-vio/libs/ORB_SLAM2/Thirdparty/g2o/g2o/types/types_six_dof_expmap.h:59:33:   required from here
[12.329s] /home/roey/tello-vio/libs/ORB_SLAM2/Thirdparty/g2o/g2o/types/../core/base_vertex.h:62:72: warning: ‘Eigen::AlignedBit’ is deprecated [-Wdeprecated-declarations]
[12.329s]    62 |     typedef Eigen::Map<Matrix<double, D, D>, Matrix<double,D,D>::Flags & AlignedBit ? Aligned : Unaligned >  HessianBlockType;
[12.330s]       |                                                                  ~~~~~~^~~~~~~~~~~~
[12.330s] In file included from /usr/include/eigen3/Eigen/Core:161,
[12.330s]                  from /home/roey/tello-vio/libs/ORB_SLAM2/Thirdparty/g2o/g2o/types/../core/jacobian_workspace.h:30,
[12.330s]                  from /home/roey/tello-vio/libs/ORB_SLAM2/Thirdparty/g2o/g2o/types/../core/optimizable_graph.h:41,
[12.330s]                  from /home/roey/tello-vio/libs/ORB_SLAM2/Thirdparty/g2o/g2o/types/../core/base_vertex.h:30,
[12.330s]                  from /home/roey/tello-vio/libs/ORB_SLAM2/Thirdparty/g2o/g2o/types/types_seven_dof_expmap.h:34,
[12.330s]                  from /home/roey/tello-vio/libs/ORB_SLAM2/include/LoopClosing.h:34,
[12.330s]                  from /home/roey/tello-vio/libs/ORB_SLAM2/include/LocalMapping.h:26,
[12.331s]                  from /home/roey/tello-vio/libs/ORB_SLAM2/include/Tracking.h:29,
[12.331s]                  from /home/roey/tello-vio/libs/ORB_SLAM2/include/System.h:29,
[12.331s]                  from /home/roey/tello-vio/slam/src/orbslam2/src/monocular/monocular-slam-node.hpp:16,
[12.331s]                  from /home/roey/tello-vio/slam/src/orbslam2/src/monocular/monocular-slam-node.cpp:1:
[12.331s] /usr/include/eigen3/Eigen/src/Core/util/Constants.h:167:37: note: declared here
[12.331s]   167 | EIGEN_DEPRECATED const unsigned int AlignedBit = 0x80;
[12.331s]       |                                     ^~~~~~~~~~
[12.476s] In file included from /home/roey/tello-vio/libs/ORB_SLAM2/Thirdparty/g2o/g2o/types/types_seven_dof_expmap.h:35,
[12.476s]                  from /home/roey/tello-vio/libs/ORB_SLAM2/include/LoopClosing.h:34,
[12.476s]                  from /home/roey/tello-vio/libs/ORB_SLAM2/include/LocalMapping.h:26,
[12.476s]                  from /home/roey/tello-vio/libs/ORB_SLAM2/include/Tracking.h:29,
[12.476s]                  from /home/roey/tello-vio/libs/ORB_SLAM2/include/System.h:29,
[12.476s]                  from /home/roey/tello-vio/slam/src/orbslam2/src/monocular/monocular-slam-node.hpp:16,
[12.477s]                  from /home/roey/tello-vio/slam/src/orbslam2/src/monocular/monocular-slam-node.cpp:1:
[12.477s] /home/roey/tello-vio/libs/ORB_SLAM2/Thirdparty/g2o/g2o/types/../core/base_binary_edge.h: In instantiation of ‘class g2o::BaseBinaryEdge<2, Eigen::Matrix<double, 2, 1>, g2o::VertexSBAPointXYZ, g2o::VertexSE3Expmap>’:
[12.477s] /home/roey/tello-vio/libs/ORB_SLAM2/Thirdparty/g2o/g2o/types/types_six_dof_expmap.h:80:35:   required from here
[12.477s] /home/roey/tello-vio/libs/ORB_SLAM2/Thirdparty/g2o/g2o/types/../core/base_binary_edge.h:59:80: warning: ‘Eigen::AlignedBit’ is deprecated [-Wdeprecated-declarations]
[12.477s]    59 |       typedef Eigen::Map<Matrix<double, Di, Dj>, Matrix<double, Di, Dj>::Flags & AlignedBit ? Aligned : Unaligned > HessianBlockType;
[12.477s]       |                                                                          ~~~~~~^~~~~~~~~~~~
[12.477s] In file included from /usr/include/eigen3/Eigen/Core:161,
[12.478s]                  from /home/roey/tello-vio/libs/ORB_SLAM2/Thirdparty/g2o/g2o/types/../core/jacobian_workspace.h:30,
[12.478s]                  from /home/roey/tello-vio/libs/ORB_SLAM2/Thirdparty/g2o/g2o/types/../core/optimizable_graph.h:41,
[12.478s]                  from /home/roey/tello-vio/libs/ORB_SLAM2/Thirdparty/g2o/g2o/types/../core/base_vertex.h:30,
[12.478s]                  from /home/roey/tello-vio/libs/ORB_SLAM2/Thirdparty/g2o/g2o/types/types_seven_dof_expmap.h:34,
[12.478s]                  from /home/roey/tello-vio/libs/ORB_SLAM2/include/LoopClosing.h:34,
[12.478s]                  from /home/roey/tello-vio/libs/ORB_SLAM2/include/LocalMapping.h:26,
[12.478s]                  from /home/roey/tello-vio/libs/ORB_SLAM2/include/Tracking.h:29,
[12.478s]                  from /home/roey/tello-vio/libs/ORB_SLAM2/include/System.h:29,
[12.478s]                  from /home/roey/tello-vio/slam/src/orbslam2/src/monocular/monocular-slam-node.hpp:16,
[12.479s]                  from /home/roey/tello-vio/slam/src/orbslam2/src/monocular/monocular-slam-node.cpp:1:
[12.479s] /usr/include/eigen3/Eigen/src/Core/util/Constants.h:167:37: note: declared here
[12.479s]   167 | EIGEN_DEPRECATED const unsigned int AlignedBit = 0x80;
[12.479s]       |                                     ^~~~~~~~~~
[12.499s] In file included from /home/roey/tello-vio/libs/ORB_SLAM2/Thirdparty/g2o/g2o/types/types_seven_dof_expmap.h:35,
[12.500s]                  from /home/roey/tello-vio/libs/ORB_SLAM2/include/LoopClosing.h:34,
[12.500s]                  from /home/roey/tello-vio/libs/ORB_SLAM2/include/LocalMapping.h:26,
[12.500s]                  from /home/roey/tello-vio/libs/ORB_SLAM2/include/Tracking.h:29,
[12.500s]                  from /home/roey/tello-vio/libs/ORB_SLAM2/include/System.h:29,
[12.500s]                  from /home/roey/tello-vio/slam/src/orbslam2/src/monocular/monocular-slam-node.hpp:16,
[12.500s]                  from /home/roey/tello-vio/slam/src/orbslam2/src/monocular/monocular-slam-node.cpp:1:
[12.500s] /home/roey/tello-vio/libs/ORB_SLAM2/Thirdparty/g2o/g2o/types/../core/base_binary_edge.h:60:80: warning: ‘Eigen::AlignedBit’ is deprecated [-Wdeprecated-declarations]
[12.501s]    60 |       typedef Eigen::Map<Matrix<double, Dj, Di>, Matrix<double, Dj, Di>::Flags & AlignedBit ? Aligned : Unaligned > HessianBlockTransposedType;
[12.501s]       |                                                                          ~~~~~~^~~~~~~~~~~~
[12.501s] In file included from /usr/include/eigen3/Eigen/Core:161,
[12.501s]                  from /home/roey/tello-vio/libs/ORB_SLAM2/Thirdparty/g2o/g2o/types/../core/jacobian_workspace.h:30,
[12.501s]                  from /home/roey/tello-vio/libs/ORB_SLAM2/Thirdparty/g2o/g2o/types/../core/optimizable_graph.h:41,
[12.501s]                  from /home/roey/tello-vio/libs/ORB_SLAM2/Thirdparty/g2o/g2o/types/../core/base_vertex.h:30,
[12.501s]                  from /home/roey/tello-vio/libs/ORB_SLAM2/Thirdparty/g2o/g2o/types/types_seven_dof_expmap.h:34,
[12.501s]                  from /home/roey/tello-vio/libs/ORB_SLAM2/include/LoopClosing.h:34,
[12.502s]                  from /home/roey/tello-vio/libs/ORB_SLAM2/include/LocalMapping.h:26,
[12.502s]                  from /home/roey/tello-vio/libs/ORB_SLAM2/include/Tracking.h:29,
[12.502s]                  from /home/roey/tello-vio/libs/ORB_SLAM2/include/System.h:29,
[12.502s]                  from /home/roey/tello-vio/slam/src/orbslam2/src/monocular/monocular-slam-node.hpp:16,
[12.502s]                  from /home/roey/tello-vio/slam/src/orbslam2/src/monocular/monocular-slam-node.cpp:1:
[12.502s] /usr/include/eigen3/Eigen/src/Core/util/Constants.h:167:37: note: declared here
[12.502s]   167 | EIGEN_DEPRECATED const unsigned int AlignedBit = 0x80;
[12.502s]       |                                     ^~~~~~~~~~
[12.603s] In file included from /home/roey/tello-vio/libs/ORB_SLAM2/Thirdparty/g2o/g2o/types/types_seven_dof_expmap.h:35,
[12.603s]                  from /home/roey/tello-vio/libs/ORB_SLAM2/include/LoopClosing.h:34,
[12.603s]                  from /home/roey/tello-vio/libs/ORB_SLAM2/include/LocalMapping.h:26,
[12.603s]                  from /home/roey/tello-vio/libs/ORB_SLAM2/include/Tracking.h:29,
[12.603s]                  from /home/roey/tello-vio/libs/ORB_SLAM2/include/System.h:29,
[12.604s]                  from /home/roey/tello-vio/slam/src/orbslam2/src/monocular/monocular-slam-node.hpp:16,
[12.604s]                  from /home/roey/tello-vio/slam/src/orbslam2/src/monocular/monocular-slam-node.cpp:1:
[12.604s] /home/roey/tello-vio/libs/ORB_SLAM2/Thirdparty/g2o/g2o/types/../core/base_binary_edge.h: In instantiation of ‘class g2o::BaseBinaryEdge<3, Eigen::Matrix<double, 3, 1>, g2o::VertexSBAPointXYZ, g2o::VertexSE3Expmap>’:
[12.604s] /home/roey/tello-vio/libs/ORB_SLAM2/Thirdparty/g2o/g2o/types/types_six_dof_expmap.h:112:41:   required from here
[12.604s] /home/roey/tello-vio/libs/ORB_SLAM2/Thirdparty/g2o/g2o/types/../core/base_binary_edge.h:59:80: warning: ‘Eigen::AlignedBit’ is deprecated [-Wdeprecated-declarations]
[12.604s]    59 |       typedef Eigen::Map<Matrix<double, Di, Dj>, Matrix<double, Di, Dj>::Flags & AlignedBit ? Aligned : Unaligned > HessianBlockType;
[12.604s]       |                                                                          ~~~~~~^~~~~~~~~~~~
[12.604s] In file included from /usr/include/eigen3/Eigen/Core:161,
[12.605s]                  from /home/roey/tello-vio/libs/ORB_SLAM2/Thirdparty/g2o/g2o/types/../core/jacobian_workspace.h:30,
[12.605s]                  from /home/roey/tello-vio/libs/ORB_SLAM2/Thirdparty/g2o/g2o/types/../core/optimizable_graph.h:41,
[12.605s]                  from /home/roey/tello-vio/libs/ORB_SLAM2/Thirdparty/g2o/g2o/types/../core/base_vertex.h:30,
[12.605s]                  from /home/roey/tello-vio/libs/ORB_SLAM2/Thirdparty/g2o/g2o/types/types_seven_dof_expmap.h:34,
[12.605s]                  from /home/roey/tello-vio/libs/ORB_SLAM2/include/LoopClosing.h:34,
[12.605s]                  from /home/roey/tello-vio/libs/ORB_SLAM2/include/LocalMapping.h:26,
[12.605s]                  from /home/roey/tello-vio/libs/ORB_SLAM2/include/Tracking.h:29,
[12.605s]                  from /home/roey/tello-vio/libs/ORB_SLAM2/include/System.h:29,
[12.606s]                  from /home/roey/tello-vio/slam/src/orbslam2/src/monocular/monocular-slam-node.hpp:16,
[12.606s]                  from /home/roey/tello-vio/slam/src/orbslam2/src/monocular/monocular-slam-node.cpp:1:
[12.606s] /usr/include/eigen3/Eigen/src/Core/util/Constants.h:167:37: note: declared here
[12.606s]   167 | EIGEN_DEPRECATED const unsigned int AlignedBit = 0x80;
[12.606s]       |                                     ^~~~~~~~~~
[12.606s] In file included from /home/roey/tello-vio/libs/ORB_SLAM2/Thirdparty/g2o/g2o/types/types_seven_dof_expmap.h:35,
[12.607s]                  from /home/roey/tello-vio/libs/ORB_SLAM2/include/LoopClosing.h:34,
[12.607s]                  from /home/roey/tello-vio/libs/ORB_SLAM2/include/LocalMapping.h:26,
[12.607s]                  from /home/roey/tello-vio/libs/ORB_SLAM2/include/Tracking.h:29,
[12.607s]                  from /home/roey/tello-vio/libs/ORB_SLAM2/include/System.h:29,
[12.607s]                  from /home/roey/tello-vio/slam/src/orbslam2/src/monocular/monocular-slam-node.hpp:16,
[12.607s]                  from /home/roey/tello-vio/slam/src/orbslam2/src/monocular/monocular-slam-node.cpp:1:
[12.607s] /home/roey/tello-vio/libs/ORB_SLAM2/Thirdparty/g2o/g2o/types/../core/base_binary_edge.h:60:80: warning: ‘Eigen::AlignedBit’ is deprecated [-Wdeprecated-declarations]
[12.608s]    60 |       typedef Eigen::Map<Matrix<double, Dj, Di>, Matrix<double, Dj, Di>::Flags & AlignedBit ? Aligned : Unaligned > HessianBlockTransposedType;
[12.608s]       |                                                                          ~~~~~~^~~~~~~~~~~~
[12.608s] In file included from /usr/include/eigen3/Eigen/Core:161,
[12.608s]                  from /home/roey/tello-vio/libs/ORB_SLAM2/Thirdparty/g2o/g2o/types/../core/jacobian_workspace.h:30,
[12.608s]                  from /home/roey/tello-vio/libs/ORB_SLAM2/Thirdparty/g2o/g2o/types/../core/optimizable_graph.h:41,
[12.608s]                  from /home/roey/tello-vio/libs/ORB_SLAM2/Thirdparty/g2o/g2o/types/../core/base_vertex.h:30,
[12.608s]                  from /home/roey/tello-vio/libs/ORB_SLAM2/Thirdparty/g2o/g2o/types/types_seven_dof_expmap.h:34,
[12.608s]                  from /home/roey/tello-vio/libs/ORB_SLAM2/include/LoopClosing.h:34,
[12.609s]                  from /home/roey/tello-vio/libs/ORB_SLAM2/include/LocalMapping.h:26,
[12.609s]                  from /home/roey/tello-vio/libs/ORB_SLAM2/include/Tracking.h:29,
[12.609s]                  from /home/roey/tello-vio/libs/ORB_SLAM2/include/System.h:29,
[12.609s]                  from /home/roey/tello-vio/slam/src/orbslam2/src/monocular/monocular-slam-node.hpp:16,
[12.609s]                  from /home/roey/tello-vio/slam/src/orbslam2/src/monocular/monocular-slam-node.cpp:1:
[12.609s] /usr/include/eigen3/Eigen/src/Core/util/Constants.h:167:37: note: declared here
[12.609s]   167 | EIGEN_DEPRECATED const unsigned int AlignedBit = 0x80;
[12.609s]       |                                     ^~~~~~~~~~
[12.962s] In file included from /home/roey/tello-vio/libs/ORB_SLAM2/Thirdparty/g2o/g2o/types/types_seven_dof_expmap.h:34,
[12.963s]                  from /home/roey/tello-vio/libs/ORB_SLAM2/include/LoopClosing.h:34,
[12.963s]                  from /home/roey/tello-vio/libs/ORB_SLAM2/include/LocalMapping.h:26,
[12.963s]                  from /home/roey/tello-vio/libs/ORB_SLAM2/include/Tracking.h:29,
[12.963s]                  from /home/roey/tello-vio/libs/ORB_SLAM2/include/System.h:29,
[12.963s]                  from /home/roey/tello-vio/slam/src/orbslam2/src/monocular/monocular-slam-node.hpp:16,
[12.963s]                  from /home/roey/tello-vio/slam/src/orbslam2/src/monocular/monocular-slam-node.cpp:1:
[12.963s] /home/roey/tello-vio/libs/ORB_SLAM2/Thirdparty/g2o/g2o/types/../core/base_vertex.h: In instantiation of ‘class g2o::BaseVertex<7, g2o::Sim3>’:
[12.963s] /home/roey/tello-vio/libs/ORB_SLAM2/Thirdparty/g2o/g2o/types/types_seven_dof_expmap.h:48:35:   required from here
[12.964s] /home/roey/tello-vio/libs/ORB_SLAM2/Thirdparty/g2o/g2o/types/../core/base_vertex.h:62:72: warning: ‘Eigen::AlignedBit’ is deprecated [-Wdeprecated-declarations]
[12.964s]    62 |     typedef Eigen::Map<Matrix<double, D, D>, Matrix<double,D,D>::Flags & AlignedBit ? Aligned : Unaligned >  HessianBlockType;
[12.964s]       |                                                                  ~~~~~~^~~~~~~~~~~~
[12.964s] In file included from /usr/include/eigen3/Eigen/Core:161,
[12.964s]                  from /home/roey/tello-vio/libs/ORB_SLAM2/Thirdparty/g2o/g2o/types/../core/jacobian_workspace.h:30,
[12.964s]                  from /home/roey/tello-vio/libs/ORB_SLAM2/Thirdparty/g2o/g2o/types/../core/optimizable_graph.h:41,
[12.964s]                  from /home/roey/tello-vio/libs/ORB_SLAM2/Thirdparty/g2o/g2o/types/../core/base_vertex.h:30,
[12.964s]                  from /home/roey/tello-vio/libs/ORB_SLAM2/Thirdparty/g2o/g2o/types/types_seven_dof_expmap.h:34,
[12.965s]                  from /home/roey/tello-vio/libs/ORB_SLAM2/include/LoopClosing.h:34,
[12.965s]                  from /home/roey/tello-vio/libs/ORB_SLAM2/include/LocalMapping.h:26,
[12.965s]                  from /home/roey/tello-vio/libs/ORB_SLAM2/include/Tracking.h:29,
[12.965s]                  from /home/roey/tello-vio/libs/ORB_SLAM2/include/System.h:29,
[12.965s]                  from /home/roey/tello-vio/slam/src/orbslam2/src/monocular/monocular-slam-node.hpp:16,
[12.965s]                  from /home/roey/tello-vio/slam/src/orbslam2/src/monocular/monocular-slam-node.cpp:1:
[12.965s] /usr/include/eigen3/Eigen/src/Core/util/Constants.h:167:37: note: declared here
[12.966s]   167 | EIGEN_DEPRECATED const unsigned int AlignedBit = 0x80;
[12.966s]       |                                     ^~~~~~~~~~
[13.018s] In file included from /home/roey/tello-vio/libs/ORB_SLAM2/Thirdparty/g2o/g2o/types/types_seven_dof_expmap.h:35,
[13.019s]                  from /home/roey/tello-vio/libs/ORB_SLAM2/include/LoopClosing.h:34,
[13.019s]                  from /home/roey/tello-vio/libs/ORB_SLAM2/include/LocalMapping.h:26,
[13.019s]                  from /home/roey/tello-vio/libs/ORB_SLAM2/include/Tracking.h:29,
[13.019s]                  from /home/roey/tello-vio/libs/ORB_SLAM2/include/System.h:29,
[13.019s]                  from /home/roey/tello-vio/slam/src/orbslam2/src/monocular/monocular-slam-node.hpp:16,
[13.019s]                  from /home/roey/tello-vio/slam/src/orbslam2/src/monocular/monocular-slam-node.cpp:1:
[13.020s] /home/roey/tello-vio/libs/ORB_SLAM2/Thirdparty/g2o/g2o/types/../core/base_binary_edge.h: In instantiation of ‘class g2o::BaseBinaryEdge<7, g2o::Sim3, g2o::VertexSim3Expmap, g2o::VertexSim3Expmap>’:
[13.020s] /home/roey/tello-vio/libs/ORB_SLAM2/Thirdparty/g2o/g2o/types/types_seven_dof_expmap.h:99:27:   required from here
[13.020s] /home/roey/tello-vio/libs/ORB_SLAM2/Thirdparty/g2o/g2o/types/../core/base_binary_edge.h:59:80: warning: ‘Eigen::AlignedBit’ is deprecated [-Wdeprecated-declarations]
[13.020s]    59 |       typedef Eigen::Map<Matrix<double, Di, Dj>, Matrix<double, Di, Dj>::Flags & AlignedBit ? Aligned : Unaligned > HessianBlockType;
[13.020s]       |                                                                          ~~~~~~^~~~~~~~~~~~
[13.020s] In file included from /usr/include/eigen3/Eigen/Core:161,
[13.021s]                  from /home/roey/tello-vio/libs/ORB_SLAM2/Thirdparty/g2o/g2o/types/../core/jacobian_workspace.h:30,
[13.021s]                  from /home/roey/tello-vio/libs/ORB_SLAM2/Thirdparty/g2o/g2o/types/../core/optimizable_graph.h:41,
[13.021s]                  from /home/roey/tello-vio/libs/ORB_SLAM2/Thirdparty/g2o/g2o/types/../core/base_vertex.h:30,
[13.021s]                  from /home/roey/tello-vio/libs/ORB_SLAM2/Thirdparty/g2o/g2o/types/types_seven_dof_expmap.h:34,
[13.021s]                  from /home/roey/tello-vio/libs/ORB_SLAM2/include/LoopClosing.h:34,
[13.021s]                  from /home/roey/tello-vio/libs/ORB_SLAM2/include/LocalMapping.h:26,
[13.022s]                  from /home/roey/tello-vio/libs/ORB_SLAM2/include/Tracking.h:29,
[13.022s]                  from /home/roey/tello-vio/libs/ORB_SLAM2/include/System.h:29,
[13.022s]                  from /home/roey/tello-vio/slam/src/orbslam2/src/monocular/monocular-slam-node.hpp:16,
[13.022s]                  from /home/roey/tello-vio/slam/src/orbslam2/src/monocular/monocular-slam-node.cpp:1:
[13.022s] /usr/include/eigen3/Eigen/src/Core/util/Constants.h:167:37: note: declared here
[13.022s]   167 | EIGEN_DEPRECATED const unsigned int AlignedBit = 0x80;
[13.023s]       |                                     ^~~~~~~~~~
[13.023s] In file included from /home/roey/tello-vio/libs/ORB_SLAM2/Thirdparty/g2o/g2o/types/types_seven_dof_expmap.h:35,
[13.023s]                  from /home/roey/tello-vio/libs/ORB_SLAM2/include/LoopClosing.h:34,
[13.023s]                  from /home/roey/tello-vio/libs/ORB_SLAM2/include/LocalMapping.h:26,
[13.023s]                  from /home/roey/tello-vio/libs/ORB_SLAM2/include/Tracking.h:29,
[13.023s]                  from /home/roey/tello-vio/libs/ORB_SLAM2/include/System.h:29,
[13.023s]                  from /home/roey/tello-vio/slam/src/orbslam2/src/monocular/monocular-slam-node.hpp:16,
[13.023s]                  from /home/roey/tello-vio/slam/src/orbslam2/src/monocular/monocular-slam-node.cpp:1:
[13.024s] /home/roey/tello-vio/libs/ORB_SLAM2/Thirdparty/g2o/g2o/types/../core/base_binary_edge.h:60:80: warning: ‘Eigen::AlignedBit’ is deprecated [-Wdeprecated-declarations]
[13.024s]    60 |       typedef Eigen::Map<Matrix<double, Dj, Di>, Matrix<double, Dj, Di>::Flags & AlignedBit ? Aligned : Unaligned > HessianBlockTransposedType;
[13.024s]       |                                                                          ~~~~~~^~~~~~~~~~~~
[13.024s] In file included from /usr/include/eigen3/Eigen/Core:161,
[13.024s]                  from /home/roey/tello-vio/libs/ORB_SLAM2/Thirdparty/g2o/g2o/types/../core/jacobian_workspace.h:30,
[13.024s]                  from /home/roey/tello-vio/libs/ORB_SLAM2/Thirdparty/g2o/g2o/types/../core/optimizable_graph.h:41,
[13.025s]                  from /home/roey/tello-vio/libs/ORB_SLAM2/Thirdparty/g2o/g2o/types/../core/base_vertex.h:30,
[13.025s]                  from /home/roey/tello-vio/libs/ORB_SLAM2/Thirdparty/g2o/g2o/types/types_seven_dof_expmap.h:34,
[13.025s]                  from /home/roey/tello-vio/libs/ORB_SLAM2/include/LoopClosing.h:34,
[13.025s]                  from /home/roey/tello-vio/libs/ORB_SLAM2/include/LocalMapping.h:26,
[13.025s]                  from /home/roey/tello-vio/libs/ORB_SLAM2/include/Tracking.h:29,
[13.025s]                  from /home/roey/tello-vio/libs/ORB_SLAM2/include/System.h:29,
[13.025s]                  from /home/roey/tello-vio/slam/src/orbslam2/src/monocular/monocular-slam-node.hpp:16,
[13.025s]                  from /home/roey/tello-vio/slam/src/orbslam2/src/monocular/monocular-slam-node.cpp:1:
[13.026s] /usr/include/eigen3/Eigen/src/Core/util/Constants.h:167:37: note: declared here
[13.026s]   167 | EIGEN_DEPRECATED const unsigned int AlignedBit = 0x80;
[13.026s]       |                                     ^~~~~~~~~~
[13.094s] In file included from /home/roey/tello-vio/libs/ORB_SLAM2/Thirdparty/g2o/g2o/types/types_seven_dof_expmap.h:35,
[13.094s]                  from /home/roey/tello-vio/libs/ORB_SLAM2/include/LoopClosing.h:34,
[13.094s]                  from /home/roey/tello-vio/libs/ORB_SLAM2/include/LocalMapping.h:26,
[13.094s]                  from /home/roey/tello-vio/libs/ORB_SLAM2/include/Tracking.h:29,
[13.095s]                  from /home/roey/tello-vio/libs/ORB_SLAM2/include/System.h:29,
[13.095s]                  from /home/roey/tello-vio/slam/src/orbslam2/src/monocular/monocular-slam-node.hpp:16,
[13.095s]                  from /home/roey/tello-vio/slam/src/orbslam2/src/monocular/monocular-slam-node.cpp:1:
[13.095s] /home/roey/tello-vio/libs/ORB_SLAM2/Thirdparty/g2o/g2o/types/../core/base_binary_edge.h: In instantiation of ‘class g2o::BaseBinaryEdge<2, Eigen::Matrix<double, 2, 1>, g2o::VertexSBAPointXYZ, g2o::VertexSim3Expmap>’:
[13.095s] /home/roey/tello-vio/libs/ORB_SLAM2/Thirdparty/g2o/g2o/types/types_seven_dof_expmap.h:130:36:   required from here
[13.095s] /home/roey/tello-vio/libs/ORB_SLAM2/Thirdparty/g2o/g2o/types/../core/base_binary_edge.h:59:80: warning: ‘Eigen::AlignedBit’ is deprecated [-Wdeprecated-declarations]
[13.095s]    59 |       typedef Eigen::Map<Matrix<double, Di, Dj>, Matrix<double, Di, Dj>::Flags & AlignedBit ? Aligned : Unaligned > HessianBlockType;
[13.096s]       |                                                                          ~~~~~~^~~~~~~~~~~~
[13.096s] In file included from /usr/include/eigen3/Eigen/Core:161,
[13.096s]                  from /home/roey/tello-vio/libs/ORB_SLAM2/Thirdparty/g2o/g2o/types/../core/jacobian_workspace.h:30,
[13.096s]                  from /home/roey/tello-vio/libs/ORB_SLAM2/Thirdparty/g2o/g2o/types/../core/optimizable_graph.h:41,
[13.096s]                  from /home/roey/tello-vio/libs/ORB_SLAM2/Thirdparty/g2o/g2o/types/../core/base_vertex.h:30,
[13.096s]                  from /home/roey/tello-vio/libs/ORB_SLAM2/Thirdparty/g2o/g2o/types/types_seven_dof_expmap.h:34,
[13.096s]                  from /home/roey/tello-vio/libs/ORB_SLAM2/include/LoopClosing.h:34,
[13.097s]                  from /home/roey/tello-vio/libs/ORB_SLAM2/include/LocalMapping.h:26,
[13.097s]                  from /home/roey/tello-vio/libs/ORB_SLAM2/include/Tracking.h:29,
[13.097s]                  from /home/roey/tello-vio/libs/ORB_SLAM2/include/System.h:29,
[13.097s]                  from /home/roey/tello-vio/slam/src/orbslam2/src/monocular/monocular-slam-node.hpp:16,
[13.097s]                  from /home/roey/tello-vio/slam/src/orbslam2/src/monocular/monocular-slam-node.cpp:1:
[13.097s] /usr/include/eigen3/Eigen/src/Core/util/Constants.h:167:37: note: declared here
[13.097s]   167 | EIGEN_DEPRECATED const unsigned int AlignedBit = 0x80;
[13.098s]       |                                     ^~~~~~~~~~
[13.124s] In file included from /home/roey/tello-vio/libs/ORB_SLAM2/Thirdparty/g2o/g2o/types/types_seven_dof_expmap.h:35,
[13.124s]                  from /home/roey/tello-vio/libs/ORB_SLAM2/include/LoopClosing.h:34,
[13.124s]                  from /home/roey/tello-vio/libs/ORB_SLAM2/include/LocalMapping.h:26,
[13.124s]                  from /home/roey/tello-vio/libs/ORB_SLAM2/include/Tracking.h:29,
[13.125s]                  from /home/roey/tello-vio/libs/ORB_SLAM2/include/System.h:29,
[13.125s]                  from /home/roey/tello-vio/slam/src/orbslam2/src/monocular/monocular-slam-node.hpp:16,
[13.125s]                  from /home/roey/tello-vio/slam/src/orbslam2/src/monocular/monocular-slam-node.cpp:1:
[13.125s] /home/roey/tello-vio/libs/ORB_SLAM2/Thirdparty/g2o/g2o/types/../core/base_binary_edge.h:60:80: warning: ‘Eigen::AlignedBit’ is deprecated [-Wdeprecated-declarations]
[13.125s]    60 |       typedef Eigen::Map<Matrix<double, Dj, Di>, Matrix<double, Dj, Di>::Flags & AlignedBit ? Aligned : Unaligned > HessianBlockTransposedType;
[13.125s]       |                                                                          ~~~~~~^~~~~~~~~~~~
[13.125s] In file included from /usr/include/eigen3/Eigen/Core:161,
[13.126s]                  from /home/roey/tello-vio/libs/ORB_SLAM2/Thirdparty/g2o/g2o/types/../core/jacobian_workspace.h:30,
[13.126s]                  from /home/roey/tello-vio/libs/ORB_SLAM2/Thirdparty/g2o/g2o/types/../core/optimizable_graph.h:41,
[13.126s]                  from /home/roey/tello-vio/libs/ORB_SLAM2/Thirdparty/g2o/g2o/types/../core/base_vertex.h:30,
[13.126s]                  from /home/roey/tello-vio/libs/ORB_SLAM2/Thirdparty/g2o/g2o/types/types_seven_dof_expmap.h:34,
[13.126s]                  from /home/roey/tello-vio/libs/ORB_SLAM2/include/LoopClosing.h:34,
[13.126s]                  from /home/roey/tello-vio/libs/ORB_SLAM2/include/LocalMapping.h:26,
[13.127s]                  from /home/roey/tello-vio/libs/ORB_SLAM2/include/Tracking.h:29,
[13.127s]                  from /home/roey/tello-vio/libs/ORB_SLAM2/include/System.h:29,
[13.127s]                  from /home/roey/tello-vio/slam/src/orbslam2/src/monocular/monocular-slam-node.hpp:16,
[13.127s]                  from /home/roey/tello-vio/slam/src/orbslam2/src/monocular/monocular-slam-node.cpp:1:
[13.127s] /usr/include/eigen3/Eigen/src/Core/util/Constants.h:167:37: note: declared here
[13.127s]   167 | EIGEN_DEPRECATED const unsigned int AlignedBit = 0x80;
[13.127s]       |                                     ^~~~~~~~~~
[13.329s] /home/roey/tello-vio/slam/src/orbslam2/src/monocular/monocular-slam-node.cpp: In constructor ‘MonocularSlamNode::MonocularSlamNode(ORB_SLAM2::System*, const string&, const string&)’:
[13.329s] /home/roey/tello-vio/slam/src/orbslam2/src/monocular/monocular-slam-node.cpp:15:78: warning: unused parameter ‘strVocFile’ [-Wunused-parameter]
[13.330s]    15 | MonocularSlamNode::MonocularSlamNode(ORB_SLAM2::System* pSLAM, const string &strVocFile, const string &strSettingsFile)
[13.330s]       |                                                                ~~~~~~~~~~~~~~^~~~~~~~~~
[33.884s] [ 66%] Linking CXX executable mono
[33.962s] /usr/bin/ld: cannot find -lg2o: No such file or directory
[33.963s] /usr/bin/ld: cannot find -lDBoW2: No such file or directory
[34.298s] collect2: error: ld returned 1 exit status
[34.300s] gmake[2]: *** [CMakeFiles/mono.dir/build.make:257: mono] Error 1
[34.301s] gmake[1]: *** [CMakeFiles/Makefile2:137: CMakeFiles/mono.dir/all] Error 2
[34.301s] gmake: *** [Makefile:146: all] Error 2
[34.304s] Invoked command in '/home/roey/tello-vio/build/orbslam2' returned '2': CMAKE_PREFIX_PATH=${CMAKE_PREFIX_PATH}:/home/roey/tello-vio/install/tello:/home/roey/tello-ros2/install/tello:/opt/ros/humble /usr/bin/cmake --build /home/roey/tello-vio/build/orbslam2 -- -j8 -l8
