[0.012s] Invoking command in '/home/roey/tello-vio/build/orbslam2': CMAKE_PREFIX_PATH=${CMAKE_PREFIX_PATH}:/home/roey/tello-ros2/install/tello:/opt/ros/humble /usr/bin/cmake /home/roey/tello-vio/slam/src/orbslam2 -DCMAKE_INSTALL_PREFIX=/home/roey/tello-vio/install/orbslam2
[0.078s] -- The C compiler identification is GNU 11.4.0
[0.148s] -- The CXX compiler identification is GNU 11.4.0
[0.157s] -- Detecting C compiler ABI info
[0.240s] -- Detecting C compiler ABI info - done
[0.258s] -- Check for working C compiler: /usr/bin/cc - skipped
[0.258s] -- Detecting C compile features
[0.259s] -- Detecting C compile features - done
[0.263s] -- Detecting CXX compiler ABI info
[0.358s] -- Detecting CXX compiler ABI info - done
[0.368s] -- Check for working CXX compiler: /usr/bin/c++ - skipped
[0.368s] -- Detecting CXX compile features
[0.369s] -- Detecting CXX compile features - done
[0.373s] -- Found ament_cmake: 1.3.10 (/opt/ros/humble/share/ament_cmake/cmake)
[0.567s] -- Found Python3: /usr/bin/python3 (found version "3.10.12") found components: Interpreter 
[0.692s] -- Found rclcpp: 16.0.10 (/opt/ros/humble/share/rclcpp/cmake)
[0.755s] -- Found rosidl_generator_c: 3.1.5 (/opt/ros/humble/share/rosidl_generator_c/cmake)
[0.763s] -- Found rosidl_adapter: 3.1.5 (/opt/ros/humble/share/rosidl_adapter/cmake)
[0.776s] -- Found rosidl_generator_cpp: 3.1.5 (/opt/ros/humble/share/rosidl_generator_cpp/cmake)
[0.795s] -- Using all available rosidl_typesupport_c: rosidl_typesupport_fastrtps_c;rosidl_typesupport_introspection_c
[0.819s] -- Using all available rosidl_typesupport_cpp: rosidl_typesupport_fastrtps_cpp;rosidl_typesupport_introspection_cpp
[0.888s] -- Found rmw_implementation_cmake: 6.1.2 (/opt/ros/humble/share/rmw_implementation_cmake/cmake)
[0.892s] -- Found rmw_fastrtps_cpp: 6.2.7 (/opt/ros/humble/share/rmw_fastrtps_cpp/cmake)
[1.002s] -- Found OpenSSL: /usr/lib/x86_64-linux-gnu/libcrypto.so (found version "3.0.2")  
[1.047s] -- Found FastRTPS: /opt/ros/humble/include  
[1.113s] -- Using RMW implementation 'rmw_fastrtps_cpp' as default
[1.128s] -- Looking for pthread.h
[1.218s] -- Looking for pthread.h - found
[1.218s] -- Performing Test CMAKE_HAVE_LIBC_PTHREAD
[1.310s] -- Performing Test CMAKE_HAVE_LIBC_PTHREAD - Success
[1.311s] -- Found Threads: TRUE  
[1.390s] -- Found sensor_msgs: 4.2.4 (/opt/ros/humble/share/sensor_msgs/cmake)
[1.437s] -- Found visualization_msgs: 4.2.4 (/opt/ros/humble/share/visualization_msgs/cmake)
[1.467s] -- Found cv_bridge: 3.2.1 (/opt/ros/humble/share/cv_bridge/cmake)
[1.486s] -- Found message_filters: 4.3.5 (/opt/ros/humble/share/message_filters/cmake)
[1.505s] -- Found Boost: /usr/lib/x86_64-linux-gnu/cmake/Boost-1.74.0/BoostConfig.cmake (found version "1.74.0") found components: system 
[1.513s] -- Found OpenCV: /usr (found version "4.5.4") 
[1.515s] -- Found Eigen: /usr/include/eigen3 (Required is at least version "2.91.0") 
[1.523s] [33mCMake Warning at CMakeLists.txt:33 (message):
[1.524s]   ORB_SLAM2 not found; skipping orbslam2 node build.  Set ORB_SLAM2_ROOT_DIR
[1.524s]   (or install ORB_SLAM2) and rebuild to enable.
[1.524s] 
[1.524s] [0m
[1.652s] -- Configuring done
[1.660s] -- Generating done
[1.663s] -- Build files have been written to: /home/roey/tello-vio/build/orbslam2
[1.678s] Invoked command in '/home/roey/tello-vio/build/orbslam2' returned '0': CMAKE_PREFIX_PATH=${CMAKE_PREFIX_PATH}:/home/roey/tello-ros2/install/tello:/opt/ros/humble /usr/bin/cmake /home/roey/tello-vio/slam/src/orbslam2 -DCMAKE_INSTALL_PREFIX=/home/roey/tello-vio/install/orbslam2
[1.681s] Invoking command in '/home/roey/tello-vio/build/orbslam2': CMAKE_PREFIX_PATH=${CMAKE_PREFIX_PATH}:/home/roey/tello-ros2/install/tello:/opt/ros/humble /usr/bin/cmake --build /home/roey/tello-vio/build/orbslam2 -- -j8 -l8
[1.730s] Invoked command in '/home/roey/tello-vio/build/orbslam2' returned '0': CMAKE_PREFIX_PATH=${CMAKE_PREFIX_PATH}:/home/roey/tello-ros2/install/tello:/opt/ros/humble /usr/bin/cmake --build /home/roey/tello-vio/build/orbslam2 -- -j8 -l8
[1.767s] Invoking command in '/home/roey/tello-vio/build/orbslam2': CMAKE_PREFIX_PATH=${CMAKE_PREFIX_PATH}:/home/roey/tello-ros2/install/tello:/opt/ros/humble /usr/bin/cmake --install /home/roey/tello-vio/build/orbslam2
[1.776s] -- Install configuration: ""
[1.776s] -- Up-to-date: /home/roey/tello-vio/install/orbslam2/share/ament_index/resource_index/package_run_dependencies/orbslam2
[1.776s] -- Installing: /home/roey/tello-vio/install/orbslam2/share/ament_index/resource_index/parent_prefix_path/orbslam2
[1.776s] -- Up-to-date: /home/roey/tello-vio/install/orbslam2/share/orbslam2/environment/ament_prefix_path.sh
[1.776s] -- Installing: /home/roey/tello-vio/install/orbslam2/share/orbslam2/environment/ament_prefix_path.dsv
[1.777s] -- Up-to-date: /home/roey/tello-vio/install/orbslam2/share/orbslam2/environment/path.sh
[1.777s] -- Installing: /home/roey/tello-vio/install/orbslam2/share/orbslam2/environment/path.dsv
[1.777s] -- Up-to-date: /home/roey/tello-vio/install/orbslam2/share/orbslam2/local_setup.bash
[1.777s] -- Up-to-date: /home/roey/tello-vio/install/orbslam2/share/orbslam2/local_setup.sh
[1.777s] -- Up-to-date: /home/roey/tello-vio/install/orbslam2/share/orbslam2/local_setup.zsh
[1.777s] -- Installing: /home/roey/tello-vio/install/orbslam2/share/orbslam2/local_setup.dsv
[1.777s] -- Installing: /home/roey/tello-vio/install/orbslam2/share/orbslam2/package.dsv
[1.777s] -- Up-to-date: /home/roey/tello-vio/install/orbslam2/share/ament_index/resource_index/packages/orbslam2
[1.777s] -- Up-to-date: /home/roey/tello-vio/install/orbslam2/share/orbslam2/cmake/orbslam2Config.cmake
[1.778s] -- Up-to-date: /home/roey/tello-vio/install/orbslam2/share/orbslam2/cmake/orbslam2Config-version.cmake
[1.778s] -- Up-to-date: /home/roey/tello-vio/install/orbslam2/share/orbslam2/package.xml
[1.779s] Invoked command in '/home/roey/tello-vio/build/orbslam2' returned '0': CMAKE_PREFIX_PATH=${CMAKE_PREFIX_PATH}:/home/roey/tello-ros2/install/tello:/opt/ros/humble /usr/bin/cmake --install /home/roey/tello-vio/build/orbslam2
