[0.235s] DEBUG:colcon:Command line arguments: ['/usr/bin/colcon', 'build']
[0.235s] DEBUG:colcon:Parsed command line arguments: Namespace(log_base=None, log_level=None, verb_name='build', build_base='build', install_base='install', merge_install=False, symlink_install=False, test_result_base=None, continue_on_error=False, executor='parallel', parallel_workers=8, event_handlers=None, ignore_user_meta=False, metas=['./colcon.meta'], base_paths=['.'], packages_ignore=None, packages_ignore_regex=None, paths=None, packages_up_to=None, packages_up_to_regex=None, packages_above=None, packages_above_and_dependencies=None, packages_above_depth=None, packages_select_by_dep=None, packages_skip_by_dep=None, packages_skip_up_to=None, packages_select_build_failed=False, packages_skip_build_finished=False, packages_select_test_failures=False, packages_skip_test_passed=False, packages_select=None, packages_skip=None, packages_select_regex=None, packages_skip_regex=None, packages_start=None, packages_end=None, allow_overriding=[], cmake_args=None, cmake_target=None, cmake_target_skip_unavailable=False, cmake_clean_cache=False, cmake_clean_first=False, cmake_force_configure=False, ament_cmake_args=None, catkin_cmake_args=None, catkin_skip_building_tests=False, mixin_files=None, mixin=None, verb_parser=<colcon_mixin.mixin.mixin_argument.MixinArgumentDecorator object at 0x755ee4306ad0>, verb_extension=<colcon_core.verb.build.BuildVerb object at 0x755ee43064d0>, main=<bound method BuildVerb.main of <colcon_core.verb.build.BuildVerb object at 0x755ee43064d0>>, mixin_verb=('build',))
[0.631s] Level 1:colcon.colcon_core.package_discovery:discover_packages(colcon_meta) check parameters
[0.632s] Level 1:colcon.colcon_core.package_discovery:discover_packages(recursive) check parameters
[0.632s] Level 1:colcon.colcon_core.package_discovery:discover_packages(ignore) check parameters
[0.632s] Level 1:colcon.colcon_core.package_discovery:discover_packages(path) check parameters
[0.632s] Level 1:colcon.colcon_core.package_discovery:discover_packages(colcon_meta) discover
[0.632s] Level 1:colcon.colcon_core.package_discovery:discover_packages(recursive) discover
[0.632s] INFO:colcon.colcon_core.package_discovery:Crawling recursively for packages in '/home/roey/tello-vio'
[0.632s] Level 1:colcon.colcon_core.package_identification:_identify(.) by extensions ['ignore', 'ignore_ament_install']
[0.632s] Level 1:colcon.colcon_core.package_identification:_identify(.) by extension 'ignore'
[0.632s] Level 1:colcon.colcon_core.package_identification:_identify(.) by extension 'ignore_ament_install'
[0.633s] Level 1:colcon.colcon_core.package_identification:_identify(.) by extensions ['colcon_pkg']
[0.633s] Level 1:colcon.colcon_core.package_identification:_identify(.) by extension 'colcon_pkg'
[0.633s] Level 1:colcon.colcon_core.package_identification:_identify(.) by extensions ['colcon_meta']
[0.633s] Level 1:colcon.colcon_core.package_identification:_identify(.) by extension 'colcon_meta'
[0.633s] Level 1:colcon.colcon_core.package_identification:_identify(.) by extensions ['ros']
[0.633s] Level 1:colcon.colcon_core.package_identification:_identify(.) by extension 'ros'
[0.707s] Level 1:colcon.colcon_core.package_identification:_identify(.) by extensions ['cmake', 'python']
[0.707s] Level 1:colcon.colcon_core.package_identification:_identify(.) by extension 'cmake'
[0.708s] Level 1:colcon.colcon_core.package_identification:_identify(.) by extension 'python'
[0.708s] Level 1:colcon.colcon_core.package_identification:_identify(.) by extensions ['python_setup_py']
[0.708s] Level 1:colcon.colcon_core.package_identification:_identify(.) by extension 'python_setup_py'
[0.708s] Level 1:colcon.colcon_core.package_identification:_identify(build) by extensions ['ignore', 'ignore_ament_install']
[0.708s] Level 1:colcon.colcon_core.package_identification:_identify(build) by extension 'ignore'
[0.708s] Level 1:colcon.colcon_core.package_identification:_identify(build) ignored
[0.709s] Level 1:colcon.colcon_core.package_identification:_identify(install) by extensions ['ignore', 'ignore_ament_install']
[0.709s] Level 1:colcon.colcon_core.package_identification:_identify(install) by extension 'ignore'
[0.709s] Level 1:colcon.colcon_core.package_identification:_identify(install) ignored
[0.709s] Level 1:colcon.colcon_core.package_identification:_identify(libs) by extensions ['ignore', 'ignore_ament_install']
[0.709s] Level 1:colcon.colcon_core.package_identification:_identify(libs) by extension 'ignore'
[0.709s] Level 1:colcon.colcon_core.package_identification:_identify(libs) ignored
[0.710s] Level 1:colcon.colcon_core.package_identification:_identify(log) by extensions ['ignore', 'ignore_ament_install']
[0.710s] Level 1:colcon.colcon_core.package_identification:_identify(log) by extension 'ignore'
[0.710s] Level 1:colcon.colcon_core.package_identification:_identify(log) ignored
[0.710s] Level 1:colcon.colcon_core.package_identification:_identify(readme) by extensions ['ignore', 'ignore_ament_install']
[0.710s] Level 1:colcon.colcon_core.package_identification:_identify(readme) by extension 'ignore'
[0.710s] Level 1:colcon.colcon_core.package_identification:_identify(readme) by extension 'ignore_ament_install'
[0.710s] Level 1:colcon.colcon_core.package_identification:_identify(readme) by extensions ['colcon_pkg']
[0.710s] Level 1:colcon.colcon_core.package_identification:_identify(readme) by extension 'colcon_pkg'
[0.711s] Level 1:colcon.colcon_core.package_identification:_identify(readme) by extensions ['colcon_meta']
[0.711s] Level 1:colcon.colcon_core.package_identification:_identify(readme) by extension 'colcon_meta'
[0.711s] Level 1:colcon.colcon_core.package_identification:_identify(readme) by extensions ['ros']
[0.711s] Level 1:colcon.colcon_core.package_identification:_identify(readme) by extension 'ros'
[0.711s] Level 1:colcon.colcon_core.package_identification:_identify(readme) by extensions ['cmake', 'python']
[0.711s] Level 1:colcon.colcon_core.package_identification:_identify(readme) by extension 'cmake'
[0.711s] Level 1:colcon.colcon_core.package_identification:_identify(readme) by extension 'python'
[0.711s] Level 1:colcon.colcon_core.package_identification:_identify(readme) by extensions ['python_setup_py']
[0.711s] Level 1:colcon.colcon_core.package_identification:_identify(readme) by extension 'python_setup_py'
[0.711s] Level 1:colcon.colcon_core.package_identification:_identify(scripts) by extensions ['ignore', 'ignore_ament_install']
[0.712s] Level 1:colcon.colcon_core.package_identification:_identify(scripts) by extension 'ignore'
[0.712s] Level 1:colcon.colcon_core.package_identification:_identify(scripts) by extension 'ignore_ament_install'
[0.712s] Level 1:colcon.colcon_core.package_identification:_identify(scripts) by extensions ['colcon_pkg']
[0.712s] Level 1:colcon.colcon_core.package_identification:_identify(scripts) by extension 'colcon_pkg'
[0.712s] Level 1:colcon.colcon_core.package_identification:_identify(scripts) by extensions ['colcon_meta']
[0.712s] Level 1:colcon.colcon_core.package_identification:_identify(scripts) by extension 'colcon_meta'
[0.712s] Level 1:colcon.colcon_core.package_identification:_identify(scripts) by extensions ['ros']
[0.712s] Level 1:colcon.colcon_core.package_identification:_identify(scripts) by extension 'ros'
[0.712s] Level 1:colcon.colcon_core.package_identification:_identify(scripts) by extensions ['cmake', 'python']
[0.712s] Level 1:colcon.colcon_core.package_identification:_identify(scripts) by extension 'cmake'
[0.713s] Level 1:colcon.colcon_core.package_identification:_identify(scripts) by extension 'python'
[0.713s] Level 1:colcon.colcon_core.package_identification:_identify(scripts) by extensions ['python_setup_py']
[0.713s] Level 1:colcon.colcon_core.package_identification:_identify(scripts) by extension 'python_setup_py'
[0.713s] Level 1:colcon.colcon_core.package_identification:_identify(slam) by extensions ['ignore', 'ignore_ament_install']
[0.713s] Level 1:colcon.colcon_core.package_identification:_identify(slam) by extension 'ignore'
[0.713s] Level 1:colcon.colcon_core.package_identification:_identify(slam) by extension 'ignore_ament_install'
[0.713s] Level 1:colcon.colcon_core.package_identification:_identify(slam) by extensions ['colcon_pkg']
[0.713s] Level 1:colcon.colcon_core.package_identification:_identify(slam) by extension 'colcon_pkg'
[0.714s] Level 1:colcon.colcon_core.package_identification:_identify(slam) by extensions ['colcon_meta']
[0.714s] Level 1:colcon.colcon_core.package_identification:_identify(slam) by extension 'colcon_meta'
[0.714s] Level 1:colcon.colcon_core.package_identification:_identify(slam) by extensions ['ros']
[0.714s] Level 1:colcon.colcon_core.package_identification:_identify(slam) by extension 'ros'
[0.714s] Level 1:colcon.colcon_core.package_identification:_identify(slam) by extensions ['cmake', 'python']
[0.714s] Level 1:colcon.colcon_core.package_identification:_identify(slam) by extension 'cmake'
[0.714s] Level 1:colcon.colcon_core.package_identification:_identify(slam) by extension 'python'
[0.714s] Level 1:colcon.colcon_core.package_identification:_identify(slam) by extensions ['python_setup_py']
[0.714s] Level 1:colcon.colcon_core.package_identification:_identify(slam) by extension 'python_setup_py'
[0.714s] Level 1:colcon.colcon_core.package_identification:_identify(slam/src) by extensions ['ignore', 'ignore_ament_install']
[0.715s] Level 1:colcon.colcon_core.package_identification:_identify(slam/src) by extension 'ignore'
[0.715s] Level 1:colcon.colcon_core.package_identification:_identify(slam/src) by extension 'ignore_ament_install'
[0.715s] Level 1:colcon.colcon_core.package_identification:_identify(slam/src) by extensions ['colcon_pkg']
[0.715s] Level 1:colcon.colcon_core.package_identification:_identify(slam/src) by extension 'colcon_pkg'
[0.715s] Level 1:colcon.colcon_core.package_identification:_identify(slam/src) by extensions ['colcon_meta']
[0.715s] Level 1:colcon.colcon_core.package_identification:_identify(slam/src) by extension 'colcon_meta'
[0.715s] Level 1:colcon.colcon_core.package_identification:_identify(slam/src) by extensions ['ros']
[0.715s] Level 1:colcon.colcon_core.package_identification:_identify(slam/src) by extension 'ros'
[0.715s] Level 1:colcon.colcon_core.package_identification:_identify(slam/src) by extensions ['cmake', 'python']
[0.715s] Level 1:colcon.colcon_core.package_identification:_identify(slam/src) by extension 'cmake'
[0.716s] Level 1:colcon.colcon_core.package_identification:_identify(slam/src) by extension 'python'
[0.716s] Level 1:colcon.colcon_core.package_identification:_identify(slam/src) by extensions ['python_setup_py']
[0.716s] Level 1:colcon.colcon_core.package_identification:_identify(slam/src) by extension 'python_setup_py'
[0.716s] Level 1:colcon.colcon_core.package_identification:_identify(slam/src/orbslam2) by extensions ['ignore', 'ignore_ament_install']
[0.716s] Level 1:colcon.colcon_core.package_identification:_identify(slam/src/orbslam2) by extension 'ignore'
[0.716s] Level 1:colcon.colcon_core.package_identification:_identify(slam/src/orbslam2) by extension 'ignore_ament_install'
[0.716s] Level 1:colcon.colcon_core.package_identification:_identify(slam/src/orbslam2) by extensions ['colcon_pkg']
[0.716s] Level 1:colcon.colcon_core.package_identification:_identify(slam/src/orbslam2) by extension 'colcon_pkg'
[0.716s] Level 1:colcon.colcon_core.package_identification:_identify(slam/src/orbslam2) by extensions ['colcon_meta']
[0.717s] Level 1:colcon.colcon_core.package_identification:_identify(slam/src/orbslam2) by extension 'colcon_meta'
[0.717s] Level 1:colcon.colcon_core.package_identification:_identify(slam/src/orbslam2) by extensions ['ros']
[0.717s] Level 1:colcon.colcon_core.package_identification:_identify(slam/src/orbslam2) by extension 'ros'
[0.722s] DEBUG:colcon.colcon_core.package_identification:Package 'slam/src/orbslam2' with type 'ros.ament_cmake' and name 'orbslam2'
[0.722s] Level 1:colcon.colcon_core.package_identification:_identify(workspace) by extensions ['ignore', 'ignore_ament_install']
[0.723s] Level 1:colcon.colcon_core.package_identification:_identify(workspace) by extension 'ignore'
[0.723s] Level 1:colcon.colcon_core.package_identification:_identify(workspace) by extension 'ignore_ament_install'
[0.723s] Level 1:colcon.colcon_core.package_identification:_identify(workspace) by extensions ['colcon_pkg']
[0.723s] Level 1:colcon.colcon_core.package_identification:_identify(workspace) by extension 'colcon_pkg'
[0.723s] Level 1:colcon.colcon_core.package_identification:_identify(workspace) by extensions ['colcon_meta']
[0.723s] Level 1:colcon.colcon_core.package_identification:_identify(workspace) by extension 'colcon_meta'
[0.723s] Level 1:colcon.colcon_core.package_identification:_identify(workspace) by extensions ['ros']
[0.723s] Level 1:colcon.colcon_core.package_identification:_identify(workspace) by extension 'ros'
[0.724s] Level 1:colcon.colcon_core.package_identification:_identify(workspace) by extensions ['cmake', 'python']
[0.724s] Level 1:colcon.colcon_core.package_identification:_identify(workspace) by extension 'cmake'
[0.724s] Level 1:colcon.colcon_core.package_identification:_identify(workspace) by extension 'python'
[0.724s] Level 1:colcon.colcon_core.package_identification:_identify(workspace) by extensions ['python_setup_py']
[0.724s] Level 1:colcon.colcon_core.package_identification:_identify(workspace) by extension 'python_setup_py'
[0.724s] Level 1:colcon.colcon_core.package_identification:_identify(workspace/src) by extensions ['ignore', 'ignore_ament_install']
[0.724s] Level 1:colcon.colcon_core.package_identification:_identify(workspace/src) by extension 'ignore'
[0.724s] Level 1:colcon.colcon_core.package_identification:_identify(workspace/src) by extension 'ignore_ament_install'
[0.724s] Level 1:colcon.colcon_core.package_identification:_identify(workspace/src) by extensions ['colcon_pkg']
[0.724s] Level 1:colcon.colcon_core.package_identification:_identify(workspace/src) by extension 'colcon_pkg'
[0.725s] Level 1:colcon.colcon_core.package_identification:_identify(workspace/src) by extensions ['colcon_meta']
[0.725s] Level 1:colcon.colcon_core.package_identification:_identify(workspace/src) by extension 'colcon_meta'
[0.725s] Level 1:colcon.colcon_core.package_identification:_identify(workspace/src) by extensions ['ros']
[0.725s] Level 1:colcon.colcon_core.package_identification:_identify(workspace/src) by extension 'ros'
[0.725s] Level 1:colcon.colcon_core.package_identification:_identify(workspace/src) by extensions ['cmake', 'python']
[0.725s] Level 1:colcon.colcon_core.package_identification:_identify(workspace/src) by extension 'cmake'
[0.725s] Level 1:colcon.colcon_core.package_identification:_identify(workspace/src) by extension 'python'
[0.725s] Level 1:colcon.colcon_core.package_identification:_identify(workspace/src) by extensions ['python_setup_py']
[0.725s] Level 1:colcon.colcon_core.package_identification:_identify(workspace/src) by extension 'python_setup_py'
[0.726s] Level 1:colcon.colcon_core.package_identification:_identify(workspace/src/tello) by extensions ['ignore', 'ignore_ament_install']
[0.726s] Level 1:colcon.colcon_core.package_identification:_identify(workspace/src/tello) by extension 'ignore'
[0.726s] Level 1:colcon.colcon_core.package_identification:_identify(workspace/src/tello) by extension 'ignore_ament_install'
[0.726s] Level 1:colcon.colcon_core.package_identification:_identify(workspace/src/tello) by extensions ['colcon_pkg']
[0.726s] Level 1:colcon.colcon_core.package_identification:_identify(workspace/src/tello) by extension 'colcon_pkg'
[0.726s] Level 1:colcon.colcon_core.package_identification:_identify(workspace/src/tello) by extensions ['colcon_meta']
[0.726s] Level 1:colcon.colcon_core.package_identification:_identify(workspace/src/tello) by extension 'colcon_meta'
[0.726s] Level 1:colcon.colcon_core.package_identification:_identify(workspace/src/tello) by extensions ['ros']
[0.726s] Level 1:colcon.colcon_core.package_identification:_identify(workspace/src/tello) by extension 'ros'
[0.728s] DEBUG:colcon.colcon_core.package_identification:Package 'workspace/src/tello' with type 'ros.ament_python' and name 'tello'
[0.728s] Level 1:colcon.colcon_core.package_identification:_identify(workspace/src/tello_control) by extensions ['ignore', 'ignore_ament_install']
[0.728s] Level 1:colcon.colcon_core.package_identification:_identify(workspace/src/tello_control) by extension 'ignore'
[0.728s] Level 1:colcon.colcon_core.package_identification:_identify(workspace/src/tello_control) by extension 'ignore_ament_install'
[0.728s] Level 1:colcon.colcon_core.package_identification:_identify(workspace/src/tello_control) by extensions ['colcon_pkg']
[0.729s] Level 1:colcon.colcon_core.package_identification:_identify(workspace/src/tello_control) by extension 'colcon_pkg'
[0.729s] Level 1:colcon.colcon_core.package_identification:_identify(workspace/src/tello_control) by extensions ['colcon_meta']
[0.729s] Level 1:colcon.colcon_core.package_identification:_identify(workspace/src/tello_control) by extension 'colcon_meta'
[0.729s] Level 1:colcon.colcon_core.package_identification:_identify(workspace/src/tello_control) by extensions ['ros']
[0.729s] Level 1:colcon.colcon_core.package_identification:_identify(workspace/src/tello_control) by extension 'ros'
[0.731s] DEBUG:colcon.colcon_core.package_identification:Package 'workspace/src/tello_control' with type 'ros.ament_cmake' and name 'tello_control'
[0.731s] Level 1:colcon.colcon_core.package_identification:_identify(workspace/src/tello_msg) by extensions ['ignore', 'ignore_ament_install']
[0.731s] Level 1:colcon.colcon_core.package_identification:_identify(workspace/src/tello_msg) by extension 'ignore'
[0.731s] Level 1:colcon.colcon_core.package_identification:_identify(workspace/src/tello_msg) by extension 'ignore_ament_install'
[0.731s] Level 1:colcon.colcon_core.package_identification:_identify(workspace/src/tello_msg) by extensions ['colcon_pkg']
[0.732s] Level 1:colcon.colcon_core.package_identification:_identify(workspace/src/tello_msg) by extension 'colcon_pkg'
[0.732s] Level 1:colcon.colcon_core.package_identification:_identify(workspace/src/tello_msg) by extensions ['colcon_meta']
[0.732s] Level 1:colcon.colcon_core.package_identification:_identify(workspace/src/tello_msg) by extension 'colcon_meta'
[0.732s] Level 1:colcon.colcon_core.package_identification:_identify(workspace/src/tello_msg) by extensions ['ros']
[0.732s] Level 1:colcon.colcon_core.package_identification:_identify(workspace/src/tello_msg) by extension 'ros'
[0.733s] DEBUG:colcon.colcon_core.package_identification:Package 'workspace/src/tello_msg' with type 'ros.ament_cmake' and name 'tello_msg'
[0.733s] Level 1:colcon.colcon_core.package_discovery:discover_packages(recursive) using defaults
[0.734s] Level 1:colcon.colcon_core.package_discovery:discover_packages(ignore) discover
[0.734s] Level 1:colcon.colcon_core.package_discovery:discover_packages(ignore) using defaults
[0.734s] Level 1:colcon.colcon_core.package_discovery:discover_packages(path) discover
[0.734s] Level 1:colcon.colcon_core.package_discovery:discover_packages(path) using defaults
[0.774s] Level 1:colcon.colcon_core.package_discovery:discover_packages(prefix_path) check parameters
[0.774s] Level 1:colcon.colcon_core.package_discovery:discover_packages(prefix_path) discover
[0.778s] DEBUG:colcon.colcon_installed_package_information.package_discovery:Found 4 installed packages in /home/roey/tello-vio/install
[0.779s] DEBUG:colcon.colcon_installed_package_information.package_discovery:Found 4 installed packages in /home/roey/tello-ros2/install
[0.783s] DEBUG:colcon.colcon_installed_package_information.package_discovery:Found 450 installed packages in /opt/ros/humble
[0.788s] Level 1:colcon.colcon_core.package_discovery:discover_packages(prefix_path) using defaults
[0.911s] Level 5:colcon.colcon_core.verb:set package 'orbslam2' build argument 'cmake_args' from command line to 'None'
[0.911s] Level 5:colcon.colcon_core.verb:set package 'orbslam2' build argument 'cmake_target' from command line to 'None'
[0.919s] Level 5:colcon.colcon_core.verb:set package 'orbslam2' build argument 'cmake_target_skip_unavailable' from command line to 'False'
[0.919s] Level 5:colcon.colcon_core.verb:set package 'orbslam2' build argument 'cmake_clean_cache' from command line to 'False'
[0.919s] Level 5:colcon.colcon_core.verb:set package 'orbslam2' build argument 'cmake_clean_first' from command line to 'False'
[0.919s] Level 5:colcon.colcon_core.verb:set package 'orbslam2' build argument 'cmake_force_configure' from command line to 'False'
[0.920s] Level 5:colcon.colcon_core.verb:set package 'orbslam2' build argument 'ament_cmake_args' from command line to 'None'
[0.920s] Level 5:colcon.colcon_core.verb:set package 'orbslam2' build argument 'catkin_cmake_args' from command line to 'None'
[0.920s] Level 5:colcon.colcon_core.verb:set package 'orbslam2' build argument 'catkin_skip_building_tests' from command line to 'False'
[0.920s] DEBUG:colcon.colcon_core.verb:Building package 'orbslam2' with the following arguments: {'ament_cmake_args': None, 'build_base': '/home/roey/tello-vio/build/orbslam2', 'catkin_cmake_args': None, 'catkin_skip_building_tests': False, 'cmake_args': None, 'cmake_clean_cache': False, 'cmake_clean_first': False, 'cmake_force_configure': False, 'cmake_target': None, 'cmake_target_skip_unavailable': False, 'install_base': '/home/roey/tello-vio/install/orbslam2', 'merge_install': False, 'path': '/home/roey/tello-vio/slam/src/orbslam2', 'symlink_install': False, 'test_result_base': None}
[0.921s] Level 5:colcon.colcon_core.verb:set package 'tello_control' build argument 'cmake_args' from command line to 'None'
[0.921s] Level 5:colcon.colcon_core.verb:set package 'tello_control' build argument 'cmake_target' from command line to 'None'
[0.921s] Level 5:colcon.colcon_core.verb:set package 'tello_control' build argument 'cmake_target_skip_unavailable' from command line to 'False'
[0.921s] Level 5:colcon.colcon_core.verb:set package 'tello_control' build argument 'cmake_clean_cache' from command line to 'False'
[0.921s] Level 5:colcon.colcon_core.verb:set package 'tello_control' build argument 'cmake_clean_first' from command line to 'False'
[0.921s] Level 5:colcon.colcon_core.verb:set package 'tello_control' build argument 'cmake_force_configure' from command line to 'False'
[0.921s] Level 5:colcon.colcon_core.verb:set package 'tello_control' build argument 'ament_cmake_args' from command line to 'None'
[0.921s] Level 5:colcon.colcon_core.verb:set package 'tello_control' build argument 'catkin_cmake_args' from command line to 'None'
[0.921s] Level 5:colcon.colcon_core.verb:set package 'tello_control' build argument 'catkin_skip_building_tests' from command line to 'False'
[0.921s] DEBUG:colcon.colcon_core.verb:Building package 'tello_control' with the following arguments: {'ament_cmake_args': None, 'build_base': '/home/roey/tello-vio/build/tello_control', 'catkin_cmake_args': None, 'catkin_skip_building_tests': False, 'cmake_args': None, 'cmake_clean_cache': False, 'cmake_clean_first': False, 'cmake_force_configure': False, 'cmake_target': None, 'cmake_target_skip_unavailable': False, 'install_base': '/home/roey/tello-vio/install/tello_control', 'merge_install': False, 'path': '/home/roey/tello-vio/workspace/src/tello_control', 'symlink_install': False, 'test_result_base': None}
[0.922s] Level 5:colcon.colcon_core.verb:set package 'tello_msg' build argument 'cmake_args' from command line to 'None'
[0.922s] Level 5:colcon.colcon_core.verb:set package 'tello_msg' build argument 'cmake_target' from command line to 'None'
[0.922s] Level 5:colcon.colcon_core.verb:set package 'tello_msg' build argument 'cmake_target_skip_unavailable' from command line to 'False'
[0.922s] Level 5:colcon.colcon_core.verb:set package 'tello_msg' build argument 'cmake_clean_cache' from command line to 'False'
[0.922s] Level 5:colcon.colcon_core.verb:set package 'tello_msg' build argument 'cmake_clean_first' from command line to 'False'
[0.922s] Level 5:colcon.colcon_core.verb:set package 'tello_msg' build argument 'cmake_force_configure' from command line to 'False'
[0.923s] Level 5:colcon.colcon_core.verb:set package 'tello_msg' build argument 'ament_cmake_args' from command line to 'None'
[0.923s] Level 5:colcon.colcon_core.verb:set package 'tello_msg' build argument 'catkin_cmake_args' from command line to 'None'
[0.923s] Level 5:colcon.colcon_core.verb:set package 'tello_msg' build argument 'catkin_skip_building_tests' from command line to 'False'
[0.923s] DEBUG:colcon.colcon_core.verb:Building package 'tello_msg' with the following arguments: {'ament_cmake_args': None, 'build_base': '/home/roey/tello-vio/build/tello_msg', 'catkin_cmake_args': None, 'catkin_skip_building_tests': False, 'cmake_args': None, 'cmake_clean_cache': False, 'cmake_clean_first': False, 'cmake_force_configure': False, 'cmake_target': None, 'cmake_target_skip_unavailable': False, 'install_base': '/home/roey/tello-vio/install/tello_msg', 'merge_install': False, 'path': '/home/roey/tello-vio/workspace/src/tello_msg', 'symlink_install': False, 'test_result_base': None}
[0.924s] Level 5:colcon.colcon_core.verb:set package 'tello' build argument 'cmake_args' from command line to 'None'
[0.924s] Level 5:colcon.colcon_core.verb:set package 'tello' build argument 'cmake_target' from command line to 'None'
[0.924s] Level 5:colcon.colcon_core.verb:set package 'tello' build argument 'cmake_target_skip_unavailable' from command line to 'False'
[0.924s] Level 5:colcon.colcon_core.verb:set package 'tello' build argument 'cmake_clean_cache' from command line to 'False'
[0.924s] Level 5:colcon.colcon_core.verb:set package 'tello' build argument 'cmake_clean_first' from command line to 'False'
[0.924s] Level 5:colcon.colcon_core.verb:set package 'tello' build argument 'cmake_force_configure' from command line to 'False'
[0.924s] Level 5:colcon.colcon_core.verb:set package 'tello' build argument 'ament_cmake_args' from command line to 'None'
[0.924s] Level 5:colcon.colcon_core.verb:set package 'tello' build argument 'catkin_cmake_args' from command line to 'None'
[0.924s] Level 5:colcon.colcon_core.verb:set package 'tello' build argument 'catkin_skip_building_tests' from command line to 'False'
[0.924s] DEBUG:colcon.colcon_core.verb:Building package 'tello' with the following arguments: {'ament_cmake_args': None, 'build_base': '/home/roey/tello-vio/build/tello', 'catkin_cmake_args': None, 'catkin_skip_building_tests': False, 'cmake_args': None, 'cmake_clean_cache': False, 'cmake_clean_first': False, 'cmake_force_configure': False, 'cmake_target': None, 'cmake_target_skip_unavailable': False, 'install_base': '/home/roey/tello-vio/install/tello', 'merge_install': False, 'path': '/home/roey/tello-vio/workspace/src/tello', 'symlink_install': False, 'test_result_base': None}
[0.925s] INFO:colcon.colcon_core.executor:Executing jobs using 'parallel' executor
[0.927s] DEBUG:colcon.colcon_parallel_executor.executor.parallel:run_until_complete
[0.927s] INFO:colcon.colcon_ros.task.ament_cmake.build:Building ROS package in '/home/roey/tello-vio/workspace/src/tello_msg' with build type 'ament_cmake'
[0.928s] INFO:colcon.colcon_cmake.task.cmake.build:Building CMake package in '/home/roey/tello-vio/workspace/src/tello_msg'
[0.932s] INFO:colcon.colcon_core.plugin_system:Skipping extension 'colcon_core.shell.bat': Not used on non-Windows systems
[0.932s] INFO:colcon.colcon_core.shell:Skip shell extension 'powershell' for command environment: Not usable outside of PowerShell
[0.932s] DEBUG:colcon.colcon_core.shell:Skip shell extension 'dsv' for command environment
[0.942s] INFO:colcon.colcon_ros.task.ament_cmake.build:Building ROS package in '/home/roey/tello-vio/slam/src/orbslam2' with build type 'ament_cmake'
[0.942s] INFO:colcon.colcon_cmake.task.cmake.build:Building CMake package in '/home/roey/tello-vio/slam/src/orbslam2'
[0.943s] INFO:colcon.colcon_core.shell:Skip shell extension 'powershell' for command environment: Not usable outside of PowerShell
[0.943s] DEBUG:colcon.colcon_core.shell:Skip shell extension 'dsv' for command environment
[0.952s] INFO:colcon.colcon_ros.task.ament_cmake.build:Building ROS package in '/home/roey/tello-vio/workspace/src/tello_control' with build type 'ament_cmake'
[0.953s] INFO:colcon.colcon_cmake.task.cmake.build:Building CMake package in '/home/roey/tello-vio/workspace/src/tello_control'
[0.953s] INFO:colcon.colcon_core.shell:Skip shell extension 'powershell' for command environment: Not usable outside of PowerShell
[0.953s] DEBUG:colcon.colcon_core.shell:Skip shell extension 'dsv' for command environment
[0.977s] DEBUG:colcon.colcon_core.event_handler.log_command:Invoking command in '/home/roey/tello-vio/build/tello_msg': CMAKE_PREFIX_PATH=${CMAKE_PREFIX_PATH}:/home/roey/tello-vio/install/tello:/home/roey/tello-ros2/install/tello:/opt/ros/humble /usr/bin/cmake --build /home/roey/tello-vio/build/tello_msg -- -j8 -l8
[0.983s] DEBUG:colcon.colcon_core.event_handler.log_command:Invoking command in '/home/roey/tello-vio/build/orbslam2': CMAKE_PREFIX_PATH=${CMAKE_PREFIX_PATH}:/home/roey/tello-vio/install/tello:/home/roey/tello-ros2/install/tello:/opt/ros/humble /usr/bin/cmake --build /home/roey/tello-vio/build/orbslam2 -- -j8 -l8
[0.998s] DEBUG:colcon.colcon_core.event_handler.log_command:Invoking command in '/home/roey/tello-vio/build/tello_control': CMAKE_PREFIX_PATH=${CMAKE_PREFIX_PATH}:/home/roey/tello-vio/install/tello:/home/roey/tello-ros2/install/tello:/opt/ros/humble /usr/bin/cmake --build /home/roey/tello-vio/build/tello_control -- -j8 -l8
[1.180s] DEBUG:colcon.colcon_core.event_handler.log_command:Invoked command in '/home/roey/tello-vio/build/orbslam2' returned '0': CMAKE_PREFIX_PATH=${CMAKE_PREFIX_PATH}:/home/roey/tello-vio/install/tello:/home/roey/tello-ros2/install/tello:/opt/ros/humble /usr/bin/cmake --build /home/roey/tello-vio/build/orbslam2 -- -j8 -l8
[1.191s] DEBUG:colcon.colcon_core.event_handler.log_command:Invoked command in '/home/roey/tello-vio/build/tello_control' returned '0': CMAKE_PREFIX_PATH=${CMAKE_PREFIX_PATH}:/home/roey/tello-vio/install/tello:/home/roey/tello-ros2/install/tello:/opt/ros/humble /usr/bin/cmake --build /home/roey/tello-vio/build/tello_control -- -j8 -l8
[1.257s] DEBUG:colcon.colcon_core.event_handler.log_command:Invoking command in '/home/roey/tello-vio/build/orbslam2': CMAKE_PREFIX_PATH=${CMAKE_PREFIX_PATH}:/home/roey/tello-vio/install/tello:/home/roey/tello-ros2/install/tello:/opt/ros/humble /usr/bin/cmake --install /home/roey/tello-vio/build/orbslam2
[1.265s] DEBUG:colcon.colcon_core.event_handler.log_command:Invoking command in '/home/roey/tello-vio/build/tello_control': CMAKE_PREFIX_PATH=${CMAKE_PREFIX_PATH}:/home/roey/tello-vio/install/tello:/home/roey/tello-ros2/install/tello:/opt/ros/humble /usr/bin/cmake --install /home/roey/tello-vio/build/tello_control
[1.276s] Level 1:colcon.colcon_core.environment:create_environment_scripts_only(orbslam2)
[1.282s] DEBUG:colcon.colcon_core.event_handler.log_command:Invoked command in '/home/roey/tello-vio/build/orbslam2' returned '0': CMAKE_PREFIX_PATH=${CMAKE_PREFIX_PATH}:/home/roey/tello-vio/install/tello:/home/roey/tello-ros2/install/tello:/opt/ros/humble /usr/bin/cmake --install /home/roey/tello-vio/build/orbslam2
[1.288s] Level 1:colcon.colcon_core.environment:checking '/home/roey/tello-vio/install/orbslam2' for CMake module files
[1.289s] Level 1:colcon.colcon_core.environment:checking '/home/roey/tello-vio/install/orbslam2' for CMake config files
[1.289s] Level 1:colcon.colcon_core.shell:create_environment_hook('orbslam2', 'cmake_prefix_path')
[1.290s] INFO:colcon.colcon_core.shell:Creating environment hook '/home/roey/tello-vio/install/orbslam2/share/orbslam2/hook/cmake_prefix_path.ps1'
[1.292s] INFO:colcon.colcon_core.shell:Creating environment descriptor '/home/roey/tello-vio/install/orbslam2/share/orbslam2/hook/cmake_prefix_path.dsv'
[1.292s] INFO:colcon.colcon_core.shell:Creating environment hook '/home/roey/tello-vio/install/orbslam2/share/orbslam2/hook/cmake_prefix_path.sh'
[1.294s] Level 1:colcon.colcon_core.environment:checking '/home/roey/tello-vio/install/orbslam2/lib'
[1.295s] Level 1:colcon.colcon_core.environment:checking '/home/roey/tello-vio/install/orbslam2/bin'
[1.295s] Level 1:colcon.colcon_core.environment:checking '/home/roey/tello-vio/install/orbslam2/lib/pkgconfig/orbslam2.pc'
[1.295s] Level 1:colcon.colcon_core.environment:checking '/home/roey/tello-vio/install/orbslam2/lib/python3.10/site-packages'
[1.296s] Level 1:colcon.colcon_core.environment:checking '/home/roey/tello-vio/install/orbslam2/bin'
[1.296s] INFO:colcon.colcon_core.shell:Creating package script '/home/roey/tello-vio/install/orbslam2/share/orbslam2/package.ps1'
[1.298s] INFO:colcon.colcon_core.shell:Creating package descriptor '/home/roey/tello-vio/install/orbslam2/share/orbslam2/package.dsv'
[1.299s] INFO:colcon.colcon_core.shell:Creating package script '/home/roey/tello-vio/install/orbslam2/share/orbslam2/package.sh'
[1.301s] INFO:colcon.colcon_core.shell:Creating package script '/home/roey/tello-vio/install/orbslam2/share/orbslam2/package.bash'
[1.303s] INFO:colcon.colcon_core.shell:Creating package script '/home/roey/tello-vio/install/orbslam2/share/orbslam2/package.zsh'
[1.305s] Level 1:colcon.colcon_core.environment:create_file_with_runtime_dependencies(/home/roey/tello-vio/install/orbslam2/share/colcon-core/packages/orbslam2)
[1.313s] Level 1:colcon.colcon_core.environment:create_environment_scripts_only(tello_control)
[1.313s] Level 1:colcon.colcon_core.environment:checking '/home/roey/tello-vio/install/tello_control' for CMake module files
[1.314s] Level 1:colcon.colcon_core.environment:checking '/home/roey/tello-vio/install/tello_control' for CMake config files
[1.315s] Level 1:colcon.colcon_core.shell:create_environment_hook('tello_control', 'cmake_prefix_path')
[1.315s] INFO:colcon.colcon_core.shell:Creating environment hook '/home/roey/tello-vio/install/tello_control/share/tello_control/hook/cmake_prefix_path.ps1'
[1.318s] INFO:colcon.colcon_core.shell:Creating environment descriptor '/home/roey/tello-vio/install/tello_control/share/tello_control/hook/cmake_prefix_path.dsv'
[1.319s] INFO:colcon.colcon_core.shell:Creating environment hook '/home/roey/tello-vio/install/tello_control/share/tello_control/hook/cmake_prefix_path.sh'
[1.320s] Level 1:colcon.colcon_core.environment:checking '/home/roey/tello-vio/install/tello_control/lib'
[1.320s] Level 1:colcon.colcon_core.environment:checking '/home/roey/tello-vio/install/tello_control/bin'
[1.324s] DEBUG:colcon.colcon_core.event_handler.log_command:Invoked command in '/home/roey/tello-vio/build/tello_control' returned '0': CMAKE_PREFIX_PATH=${CMAKE_PREFIX_PATH}:/home/roey/tello-vio/install/tello:/home/roey/tello-ros2/install/tello:/opt/ros/humble /usr/bin/cmake --install /home/roey/tello-vio/build/tello_control
[1.324s] Level 1:colcon.colcon_core.environment:checking '/home/roey/tello-vio/install/tello_control/lib/pkgconfig/tello_control.pc'
[1.325s] Level 1:colcon.colcon_core.environment:checking '/home/roey/tello-vio/install/tello_control/lib/python3.10/site-packages'
[1.325s] Level 1:colcon.colcon_core.environment:checking '/home/roey/tello-vio/install/tello_control/bin'
[1.326s] INFO:colcon.colcon_core.shell:Creating package script '/home/roey/tello-vio/install/tello_control/share/tello_control/package.ps1'
[1.327s] INFO:colcon.colcon_core.shell:Creating package descriptor '/home/roey/tello-vio/install/tello_control/share/tello_control/package.dsv'
[1.328s] INFO:colcon.colcon_core.shell:Creating package script '/home/roey/tello-vio/install/tello_control/share/tello_control/package.sh'
[1.329s] INFO:colcon.colcon_core.shell:Creating package script '/home/roey/tello-vio/install/tello_control/share/tello_control/package.bash'
[1.330s] INFO:colcon.colcon_core.shell:Creating package script '/home/roey/tello-vio/install/tello_control/share/tello_control/package.zsh'
[1.330s] Level 1:colcon.colcon_core.environment:create_file_with_runtime_dependencies(/home/roey/tello-vio/install/tello_control/share/colcon-core/packages/tello_control)
[1.379s] Level 1:colcon.colcon_core.environment:create_environment_scripts_only(orbslam2)
[1.380s] Level 1:colcon.colcon_core.environment:checking '/home/roey/tello-vio/install/orbslam2' for CMake module files
[1.381s] Level 1:colcon.colcon_core.environment:checking '/home/roey/tello-vio/install/orbslam2' for CMake config files
[1.381s] Level 1:colcon.colcon_core.shell:create_environment_hook('orbslam2', 'cmake_prefix_path')
[1.382s] INFO:colcon.colcon_core.shell:Creating environment hook '/home/roey/tello-vio/install/orbslam2/share/orbslam2/hook/cmake_prefix_path.ps1'
[1.383s] INFO:colcon.colcon_core.shell:Creating environment descriptor '/home/roey/tello-vio/install/orbslam2/share/orbslam2/hook/cmake_prefix_path.dsv'
[1.383s] INFO:colcon.colcon_core.shell:Creating environment hook '/home/roey/tello-vio/install/orbslam2/share/orbslam2/hook/cmake_prefix_path.sh'
[1.384s] Level 1:colcon.colcon_core.environment:checking '/home/roey/tello-vio/install/orbslam2/lib'
[1.384s] Level 1:colcon.colcon_core.environment:checking '/home/roey/tello-vio/install/orbslam2/bin'
[1.385s] Level 1:colcon.colcon_core.environment:checking '/home/roey/tello-vio/install/orbslam2/lib/pkgconfig/orbslam2.pc'
[1.385s] Level 1:colcon.colcon_core.environment:checking '/home/roey/tello-vio/install/orbslam2/lib/python3.10/site-packages'
[1.385s] Level 1:colcon.colcon_core.environment:checking '/home/roey/tello-vio/install/orbslam2/bin'
[1.386s] INFO:colcon.colcon_core.shell:Creating package script '/home/roey/tello-vio/install/orbslam2/share/orbslam2/package.ps1'
[1.387s] INFO:colcon.colcon_core.shell:Creating package descriptor '/home/roey/tello-vio/install/orbslam2/share/orbslam2/package.dsv'
[1.388s] INFO:colcon.colcon_core.shell:Creating package script '/home/roey/tello-vio/install/orbslam2/share/orbslam2/package.sh'
[1.389s] INFO:colcon.colcon_core.shell:Creating package script '/home/roey/tello-vio/install/orbslam2/share/orbslam2/package.bash'
[1.390s] INFO:colcon.colcon_core.shell:Creating package script '/home/roey/tello-vio/install/orbslam2/share/orbslam2/package.zsh'
[1.390s] Level 1:colcon.colcon_core.environment:create_file_with_runtime_dependencies(/home/roey/tello-vio/install/orbslam2/share/colcon-core/packages/orbslam2)
[1.392s] Level 1:colcon.colcon_core.environment:create_environment_scripts_only(tello_control)
[1.393s] Level 1:colcon.colcon_core.environment:checking '/home/roey/tello-vio/install/tello_control' for CMake module files
[1.394s] Level 1:colcon.colcon_core.environment:checking '/home/roey/tello-vio/install/tello_control' for CMake config files
[1.394s] Level 1:colcon.colcon_core.shell:create_environment_hook('tello_control', 'cmake_prefix_path')
[1.394s] INFO:colcon.colcon_core.shell:Creating environment hook '/home/roey/tello-vio/install/tello_control/share/tello_control/hook/cmake_prefix_path.ps1'
[1.395s] INFO:colcon.colcon_core.shell:Creating environment descriptor '/home/roey/tello-vio/install/tello_control/share/tello_control/hook/cmake_prefix_path.dsv'
[1.396s] INFO:colcon.colcon_core.shell:Creating environment hook '/home/roey/tello-vio/install/tello_control/share/tello_control/hook/cmake_prefix_path.sh'
[1.397s] Level 1:colcon.colcon_core.environment:checking '/home/roey/tello-vio/install/tello_control/lib'
[1.397s] Level 1:colcon.colcon_core.environment:checking '/home/roey/tello-vio/install/tello_control/bin'
[1.397s] Level 1:colcon.colcon_core.environment:checking '/home/roey/tello-vio/install/tello_control/lib/pkgconfig/tello_control.pc'
[1.398s] Level 1:colcon.colcon_core.environment:checking '/home/roey/tello-vio/install/tello_control/lib/python3.10/site-packages'
[1.398s] Level 1:colcon.colcon_core.environment:checking '/home/roey/tello-vio/install/tello_control/bin'
[1.399s] INFO:colcon.colcon_core.shell:Creating package script '/home/roey/tello-vio/install/tello_control/share/tello_control/package.ps1'
[1.399s] INFO:colcon.colcon_core.shell:Creating package descriptor '/home/roey/tello-vio/install/tello_control/share/tello_control/package.dsv'
[1.400s] INFO:colcon.colcon_core.shell:Creating package script '/home/roey/tello-vio/install/tello_control/share/tello_control/package.sh'
[1.401s] INFO:colcon.colcon_core.shell:Creating package script '/home/roey/tello-vio/install/tello_control/share/tello_control/package.bash'
[1.402s] INFO:colcon.colcon_core.shell:Creating package script '/home/roey/tello-vio/install/tello_control/share/tello_control/package.zsh'
[1.403s] Level 1:colcon.colcon_core.environment:create_file_with_runtime_dependencies(/home/roey/tello-vio/install/tello_control/share/colcon-core/packages/tello_control)
[1.675s] DEBUG:colcon.colcon_core.event_handler.log_command:Invoked command in '/home/roey/tello-vio/build/tello_msg' returned '0': CMAKE_PREFIX_PATH=${CMAKE_PREFIX_PATH}:/home/roey/tello-vio/install/tello:/home/roey/tello-ros2/install/tello:/opt/ros/humble /usr/bin/cmake --build /home/roey/tello-vio/build/tello_msg -- -j8 -l8
[1.791s] DEBUG:colcon.colcon_core.event_handler.log_command:Invoking command in '/home/roey/tello-vio/build/tello_msg': CMAKE_PREFIX_PATH=${CMAKE_PREFIX_PATH}:/home/roey/tello-vio/install/tello:/home/roey/tello-ros2/install/tello:/opt/ros/humble /usr/bin/cmake --install /home/roey/tello-vio/build/tello_msg
[1.890s] Level 1:colcon.colcon_core.environment:create_environment_scripts_only(tello_msg)
[1.890s] Level 1:colcon.colcon_core.environment:checking '/home/roey/tello-vio/install/tello_msg' for CMake module files
[1.892s] Level 1:colcon.colcon_core.environment:checking '/home/roey/tello-vio/install/tello_msg' for CMake config files
[1.893s] Level 1:colcon.colcon_core.shell:create_environment_hook('tello_msg', 'cmake_prefix_path')
[1.893s] INFO:colcon.colcon_core.shell:Creating environment hook '/home/roey/tello-vio/install/tello_msg/share/tello_msg/hook/cmake_prefix_path.ps1'
[1.894s] INFO:colcon.colcon_core.shell:Creating environment descriptor '/home/roey/tello-vio/install/tello_msg/share/tello_msg/hook/cmake_prefix_path.dsv'
[1.895s] DEBUG:colcon.colcon_core.event_handler.log_command:Invoked command in '/home/roey/tello-vio/build/tello_msg' returned '0': CMAKE_PREFIX_PATH=${CMAKE_PREFIX_PATH}:/home/roey/tello-vio/install/tello:/home/roey/tello-ros2/install/tello:/opt/ros/humble /usr/bin/cmake --install /home/roey/tello-vio/build/tello_msg
[1.895s] INFO:colcon.colcon_core.shell:Creating environment hook '/home/roey/tello-vio/install/tello_msg/share/tello_msg/hook/cmake_prefix_path.sh'
[1.896s] Level 1:colcon.colcon_core.environment:checking '/home/roey/tello-vio/install/tello_msg/lib'
[1.896s] Level 1:colcon.colcon_core.shell:create_environment_hook('tello_msg', 'ld_library_path_lib')
[1.897s] INFO:colcon.colcon_core.shell:Creating environment hook '/home/roey/tello-vio/install/tello_msg/share/tello_msg/hook/ld_library_path_lib.ps1'
[1.897s] INFO:colcon.colcon_core.shell:Creating environment descriptor '/home/roey/tello-vio/install/tello_msg/share/tello_msg/hook/ld_library_path_lib.dsv'
[1.898s] INFO:colcon.colcon_core.shell:Creating environment hook '/home/roey/tello-vio/install/tello_msg/share/tello_msg/hook/ld_library_path_lib.sh'
[1.899s] Level 1:colcon.colcon_core.environment:checking '/home/roey/tello-vio/install/tello_msg/bin'
[1.899s] Level 1:colcon.colcon_core.environment:checking '/home/roey/tello-vio/install/tello_msg/lib/pkgconfig/tello_msg.pc'
[1.899s] Level 1:colcon.colcon_core.environment:checking '/home/roey/tello-vio/install/tello_msg/lib/python3.10/site-packages'
[1.900s] Level 1:colcon.colcon_core.environment:checking '/home/roey/tello-vio/install/tello_msg/bin'
[1.900s] INFO:colcon.colcon_core.shell:Creating package script '/home/roey/tello-vio/install/tello_msg/share/tello_msg/package.ps1'
[1.901s] INFO:colcon.colcon_core.shell:Creating package descriptor '/home/roey/tello-vio/install/tello_msg/share/tello_msg/package.dsv'
[1.902s] INFO:colcon.colcon_core.shell:Creating package script '/home/roey/tello-vio/install/tello_msg/share/tello_msg/package.sh'
[1.903s] INFO:colcon.colcon_core.shell:Creating package script '/home/roey/tello-vio/install/tello_msg/share/tello_msg/package.bash'
[1.904s] INFO:colcon.colcon_core.shell:Creating package script '/home/roey/tello-vio/install/tello_msg/share/tello_msg/package.zsh'
[1.904s] Level 1:colcon.colcon_core.environment:create_file_with_runtime_dependencies(/home/roey/tello-vio/install/tello_msg/share/colcon-core/packages/tello_msg)
[2.059s] Level 1:colcon.colcon_core.environment:create_environment_scripts_only(tello_msg)
[2.060s] Level 1:colcon.colcon_core.environment:checking '/home/roey/tello-vio/install/tello_msg' for CMake module files
[2.061s] Level 1:colcon.colcon_core.environment:checking '/home/roey/tello-vio/install/tello_msg' for CMake config files
[2.062s] Level 1:colcon.colcon_core.shell:create_environment_hook('tello_msg', 'cmake_prefix_path')
[2.062s] INFO:colcon.colcon_core.shell:Creating environment hook '/home/roey/tello-vio/install/tello_msg/share/tello_msg/hook/cmake_prefix_path.ps1'
[2.063s] INFO:colcon.colcon_core.shell:Creating environment descriptor '/home/roey/tello-vio/install/tello_msg/share/tello_msg/hook/cmake_prefix_path.dsv'
[2.064s] INFO:colcon.colcon_core.shell:Creating environment hook '/home/roey/tello-vio/install/tello_msg/share/tello_msg/hook/cmake_prefix_path.sh'
[2.065s] Level 1:colcon.colcon_core.environment:checking '/home/roey/tello-vio/install/tello_msg/lib'
[2.065s] Level 1:colcon.colcon_core.shell:create_environment_hook('tello_msg', 'ld_library_path_lib')
[2.066s] INFO:colcon.colcon_core.shell:Creating environment hook '/home/roey/tello-vio/install/tello_msg/share/tello_msg/hook/ld_library_path_lib.ps1'
[2.066s] INFO:colcon.colcon_core.shell:Creating environment descriptor '/home/roey/tello-vio/install/tello_msg/share/tello_msg/hook/ld_library_path_lib.dsv'
[2.067s] INFO:colcon.colcon_core.shell:Creating environment hook '/home/roey/tello-vio/install/tello_msg/share/tello_msg/hook/ld_library_path_lib.sh'
[2.068s] Level 1:colcon.colcon_core.environment:checking '/home/roey/tello-vio/install/tello_msg/bin'
[2.068s] Level 1:colcon.colcon_core.environment:checking '/home/roey/tello-vio/install/tello_msg/lib/pkgconfig/tello_msg.pc'
[2.068s] Level 1:colcon.colcon_core.environment:checking '/home/roey/tello-vio/install/tello_msg/lib/python3.10/site-packages'
[2.069s] Level 1:colcon.colcon_core.environment:checking '/home/roey/tello-vio/install/tello_msg/bin'
[2.070s] INFO:colcon.colcon_core.shell:Creating package script '/home/roey/tello-vio/install/tello_msg/share/tello_msg/package.ps1'
[2.071s] INFO:colcon.colcon_core.shell:Creating package descriptor '/home/roey/tello-vio/install/tello_msg/share/tello_msg/package.dsv'
[2.072s] INFO:colcon.colcon_core.shell:Creating package script '/home/roey/tello-vio/install/tello_msg/share/tello_msg/package.sh'
[2.073s] INFO:colcon.colcon_core.shell:Creating package script '/home/roey/tello-vio/install/tello_msg/share/tello_msg/package.bash'
[2.073s] INFO:colcon.colcon_core.shell:Creating package script '/home/roey/tello-vio/install/tello_msg/share/tello_msg/package.zsh'
[2.074s] Level 1:colcon.colcon_core.environment:create_file_with_runtime_dependencies(/home/roey/tello-vio/install/tello_msg/share/colcon-core/packages/tello_msg)
[2.075s] INFO:colcon.colcon_ros.task.ament_python.build:Building ROS package in '/home/roey/tello-vio/workspace/src/tello' with build type 'ament_python'
[2.075s] Level 1:colcon.colcon_core.shell:create_environment_hook('tello', 'ament_prefix_path')
[2.075s] INFO:colcon.colcon_core.shell:Creating environment hook '/home/roey/tello-vio/install/tello/share/tello/hook/ament_prefix_path.ps1'
[2.076s] INFO:colcon.colcon_core.shell:Creating environment descriptor '/home/roey/tello-vio/install/tello/share/tello/hook/ament_prefix_path.dsv'
[2.077s] INFO:colcon.colcon_core.shell:Creating environment hook '/home/roey/tello-vio/install/tello/share/tello/hook/ament_prefix_path.sh'
[2.078s] INFO:colcon.colcon_core.shell:Skip shell extension 'powershell' for command environment: Not usable outside of PowerShell
[2.079s] DEBUG:colcon.colcon_core.shell:Skip shell extension 'dsv' for command environment
[2.671s] INFO:colcon.colcon_core.task.python.build:Building Python package in '/home/roey/tello-vio/workspace/src/tello'
[2.672s] INFO:colcon.colcon_core.shell:Skip shell extension 'powershell' for command environment: Not usable outside of PowerShell
[2.672s] DEBUG:colcon.colcon_core.shell:Skip shell extension 'dsv' for command environment
[3.455s] DEBUG:colcon.colcon_core.event_handler.log_command:Invoking command in '/home/roey/tello-vio/workspace/src/tello': LD_LIBRARY_PATH=/home/roey/tello-vio/install/tello_msg/lib:/home/roey/tello-ros2/install/tello_msg/lib:/usr/lib/x86_64-linux-gnu/gazebo-11/plugins:/opt/ros/humble/opt/rviz_ogre_vendor/lib:/opt/ros/humble/lib/x86_64-linux-gnu:/opt/ros/humble/lib:/usr/share/gazebo/../../lib/x86_64-linux-gnu/gazebo-11/plugins PYTHONPATH=/home/roey/tello-vio/build/tello/prefix_override:/usr/lib/python3/dist-packages/colcon_core/task/python/colcon_distutils_commands:/home/roey/tello-vio/install/tello/lib/python3.10/site-packages:${PYTHONPATH} /usr/bin/python3 -W ignore:setup.py install is deprecated setup.py egg_info --egg-base ../../../build/tello build --build-base /home/roey/tello-vio/build/tello/build install --record /home/roey/tello-vio/build/tello/install.log --single-version-externally-managed install_data
[4.100s] Level 1:colcon.colcon_core.environment:checking '/home/roey/tello-vio/install/tello' for CMake module files
[4.101s] DEBUG:colcon.colcon_core.event_handler.log_command:Invoked command in '/home/roey/tello-vio/workspace/src/tello' returned '0': LD_LIBRARY_PATH=/home/roey/tello-vio/install/tello_msg/lib:/home/roey/tello-ros2/install/tello_msg/lib:/usr/lib/x86_64-linux-gnu/gazebo-11/plugins:/opt/ros/humble/opt/rviz_ogre_vendor/lib:/opt/ros/humble/lib/x86_64-linux-gnu:/opt/ros/humble/lib:/usr/share/gazebo/../../lib/x86_64-linux-gnu/gazebo-11/plugins PYTHONPATH=/home/roey/tello-vio/build/tello/prefix_override:/usr/lib/python3/dist-packages/colcon_core/task/python/colcon_distutils_commands:/home/roey/tello-vio/install/tello/lib/python3.10/site-packages:${PYTHONPATH} /usr/bin/python3 -W ignore:setup.py install is deprecated setup.py egg_info --egg-base ../../../build/tello build --build-base /home/roey/tello-vio/build/tello/build install --record /home/roey/tello-vio/build/tello/install.log --single-version-externally-managed install_data
[4.101s] Level 1:colcon.colcon_core.environment:checking '/home/roey/tello-vio/install/tello' for CMake config files
[4.102s] Level 1:colcon.colcon_core.environment:checking '/home/roey/tello-vio/install/tello/lib'
[4.103s] Level 1:colcon.colcon_core.environment:checking '/home/roey/tello-vio/install/tello/bin'
[4.103s] Level 1:colcon.colcon_core.environment:checking '/home/roey/tello-vio/install/tello/lib/pkgconfig/tello.pc'
[4.103s] Level 1:colcon.colcon_core.environment:checking '/home/roey/tello-vio/install/tello/lib/python3.10/site-packages'
[4.103s] Level 1:colcon.colcon_core.shell:create_environment_hook('tello', 'pythonpath')
[4.104s] INFO:colcon.colcon_core.shell:Creating environment hook '/home/roey/tello-vio/install/tello/share/tello/hook/pythonpath.ps1'
[4.105s] INFO:colcon.colcon_core.shell:Creating environment descriptor '/home/roey/tello-vio/install/tello/share/tello/hook/pythonpath.dsv'
[4.105s] INFO:colcon.colcon_core.shell:Creating environment hook '/home/roey/tello-vio/install/tello/share/tello/hook/pythonpath.sh'
[4.106s] Level 1:colcon.colcon_core.environment:checking '/home/roey/tello-vio/install/tello/bin'
[4.106s] Level 1:colcon.colcon_core.environment:create_environment_scripts_only(tello)
[4.107s] INFO:colcon.colcon_core.shell:Creating package script '/home/roey/tello-vio/install/tello/share/tello/package.ps1'
[4.108s] INFO:colcon.colcon_core.shell:Creating package descriptor '/home/roey/tello-vio/install/tello/share/tello/package.dsv'
[4.109s] INFO:colcon.colcon_core.shell:Creating package script '/home/roey/tello-vio/install/tello/share/tello/package.sh'
[4.109s] INFO:colcon.colcon_core.shell:Creating package script '/home/roey/tello-vio/install/tello/share/tello/package.bash'
[4.110s] INFO:colcon.colcon_core.shell:Creating package script '/home/roey/tello-vio/install/tello/share/tello/package.zsh'
[4.111s] Level 1:colcon.colcon_core.environment:create_file_with_runtime_dependencies(/home/roey/tello-vio/install/tello/share/colcon-core/packages/tello)
[4.111s] DEBUG:colcon.colcon_parallel_executor.executor.parallel:closing loop
[4.112s] DEBUG:colcon.colcon_parallel_executor.executor.parallel:loop closed
[4.112s] DEBUG:colcon.colcon_parallel_executor.executor.parallel:run_until_complete finished with '0'
[4.112s] DEBUG:colcon.colcon_core.event_reactor:joining thread
[4.121s] INFO:colcon.colcon_core.plugin_system:Skipping extension 'colcon_notification.desktop_notification.terminal_notifier': Not used on non-Darwin systems
[4.121s] INFO:colcon.colcon_core.plugin_system:Skipping extension 'colcon_notification.desktop_notification.win32': Not used on non-Windows systems
[4.121s] INFO:colcon.colcon_notification.desktop_notification:Sending desktop notification using 'notify2'
[4.146s] DEBUG:colcon.colcon_core.event_reactor:joined thread
[4.146s] INFO:colcon.colcon_core.shell:Creating prefix script '/home/roey/tello-vio/install/local_setup.ps1'
[4.148s] INFO:colcon.colcon_core.shell:Creating prefix util module '/home/roey/tello-vio/install/_local_setup_util_ps1.py'
[4.152s] INFO:colcon.colcon_core.shell:Creating prefix chain script '/home/roey/tello-vio/install/setup.ps1'
[4.154s] INFO:colcon.colcon_core.shell:Creating prefix script '/home/roey/tello-vio/install/local_setup.sh'
[4.156s] INFO:colcon.colcon_core.shell:Creating prefix util module '/home/roey/tello-vio/install/_local_setup_util_sh.py'
[4.157s] INFO:colcon.colcon_core.shell:Creating prefix chain script '/home/roey/tello-vio/install/setup.sh'
[4.160s] INFO:colcon.colcon_core.shell:Creating prefix script '/home/roey/tello-vio/install/local_setup.bash'
[4.161s] INFO:colcon.colcon_core.shell:Creating prefix chain script '/home/roey/tello-vio/install/setup.bash'
[4.163s] INFO:colcon.colcon_core.shell:Creating prefix script '/home/roey/tello-vio/install/local_setup.zsh'
[4.164s] INFO:colcon.colcon_core.shell:Creating prefix chain script '/home/roey/tello-vio/install/setup.zsh'
