[0.040s] Invoking command in '/home/roey/tello-vio/build/tello_msg': CMAKE_PREFIX_PATH=${CMAKE_PREFIX_PATH}:/home/roey/tello-vio/install/tello:/home/roey/tello-ros2/install/tello:/opt/ros/humble /usr/bin/cmake --build /home/roey/tello-vio/build/tello_msg -- -j8 -l8
[0.138s] [ 10%] Built target tello_msg__rosidl_generator_c
[0.154s] [ 12%] Built target tello_msg__cpp
[0.191s] [ 12%] Built target ament_cmake_python_copy_tello_msg
[0.211s] [ 23%] Built target tello_msg__rosidl_typesupport_introspection_c
[0.212s] [ 34%] Built target tello_msg__rosidl_typesupport_c
[0.219s] [ 44%] Built target tello_msg__rosidl_typesupport_fastrtps_c
[0.253s] [ 55%] Built target tello_msg__rosidl_typesupport_introspection_cpp
[0.268s] [ 65%] Built target tello_msg__rosidl_typesupport_fastrtps_cpp
[0.277s] [ 76%] Built target tello_msg__rosidl_typesupport_cpp
[0.313s] [ 76%] Built target tello_msg
[0.356s] [ 78%] Built target tello_msg__py
[0.407s] [ 87%] Built target tello_msg__rosidl_generator_py
[0.456s] [ 91%] Built target tello_msg__rosidl_typesupport_fastrtps_c__pyext
[0.471s] [ 95%] Built target tello_msg__rosidl_typesupport_c__pyext
[0.477s] [100%] Built target tello_msg__rosidl_typesupport_introspection_c__pyext
[0.675s] running egg_info
[0.676s] writing tello_msg.egg-info/PKG-INFO
[0.677s] writing dependency_links to tello_msg.egg-info/dependency_links.txt
[0.677s] writing top-level names to tello_msg.egg-info/top_level.txt
[0.681s] reading manifest file 'tello_msg.egg-info/SOURCES.txt'
[0.682s] writing manifest file 'tello_msg.egg-info/SOURCES.txt'
[0.716s] [100%] Built target ament_cmake_python_build_tello_msg_egg
[0.733s] Invoked command in '/home/roey/tello-vio/build/tello_msg' returned '0': CMAKE_PREFIX_PATH=${CMAKE_PREFIX_PATH}:/home/roey/tello-vio/install/tello:/home/roey/tello-ros2/install/tello:/opt/ros/humble /usr/bin/cmake --build /home/roey/tello-vio/build/tello_msg -- -j8 -l8
[0.846s] Invoking command in '/home/roey/tello-vio/build/tello_msg': CMAKE_PREFIX_PATH=${CMAKE_PREFIX_PATH}:/home/roey/tello-vio/install/tello:/home/roey/tello-ros2/install/tello:/opt/ros/humble /usr/bin/cmake --install /home/roey/tello-vio/build/tello_msg
[0.856s] -- Install configuration: ""
[0.857s] -- Up-to-date: /home/roey/tello-vio/install/tello_msg/share/ament_index/resource_index/rosidl_interfaces/tello_msg
[0.857s] -- Up-to-date: /home/roey/tello-vio/install/tello_msg/include/tello_msg/tello_msg
[0.857s] -- Up-to-date: /home/roey/tello-vio/install/tello_msg/include/tello_msg/tello_msg/msg
[0.857s] -- Up-to-date: /home/roey/tello-vio/install/tello_msg/include/tello_msg/tello_msg/msg/detail
[0.857s] -- Up-to-date: /home/roey/tello-vio/install/tello_msg/include/tello_msg/tello_msg/msg/detail/tello_id__type_support.h
[0.857s] -- Up-to-date: /home/roey/tello-vio/install/tello_msg/include/tello_msg/tello_msg/msg/detail/tello_id__struct.h
[0.857s] -- Up-to-date: /home/roey/tello-vio/install/tello_msg/include/tello_msg/tello_msg/msg/detail/tello_status__struct.h
[0.858s] -- Up-to-date: /home/roey/tello-vio/install/tello_msg/include/tello_msg/tello_msg/msg/detail/tello_wifi_config__functions.c
[0.858s] -- Up-to-date: /home/roey/tello-vio/install/tello_msg/include/tello_msg/tello_msg/msg/detail/tello_status__functions.h
[0.858s] -- Up-to-date: /home/roey/tello-vio/install/tello_msg/include/tello_msg/tello_msg/msg/detail/tello_wifi_config__functions.h
[0.858s] -- Up-to-date: /home/roey/tello-vio/install/tello_msg/include/tello_msg/tello_msg/msg/detail/tello_id__functions.c
[0.858s] -- Up-to-date: /home/roey/tello-vio/install/tello_msg/include/tello_msg/tello_msg/msg/detail/tello_id__functions.h
[0.858s] -- Up-to-date: /home/roey/tello-vio/install/tello_msg/include/tello_msg/tello_msg/msg/detail/tello_status__functions.c
[0.859s] -- Up-to-date: /home/roey/tello-vio/install/tello_msg/include/tello_msg/tello_msg/msg/detail/tello_wifi_config__struct.h
[0.859s] -- Up-to-date: /home/roey/tello-vio/install/tello_msg/include/tello_msg/tello_msg/msg/detail/tello_status__type_support.h
[0.859s] -- Up-to-date: /home/roey/tello-vio/install/tello_msg/include/tello_msg/tello_msg/msg/detail/tello_wifi_config__type_support.h
[0.859s] -- Up-to-date: /home/roey/tello-vio/install/tello_msg/include/tello_msg/tello_msg/msg/tello_wifi_config.h
[0.859s] -- Up-to-date: /home/roey/tello-vio/install/tello_msg/include/tello_msg/tello_msg/msg/rosidl_generator_c__visibility_control.h
[0.859s] -- Up-to-date: /home/roey/tello-vio/install/tello_msg/include/tello_msg/tello_msg/msg/tello_id.h
[0.859s] -- Up-to-date: /home/roey/tello-vio/install/tello_msg/include/tello_msg/tello_msg/msg/tello_status.h
[0.859s] -- Up-to-date: /home/roey/tello-vio/install/tello_msg/share/tello_msg/environment/library_path.sh
[0.860s] -- Up-to-date: /home/roey/tello-vio/install/tello_msg/share/tello_msg/environment/library_path.dsv
[0.860s] -- Up-to-date: /home/roey/tello-vio/install/tello_msg/lib/libtello_msg__rosidl_generator_c.so
[0.862s] -- Up-to-date: /home/roey/tello-vio/install/tello_msg/include/tello_msg/tello_msg
[0.862s] -- Up-to-date: /home/roey/tello-vio/install/tello_msg/include/tello_msg/tello_msg/msg
[0.862s] -- Up-to-date: /home/roey/tello-vio/install/tello_msg/include/tello_msg/tello_msg/msg/rosidl_typesupport_fastrtps_c__visibility_control.h
[0.862s] -- Up-to-date: /home/roey/tello-vio/install/tello_msg/include/tello_msg/tello_msg/msg/detail
[0.862s] -- Up-to-date: /home/roey/tello-vio/install/tello_msg/include/tello_msg/tello_msg/msg/detail/tello_wifi_config__rosidl_typesupport_fastrtps_c.h
[0.862s] -- Up-to-date: /home/roey/tello-vio/install/tello_msg/include/tello_msg/tello_msg/msg/detail/tello_id__rosidl_typesupport_fastrtps_c.h
[0.863s] -- Up-to-date: /home/roey/tello-vio/install/tello_msg/include/tello_msg/tello_msg/msg/detail/tello_status__rosidl_typesupport_fastrtps_c.h
[0.863s] -- Up-to-date: /home/roey/tello-vio/install/tello_msg/lib/libtello_msg__rosidl_typesupport_fastrtps_c.so
[0.863s] -- Up-to-date: /home/roey/tello-vio/install/tello_msg/include/tello_msg/tello_msg
[0.863s] -- Up-to-date: /home/roey/tello-vio/install/tello_msg/include/tello_msg/tello_msg/msg
[0.863s] -- Up-to-date: /home/roey/tello-vio/install/tello_msg/include/tello_msg/tello_msg/msg/rosidl_typesupport_introspection_c__visibility_control.h
[0.863s] -- Up-to-date: /home/roey/tello-vio/install/tello_msg/include/tello_msg/tello_msg/msg/detail
[0.863s] -- Up-to-date: /home/roey/tello-vio/install/tello_msg/include/tello_msg/tello_msg/msg/detail/tello_status__type_support.c
[0.864s] -- Up-to-date: /home/roey/tello-vio/install/tello_msg/include/tello_msg/tello_msg/msg/detail/tello_id__type_support.c
[0.864s] -- Up-to-date: /home/roey/tello-vio/install/tello_msg/include/tello_msg/tello_msg/msg/detail/tello_status__rosidl_typesupport_introspection_c.h
[0.864s] -- Up-to-date: /home/roey/tello-vio/install/tello_msg/include/tello_msg/tello_msg/msg/detail/tello_id__rosidl_typesupport_introspection_c.h
[0.864s] -- Up-to-date: /home/roey/tello-vio/install/tello_msg/include/tello_msg/tello_msg/msg/detail/tello_wifi_config__type_support.c
[0.864s] -- Up-to-date: /home/roey/tello-vio/install/tello_msg/include/tello_msg/tello_msg/msg/detail/tello_wifi_config__rosidl_typesupport_introspection_c.h
[0.864s] -- Up-to-date: /home/roey/tello-vio/install/tello_msg/lib/libtello_msg__rosidl_typesupport_introspection_c.so
[0.864s] -- Up-to-date: /home/roey/tello-vio/install/tello_msg/lib/libtello_msg__rosidl_typesupport_c.so
[0.864s] -- Up-to-date: /home/roey/tello-vio/install/tello_msg/include/tello_msg/tello_msg
[0.865s] -- Up-to-date: /home/roey/tello-vio/install/tello_msg/include/tello_msg/tello_msg/msg
[0.865s] -- Up-to-date: /home/roey/tello-vio/install/tello_msg/include/tello_msg/tello_msg/msg/tello_status.hpp
[0.866s] -- Up-to-date: /home/roey/tello-vio/install/tello_msg/include/tello_msg/tello_msg/msg/detail
[0.866s] -- Up-to-date: /home/roey/tello-vio/install/tello_msg/include/tello_msg/tello_msg/msg/detail/tello_id__struct.hpp
[0.866s] -- Up-to-date: /home/roey/tello-vio/install/tello_msg/include/tello_msg/tello_msg/msg/detail/tello_wifi_config__traits.hpp
[0.866s] -- Up-to-date: /home/roey/tello-vio/install/tello_msg/include/tello_msg/tello_msg/msg/detail/tello_wifi_config__struct.hpp
[0.866s] -- Up-to-date: /home/roey/tello-vio/install/tello_msg/include/tello_msg/tello_msg/msg/detail/tello_id__builder.hpp
[0.866s] -- Up-to-date: /home/roey/tello-vio/install/tello_msg/include/tello_msg/tello_msg/msg/detail/tello_id__traits.hpp
[0.866s] -- Up-to-date: /home/roey/tello-vio/install/tello_msg/include/tello_msg/tello_msg/msg/detail/tello_status__struct.hpp
[0.866s] -- Up-to-date: /home/roey/tello-vio/install/tello_msg/include/tello_msg/tello_msg/msg/detail/tello_status__traits.hpp
[0.867s] -- Up-to-date: /home/roey/tello-vio/install/tello_msg/include/tello_msg/tello_msg/msg/detail/tello_wifi_config__builder.hpp
[0.867s] -- Up-to-date: /home/roey/tello-vio/install/tello_msg/include/tello_msg/tello_msg/msg/detail/tello_status__builder.hpp
[0.867s] -- Up-to-date: /home/roey/tello-vio/install/tello_msg/include/tello_msg/tello_msg/msg/tello_wifi_config.hpp
[0.867s] -- Up-to-date: /home/roey/tello-vio/install/tello_msg/include/tello_msg/tello_msg/msg/tello_id.hpp
[0.867s] -- Up-to-date: /home/roey/tello-vio/install/tello_msg/include/tello_msg/tello_msg
[0.867s] -- Up-to-date: /home/roey/tello-vio/install/tello_msg/include/tello_msg/tello_msg/msg
[0.867s] -- Up-to-date: /home/roey/tello-vio/install/tello_msg/include/tello_msg/tello_msg/msg/detail
[0.868s] -- Up-to-date: /home/roey/tello-vio/install/tello_msg/include/tello_msg/tello_msg/msg/detail/tello_wifi_config__rosidl_typesupport_fastrtps_cpp.hpp
[0.868s] -- Up-to-date: /home/roey/tello-vio/install/tello_msg/include/tello_msg/tello_msg/msg/detail/dds_fastrtps
[0.868s] -- Up-to-date: /home/roey/tello-vio/install/tello_msg/include/tello_msg/tello_msg/msg/detail/tello_id__rosidl_typesupport_fastrtps_cpp.hpp
[0.868s] -- Up-to-date: /home/roey/tello-vio/install/tello_msg/include/tello_msg/tello_msg/msg/detail/tello_status__rosidl_typesupport_fastrtps_cpp.hpp
[0.868s] -- Up-to-date: /home/roey/tello-vio/install/tello_msg/include/tello_msg/tello_msg/msg/rosidl_typesupport_fastrtps_cpp__visibility_control.h
[0.868s] -- Up-to-date: /home/roey/tello-vio/install/tello_msg/lib/libtello_msg__rosidl_typesupport_fastrtps_cpp.so
[0.868s] -- Up-to-date: /home/roey/tello-vio/install/tello_msg/include/tello_msg/tello_msg
[0.869s] -- Up-to-date: /home/roey/tello-vio/install/tello_msg/include/tello_msg/tello_msg/msg
[0.869s] -- Up-to-date: /home/roey/tello-vio/install/tello_msg/include/tello_msg/tello_msg/msg/detail
[0.869s] -- Up-to-date: /home/roey/tello-vio/install/tello_msg/include/tello_msg/tello_msg/msg/detail/tello_id__rosidl_typesupport_introspection_cpp.hpp
[0.869s] -- Up-to-date: /home/roey/tello-vio/install/tello_msg/include/tello_msg/tello_msg/msg/detail/tello_wifi_config__type_support.cpp
[0.869s] -- Up-to-date: /home/roey/tello-vio/install/tello_msg/include/tello_msg/tello_msg/msg/detail/tello_status__rosidl_typesupport_introspection_cpp.hpp
[0.869s] -- Up-to-date: /home/roey/tello-vio/install/tello_msg/include/tello_msg/tello_msg/msg/detail/tello_id__type_support.cpp
[0.869s] -- Up-to-date: /home/roey/tello-vio/install/tello_msg/include/tello_msg/tello_msg/msg/detail/tello_wifi_config__rosidl_typesupport_introspection_cpp.hpp
[0.870s] -- Up-to-date: /home/roey/tello-vio/install/tello_msg/include/tello_msg/tello_msg/msg/detail/tello_status__type_support.cpp
[0.870s] -- Up-to-date: /home/roey/tello-vio/install/tello_msg/lib/libtello_msg__rosidl_typesupport_introspection_cpp.so
[0.870s] -- Up-to-date: /home/roey/tello-vio/install/tello_msg/lib/libtello_msg__rosidl_typesupport_cpp.so
[0.870s] -- Up-to-date: /home/roey/tello-vio/install/tello_msg/share/tello_msg/environment/pythonpath.sh
[0.870s] -- Up-to-date: /home/roey/tello-vio/install/tello_msg/share/tello_msg/environment/pythonpath.dsv
[0.870s] -- Up-to-date: /home/roey/tello-vio/install/tello_msg/local/lib/python3.10/dist-packages/tello_msg-0.0.1-py3.10.egg-info
[0.870s] -- Installing: /home/roey/tello-vio/install/tello_msg/local/lib/python3.10/dist-packages/tello_msg-0.0.1-py3.10.egg-info/top_level.txt
[0.871s] -- Installing: /home/roey/tello-vio/install/tello_msg/local/lib/python3.10/dist-packages/tello_msg-0.0.1-py3.10.egg-info/SOURCES.txt
[0.871s] -- Installing: /home/roey/tello-vio/install/tello_msg/local/lib/python3.10/dist-packages/tello_msg-0.0.1-py3.10.egg-info/PKG-INFO
[0.871s] -- Installing: /home/roey/tello-vio/install/tello_msg/local/lib/python3.10/dist-packages/tello_msg-0.0.1-py3.10.egg-info/dependency_links.txt
[0.871s] -- Up-to-date: /home/roey/tello-vio/install/tello_msg/local/lib/python3.10/dist-packages/tello_msg
[0.871s] -- Up-to-date: /home/roey/tello-vio/install/tello_msg/local/lib/python3.10/dist-packages/tello_msg/tello_msg_s__rosidl_typesupport_introspection_c.cpython-310-x86_64-linux-gnu.so
[0.871s] -- Up-to-date: /home/roey/tello-vio/install/tello_msg/local/lib/python3.10/dist-packages/tello_msg/_tello_msg_s.ep.rosidl_typesupport_introspection_c.c
[0.871s] -- Up-to-date: /home/roey/tello-vio/install/tello_msg/local/lib/python3.10/dist-packages/tello_msg/libtello_msg__rosidl_generator_py.so
[0.871s] -- Up-to-date: /home/roey/tello-vio/install/tello_msg/local/lib/python3.10/dist-packages/tello_msg/_tello_msg_s.ep.rosidl_typesupport_c.c
[0.872s] -- Up-to-date: /home/roey/tello-vio/install/tello_msg/local/lib/python3.10/dist-packages/tello_msg/__init__.py
[0.872s] -- Up-to-date: /home/roey/tello-vio/install/tello_msg/local/lib/python3.10/dist-packages/tello_msg/msg
[0.872s] -- Up-to-date: /home/roey/tello-vio/install/tello_msg/local/lib/python3.10/dist-packages/tello_msg/msg/_tello_wifi_config_s.c
[0.872s] -- Up-to-date: /home/roey/tello-vio/install/tello_msg/local/lib/python3.10/dist-packages/tello_msg/msg/_tello_id_s.c
[0.872s] -- Up-to-date: /home/roey/tello-vio/install/tello_msg/local/lib/python3.10/dist-packages/tello_msg/msg/_tello_status.py
[0.872s] -- Up-to-date: /home/roey/tello-vio/install/tello_msg/local/lib/python3.10/dist-packages/tello_msg/msg/_tello_wifi_config.py
[0.872s] -- Up-to-date: /home/roey/tello-vio/install/tello_msg/local/lib/python3.10/dist-packages/tello_msg/msg/__init__.py
[0.873s] -- Up-to-date: /home/roey/tello-vio/install/tello_msg/local/lib/python3.10/dist-packages/tello_msg/msg/_tello_id.py
[0.873s] -- Up-to-date: /home/roey/tello-vio/install/tello_msg/local/lib/python3.10/dist-packages/tello_msg/msg/_tello_status_s.c
[0.873s] -- Up-to-date: /home/roey/tello-vio/install/tello_msg/local/lib/python3.10/dist-packages/tello_msg/tello_msg_s__rosidl_typesupport_c.cpython-310-x86_64-linux-gnu.so
[0.873s] -- Up-to-date: /home/roey/tello-vio/install/tello_msg/local/lib/python3.10/dist-packages/tello_msg/tello_msg_s__rosidl_typesupport_fastrtps_c.cpython-310-x86_64-linux-gnu.so
[0.873s] -- Up-to-date: /home/roey/tello-vio/install/tello_msg/local/lib/python3.10/dist-packages/tello_msg/_tello_msg_s.ep.rosidl_typesupport_fastrtps_c.c
[0.929s] Listing '/home/roey/tello-vio/install/tello_msg/local/lib/python3.10/dist-packages/tello_msg'...
[0.929s] Listing '/home/roey/tello-vio/install/tello_msg/local/lib/python3.10/dist-packages/tello_msg/msg'...
[0.935s] -- Up-to-date: /home/roey/tello-vio/install/tello_msg/local/lib/python3.10/dist-packages/tello_msg/tello_msg_s__rosidl_typesupport_fastrtps_c.cpython-310-x86_64-linux-gnu.so
[0.937s] -- Up-to-date: /home/roey/tello-vio/install/tello_msg/local/lib/python3.10/dist-packages/tello_msg/tello_msg_s__rosidl_typesupport_introspection_c.cpython-310-x86_64-linux-gnu.so
[0.937s] -- Up-to-date: /home/roey/tello-vio/install/tello_msg/local/lib/python3.10/dist-packages/tello_msg/tello_msg_s__rosidl_typesupport_c.cpython-310-x86_64-linux-gnu.so
[0.937s] -- Up-to-date: /home/roey/tello-vio/install/tello_msg/lib/libtello_msg__rosidl_generator_py.so
[0.937s] -- Up-to-date: /home/roey/tello-vio/install/tello_msg/share/tello_msg/msg/TelloStatus.idl
[0.938s] -- Up-to-date: /home/roey/tello-vio/install/tello_msg/share/tello_msg/msg/TelloID.idl
[0.938s] -- Up-to-date: /home/roey/tello-vio/install/tello_msg/share/tello_msg/msg/TelloWifiConfig.idl
[0.938s] -- Up-to-date: /home/roey/tello-vio/install/tello_msg/share/tello_msg/msg/TelloStatus.msg
[0.938s] -- Up-to-date: /home/roey/tello-vio/install/tello_msg/share/tello_msg/msg/TelloID.msg
[0.938s] -- Up-to-date: /home/roey/tello-vio/install/tello_msg/share/tello_msg/msg/TelloWifiConfig.msg
[0.938s] -- Up-to-date: /home/roey/tello-vio/install/tello_msg/share/ament_index/resource_index/package_run_dependencies/tello_msg
[0.939s] -- Up-to-date: /home/roey/tello-vio/install/tello_msg/share/ament_index/resource_index/parent_prefix_path/tello_msg
[0.939s] -- Up-to-date: /home/roey/tello-vio/install/tello_msg/share/tello_msg/environment/ament_prefix_path.sh
[0.939s] -- Up-to-date: /home/roey/tello-vio/install/tello_msg/share/tello_msg/environment/ament_prefix_path.dsv
[0.939s] -- Up-to-date: /home/roey/tello-vio/install/tello_msg/share/tello_msg/environment/path.sh
[0.939s] -- Up-to-date: /home/roey/tello-vio/install/tello_msg/share/tello_msg/environment/path.dsv
[0.939s] -- Up-to-date: /home/roey/tello-vio/install/tello_msg/share/tello_msg/local_setup.bash
[0.939s] -- Up-to-date: /home/roey/tello-vio/install/tello_msg/share/tello_msg/local_setup.sh
[0.940s] -- Up-to-date: /home/roey/tello-vio/install/tello_msg/share/tello_msg/local_setup.zsh
[0.940s] -- Up-to-date: /home/roey/tello-vio/install/tello_msg/share/tello_msg/local_setup.dsv
[0.940s] -- Installing: /home/roey/tello-vio/install/tello_msg/share/tello_msg/package.dsv
[0.940s] -- Up-to-date: /home/roey/tello-vio/install/tello_msg/share/ament_index/resource_index/packages/tello_msg
[0.941s] -- Up-to-date: /home/roey/tello-vio/install/tello_msg/share/tello_msg/cmake/export_tello_msg__rosidl_generator_cExport.cmake
[0.942s] -- Up-to-date: /home/roey/tello-vio/install/tello_msg/share/tello_msg/cmake/export_tello_msg__rosidl_generator_cExport-noconfig.cmake
[0.942s] -- Up-to-date: /home/roey/tello-vio/install/tello_msg/share/tello_msg/cmake/export_tello_msg__rosidl_typesupport_fastrtps_cExport.cmake
[0.942s] -- Up-to-date: /home/roey/tello-vio/install/tello_msg/share/tello_msg/cmake/export_tello_msg__rosidl_typesupport_fastrtps_cExport-noconfig.cmake
[0.942s] -- Up-to-date: /home/roey/tello-vio/install/tello_msg/share/tello_msg/cmake/tello_msg__rosidl_typesupport_introspection_cExport.cmake
[0.942s] -- Up-to-date: /home/roey/tello-vio/install/tello_msg/share/tello_msg/cmake/tello_msg__rosidl_typesupport_introspection_cExport-noconfig.cmake
[0.942s] -- Up-to-date: /home/roey/tello-vio/install/tello_msg/share/tello_msg/cmake/tello_msg__rosidl_typesupport_cExport.cmake
[0.943s] -- Up-to-date: /home/roey/tello-vio/install/tello_msg/share/tello_msg/cmake/tello_msg__rosidl_typesupport_cExport-noconfig.cmake
[0.943s] -- Up-to-date: /home/roey/tello-vio/install/tello_msg/share/tello_msg/cmake/export_tello_msg__rosidl_generator_cppExport.cmake
[0.943s] -- Up-to-date: /home/roey/tello-vio/install/tello_msg/share/tello_msg/cmake/export_tello_msg__rosidl_typesupport_fastrtps_cppExport.cmake
[0.943s] -- Up-to-date: /home/roey/tello-vio/install/tello_msg/share/tello_msg/cmake/export_tello_msg__rosidl_typesupport_fastrtps_cppExport-noconfig.cmake
[0.943s] -- Up-to-date: /home/roey/tello-vio/install/tello_msg/share/tello_msg/cmake/tello_msg__rosidl_typesupport_introspection_cppExport.cmake
[0.943s] -- Up-to-date: /home/roey/tello-vio/install/tello_msg/share/tello_msg/cmake/tello_msg__rosidl_typesupport_introspection_cppExport-noconfig.cmake
[0.943s] -- Up-to-date: /home/roey/tello-vio/install/tello_msg/share/tello_msg/cmake/tello_msg__rosidl_typesupport_cppExport.cmake
[0.943s] -- Up-to-date: /home/roey/tello-vio/install/tello_msg/share/tello_msg/cmake/tello_msg__rosidl_typesupport_cppExport-noconfig.cmake
[0.944s] -- Up-to-date: /home/roey/tello-vio/install/tello_msg/share/tello_msg/cmake/export_tello_msg__rosidl_generator_pyExport.cmake
[0.944s] -- Up-to-date: /home/roey/tello-vio/install/tello_msg/share/tello_msg/cmake/export_tello_msg__rosidl_generator_pyExport-noconfig.cmake
[0.944s] -- Up-to-date: /home/roey/tello-vio/install/tello_msg/share/tello_msg/cmake/rosidl_cmake-extras.cmake
[0.944s] -- Up-to-date: /home/roey/tello-vio/install/tello_msg/share/tello_msg/cmake/ament_cmake_export_dependencies-extras.cmake
[0.944s] -- Up-to-date: /home/roey/tello-vio/install/tello_msg/share/tello_msg/cmake/ament_cmake_export_include_directories-extras.cmake
[0.944s] -- Up-to-date: /home/roey/tello-vio/install/tello_msg/share/tello_msg/cmake/ament_cmake_export_libraries-extras.cmake
[0.944s] -- Up-to-date: /home/roey/tello-vio/install/tello_msg/share/tello_msg/cmake/ament_cmake_export_targets-extras.cmake
[0.945s] -- Up-to-date: /home/roey/tello-vio/install/tello_msg/share/tello_msg/cmake/rosidl_cmake_export_typesupport_targets-extras.cmake
[0.945s] -- Up-to-date: /home/roey/tello-vio/install/tello_msg/share/tello_msg/cmake/rosidl_cmake_export_typesupport_libraries-extras.cmake
[0.945s] -- Up-to-date: /home/roey/tello-vio/install/tello_msg/share/tello_msg/cmake/tello_msgConfig.cmake
[0.946s] -- Up-to-date: /home/roey/tello-vio/install/tello_msg/share/tello_msg/cmake/tello_msgConfig-version.cmake
[0.946s] -- Up-to-date: /home/roey/tello-vio/install/tello_msg/share/tello_msg/package.xml
[0.950s] Invoked command in '/home/roey/tello-vio/build/tello_msg' returned '0': CMAKE_PREFIX_PATH=${CMAKE_PREFIX_PATH}:/home/roey/tello-vio/install/tello:/home/roey/tello-ros2/install/tello:/opt/ros/humble /usr/bin/cmake --install /home/roey/tello-vio/build/tello_msg
