In file included from /home/roey/tello-vio/libs/ORB_SLAM2/Thirdparty/g2o/g2o/types/types_seven_dof_expmap.h:34,
                 from /home/roey/tello-vio/libs/ORB_SLAM2/include/LoopClosing.h:34,
                 from /home/roey/tello-vio/libs/ORB_SLAM2/include/LocalMapping.h:26,
                 from /home/roey/tello-vio/libs/ORB_SLAM2/include/Tracking.h:29,
                 from /home/roey/tello-vio/libs/ORB_SLAM2/include/System.h:29,
                 from /home/roey/tello-vio/slam/src/orbslam2/src/monocular/monocular-slam-node.hpp:16,
                 from /home/roey/tello-vio/slam/src/orbslam2/src/monocular/mono.cpp:7:
/home/roey/tello-vio/libs/ORB_SLAM2/Thirdparty/g2o/g2o/types/../core/base_vertex.h:62:74: warning: ‘Eigen::AlignedBit’ is deprecated [-Wdeprecated-declarations]
   62 |     typedef Eigen::Map<Matrix<double, D, D>, Matrix<double,D,D>::Flags & AlignedBit ? Aligned : Unaligned >  HessianBlockType;
      |                                                                          ^~~~~~~~~~
In file included from /usr/include/eigen3/Eigen/Core:161,
                 from /home/roey/tello-vio/libs/ORB_SLAM2/Thirdparty/g2o/g2o/types/../core/jacobian_workspace.h:30,
                 from /home/roey/tello-vio/libs/ORB_SLAM2/Thirdparty/g2o/g2o/types/../core/optimizable_graph.h:41,
                 from /home/roey/tello-vio/libs/ORB_SLAM2/Thirdparty/g2o/g2o/types/../core/base_vertex.h:30,
                 from /home/roey/tello-vio/libs/ORB_SLAM2/Thirdparty/g2o/g2o/types/types_seven_dof_expmap.h:34,
                 from /home/roey/tello-vio/libs/ORB_SLAM2/include/LoopClosing.h:34,
                 from /home/roey/tello-vio/libs/ORB_SLAM2/include/LocalMapping.h:26,
                 from /home/roey/tello-vio/libs/ORB_SLAM2/include/Tracking.h:29,
                 from /home/roey/tello-vio/libs/ORB_SLAM2/include/System.h:29,
                 from /home/roey/tello-vio/slam/src/orbslam2/src/monocular/monocular-slam-node.hpp:16,
                 from /home/roey/tello-vio/slam/src/orbslam2/src/monocular/mono.cpp:7:
/usr/include/eigen3/Eigen/src/Core/util/Constants.h:167:37: note: declared here
  167 | EIGEN_DEPRECATED const unsigned int AlignedBit = 0x80;
      |                                     ^~~~~~~~~~
In file included from /home/roey/tello-vio/libs/ORB_SLAM2/Thirdparty/g2o/g2o/types/types_seven_dof_expmap.h:35,
                 from /home/roey/tello-vio/libs/ORB_SLAM2/include/LoopClosing.h:34,
                 from /home/roey/tello-vio/libs/ORB_SLAM2/include/LocalMapping.h:26,
                 from /home/roey/tello-vio/libs/ORB_SLAM2/include/Tracking.h:29,
                 from /home/roey/tello-vio/libs/ORB_SLAM2/include/System.h:29,
                 from /home/roey/tello-vio/slam/src/orbslam2/src/monocular/monocular-slam-node.hpp:16,
                 from /home/roey/tello-vio/slam/src/orbslam2/src/monocular/mono.cpp:7:
/home/roey/tello-vio/libs/ORB_SLAM2/Thirdparty/g2o/g2o/types/../core/base_binary_edge.h:59:82: warning: ‘Eigen::AlignedBit’ is deprecated [-Wdeprecated-declarations]
   59 |       typedef Eigen::Map<Matrix<double, Di, Dj>, Matrix<double, Di, Dj>::Flags & AlignedBit ? Aligned : Unaligned > HessianBlockType;
      |                                                                                  ^~~~~~~~~~
In file included from /usr/include/eigen3/Eigen/Core:161,
                 from /home/roey/tello-vio/libs/ORB_SLAM2/Thirdparty/g2o/g2o/types/../core/jacobian_workspace.h:30,
                 from /home/roey/tello-vio/libs/ORB_SLAM2/Thirdparty/g2o/g2o/types/../core/optimizable_graph.h:41,
                 from /home/roey/tello-vio/libs/ORB_SLAM2/Thirdparty/g2o/g2o/types/../core/base_vertex.h:30,
                 from /home/roey/tello-vio/libs/ORB_SLAM2/Thirdparty/g2o/g2o/types/types_seven_dof_expmap.h:34,
                 from /home/roey/tello-vio/libs/ORB_SLAM2/include/LoopClosing.h:34,
                 from /home/roey/tello-vio/libs/ORB_SLAM2/include/LocalMapping.h:26,
                 from /home/roey/tello-vio/libs/ORB_SLAM2/include/Tracking.h:29,
                 from /home/roey/tello-vio/libs/ORB_SLAM2/include/System.h:29,
                 from /home/roey/tello-vio/slam/src/orbslam2/src/monocular/monocular-slam-node.hpp:16,
                 from /home/roey/tello-vio/slam/src/orbslam2/src/monocular/mono.cpp:7:
/usr/include/eigen3/Eigen/src/Core/util/Constants.h:167:37: note: declared here
  167 | EIGEN_DEPRECATED const unsigned int AlignedBit = 0x80;
      |                                     ^~~~~~~~~~
In file included from /home/roey/tello-vio/libs/ORB_SLAM2/Thirdparty/g2o/g2o/types/types_seven_dof_expmap.h:35,
                 from /home/roey/tello-vio/libs/ORB_SLAM2/include/LoopClosing.h:34,
                 from /home/roey/tello-vio/libs/ORB_SLAM2/include/LocalMapping.h:26,
                 from /home/roey/tello-vio/libs/ORB_SLAM2/include/Tracking.h:29,
                 from /home/roey/tello-vio/libs/ORB_SLAM2/include/System.h:29,
                 from /home/roey/tello-vio/slam/src/orbslam2/src/monocular/monocular-slam-node.hpp:16,
                 from /home/roey/tello-vio/slam/src/orbslam2/src/monocular/mono.cpp:7:
/home/roey/tello-vio/libs/ORB_SLAM2/Thirdparty/g2o/g2o/types/../core/base_binary_edge.h:60:82: warning: ‘Eigen::AlignedBit’ is deprecated [-Wdeprecated-declarations]
   60 |       typedef Eigen::Map<Matrix<double, Dj, Di>, Matrix<double, Dj, Di>::Flags & AlignedBit ? Aligned : Unaligned > HessianBlockTransposedType;
      |                                                                                  ^~~~~~~~~~
In file included from /usr/include/eigen3/Eigen/Core:161,
                 from /home/roey/tello-vio/libs/ORB_SLAM2/Thirdparty/g2o/g2o/types/../core/jacobian_workspace.h:30,
                 from /home/roey/tello-vio/libs/ORB_SLAM2/Thirdparty/g2o/g2o/types/../core/optimizable_graph.h:41,
                 from /home/roey/tello-vio/libs/ORB_SLAM2/Thirdparty/g2o/g2o/types/../core/base_vertex.h:30,
                 from /home/roey/tello-vio/libs/ORB_SLAM2/Thirdparty/g2o/g2o/types/types_seven_dof_expmap.h:34,
                 from /home/roey/tello-vio/libs/ORB_SLAM2/include/LoopClosing.h:34,
                 from /home/roey/tello-vio/libs/ORB_SLAM2/include/LocalMapping.h:26,
                 from /home/roey/tello-vio/libs/ORB_SLAM2/include/Tracking.h:29,
                 from /home/roey/tello-vio/libs/ORB_SLAM2/include/System.h:29,
                 from /home/roey/tello-vio/slam/src/orbslam2/src/monocular/monocular-slam-node.hpp:16,
                 from /home/roey/tello-vio/slam/src/orbslam2/src/monocular/mono.cpp:7:
/usr/include/eigen3/Eigen/src/Core/util/Constants.h:167:37: note: declared here
  167 | EIGEN_DEPRECATED const unsigned int AlignedBit = 0x80;
      |                                     ^~~~~~~~~~
In file included from /home/roey/tello-vio/libs/ORB_SLAM2/Thirdparty/g2o/g2o/types/types_seven_dof_expmap.h:34,
                 from /home/roey/tello-vio/libs/ORB_SLAM2/include/LoopClosing.h:34,
                 from /home/roey/tello-vio/libs/ORB_SLAM2/include/LocalMapping.h:26,
                 from /home/roey/tello-vio/libs/ORB_SLAM2/include/Tracking.h:29,
                 from /home/roey/tello-vio/libs/ORB_SLAM2/include/System.h:29,
                 from /home/roey/tello-vio/slam/src/orbslam2/src/monocular/monocular-slam-node.hpp:16,
                 from /home/roey/tello-vio/slam/src/orbslam2/src/monocular/monocular-slam-node.cpp:1:
/home/roey/tello-vio/libs/ORB_SLAM2/Thirdparty/g2o/g2o/types/../core/base_vertex.h:62:74: warning: ‘Eigen::AlignedBit’ is deprecated [-Wdeprecated-declarations]
   62 |     typedef Eigen::Map<Matrix<double, D, D>, Matrix<double,D,D>::Flags & AlignedBit ? Aligned : Unaligned >  HessianBlockType;
      |                                                                          ^~~~~~~~~~
In file included from /usr/include/eigen3/Eigen/Core:161,
                 from /home/roey/tello-vio/libs/ORB_SLAM2/Thirdparty/g2o/g2o/types/../core/jacobian_workspace.h:30,
                 from /home/roey/tello-vio/libs/ORB_SLAM2/Thirdparty/g2o/g2o/types/../core/optimizable_graph.h:41,
                 from /home/roey/tello-vio/libs/ORB_SLAM2/Thirdparty/g2o/g2o/types/../core/base_vertex.h:30,
                 from /home/roey/tello-vio/libs/ORB_SLAM2/Thirdparty/g2o/g2o/types/types_seven_dof_expmap.h:34,
                 from /home/roey/tello-vio/libs/ORB_SLAM2/include/LoopClosing.h:34,
                 from /home/roey/tello-vio/libs/ORB_SLAM2/include/LocalMapping.h:26,
                 from /home/roey/tello-vio/libs/ORB_SLAM2/include/Tracking.h:29,
                 from /home/roey/tello-vio/libs/ORB_SLAM2/include/System.h:29,
                 from /home/roey/tello-vio/slam/src/orbslam2/src/monocular/monocular-slam-node.hpp:16,
                 from /home/roey/tello-vio/slam/src/orbslam2/src/monocular/monocular-slam-node.cpp:1:
/usr/include/eigen3/Eigen/src/Core/util/Constants.h:167:37: note: declared here
  167 | EIGEN_DEPRECATED const unsigned int AlignedBit = 0x80;
      |                                     ^~~~~~~~~~
In file included from /home/roey/tello-vio/libs/ORB_SLAM2/Thirdparty/g2o/g2o/types/types_seven_dof_expmap.h:35,
                 from /home/roey/tello-vio/libs/ORB_SLAM2/include/LoopClosing.h:34,
                 from /home/roey/tello-vio/libs/ORB_SLAM2/include/LocalMapping.h:26,
                 from /home/roey/tello-vio/libs/ORB_SLAM2/include/Tracking.h:29,
                 from /home/roey/tello-vio/libs/ORB_SLAM2/include/System.h:29,
                 from /home/roey/tello-vio/slam/src/orbslam2/src/monocular/monocular-slam-node.hpp:16,
                 from /home/roey/tello-vio/slam/src/orbslam2/src/monocular/monocular-slam-node.cpp:1:
/home/roey/tello-vio/libs/ORB_SLAM2/Thirdparty/g2o/g2o/types/../core/base_binary_edge.h:59:82: warning: ‘Eigen::AlignedBit’ is deprecated [-Wdeprecated-declarations]
   59 |       typedef Eigen::Map<Matrix<double, Di, Dj>, Matrix<double, Di, Dj>::Flags & AlignedBit ? Aligned : Unaligned > HessianBlockType;
      |                                                                                  ^~~~~~~~~~
In file included from /usr/include/eigen3/Eigen/Core:161,
                 from /home/roey/tello-vio/libs/ORB_SLAM2/Thirdparty/g2o/g2o/types/../core/jacobian_workspace.h:30,
                 from /home/roey/tello-vio/libs/ORB_SLAM2/Thirdparty/g2o/g2o/types/../core/optimizable_graph.h:41,
                 from /home/roey/tello-vio/libs/ORB_SLAM2/Thirdparty/g2o/g2o/types/../core/base_vertex.h:30,
                 from /home/roey/tello-vio/libs/ORB_SLAM2/Thirdparty/g2o/g2o/types/types_seven_dof_expmap.h:34,
                 from /home/roey/tello-vio/libs/ORB_SLAM2/include/LoopClosing.h:34,
                 from /home/roey/tello-vio/libs/ORB_SLAM2/include/LocalMapping.h:26,
                 from /home/roey/tello-vio/libs/ORB_SLAM2/include/Tracking.h:29,
                 from /home/roey/tello-vio/libs/ORB_SLAM2/include/System.h:29,
                 from /home/roey/tello-vio/slam/src/orbslam2/src/monocular/monocular-slam-node.hpp:16,
                 from /home/roey/tello-vio/slam/src/orbslam2/src/monocular/monocular-slam-node.cpp:1:
/usr/include/eigen3/Eigen/src/Core/util/Constants.h:167:37: note: declared here
  167 | EIGEN_DEPRECATED const unsigned int AlignedBit = 0x80;
      |                                     ^~~~~~~~~~
In file included from /home/roey/tello-vio/libs/ORB_SLAM2/Thirdparty/g2o/g2o/types/types_seven_dof_expmap.h:35,
                 from /home/roey/tello-vio/libs/ORB_SLAM2/include/LoopClosing.h:34,
                 from /home/roey/tello-vio/libs/ORB_SLAM2/include/LocalMapping.h:26,
                 from /home/roey/tello-vio/libs/ORB_SLAM2/include/Tracking.h:29,
                 from /home/roey/tello-vio/libs/ORB_SLAM2/include/System.h:29,
                 from /home/roey/tello-vio/slam/src/orbslam2/src/monocular/monocular-slam-node.hpp:16,
                 from /home/roey/tello-vio/slam/src/orbslam2/src/monocular/monocular-slam-node.cpp:1:
/home/roey/tello-vio/libs/ORB_SLAM2/Thirdparty/g2o/g2o/types/../core/base_binary_edge.h:60:82: warning: ‘Eigen::AlignedBit’ is deprecated [-Wdeprecated-declarations]
   60 |       typedef Eigen::Map<Matrix<double, Dj, Di>, Matrix<double, Dj, Di>::Flags & AlignedBit ? Aligned : Unaligned > HessianBlockTransposedType;
      |                                                                                  ^~~~~~~~~~
In file included from /usr/include/eigen3/Eigen/Core:161,
                 from /home/roey/tello-vio/libs/ORB_SLAM2/Thirdparty/g2o/g2o/types/../core/jacobian_workspace.h:30,
                 from /home/roey/tello-vio/libs/ORB_SLAM2/Thirdparty/g2o/g2o/types/../core/optimizable_graph.h:41,
                 from /home/roey/tello-vio/libs/ORB_SLAM2/Thirdparty/g2o/g2o/types/../core/base_vertex.h:30,
                 from /home/roey/tello-vio/libs/ORB_SLAM2/Thirdparty/g2o/g2o/types/types_seven_dof_expmap.h:34,
                 from /home/roey/tello-vio/libs/ORB_SLAM2/include/LoopClosing.h:34,
                 from /home/roey/tello-vio/libs/ORB_SLAM2/include/LocalMapping.h:26,
                 from /home/roey/tello-vio/libs/ORB_SLAM2/include/Tracking.h:29,
                 from /home/roey/tello-vio/libs/ORB_SLAM2/include/System.h:29,
                 from /home/roey/tello-vio/slam/src/orbslam2/src/monocular/monocular-slam-node.hpp:16,
                 from /home/roey/tello-vio/slam/src/orbslam2/src/monocular/monocular-slam-node.cpp:1:
/usr/include/eigen3/Eigen/src/Core/util/Constants.h:167:37: note: declared here
  167 | EIGEN_DEPRECATED const unsigned int AlignedBit = 0x80;
      |                                     ^~~~~~~~~~
In file included from /home/roey/tello-vio/libs/ORB_SLAM2/Thirdparty/g2o/g2o/types/types_six_dof_expmap.h:41,
                 from /home/roey/tello-vio/libs/ORB_SLAM2/Thirdparty/g2o/g2o/types/types_seven_dof_expmap.h:36,
                 from /home/roey/tello-vio/libs/ORB_SLAM2/include/LoopClosing.h:34,
                 from /home/roey/tello-vio/libs/ORB_SLAM2/include/LocalMapping.h:26,
                 from /home/roey/tello-vio/libs/ORB_SLAM2/include/Tracking.h:29,
                 from /home/roey/tello-vio/libs/ORB_SLAM2/include/System.h:29,
                 from /home/roey/tello-vio/slam/src/orbslam2/src/monocular/monocular-slam-node.hpp:16,
                 from /home/roey/tello-vio/slam/src/orbslam2/src/monocular/mono.cpp:7:
/home/roey/tello-vio/libs/ORB_SLAM2/Thirdparty/g2o/g2o/types/se3quat.h:43:38: warning: extra ‘;’ [-Wpedantic]
   43 |       EIGEN_MAKE_ALIGNED_OPERATOR_NEW;
      |                                      ^
      |                                      -
In file included from /home/roey/tello-vio/libs/ORB_SLAM2/Thirdparty/g2o/g2o/types/types_six_dof_expmap.h:41,
                 from /home/roey/tello-vio/libs/ORB_SLAM2/Thirdparty/g2o/g2o/types/types_seven_dof_expmap.h:36,
                 from /home/roey/tello-vio/libs/ORB_SLAM2/include/LoopClosing.h:34,
                 from /home/roey/tello-vio/libs/ORB_SLAM2/include/LocalMapping.h:26,
                 from /home/roey/tello-vio/libs/ORB_SLAM2/include/Tracking.h:29,
                 from /home/roey/tello-vio/libs/ORB_SLAM2/include/System.h:29,
                 from /home/roey/tello-vio/slam/src/orbslam2/src/monocular/monocular-slam-node.hpp:16,
                 from /home/roey/tello-vio/slam/src/orbslam2/src/monocular/monocular-slam-node.cpp:1:
/home/roey/tello-vio/libs/ORB_SLAM2/Thirdparty/g2o/g2o/types/se3quat.h:43:38: warning: extra ‘;’ [-Wpedantic]
   43 |       EIGEN_MAKE_ALIGNED_OPERATOR_NEW;
      |                                      ^
      |                                      -
In file included from /home/roey/tello-vio/libs/ORB_SLAM2/Thirdparty/g2o/g2o/types/types_seven_dof_expmap.h:34,
                 from /home/roey/tello-vio/libs/ORB_SLAM2/include/LoopClosing.h:34,
                 from /home/roey/tello-vio/libs/ORB_SLAM2/include/LocalMapping.h:26,
                 from /home/roey/tello-vio/libs/ORB_SLAM2/include/Tracking.h:29,
                 from /home/roey/tello-vio/libs/ORB_SLAM2/include/System.h:29,
                 from /home/roey/tello-vio/slam/src/orbslam2/src/monocular/monocular-slam-node.hpp:16,
                 from /home/roey/tello-vio/slam/src/orbslam2/src/monocular/mono.cpp:7:
/home/roey/tello-vio/libs/ORB_SLAM2/Thirdparty/g2o/g2o/types/../core/base_vertex.h: In instantiation of ‘class g2o::BaseVertex<3, Eigen::Matrix<double, 3, 1> >’:
/home/roey/tello-vio/libs/ORB_SLAM2/Thirdparty/g2o/g2o/types/types_sba.h:40:35:   required from here
/home/roey/tello-vio/libs/ORB_SLAM2/Thirdparty/g2o/g2o/types/../core/base_vertex.h:62:72: warning: ‘Eigen::AlignedBit’ is deprecated [-Wdeprecated-declarations]
   62 |     typedef Eigen::Map<Matrix<double, D, D>, Matrix<double,D,D>::Flags & AlignedBit ? Aligned : Unaligned >  HessianBlockType;
      |                                                                  ~~~~~~^~~~~~~~~~~~
In file included from /usr/include/eigen3/Eigen/Core:161,
                 from /home/roey/tello-vio/libs/ORB_SLAM2/Thirdparty/g2o/g2o/types/../core/jacobian_workspace.h:30,
                 from /home/roey/tello-vio/libs/ORB_SLAM2/Thirdparty/g2o/g2o/types/../core/optimizable_graph.h:41,
                 from /home/roey/tello-vio/libs/ORB_SLAM2/Thirdparty/g2o/g2o/types/../core/base_vertex.h:30,
                 from /home/roey/tello-vio/libs/ORB_SLAM2/Thirdparty/g2o/g2o/types/types_seven_dof_expmap.h:34,
                 from /home/roey/tello-vio/libs/ORB_SLAM2/include/LoopClosing.h:34,
                 from /home/roey/tello-vio/libs/ORB_SLAM2/include/LocalMapping.h:26,
                 from /home/roey/tello-vio/libs/ORB_SLAM2/include/Tracking.h:29,
                 from /home/roey/tello-vio/libs/ORB_SLAM2/include/System.h:29,
                 from /home/roey/tello-vio/slam/src/orbslam2/src/monocular/monocular-slam-node.hpp:16,
                 from /home/roey/tello-vio/slam/src/orbslam2/src/monocular/mono.cpp:7:
/usr/include/eigen3/Eigen/src/Core/util/Constants.h:167:37: note: declared here
  167 | EIGEN_DEPRECATED const unsigned int AlignedBit = 0x80;
      |                                     ^~~~~~~~~~
In file included from /home/roey/tello-vio/libs/ORB_SLAM2/Thirdparty/g2o/g2o/types/types_seven_dof_expmap.h:34,
                 from /home/roey/tello-vio/libs/ORB_SLAM2/include/LoopClosing.h:34,
                 from /home/roey/tello-vio/libs/ORB_SLAM2/include/LocalMapping.h:26,
                 from /home/roey/tello-vio/libs/ORB_SLAM2/include/Tracking.h:29,
                 from /home/roey/tello-vio/libs/ORB_SLAM2/include/System.h:29,
                 from /home/roey/tello-vio/slam/src/orbslam2/src/monocular/monocular-slam-node.hpp:16,
                 from /home/roey/tello-vio/slam/src/orbslam2/src/monocular/mono.cpp:7:
/home/roey/tello-vio/libs/ORB_SLAM2/Thirdparty/g2o/g2o/types/../core/base_vertex.h: In instantiation of ‘class g2o::BaseVertex<6, g2o::SE3Quat>’:
/home/roey/tello-vio/libs/ORB_SLAM2/Thirdparty/g2o/g2o/types/types_six_dof_expmap.h:59:33:   required from here
/home/roey/tello-vio/libs/ORB_SLAM2/Thirdparty/g2o/g2o/types/../core/base_vertex.h:62:72: warning: ‘Eigen::AlignedBit’ is deprecated [-Wdeprecated-declarations]
   62 |     typedef Eigen::Map<Matrix<double, D, D>, Matrix<double,D,D>::Flags & AlignedBit ? Aligned : Unaligned >  HessianBlockType;
      |                                                                  ~~~~~~^~~~~~~~~~~~
In file included from /usr/include/eigen3/Eigen/Core:161,
                 from /home/roey/tello-vio/libs/ORB_SLAM2/Thirdparty/g2o/g2o/types/../core/jacobian_workspace.h:30,
                 from /home/roey/tello-vio/libs/ORB_SLAM2/Thirdparty/g2o/g2o/types/../core/optimizable_graph.h:41,
                 from /home/roey/tello-vio/libs/ORB_SLAM2/Thirdparty/g2o/g2o/types/../core/base_vertex.h:30,
                 from /home/roey/tello-vio/libs/ORB_SLAM2/Thirdparty/g2o/g2o/types/types_seven_dof_expmap.h:34,
                 from /home/roey/tello-vio/libs/ORB_SLAM2/include/LoopClosing.h:34,
                 from /home/roey/tello-vio/libs/ORB_SLAM2/include/LocalMapping.h:26,
                 from /home/roey/tello-vio/libs/ORB_SLAM2/include/Tracking.h:29,
                 from /home/roey/tello-vio/libs/ORB_SLAM2/include/System.h:29,
                 from /home/roey/tello-vio/slam/src/orbslam2/src/monocular/monocular-slam-node.hpp:16,
                 from /home/roey/tello-vio/slam/src/orbslam2/src/monocular/mono.cpp:7:
/usr/include/eigen3/Eigen/src/Core/util/Constants.h:167:37: note: declared here
  167 | EIGEN_DEPRECATED const unsigned int AlignedBit = 0x80;
      |                                     ^~~~~~~~~~
In file included from /home/roey/tello-vio/libs/ORB_SLAM2/Thirdparty/g2o/g2o/types/types_seven_dof_expmap.h:34,
                 from /home/roey/tello-vio/libs/ORB_SLAM2/include/LoopClosing.h:34,
                 from /home/roey/tello-vio/libs/ORB_SLAM2/include/LocalMapping.h:26,
                 from /home/roey/tello-vio/libs/ORB_SLAM2/include/Tracking.h:29,
                 from /home/roey/tello-vio/libs/ORB_SLAM2/include/System.h:29,
                 from /home/roey/tello-vio/slam/src/orbslam2/src/monocular/monocular-slam-node.hpp:16,
                 from /home/roey/tello-vio/slam/src/orbslam2/src/monocular/monocular-slam-node.cpp:1:
/home/roey/tello-vio/libs/ORB_SLAM2/Thirdparty/g2o/g2o/types/../core/base_vertex.h: In instantiation of ‘class g2o::BaseVertex<3, Eigen::Matrix<double, 3, 1> >’:
/home/roey/tello-vio/libs/ORB_SLAM2/Thirdparty/g2o/g2o/types/types_sba.h:40:35:   required from here
/home/roey/tello-vio/libs/ORB_SLAM2/Thirdparty/g2o/g2o/types/../core/base_vertex.h:62:72: warning: ‘Eigen::AlignedBit’ is deprecated [-Wdeprecated-declarations]
   62 |     typedef Eigen::Map<Matrix<double, D, D>, Matrix<double,D,D>::Flags & AlignedBit ? Aligned : Unaligned >  HessianBlockType;
      |                                                                  ~~~~~~^~~~~~~~~~~~
In file included from /usr/include/eigen3/Eigen/Core:161,
                 from /home/roey/tello-vio/libs/ORB_SLAM2/Thirdparty/g2o/g2o/types/../core/jacobian_workspace.h:30,
                 from /home/roey/tello-vio/libs/ORB_SLAM2/Thirdparty/g2o/g2o/types/../core/optimizable_graph.h:41,
                 from /home/roey/tello-vio/libs/ORB_SLAM2/Thirdparty/g2o/g2o/types/../core/base_vertex.h:30,
                 from /home/roey/tello-vio/libs/ORB_SLAM2/Thirdparty/g2o/g2o/types/types_seven_dof_expmap.h:34,
                 from /home/roey/tello-vio/libs/ORB_SLAM2/include/LoopClosing.h:34,
                 from /home/roey/tello-vio/libs/ORB_SLAM2/include/LocalMapping.h:26,
                 from /home/roey/tello-vio/libs/ORB_SLAM2/include/Tracking.h:29,
                 from /home/roey/tello-vio/libs/ORB_SLAM2/include/System.h:29,
                 from /home/roey/tello-vio/slam/src/orbslam2/src/monocular/monocular-slam-node.hpp:16,
                 from /home/roey/tello-vio/slam/src/orbslam2/src/monocular/monocular-slam-node.cpp:1:
/usr/include/eigen3/Eigen/src/Core/util/Constants.h:167:37: note: declared here
  167 | EIGEN_DEPRECATED const unsigned int AlignedBit = 0x80;
      |                                     ^~~~~~~~~~
In file included from /home/roey/tello-vio/libs/ORB_SLAM2/Thirdparty/g2o/g2o/types/types_seven_dof_expmap.h:34,
                 from /home/roey/tello-vio/libs/ORB_SLAM2/include/LoopClosing.h:34,
                 from /home/roey/tello-vio/libs/ORB_SLAM2/include/LocalMapping.h:26,
                 from /home/roey/tello-vio/libs/ORB_SLAM2/include/Tracking.h:29,
                 from /home/roey/tello-vio/libs/ORB_SLAM2/include/System.h:29,
                 from /home/roey/tello-vio/slam/src/orbslam2/src/monocular/monocular-slam-node.hpp:16,
                 from /home/roey/tello-vio/slam/src/orbslam2/src/monocular/monocular-slam-node.cpp:1:
/home/roey/tello-vio/libs/ORB_SLAM2/Thirdparty/g2o/g2o/types/../core/base_vertex.h: In instantiation of ‘class g2o::BaseVertex<6, g2o::SE3Quat>’:
/home/roey/tello-vio/libs/ORB_SLAM2/Thirdparty/g2o/g2o/types/types_six_dof_expmap.h:59:33:   required from here
/home/roey/tello-vio/libs/ORB_SLAM2/Thirdparty/g2o/g2o/types/../core/base_vertex.h:62:72: warning: ‘Eigen::AlignedBit’ is deprecated [-Wdeprecated-declarations]
   62 |     typedef Eigen::Map<Matrix<double, D, D>, Matrix<double,D,D>::Flags & AlignedBit ? Aligned : Unaligned >  HessianBlockType;
      |                                                                  ~~~~~~^~~~~~~~~~~~
In file included from /usr/include/eigen3/Eigen/Core:161,
                 from /home/roey/tello-vio/libs/ORB_SLAM2/Thirdparty/g2o/g2o/types/../core/jacobian_workspace.h:30,
                 from /home/roey/tello-vio/libs/ORB_SLAM2/Thirdparty/g2o/g2o/types/../core/optimizable_graph.h:41,
                 from /home/roey/tello-vio/libs/ORB_SLAM2/Thirdparty/g2o/g2o/types/../core/base_vertex.h:30,
                 from /home/roey/tello-vio/libs/ORB_SLAM2/Thirdparty/g2o/g2o/types/types_seven_dof_expmap.h:34,
                 from /home/roey/tello-vio/libs/ORB_SLAM2/include/LoopClosing.h:34,
                 from /home/roey/tello-vio/libs/ORB_SLAM2/include/LocalMapping.h:26,
                 from /home/roey/tello-vio/libs/ORB_SLAM2/include/Tracking.h:29,
                 from /home/roey/tello-vio/libs/ORB_SLAM2/include/System.h:29,
                 from /home/roey/tello-vio/slam/src/orbslam2/src/monocular/monocular-slam-node.hpp:16,
                 from /home/roey/tello-vio/slam/src/orbslam2/src/monocular/monocular-slam-node.cpp:1:
/usr/include/eigen3/Eigen/src/Core/util/Constants.h:167:37: note: declared here
  167 | EIGEN_DEPRECATED const unsigned int AlignedBit = 0x80;
      |                                     ^~~~~~~~~~
In file included from /home/roey/tello-vio/libs/ORB_SLAM2/Thirdparty/g2o/g2o/types/types_seven_dof_expmap.h:35,
                 from /home/roey/tello-vio/libs/ORB_SLAM2/include/LoopClosing.h:34,
                 from /home/roey/tello-vio/libs/ORB_SLAM2/include/LocalMapping.h:26,
                 from /home/roey/tello-vio/libs/ORB_SLAM2/include/Tracking.h:29,
                 from /home/roey/tello-vio/libs/ORB_SLAM2/include/System.h:29,
                 from /home/roey/tello-vio/slam/src/orbslam2/src/monocular/monocular-slam-node.hpp:16,
                 from /home/roey/tello-vio/slam/src/orbslam2/src/monocular/mono.cpp:7:
/home/roey/tello-vio/libs/ORB_SLAM2/Thirdparty/g2o/g2o/types/../core/base_binary_edge.h: In instantiation of ‘class g2o::BaseBinaryEdge<2, Eigen::Matrix<double, 2, 1>, g2o::VertexSBAPointXYZ, g2o::VertexSE3Expmap>’:
/home/roey/tello-vio/libs/ORB_SLAM2/Thirdparty/g2o/g2o/types/types_six_dof_expmap.h:80:35:   required from here
/home/roey/tello-vio/libs/ORB_SLAM2/Thirdparty/g2o/g2o/types/../core/base_binary_edge.h:59:80: warning: ‘Eigen::AlignedBit’ is deprecated [-Wdeprecated-declarations]
   59 |       typedef Eigen::Map<Matrix<double, Di, Dj>, Matrix<double, Di, Dj>::Flags & AlignedBit ? Aligned : Unaligned > HessianBlockType;
      |                                                                          ~~~~~~^~~~~~~~~~~~
In file included from /usr/include/eigen3/Eigen/Core:161,
                 from /home/roey/tello-vio/libs/ORB_SLAM2/Thirdparty/g2o/g2o/types/../core/jacobian_workspace.h:30,
                 from /home/roey/tello-vio/libs/ORB_SLAM2/Thirdparty/g2o/g2o/types/../core/optimizable_graph.h:41,
                 from /home/roey/tello-vio/libs/ORB_SLAM2/Thirdparty/g2o/g2o/types/../core/base_vertex.h:30,
                 from /home/roey/tello-vio/libs/ORB_SLAM2/Thirdparty/g2o/g2o/types/types_seven_dof_expmap.h:34,
                 from /home/roey/tello-vio/libs/ORB_SLAM2/include/LoopClosing.h:34,
                 from /home/roey/tello-vio/libs/ORB_SLAM2/include/LocalMapping.h:26,
                 from /home/roey/tello-vio/libs/ORB_SLAM2/include/Tracking.h:29,
                 from /home/roey/tello-vio/libs/ORB_SLAM2/include/System.h:29,
                 from /home/roey/tello-vio/slam/src/orbslam2/src/monocular/monocular-slam-node.hpp:16,
                 from /home/roey/tello-vio/slam/src/orbslam2/src/monocular/mono.cpp:7:
/usr/include/eigen3/Eigen/src/Core/util/Constants.h:167:37: note: declared here
  167 | EIGEN_DEPRECATED const unsigned int AlignedBit = 0x80;
      |                                     ^~~~~~~~~~
In file included from /home/roey/tello-vio/libs/ORB_SLAM2/Thirdparty/g2o/g2o/types/types_seven_dof_expmap.h:35,
                 from /home/roey/tello-vio/libs/ORB_SLAM2/include/LoopClosing.h:34,
                 from /home/roey/tello-vio/libs/ORB_SLAM2/include/LocalMapping.h:26,
                 from /home/roey/tello-vio/libs/ORB_SLAM2/include/Tracking.h:29,
                 from /home/roey/tello-vio/libs/ORB_SLAM2/include/System.h:29,
                 from /home/roey/tello-vio/slam/src/orbslam2/src/monocular/monocular-slam-node.hpp:16,
                 from /home/roey/tello-vio/slam/src/orbslam2/src/monocular/mono.cpp:7:
/home/roey/tello-vio/libs/ORB_SLAM2/Thirdparty/g2o/g2o/types/../core/base_binary_edge.h:60:80: warning: ‘Eigen::AlignedBit’ is deprecated [-Wdeprecated-declarations]
   60 |       typedef Eigen::Map<Matrix<double, Dj, Di>, Matrix<double, Dj, Di>::Flags & AlignedBit ? Aligned : Unaligned > HessianBlockTransposedType;
      |                                                                          ~~~~~~^~~~~~~~~~~~
In file included from /usr/include/eigen3/Eigen/Core:161,
                 from /home/roey/tello-vio/libs/ORB_SLAM2/Thirdparty/g2o/g2o/types/../core/jacobian_workspace.h:30,
                 from /home/roey/tello-vio/libs/ORB_SLAM2/Thirdparty/g2o/g2o/types/../core/optimizable_graph.h:41,
                 from /home/roey/tello-vio/libs/ORB_SLAM2/Thirdparty/g2o/g2o/types/../core/base_vertex.h:30,
                 from /home/roey/tello-vio/libs/ORB_SLAM2/Thirdparty/g2o/g2o/types/types_seven_dof_expmap.h:34,
                 from /home/roey/tello-vio/libs/ORB_SLAM2/include/LoopClosing.h:34,
                 from /home/roey/tello-vio/libs/ORB_SLAM2/include/LocalMapping.h:26,
                 from /home/roey/tello-vio/libs/ORB_SLAM2/include/Tracking.h:29,
                 from /home/roey/tello-vio/libs/ORB_SLAM2/include/System.h:29,
                 from /home/roey/tello-vio/slam/src/orbslam2/src/monocular/monocular-slam-node.hpp:16,
                 from /home/roey/tello-vio/slam/src/orbslam2/src/monocular/mono.cpp:7:
/usr/include/eigen3/Eigen/src/Core/util/Constants.h:167:37: note: declared here
  167 | EIGEN_DEPRECATED const unsigned int AlignedBit = 0x80;
      |                                     ^~~~~~~~~~
In file included from /home/roey/tello-vio/libs/ORB_SLAM2/Thirdparty/g2o/g2o/types/types_seven_dof_expmap.h:35,
                 from /home/roey/tello-vio/libs/ORB_SLAM2/include/LoopClosing.h:34,
                 from /home/roey/tello-vio/libs/ORB_SLAM2/include/LocalMapping.h:26,
                 from /home/roey/tello-vio/libs/ORB_SLAM2/include/Tracking.h:29,
                 from /home/roey/tello-vio/libs/ORB_SLAM2/include/System.h:29,
                 from /home/roey/tello-vio/slam/src/orbslam2/src/monocular/monocular-slam-node.hpp:16,
                 from /home/roey/tello-vio/slam/src/orbslam2/src/monocular/monocular-slam-node.cpp:1:
/home/roey/tello-vio/libs/ORB_SLAM2/Thirdparty/g2o/g2o/types/../core/base_binary_edge.h: In instantiation of ‘class g2o::BaseBinaryEdge<2, Eigen::Matrix<double, 2, 1>, g2o::VertexSBAPointXYZ, g2o::VertexSE3Expmap>’:
/home/roey/tello-vio/libs/ORB_SLAM2/Thirdparty/g2o/g2o/types/types_six_dof_expmap.h:80:35:   required from here
/home/roey/tello-vio/libs/ORB_SLAM2/Thirdparty/g2o/g2o/types/../core/base_binary_edge.h:59:80: warning: ‘Eigen::AlignedBit’ is deprecated [-Wdeprecated-declarations]
   59 |       typedef Eigen::Map<Matrix<double, Di, Dj>, Matrix<double, Di, Dj>::Flags & AlignedBit ? Aligned : Unaligned > HessianBlockType;
      |                                                                          ~~~~~~^~~~~~~~~~~~
In file included from /usr/include/eigen3/Eigen/Core:161,
                 from /home/roey/tello-vio/libs/ORB_SLAM2/Thirdparty/g2o/g2o/types/../core/jacobian_workspace.h:30,
                 from /home/roey/tello-vio/libs/ORB_SLAM2/Thirdparty/g2o/g2o/types/../core/optimizable_graph.h:41,
                 from /home/roey/tello-vio/libs/ORB_SLAM2/Thirdparty/g2o/g2o/types/../core/base_vertex.h:30,
                 from /home/roey/tello-vio/libs/ORB_SLAM2/Thirdparty/g2o/g2o/types/types_seven_dof_expmap.h:34,
                 from /home/roey/tello-vio/libs/ORB_SLAM2/include/LoopClosing.h:34,
                 from /home/roey/tello-vio/libs/ORB_SLAM2/include/LocalMapping.h:26,
                 from /home/roey/tello-vio/libs/ORB_SLAM2/include/Tracking.h:29,
                 from /home/roey/tello-vio/libs/ORB_SLAM2/include/System.h:29,
                 from /home/roey/tello-vio/slam/src/orbslam2/src/monocular/monocular-slam-node.hpp:16,
                 from /home/roey/tello-vio/slam/src/orbslam2/src/monocular/monocular-slam-node.cpp:1:
/usr/include/eigen3/Eigen/src/Core/util/Constants.h:167:37: note: declared here
  167 | EIGEN_DEPRECATED const unsigned int AlignedBit = 0x80;
      |                                     ^~~~~~~~~~
In file included from /home/roey/tello-vio/libs/ORB_SLAM2/Thirdparty/g2o/g2o/types/types_seven_dof_expmap.h:35,
                 from /home/roey/tello-vio/libs/ORB_SLAM2/include/LoopClosing.h:34,
                 from /home/roey/tello-vio/libs/ORB_SLAM2/include/LocalMapping.h:26,
                 from /home/roey/tello-vio/libs/ORB_SLAM2/include/Tracking.h:29,
                 from /home/roey/tello-vio/libs/ORB_SLAM2/include/System.h:29,
                 from /home/roey/tello-vio/slam/src/orbslam2/src/monocular/monocular-slam-node.hpp:16,
                 from /home/roey/tello-vio/slam/src/orbslam2/src/monocular/monocular-slam-node.cpp:1:
/home/roey/tello-vio/libs/ORB_SLAM2/Thirdparty/g2o/g2o/types/../core/base_binary_edge.h:60:80: warning: ‘Eigen::AlignedBit’ is deprecated [-Wdeprecated-declarations]
   60 |       typedef Eigen::Map<Matrix<double, Dj, Di>, Matrix<double, Dj, Di>::Flags & AlignedBit ? Aligned : Unaligned > HessianBlockTransposedType;
      |                                                                          ~~~~~~^~~~~~~~~~~~
In file included from /usr/include/eigen3/Eigen/Core:161,
                 from /home/roey/tello-vio/libs/ORB_SLAM2/Thirdparty/g2o/g2o/types/../core/jacobian_workspace.h:30,
                 from /home/roey/tello-vio/libs/ORB_SLAM2/Thirdparty/g2o/g2o/types/../core/optimizable_graph.h:41,
                 from /home/roey/tello-vio/libs/ORB_SLAM2/Thirdparty/g2o/g2o/types/../core/base_vertex.h:30,
                 from /home/roey/tello-vio/libs/ORB_SLAM2/Thirdparty/g2o/g2o/types/types_seven_dof_expmap.h:34,
                 from /home/roey/tello-vio/libs/ORB_SLAM2/include/LoopClosing.h:34,
                 from /home/roey/tello-vio/libs/ORB_SLAM2/include/LocalMapping.h:26,
                 from /home/roey/tello-vio/libs/ORB_SLAM2/include/Tracking.h:29,
                 from /home/roey/tello-vio/libs/ORB_SLAM2/include/System.h:29,
                 from /home/roey/tello-vio/slam/src/orbslam2/src/monocular/monocular-slam-node.hpp:16,
                 from /home/roey/tello-vio/slam/src/orbslam2/src/monocular/monocular-slam-node.cpp:1:
/usr/include/eigen3/Eigen/src/Core/util/Constants.h:167:37: note: declared here
  167 | EIGEN_DEPRECATED const unsigned int AlignedBit = 0x80;
      |                                     ^~~~~~~~~~
In file included from /home/roey/tello-vio/libs/ORB_SLAM2/Thirdparty/g2o/g2o/types/types_seven_dof_expmap.h:35,
                 from /home/roey/tello-vio/libs/ORB_SLAM2/include/LoopClosing.h:34,
                 from /home/roey/tello-vio/libs/ORB_SLAM2/include/LocalMapping.h:26,
                 from /home/roey/tello-vio/libs/ORB_SLAM2/include/Tracking.h:29,
                 from /home/roey/tello-vio/libs/ORB_SLAM2/include/System.h:29,
                 from /home/roey/tello-vio/slam/src/orbslam2/src/monocular/monocular-slam-node.hpp:16,
                 from /home/roey/tello-vio/slam/src/orbslam2/src/monocular/mono.cpp:7:
/home/roey/tello-vio/libs/ORB_SLAM2/Thirdparty/g2o/g2o/types/../core/base_binary_edge.h: In instantiation of ‘class g2o::BaseBinaryEdge<3, Eigen::Matrix<double, 3, 1>, g2o::VertexSBAPointXYZ, g2o::VertexSE3Expmap>’:
/home/roey/tello-vio/libs/ORB_SLAM2/Thirdparty/g2o/g2o/types/types_six_dof_expmap.h:112:41:   required from here
/home/roey/tello-vio/libs/ORB_SLAM2/Thirdparty/g2o/g2o/types/../core/base_binary_edge.h:59:80: warning: ‘Eigen::AlignedBit’ is deprecated [-Wdeprecated-declarations]
   59 |       typedef Eigen::Map<Matrix<double, Di, Dj>, Matrix<double, Di, Dj>::Flags & AlignedBit ? Aligned : Unaligned > HessianBlockType;
      |                                                                          ~~~~~~^~~~~~~~~~~~
In file included from /usr/include/eigen3/Eigen/Core:161,
                 from /home/roey/tello-vio/libs/ORB_SLAM2/Thirdparty/g2o/g2o/types/../core/jacobian_workspace.h:30,
                 from /home/roey/tello-vio/libs/ORB_SLAM2/Thirdparty/g2o/g2o/types/../core/optimizable_graph.h:41,
                 from /home/roey/tello-vio/libs/ORB_SLAM2/Thirdparty/g2o/g2o/types/../core/base_vertex.h:30,
                 from /home/roey/tello-vio/libs/ORB_SLAM2/Thirdparty/g2o/g2o/types/types_seven_dof_expmap.h:34,
                 from /home/roey/tello-vio/libs/ORB_SLAM2/include/LoopClosing.h:34,
                 from /home/roey/tello-vio/libs/ORB_SLAM2/include/LocalMapping.h:26,
                 from /home/roey/tello-vio/libs/ORB_SLAM2/include/Tracking.h:29,
                 from /home/roey/tello-vio/libs/ORB_SLAM2/include/System.h:29,
                 from /home/roey/tello-vio/slam/src/orbslam2/src/monocular/monocular-slam-node.hpp:16,
                 from /home/roey/tello-vio/slam/src/orbslam2/src/monocular/mono.cpp:7:
/usr/include/eigen3/Eigen/src/Core/util/Constants.h:167:37: note: declared here
  167 | EIGEN_DEPRECATED const unsigned int AlignedBit = 0x80;
      |                                     ^~~~~~~~~~
In file included from /home/roey/tello-vio/libs/ORB_SLAM2/Thirdparty/g2o/g2o/types/types_seven_dof_expmap.h:35,
                 from /home/roey/tello-vio/libs/ORB_SLAM2/include/LoopClosing.h:34,
                 from /home/roey/tello-vio/libs/ORB_SLAM2/include/LocalMapping.h:26,
                 from /home/roey/tello-vio/libs/ORB_SLAM2/include/Tracking.h:29,
                 from /home/roey/tello-vio/libs/ORB_SLAM2/include/System.h:29,
                 from /home/roey/tello-vio/slam/src/orbslam2/src/monocular/monocular-slam-node.hpp:16,
                 from /home/roey/tello-vio/slam/src/orbslam2/src/monocular/mono.cpp:7:
/home/roey/tello-vio/libs/ORB_SLAM2/Thirdparty/g2o/g2o/types/../core/base_binary_edge.h:60:80: warning: ‘Eigen::AlignedBit’ is deprecated [-Wdeprecated-declarations]
   60 |       typedef Eigen::Map<Matrix<double, Dj, Di>, Matrix<double, Dj, Di>::Flags & AlignedBit ? Aligned : Unaligned > HessianBlockTransposedType;
      |                                                                          ~~~~~~^~~~~~~~~~~~
In file included from /usr/include/eigen3/Eigen/Core:161,
                 from /home/roey/tello-vio/libs/ORB_SLAM2/Thirdparty/g2o/g2o/types/../core/jacobian_workspace.h:30,
                 from /home/roey/tello-vio/libs/ORB_SLAM2/Thirdparty/g2o/g2o/types/../core/optimizable_graph.h:41,
                 from /home/roey/tello-vio/libs/ORB_SLAM2/Thirdparty/g2o/g2o/types/../core/base_vertex.h:30,
                 from /home/roey/tello-vio/libs/ORB_SLAM2/Thirdparty/g2o/g2o/types/types_seven_dof_expmap.h:34,
                 from /home/roey/tello-vio/libs/ORB_SLAM2/include/LoopClosing.h:34,
                 from /home/roey/tello-vio/libs/ORB_SLAM2/include/LocalMapping.h:26,
                 from /home/roey/tello-vio/libs/ORB_SLAM2/include/Tracking.h:29,
                 from /home/roey/tello-vio/libs/ORB_SLAM2/include/System.h:29,
                 from /home/roey/tello-vio/slam/src/orbslam2/src/monocular/monocular-slam-node.hpp:16,
                 from /home/roey/tello-vio/slam/src/orbslam2/src/monocular/mono.cpp:7:
/usr/include/eigen3/Eigen/src/Core/util/Constants.h:167:37: note: declared here
  167 | EIGEN_DEPRECATED const unsigned int AlignedBit = 0x80;
      |                                     ^~~~~~~~~~
In file included from /home/roey/tello-vio/libs/ORB_SLAM2/Thirdparty/g2o/g2o/types/types_seven_dof_expmap.h:35,
                 from /home/roey/tello-vio/libs/ORB_SLAM2/include/LoopClosing.h:34,
                 from /home/roey/tello-vio/libs/ORB_SLAM2/include/LocalMapping.h:26,
                 from /home/roey/tello-vio/libs/ORB_SLAM2/include/Tracking.h:29,
                 from /home/roey/tello-vio/libs/ORB_SLAM2/include/System.h:29,
                 from /home/roey/tello-vio/slam/src/orbslam2/src/monocular/monocular-slam-node.hpp:16,
                 from /home/roey/tello-vio/slam/src/orbslam2/src/monocular/monocular-slam-node.cpp:1:
/home/roey/tello-vio/libs/ORB_SLAM2/Thirdparty/g2o/g2o/types/../core/base_binary_edge.h: In instantiation of ‘class g2o::BaseBinaryEdge<3, Eigen::Matrix<double, 3, 1>, g2o::VertexSBAPointXYZ, g2o::VertexSE3Expmap>’:
/home/roey/tello-vio/libs/ORB_SLAM2/Thirdparty/g2o/g2o/types/types_six_dof_expmap.h:112:41:   required from here
/home/roey/tello-vio/libs/ORB_SLAM2/Thirdparty/g2o/g2o/types/../core/base_binary_edge.h:59:80: warning: ‘Eigen::AlignedBit’ is deprecated [-Wdeprecated-declarations]
   59 |       typedef Eigen::Map<Matrix<double, Di, Dj>, Matrix<double, Di, Dj>::Flags & AlignedBit ? Aligned : Unaligned > HessianBlockType;
      |                                                                          ~~~~~~^~~~~~~~~~~~
In file included from /usr/include/eigen3/Eigen/Core:161,
                 from /home/roey/tello-vio/libs/ORB_SLAM2/Thirdparty/g2o/g2o/types/../core/jacobian_workspace.h:30,
                 from /home/roey/tello-vio/libs/ORB_SLAM2/Thirdparty/g2o/g2o/types/../core/optimizable_graph.h:41,
                 from /home/roey/tello-vio/libs/ORB_SLAM2/Thirdparty/g2o/g2o/types/../core/base_vertex.h:30,
                 from /home/roey/tello-vio/libs/ORB_SLAM2/Thirdparty/g2o/g2o/types/types_seven_dof_expmap.h:34,
                 from /home/roey/tello-vio/libs/ORB_SLAM2/include/LoopClosing.h:34,
                 from /home/roey/tello-vio/libs/ORB_SLAM2/include/LocalMapping.h:26,
                 from /home/roey/tello-vio/libs/ORB_SLAM2/include/Tracking.h:29,
                 from /home/roey/tello-vio/libs/ORB_SLAM2/include/System.h:29,
                 from /home/roey/tello-vio/slam/src/orbslam2/src/monocular/monocular-slam-node.hpp:16,
                 from /home/roey/tello-vio/slam/src/orbslam2/src/monocular/monocular-slam-node.cpp:1:
/usr/include/eigen3/Eigen/src/Core/util/Constants.h:167:37: note: declared here
  167 | EIGEN_DEPRECATED const unsigned int AlignedBit = 0x80;
      |                                     ^~~~~~~~~~
In file included from /home/roey/tello-vio/libs/ORB_SLAM2/Thirdparty/g2o/g2o/types/types_seven_dof_expmap.h:35,
                 from /home/roey/tello-vio/libs/ORB_SLAM2/include/LoopClosing.h:34,
                 from /home/roey/tello-vio/libs/ORB_SLAM2/include/LocalMapping.h:26,
                 from /home/roey/tello-vio/libs/ORB_SLAM2/include/Tracking.h:29,
                 from /home/roey/tello-vio/libs/ORB_SLAM2/include/System.h:29,
                 from /home/roey/tello-vio/slam/src/orbslam2/src/monocular/monocular-slam-node.hpp:16,
                 from /home/roey/tello-vio/slam/src/orbslam2/src/monocular/monocular-slam-node.cpp:1:
/home/roey/tello-vio/libs/ORB_SLAM2/Thirdparty/g2o/g2o/types/../core/base_binary_edge.h:60:80: warning: ‘Eigen::AlignedBit’ is deprecated [-Wdeprecated-declarations]
   60 |       typedef Eigen::Map<Matrix<double, Dj, Di>, Matrix<double, Dj, Di>::Flags & AlignedBit ? Aligned : Unaligned > HessianBlockTransposedType;
      |                                                                          ~~~~~~^~~~~~~~~~~~
In file included from /usr/include/eigen3/Eigen/Core:161,
                 from /home/roey/tello-vio/libs/ORB_SLAM2/Thirdparty/g2o/g2o/types/../core/jacobian_workspace.h:30,
                 from /home/roey/tello-vio/libs/ORB_SLAM2/Thirdparty/g2o/g2o/types/../core/optimizable_graph.h:41,
                 from /home/roey/tello-vio/libs/ORB_SLAM2/Thirdparty/g2o/g2o/types/../core/base_vertex.h:30,
                 from /home/roey/tello-vio/libs/ORB_SLAM2/Thirdparty/g2o/g2o/types/types_seven_dof_expmap.h:34,
                 from /home/roey/tello-vio/libs/ORB_SLAM2/include/LoopClosing.h:34,
                 from /home/roey/tello-vio/libs/ORB_SLAM2/include/LocalMapping.h:26,
                 from /home/roey/tello-vio/libs/ORB_SLAM2/include/Tracking.h:29,
                 from /home/roey/tello-vio/libs/ORB_SLAM2/include/System.h:29,
                 from /home/roey/tello-vio/slam/src/orbslam2/src/monocular/monocular-slam-node.hpp:16,
                 from /home/roey/tello-vio/slam/src/orbslam2/src/monocular/monocular-slam-node.cpp:1:
/usr/include/eigen3/Eigen/src/Core/util/Constants.h:167:37: note: declared here
  167 | EIGEN_DEPRECATED const unsigned int AlignedBit = 0x80;
      |                                     ^~~~~~~~~~
In file included from /home/roey/tello-vio/libs/ORB_SLAM2/Thirdparty/g2o/g2o/types/types_seven_dof_expmap.h:34,
                 from /home/roey/tello-vio/libs/ORB_SLAM2/include/LoopClosing.h:34,
                 from /home/roey/tello-vio/libs/ORB_SLAM2/include/LocalMapping.h:26,
                 from /home/roey/tello-vio/libs/ORB_SLAM2/include/Tracking.h:29,
                 from /home/roey/tello-vio/libs/ORB_SLAM2/include/System.h:29,
                 from /home/roey/tello-vio/slam/src/orbslam2/src/monocular/monocular-slam-node.hpp:16,
                 from /home/roey/tello-vio/slam/src/orbslam2/src/monocular/mono.cpp:7:
/home/roey/tello-vio/libs/ORB_SLAM2/Thirdparty/g2o/g2o/types/../core/base_vertex.h: In instantiation of ‘class g2o::BaseVertex<7, g2o::Sim3>’:
/home/roey/tello-vio/libs/ORB_SLAM2/Thirdparty/g2o/g2o/types/types_seven_dof_expmap.h:48:35:   required from here
/home/roey/tello-vio/libs/ORB_SLAM2/Thirdparty/g2o/g2o/types/../core/base_vertex.h:62:72: warning: ‘Eigen::AlignedBit’ is deprecated [-Wdeprecated-declarations]
   62 |     typedef Eigen::Map<Matrix<double, D, D>, Matrix<double,D,D>::Flags & AlignedBit ? Aligned : Unaligned >  HessianBlockType;
      |                                                                  ~~~~~~^~~~~~~~~~~~
In file included from /usr/include/eigen3/Eigen/Core:161,
                 from /home/roey/tello-vio/libs/ORB_SLAM2/Thirdparty/g2o/g2o/types/../core/jacobian_workspace.h:30,
                 from /home/roey/tello-vio/libs/ORB_SLAM2/Thirdparty/g2o/g2o/types/../core/optimizable_graph.h:41,
                 from /home/roey/tello-vio/libs/ORB_SLAM2/Thirdparty/g2o/g2o/types/../core/base_vertex.h:30,
                 from /home/roey/tello-vio/libs/ORB_SLAM2/Thirdparty/g2o/g2o/types/types_seven_dof_expmap.h:34,
                 from /home/roey/tello-vio/libs/ORB_SLAM2/include/LoopClosing.h:34,
                 from /home/roey/tello-vio/libs/ORB_SLAM2/include/LocalMapping.h:26,
                 from /home/roey/tello-vio/libs/ORB_SLAM2/include/Tracking.h:29,
                 from /home/roey/tello-vio/libs/ORB_SLAM2/include/System.h:29,
                 from /home/roey/tello-vio/slam/src/orbslam2/src/monocular/monocular-slam-node.hpp:16,
                 from /home/roey/tello-vio/slam/src/orbslam2/src/monocular/mono.cpp:7:
/usr/include/eigen3/Eigen/src/Core/util/Constants.h:167:37: note: declared here
  167 | EIGEN_DEPRECATED const unsigned int AlignedBit = 0x80;
      |                                     ^~~~~~~~~~
In file included from /home/roey/tello-vio/libs/ORB_SLAM2/Thirdparty/g2o/g2o/types/types_seven_dof_expmap.h:35,
                 from /home/roey/tello-vio/libs/ORB_SLAM2/include/LoopClosing.h:34,
                 from /home/roey/tello-vio/libs/ORB_SLAM2/include/LocalMapping.h:26,
                 from /home/roey/tello-vio/libs/ORB_SLAM2/include/Tracking.h:29,
                 from /home/roey/tello-vio/libs/ORB_SLAM2/include/System.h:29,
                 from /home/roey/tello-vio/slam/src/orbslam2/src/monocular/monocular-slam-node.hpp:16,
                 from /home/roey/tello-vio/slam/src/orbslam2/src/monocular/mono.cpp:7:
/home/roey/tello-vio/libs/ORB_SLAM2/Thirdparty/g2o/g2o/types/../core/base_binary_edge.h: In instantiation of ‘class g2o::BaseBinaryEdge<7, g2o::Sim3, g2o::VertexSim3Expmap, g2o::VertexSim3Expmap>’:
/home/roey/tello-vio/libs/ORB_SLAM2/Thirdparty/g2o/g2o/types/types_seven_dof_expmap.h:99:27:   required from here
/home/roey/tello-vio/libs/ORB_SLAM2/Thirdparty/g2o/g2o/types/../core/base_binary_edge.h:59:80: warning: ‘Eigen::AlignedBit’ is deprecated [-Wdeprecated-declarations]
   59 |       typedef Eigen::Map<Matrix<double, Di, Dj>, Matrix<double, Di, Dj>::Flags & AlignedBit ? Aligned : Unaligned > HessianBlockType;
      |                                                                          ~~~~~~^~~~~~~~~~~~
In file included from /usr/include/eigen3/Eigen/Core:161,
                 from /home/roey/tello-vio/libs/ORB_SLAM2/Thirdparty/g2o/g2o/types/../core/jacobian_workspace.h:30,
                 from /home/roey/tello-vio/libs/ORB_SLAM2/Thirdparty/g2o/g2o/types/../core/optimizable_graph.h:41,
                 from /home/roey/tello-vio/libs/ORB_SLAM2/Thirdparty/g2o/g2o/types/../core/base_vertex.h:30,
                 from /home/roey/tello-vio/libs/ORB_SLAM2/Thirdparty/g2o/g2o/types/types_seven_dof_expmap.h:34,
                 from /home/roey/tello-vio/libs/ORB_SLAM2/include/LoopClosing.h:34,
                 from /home/roey/tello-vio/libs/ORB_SLAM2/include/LocalMapping.h:26,
                 from /home/roey/tello-vio/libs/ORB_SLAM2/include/Tracking.h:29,
                 from /home/roey/tello-vio/libs/ORB_SLAM2/include/System.h:29,
                 from /home/roey/tello-vio/slam/src/orbslam2/src/monocular/monocular-slam-node.hpp:16,
                 from /home/roey/tello-vio/slam/src/orbslam2/src/monocular/mono.cpp:7:
/usr/include/eigen3/Eigen/src/Core/util/Constants.h:167:37: note: declared here
  167 | EIGEN_DEPRECATED const unsigned int AlignedBit = 0x80;
      |                                     ^~~~~~~~~~
In file included from /home/roey/tello-vio/libs/ORB_SLAM2/Thirdparty/g2o/g2o/types/types_seven_dof_expmap.h:35,
                 from /home/roey/tello-vio/libs/ORB_SLAM2/include/LoopClosing.h:34,
                 from /home/roey/tello-vio/libs/ORB_SLAM2/include/LocalMapping.h:26,
                 from /home/roey/tello-vio/libs/ORB_SLAM2/include/Tracking.h:29,
                 from /home/roey/tello-vio/libs/ORB_SLAM2/include/System.h:29,
                 from /home/roey/tello-vio/slam/src/orbslam2/src/monocular/monocular-slam-node.hpp:16,
                 from /home/roey/tello-vio/slam/src/orbslam2/src/monocular/mono.cpp:7:
/home/roey/tello-vio/libs/ORB_SLAM2/Thirdparty/g2o/g2o/types/../core/base_binary_edge.h:60:80: warning: ‘Eigen::AlignedBit’ is deprecated [-Wdeprecated-declarations]
   60 |       typedef Eigen::Map<Matrix<double, Dj, Di>, Matrix<double, Dj, Di>::Flags & AlignedBit ? Aligned : Unaligned > HessianBlockTransposedType;
      |                                                                          ~~~~~~^~~~~~~~~~~~
In file included from /usr/include/eigen3/Eigen/Core:161,
                 from /home/roey/tello-vio/libs/ORB_SLAM2/Thirdparty/g2o/g2o/types/../core/jacobian_workspace.h:30,
                 from /home/roey/tello-vio/libs/ORB_SLAM2/Thirdparty/g2o/g2o/types/../core/optimizable_graph.h:41,
                 from /home/roey/tello-vio/libs/ORB_SLAM2/Thirdparty/g2o/g2o/types/../core/base_vertex.h:30,
                 from /home/roey/tello-vio/libs/ORB_SLAM2/Thirdparty/g2o/g2o/types/types_seven_dof_expmap.h:34,
                 from /home/roey/tello-vio/libs/ORB_SLAM2/include/LoopClosing.h:34,
                 from /home/roey/tello-vio/libs/ORB_SLAM2/include/LocalMapping.h:26,
                 from /home/roey/tello-vio/libs/ORB_SLAM2/include/Tracking.h:29,
                 from /home/roey/tello-vio/libs/ORB_SLAM2/include/System.h:29,
                 from /home/roey/tello-vio/slam/src/orbslam2/src/monocular/monocular-slam-node.hpp:16,
                 from /home/roey/tello-vio/slam/src/orbslam2/src/monocular/mono.cpp:7:
/usr/include/eigen3/Eigen/src/Core/util/Constants.h:167:37: note: declared here
  167 | EIGEN_DEPRECATED const unsigned int AlignedBit = 0x80;
      |                                     ^~~~~~~~~~
In file included from /home/roey/tello-vio/libs/ORB_SLAM2/Thirdparty/g2o/g2o/types/types_seven_dof_expmap.h:34,
                 from /home/roey/tello-vio/libs/ORB_SLAM2/include/LoopClosing.h:34,
                 from /home/roey/tello-vio/libs/ORB_SLAM2/include/LocalMapping.h:26,
                 from /home/roey/tello-vio/libs/ORB_SLAM2/include/Tracking.h:29,
                 from /home/roey/tello-vio/libs/ORB_SLAM2/include/System.h:29,
                 from /home/roey/tello-vio/slam/src/orbslam2/src/monocular/monocular-slam-node.hpp:16,
                 from /home/roey/tello-vio/slam/src/orbslam2/src/monocular/monocular-slam-node.cpp:1:
/home/roey/tello-vio/libs/ORB_SLAM2/Thirdparty/g2o/g2o/types/../core/base_vertex.h: In instantiation of ‘class g2o::BaseVertex<7, g2o::Sim3>’:
/home/roey/tello-vio/libs/ORB_SLAM2/Thirdparty/g2o/g2o/types/types_seven_dof_expmap.h:48:35:   required from here
/home/roey/tello-vio/libs/ORB_SLAM2/Thirdparty/g2o/g2o/types/../core/base_vertex.h:62:72: warning: ‘Eigen::AlignedBit’ is deprecated [-Wdeprecated-declarations]
   62 |     typedef Eigen::Map<Matrix<double, D, D>, Matrix<double,D,D>::Flags & AlignedBit ? Aligned : Unaligned >  HessianBlockType;
      |                                                                  ~~~~~~^~~~~~~~~~~~
In file included from /usr/include/eigen3/Eigen/Core:161,
                 from /home/roey/tello-vio/libs/ORB_SLAM2/Thirdparty/g2o/g2o/types/../core/jacobian_workspace.h:30,
                 from /home/roey/tello-vio/libs/ORB_SLAM2/Thirdparty/g2o/g2o/types/../core/optimizable_graph.h:41,
                 from /home/roey/tello-vio/libs/ORB_SLAM2/Thirdparty/g2o/g2o/types/../core/base_vertex.h:30,
                 from /home/roey/tello-vio/libs/ORB_SLAM2/Thirdparty/g2o/g2o/types/types_seven_dof_expmap.h:34,
                 from /home/roey/tello-vio/libs/ORB_SLAM2/include/LoopClosing.h:34,
                 from /home/roey/tello-vio/libs/ORB_SLAM2/include/LocalMapping.h:26,
                 from /home/roey/tello-vio/libs/ORB_SLAM2/include/Tracking.h:29,
                 from /home/roey/tello-vio/libs/ORB_SLAM2/include/System.h:29,
                 from /home/roey/tello-vio/slam/src/orbslam2/src/monocular/monocular-slam-node.hpp:16,
                 from /home/roey/tello-vio/slam/src/orbslam2/src/monocular/monocular-slam-node.cpp:1:
/usr/include/eigen3/Eigen/src/Core/util/Constants.h:167:37: note: declared here
  167 | EIGEN_DEPRECATED const unsigned int AlignedBit = 0x80;
      |                                     ^~~~~~~~~~
In file included from /home/roey/tello-vio/libs/ORB_SLAM2/Thirdparty/g2o/g2o/types/types_seven_dof_expmap.h:35,
                 from /home/roey/tello-vio/libs/ORB_SLAM2/include/LoopClosing.h:34,
                 from /home/roey/tello-vio/libs/ORB_SLAM2/include/LocalMapping.h:26,
                 from /home/roey/tello-vio/libs/ORB_SLAM2/include/Tracking.h:29,
                 from /home/roey/tello-vio/libs/ORB_SLAM2/include/System.h:29,
                 from /home/roey/tello-vio/slam/src/orbslam2/src/monocular/monocular-slam-node.hpp:16,
                 from /home/roey/tello-vio/slam/src/orbslam2/src/monocular/monocular-slam-node.cpp:1:
/home/roey/tello-vio/libs/ORB_SLAM2/Thirdparty/g2o/g2o/types/../core/base_binary_edge.h: In instantiation of ‘class g2o::BaseBinaryEdge<7, g2o::Sim3, g2o::VertexSim3Expmap, g2o::VertexSim3Expmap>’:
/home/roey/tello-vio/libs/ORB_SLAM2/Thirdparty/g2o/g2o/types/types_seven_dof_expmap.h:99:27:   required from here
/home/roey/tello-vio/libs/ORB_SLAM2/Thirdparty/g2o/g2o/types/../core/base_binary_edge.h:59:80: warning: ‘Eigen::AlignedBit’ is deprecated [-Wdeprecated-declarations]
   59 |       typedef Eigen::Map<Matrix<double, Di, Dj>, Matrix<double, Di, Dj>::Flags & AlignedBit ? Aligned : Unaligned > HessianBlockType;
      |                                                                          ~~~~~~^~~~~~~~~~~~
In file included from /usr/include/eigen3/Eigen/Core:161,
                 from /home/roey/tello-vio/libs/ORB_SLAM2/Thirdparty/g2o/g2o/types/../core/jacobian_workspace.h:30,
                 from /home/roey/tello-vio/libs/ORB_SLAM2/Thirdparty/g2o/g2o/types/../core/optimizable_graph.h:41,
                 from /home/roey/tello-vio/libs/ORB_SLAM2/Thirdparty/g2o/g2o/types/../core/base_vertex.h:30,
                 from /home/roey/tello-vio/libs/ORB_SLAM2/Thirdparty/g2o/g2o/types/types_seven_dof_expmap.h:34,
                 from /home/roey/tello-vio/libs/ORB_SLAM2/include/LoopClosing.h:34,
                 from /home/roey/tello-vio/libs/ORB_SLAM2/include/LocalMapping.h:26,
                 from /home/roey/tello-vio/libs/ORB_SLAM2/include/Tracking.h:29,
                 from /home/roey/tello-vio/libs/ORB_SLAM2/include/System.h:29,
                 from /home/roey/tello-vio/slam/src/orbslam2/src/monocular/monocular-slam-node.hpp:16,
                 from /home/roey/tello-vio/slam/src/orbslam2/src/monocular/monocular-slam-node.cpp:1:
/usr/include/eigen3/Eigen/src/Core/util/Constants.h:167:37: note: declared here
  167 | EIGEN_DEPRECATED const unsigned int AlignedBit = 0x80;
      |                                     ^~~~~~~~~~
In file included from /home/roey/tello-vio/libs/ORB_SLAM2/Thirdparty/g2o/g2o/types/types_seven_dof_expmap.h:35,
                 from /home/roey/tello-vio/libs/ORB_SLAM2/include/LoopClosing.h:34,
                 from /home/roey/tello-vio/libs/ORB_SLAM2/include/LocalMapping.h:26,
                 from /home/roey/tello-vio/libs/ORB_SLAM2/include/Tracking.h:29,
                 from /home/roey/tello-vio/libs/ORB_SLAM2/include/System.h:29,
                 from /home/roey/tello-vio/slam/src/orbslam2/src/monocular/monocular-slam-node.hpp:16,
                 from /home/roey/tello-vio/slam/src/orbslam2/src/monocular/monocular-slam-node.cpp:1:
/home/roey/tello-vio/libs/ORB_SLAM2/Thirdparty/g2o/g2o/types/../core/base_binary_edge.h:60:80: warning: ‘Eigen::AlignedBit’ is deprecated [-Wdeprecated-declarations]
   60 |       typedef Eigen::Map<Matrix<double, Dj, Di>, Matrix<double, Dj, Di>::Flags & AlignedBit ? Aligned : Unaligned > HessianBlockTransposedType;
      |                                                                          ~~~~~~^~~~~~~~~~~~
In file included from /usr/include/eigen3/Eigen/Core:161,
                 from /home/roey/tello-vio/libs/ORB_SLAM2/Thirdparty/g2o/g2o/types/../core/jacobian_workspace.h:30,
                 from /home/roey/tello-vio/libs/ORB_SLAM2/Thirdparty/g2o/g2o/types/../core/optimizable_graph.h:41,
                 from /home/roey/tello-vio/libs/ORB_SLAM2/Thirdparty/g2o/g2o/types/../core/base_vertex.h:30,
                 from /home/roey/tello-vio/libs/ORB_SLAM2/Thirdparty/g2o/g2o/types/types_seven_dof_expmap.h:34,
                 from /home/roey/tello-vio/libs/ORB_SLAM2/include/LoopClosing.h:34,
                 from /home/roey/tello-vio/libs/ORB_SLAM2/include/LocalMapping.h:26,
                 from /home/roey/tello-vio/libs/ORB_SLAM2/include/Tracking.h:29,
                 from /home/roey/tello-vio/libs/ORB_SLAM2/include/System.h:29,
                 from /home/roey/tello-vio/slam/src/orbslam2/src/monocular/monocular-slam-node.hpp:16,
                 from /home/roey/tello-vio/slam/src/orbslam2/src/monocular/monocular-slam-node.cpp:1:
/usr/include/eigen3/Eigen/src/Core/util/Constants.h:167:37: note: declared here
  167 | EIGEN_DEPRECATED const unsigned int AlignedBit = 0x80;
      |                                     ^~~~~~~~~~
In file included from /home/roey/tello-vio/libs/ORB_SLAM2/Thirdparty/g2o/g2o/types/types_seven_dof_expmap.h:35,
                 from /home/roey/tello-vio/libs/ORB_SLAM2/include/LoopClosing.h:34,
                 from /home/roey/tello-vio/libs/ORB_SLAM2/include/LocalMapping.h:26,
                 from /home/roey/tello-vio/libs/ORB_SLAM2/include/Tracking.h:29,
                 from /home/roey/tello-vio/libs/ORB_SLAM2/include/System.h:29,
                 from /home/roey/tello-vio/slam/src/orbslam2/src/monocular/monocular-slam-node.hpp:16,
                 from /home/roey/tello-vio/slam/src/orbslam2/src/monocular/mono.cpp:7:
/home/roey/tello-vio/libs/ORB_SLAM2/Thirdparty/g2o/g2o/types/../core/base_binary_edge.h: In instantiation of ‘class g2o::BaseBinaryEdge<2, Eigen::Matrix<double, 2, 1>, g2o::VertexSBAPointXYZ, g2o::VertexSim3Expmap>’:
/home/roey/tello-vio/libs/ORB_SLAM2/Thirdparty/g2o/g2o/types/types_seven_dof_expmap.h:130:36:   required from here
/home/roey/tello-vio/libs/ORB_SLAM2/Thirdparty/g2o/g2o/types/../core/base_binary_edge.h:59:80: warning: ‘Eigen::AlignedBit’ is deprecated [-Wdeprecated-declarations]
   59 |       typedef Eigen::Map<Matrix<double, Di, Dj>, Matrix<double, Di, Dj>::Flags & AlignedBit ? Aligned : Unaligned > HessianBlockType;
      |                                                                          ~~~~~~^~~~~~~~~~~~
In file included from /usr/include/eigen3/Eigen/Core:161,
                 from /home/roey/tello-vio/libs/ORB_SLAM2/Thirdparty/g2o/g2o/types/../core/jacobian_workspace.h:30,
                 from /home/roey/tello-vio/libs/ORB_SLAM2/Thirdparty/g2o/g2o/types/../core/optimizable_graph.h:41,
                 from /home/roey/tello-vio/libs/ORB_SLAM2/Thirdparty/g2o/g2o/types/../core/base_vertex.h:30,
                 from /home/roey/tello-vio/libs/ORB_SLAM2/Thirdparty/g2o/g2o/types/types_seven_dof_expmap.h:34,
                 from /home/roey/tello-vio/libs/ORB_SLAM2/include/LoopClosing.h:34,
                 from /home/roey/tello-vio/libs/ORB_SLAM2/include/LocalMapping.h:26,
                 from /home/roey/tello-vio/libs/ORB_SLAM2/include/Tracking.h:29,
                 from /home/roey/tello-vio/libs/ORB_SLAM2/include/System.h:29,
                 from /home/roey/tello-vio/slam/src/orbslam2/src/monocular/monocular-slam-node.hpp:16,
                 from /home/roey/tello-vio/slam/src/orbslam2/src/monocular/mono.cpp:7:
/usr/include/eigen3/Eigen/src/Core/util/Constants.h:167:37: note: declared here
  167 | EIGEN_DEPRECATED const unsigned int AlignedBit = 0x80;
      |                                     ^~~~~~~~~~
In file included from /home/roey/tello-vio/libs/ORB_SLAM2/Thirdparty/g2o/g2o/types/types_seven_dof_expmap.h:35,
                 from /home/roey/tello-vio/libs/ORB_SLAM2/include/LoopClosing.h:34,
                 from /home/roey/tello-vio/libs/ORB_SLAM2/include/LocalMapping.h:26,
                 from /home/roey/tello-vio/libs/ORB_SLAM2/include/Tracking.h:29,
                 from /home/roey/tello-vio/libs/ORB_SLAM2/include/System.h:29,
                 from /home/roey/tello-vio/slam/src/orbslam2/src/monocular/monocular-slam-node.hpp:16,
                 from /home/roey/tello-vio/slam/src/orbslam2/src/monocular/mono.cpp:7:
/home/roey/tello-vio/libs/ORB_SLAM2/Thirdparty/g2o/g2o/types/../core/base_binary_edge.h:60:80: warning: ‘Eigen::AlignedBit’ is deprecated [-Wdeprecated-declarations]
   60 |       typedef Eigen::Map<Matrix<double, Dj, Di>, Matrix<double, Dj, Di>::Flags & AlignedBit ? Aligned : Unaligned > HessianBlockTransposedType;
      |                                                                          ~~~~~~^~~~~~~~~~~~
In file included from /usr/include/eigen3/Eigen/Core:161,
                 from /home/roey/tello-vio/libs/ORB_SLAM2/Thirdparty/g2o/g2o/types/../core/jacobian_workspace.h:30,
                 from /home/roey/tello-vio/libs/ORB_SLAM2/Thirdparty/g2o/g2o/types/../core/optimizable_graph.h:41,
                 from /home/roey/tello-vio/libs/ORB_SLAM2/Thirdparty/g2o/g2o/types/../core/base_vertex.h:30,
                 from /home/roey/tello-vio/libs/ORB_SLAM2/Thirdparty/g2o/g2o/types/types_seven_dof_expmap.h:34,
                 from /home/roey/tello-vio/libs/ORB_SLAM2/include/LoopClosing.h:34,
                 from /home/roey/tello-vio/libs/ORB_SLAM2/include/LocalMapping.h:26,
                 from /home/roey/tello-vio/libs/ORB_SLAM2/include/Tracking.h:29,
                 from /home/roey/tello-vio/libs/ORB_SLAM2/include/System.h:29,
                 from /home/roey/tello-vio/slam/src/orbslam2/src/monocular/monocular-slam-node.hpp:16,
                 from /home/roey/tello-vio/slam/src/orbslam2/src/monocular/mono.cpp:7:
/usr/include/eigen3/Eigen/src/Core/util/Constants.h:167:37: note: declared here
  167 | EIGEN_DEPRECATED const unsigned int AlignedBit = 0x80;
      |                                     ^~~~~~~~~~
In file included from /home/roey/tello-vio/libs/ORB_SLAM2/Thirdparty/g2o/g2o/types/types_seven_dof_expmap.h:35,
                 from /home/roey/tello-vio/libs/ORB_SLAM2/include/LoopClosing.h:34,
                 from /home/roey/tello-vio/libs/ORB_SLAM2/include/LocalMapping.h:26,
                 from /home/roey/tello-vio/libs/ORB_SLAM2/include/Tracking.h:29,
                 from /home/roey/tello-vio/libs/ORB_SLAM2/include/System.h:29,
                 from /home/roey/tello-vio/slam/src/orbslam2/src/monocular/monocular-slam-node.hpp:16,
                 from /home/roey/tello-vio/slam/src/orbslam2/src/monocular/monocular-slam-node.cpp:1:
/home/roey/tello-vio/libs/ORB_SLAM2/Thirdparty/g2o/g2o/types/../core/base_binary_edge.h: In instantiation of ‘class g2o::BaseBinaryEdge<2, Eigen::Matrix<double, 2, 1>, g2o::VertexSBAPointXYZ, g2o::VertexSim3Expmap>’:
/home/roey/tello-vio/libs/ORB_SLAM2/Thirdparty/g2o/g2o/types/types_seven_dof_expmap.h:130:36:   required from here
/home/roey/tello-vio/libs/ORB_SLAM2/Thirdparty/g2o/g2o/types/../core/base_binary_edge.h:59:80: warning: ‘Eigen::AlignedBit’ is deprecated [-Wdeprecated-declarations]
   59 |       typedef Eigen::Map<Matrix<double, Di, Dj>, Matrix<double, Di, Dj>::Flags & AlignedBit ? Aligned : Unaligned > HessianBlockType;
      |                                                                          ~~~~~~^~~~~~~~~~~~
In file included from /usr/include/eigen3/Eigen/Core:161,
                 from /home/roey/tello-vio/libs/ORB_SLAM2/Thirdparty/g2o/g2o/types/../core/jacobian_workspace.h:30,
                 from /home/roey/tello-vio/libs/ORB_SLAM2/Thirdparty/g2o/g2o/types/../core/optimizable_graph.h:41,
                 from /home/roey/tello-vio/libs/ORB_SLAM2/Thirdparty/g2o/g2o/types/../core/base_vertex.h:30,
                 from /home/roey/tello-vio/libs/ORB_SLAM2/Thirdparty/g2o/g2o/types/types_seven_dof_expmap.h:34,
                 from /home/roey/tello-vio/libs/ORB_SLAM2/include/LoopClosing.h:34,
                 from /home/roey/tello-vio/libs/ORB_SLAM2/include/LocalMapping.h:26,
                 from /home/roey/tello-vio/libs/ORB_SLAM2/include/Tracking.h:29,
                 from /home/roey/tello-vio/libs/ORB_SLAM2/include/System.h:29,
                 from /home/roey/tello-vio/slam/src/orbslam2/src/monocular/monocular-slam-node.hpp:16,
                 from /home/roey/tello-vio/slam/src/orbslam2/src/monocular/monocular-slam-node.cpp:1:
/usr/include/eigen3/Eigen/src/Core/util/Constants.h:167:37: note: declared here
  167 | EIGEN_DEPRECATED const unsigned int AlignedBit = 0x80;
      |                                     ^~~~~~~~~~
In file included from /home/roey/tello-vio/libs/ORB_SLAM2/Thirdparty/g2o/g2o/types/types_seven_dof_expmap.h:35,
                 from /home/roey/tello-vio/libs/ORB_SLAM2/include/LoopClosing.h:34,
                 from /home/roey/tello-vio/libs/ORB_SLAM2/include/LocalMapping.h:26,
                 from /home/roey/tello-vio/libs/ORB_SLAM2/include/Tracking.h:29,
                 from /home/roey/tello-vio/libs/ORB_SLAM2/include/System.h:29,
                 from /home/roey/tello-vio/slam/src/orbslam2/src/monocular/monocular-slam-node.hpp:16,
                 from /home/roey/tello-vio/slam/src/orbslam2/src/monocular/monocular-slam-node.cpp:1:
/home/roey/tello-vio/libs/ORB_SLAM2/Thirdparty/g2o/g2o/types/../core/base_binary_edge.h:60:80: warning: ‘Eigen::AlignedBit’ is deprecated [-Wdeprecated-declarations]
   60 |       typedef Eigen::Map<Matrix<double, Dj, Di>, Matrix<double, Dj, Di>::Flags & AlignedBit ? Aligned : Unaligned > HessianBlockTransposedType;
      |                                                                          ~~~~~~^~~~~~~~~~~~
In file included from /usr/include/eigen3/Eigen/Core:161,
                 from /home/roey/tello-vio/libs/ORB_SLAM2/Thirdparty/g2o/g2o/types/../core/jacobian_workspace.h:30,
                 from /home/roey/tello-vio/libs/ORB_SLAM2/Thirdparty/g2o/g2o/types/../core/optimizable_graph.h:41,
                 from /home/roey/tello-vio/libs/ORB_SLAM2/Thirdparty/g2o/g2o/types/../core/base_vertex.h:30,
                 from /home/roey/tello-vio/libs/ORB_SLAM2/Thirdparty/g2o/g2o/types/types_seven_dof_expmap.h:34,
                 from /home/roey/tello-vio/libs/ORB_SLAM2/include/LoopClosing.h:34,
                 from /home/roey/tello-vio/libs/ORB_SLAM2/include/LocalMapping.h:26,
                 from /home/roey/tello-vio/libs/ORB_SLAM2/include/Tracking.h:29,
                 from /home/roey/tello-vio/libs/ORB_SLAM2/include/System.h:29,
                 from /home/roey/tello-vio/slam/src/orbslam2/src/monocular/monocular-slam-node.hpp:16,
                 from /home/roey/tello-vio/slam/src/orbslam2/src/monocular/monocular-slam-node.cpp:1:
/usr/include/eigen3/Eigen/src/Core/util/Constants.h:167:37: note: declared here
  167 | EIGEN_DEPRECATED const unsigned int AlignedBit = 0x80;
      |                                     ^~~~~~~~~~
/home/roey/tello-vio/slam/src/orbslam2/src/monocular/monocular-slam-node.cpp: In constructor ‘MonocularSlamNode::MonocularSlamNode(ORB_SLAM2::System*, const string&, const string&)’:
/home/roey/tello-vio/slam/src/orbslam2/src/monocular/monocular-slam-node.cpp:20:61: error: no matching function for call to ‘MonocularSlamNode::create_subscription<ImageMsg>(const char [7], std::_Bind_helper<false, void (MonocularSlamNode::*)(std::shared_ptr<sensor_msgs::msg::Image_<std::allocator<void> > >), MonocularSlamNode*, const std::_Placeholder<1>&>::type)’
   20 |     m_image_subscriber = this->create_subscription<ImageMsg>("camera", std::bind(&MonocularSlamNode::GrabImage, this, std::placeholders::_1));
      |                          ~~~~~~~~~~~~~~~~~~~~~~~~~~~~~~~~~~~^~~~~~~~~~~~~~~~~~~~~~~~~~~~~~~~~~~~~~~~~~~~~~~~~~~~~~~~~~~~~~~~~~~~~~~~~~~~~~~~~
In file included from /opt/ros/humble/include/rclcpp/rclcpp/executors/single_threaded_executor.hpp:28,
                 from /opt/ros/humble/include/rclcpp/rclcpp/executors.hpp:22,
                 from /opt/ros/humble/include/rclcpp/rclcpp/rclcpp.hpp:155,
                 from /home/roey/tello-vio/slam/src/orbslam2/src/monocular/monocular-slam-node.hpp:10,
                 from /home/roey/tello-vio/slam/src/orbslam2/src/monocular/monocular-slam-node.cpp:1:
/opt/ros/humble/include/rclcpp/rclcpp/node.hpp:219:3: note: candidate: ‘template<class MessageT, class CallbackT, class AllocatorT, class SubscriptionT, class MessageMemoryStrategyT> std::shared_ptr<ROSMessageT> rclcpp::Node::create_subscription(const string&, const rclcpp::QoS&, CallbackT&&, const rclcpp::SubscriptionOptionsWithAllocator<AllocatorT>&, typename MessageMemoryStrategyT::SharedPtr)’
  219 |   create_subscription(
      |   ^~~~~~~~~~~~~~~~~~~
/opt/ros/humble/include/rclcpp/rclcpp/node.hpp:219:3: note:   template argument deduction/substitution failed:
/home/roey/tello-vio/slam/src/orbslam2/src/monocular/monocular-slam-node.cpp:20:61: note:   candidate expects 5 arguments, 2 provided
   20 |     m_image_subscriber = this->create_subscription<ImageMsg>("camera", std::bind(&MonocularSlamNode::GrabImage, this, std::placeholders::_1));
      |                          ~~~~~~~~~~~~~~~~~~~~~~~~~~~~~~~~~~~^~~~~~~~~~~~~~~~~~~~~~~~~~~~~~~~~~~~~~~~~~~~~~~~~~~~~~~~~~~~~~~~~~~~~~~~~~~~~~~~~
/home/roey/tello-vio/slam/src/orbslam2/src/monocular/monocular-slam-node.cpp:22:67: error: no matching function for call to ‘MonocularSlamNode::create_publisher<ImageMsg>(const char [16])’
   22 |     m_annotated_image_publisher = this->create_publisher<ImageMsg>("annotated_frame");
      |                                   ~~~~~~~~~~~~~~~~~~~~~~~~~~~~~~~~^~~~~~~~~~~~~~~~~~~
In file included from /opt/ros/humble/include/rclcpp/rclcpp/executors/single_threaded_executor.hpp:28,
                 from /opt/ros/humble/include/rclcpp/rclcpp/executors.hpp:22,
                 from /opt/ros/humble/include/rclcpp/rclcpp/rclcpp.hpp:155,
                 from /home/roey/tello-vio/slam/src/orbslam2/src/monocular/monocular-slam-node.hpp:10,
                 from /home/roey/tello-vio/slam/src/orbslam2/src/monocular/monocular-slam-node.cpp:1:
/opt/ros/humble/include/rclcpp/rclcpp/node.hpp:195:3: note: candidate: ‘template<class MessageT, class AllocatorT, class PublisherT> std::shared_ptr<PublisherT> rclcpp::Node::create_publisher(const string&, const rclcpp::QoS&, const rclcpp::PublisherOptionsWithAllocator<AllocatorT>&)’
  195 |   create_publisher(
      |   ^~~~~~~~~~~~~~~~
/opt/ros/humble/include/rclcpp/rclcpp/node.hpp:195:3: note:   template argument deduction/substitution failed:
/home/roey/tello-vio/slam/src/orbslam2/src/monocular/monocular-slam-node.cpp:22:67: note:   candidate expects 3 arguments, 1 provided
   22 |     m_annotated_image_publisher = this->create_publisher<ImageMsg>("annotated_frame");
      |                                   ~~~~~~~~~~~~~~~~~~~~~~~~~~~~~~~~^~~~~~~~~~~~~~~~~~~
/home/roey/tello-vio/slam/src/orbslam2/src/monocular/monocular-slam-node.cpp:24:56: error: no matching function for call to ‘MonocularSlamNode::create_publisher<MarkerMsg>(const char [13])’
   24 |     m_map_publisher = this->create_publisher<MarkerMsg>("ORB_SLAM_map");
      |                       ~~~~~~~~~~~~~~~~~~~~~~~~~~~~~~~~~^~~~~~~~~~~~~~~~
In file included from /opt/ros/humble/include/rclcpp/rclcpp/executors/single_threaded_executor.hpp:28,
                 from /opt/ros/humble/include/rclcpp/rclcpp/executors.hpp:22,
                 from /opt/ros/humble/include/rclcpp/rclcpp/rclcpp.hpp:155,
                 from /home/roey/tello-vio/slam/src/orbslam2/src/monocular/monocular-slam-node.hpp:10,
                 from /home/roey/tello-vio/slam/src/orbslam2/src/monocular/monocular-slam-node.cpp:1:
/opt/ros/humble/include/rclcpp/rclcpp/node.hpp:195:3: note: candidate: ‘template<class MessageT, class AllocatorT, class PublisherT> std::shared_ptr<PublisherT> rclcpp::Node::create_publisher(const string&, const rclcpp::QoS&, const rclcpp::PublisherOptionsWithAllocator<AllocatorT>&)’
  195 |   create_publisher(
      |   ^~~~~~~~~~~~~~~~
/opt/ros/humble/include/rclcpp/rclcpp/node.hpp:195:3: note:   template argument deduction/substitution failed:
/home/roey/tello-vio/slam/src/orbslam2/src/monocular/monocular-slam-node.cpp:24:56: note:   candidate expects 3 arguments, 1 provided
   24 |     m_map_publisher = this->create_publisher<MarkerMsg>("ORB_SLAM_map");
      |                       ~~~~~~~~~~~~~~~~~~~~~~~~~~~~~~~~~^~~~~~~~~~~~~~~~
/home/roey/tello-vio/slam/src/orbslam2/src/monocular/monocular-slam-node.cpp:15:78: warning: unused parameter ‘strVocFile’ [-Wunused-parameter]
   15 | MonocularSlamNode::MonocularSlamNode(ORB_SLAM2::System* pSLAM, const string &strVocFile, const string &strSettingsFile)
      |                                                                ~~~~~~~~~~~~~~^~~~~~~~~~
/home/roey/tello-vio/slam/src/orbslam2/src/monocular/monocular-slam-node.cpp: In member function ‘void MonocularSlamNode::PublishFrame()’:
/home/roey/tello-vio/slam/src/orbslam2/src/monocular/monocular-slam-node.cpp:252:41: error: no matching function for call to ‘rclcpp::Publisher<sensor_msgs::msg::Image_<std::allocator<void> > >::publish(sensor_msgs::msg::Image_<std::allocator<void> >::SharedPtr)’
  252 |     m_annotated_image_publisher->publish(rosImage.toImageMsg());
      |     ~~~~~~~~~~~~~~~~~~~~~~~~~~~~~~~~~~~~^~~~~~~~~~~~~~~~~~~~~~~
In file included from /opt/ros/humble/include/rclcpp/rclcpp/topic_statistics/subscription_topic_statistics.hpp:31,
                 from /opt/ros/humble/include/rclcpp/rclcpp/subscription.hpp:50,
                 from /opt/ros/humble/include/rclcpp/rclcpp/any_executable.hpp:25,
                 from /opt/ros/humble/include/rclcpp/rclcpp/memory_strategy.hpp:25,
                 from /opt/ros/humble/include/rclcpp/rclcpp/memory_strategies.hpp:18,
                 from /opt/ros/humble/include/rclcpp/rclcpp/executor_options.hpp:20,
                 from /opt/ros/humble/include/rclcpp/rclcpp/executor.hpp:37,
                 from /opt/ros/humble/include/rclcpp/rclcpp/executors/multi_threaded_executor.hpp:25,
                 from /opt/ros/humble/include/rclcpp/rclcpp/executors.hpp:21,
                 from /opt/ros/humble/include/rclcpp/rclcpp/rclcpp.hpp:155,
                 from /home/roey/tello-vio/slam/src/orbslam2/src/monocular/monocular-slam-node.hpp:10,
                 from /home/roey/tello-vio/slam/src/orbslam2/src/monocular/monocular-slam-node.cpp:1:
/opt/ros/humble/include/rclcpp/rclcpp/publisher.hpp:251:3: note: candidate: ‘template<class T> std::enable_if_t<(rosidl_generator_traits::is_message<T>::value && std::is_same<T, typename rclcpp::TypeAdapter<MessageT>::ros_message_type>::value)> rclcpp::Publisher<MessageT, AllocatorT>::publish(std::unique_ptr<T, typename std::conditional<std::is_same<typename std::allocator_traits<typename std::allocator_traits<_Allocator>::rebind_traits<typename rclcpp::TypeAdapter<MessageT, void, void>::ros_message_type>::allocator_type>::rebind_alloc<typename rclcpp::TypeAdapter<MessageT, void, void>::ros_message_type>, std::allocator<typename rclcpp::TypeAdapter<MessageT>::ros_message_type> >::value, std::default_delete<typename rclcpp::TypeAdapter<MessageT>::ros_message_type>, rclcpp::allocator::AllocatorDeleter<typename std::allocator_traits<_Allocator>::rebind_traits<typename rclcpp::TypeAdapter<MessageT, void, void>::ros_message_type>::allocator_type> >::type>) [with T = T; MessageT = sensor_msgs::msg::Image_<std::allocator<void> >; AllocatorT = std::allocator<void>]’
  251 |   publish(std::unique_ptr<T, ROSMessageTypeDeleter> msg)
      |   ^~~~~~~
/opt/ros/humble/include/rclcpp/rclcpp/publisher.hpp:251:3: note:   template argument deduction/substitution failed:
/home/roey/tello-vio/slam/src/orbslam2/src/monocular/monocular-slam-node.cpp:252:41: note:   ‘std::shared_ptr<sensor_msgs::msg::Image_<std::allocator<void> > >’ is not derived from ‘std::unique_ptr<T, std::default_delete<sensor_msgs::msg::Image_<std::allocator<void> > > >’
  252 |     m_annotated_image_publisher->publish(rosImage.toImageMsg());
      |     ~~~~~~~~~~~~~~~~~~~~~~~~~~~~~~~~~~~~^~~~~~~~~~~~~~~~~~~~~~~
In file included from /opt/ros/humble/include/rclcpp/rclcpp/topic_statistics/subscription_topic_statistics.hpp:31,
                 from /opt/ros/humble/include/rclcpp/rclcpp/subscription.hpp:50,
                 from /opt/ros/humble/include/rclcpp/rclcpp/any_executable.hpp:25,
                 from /opt/ros/humble/include/rclcpp/rclcpp/memory_strategy.hpp:25,
                 from /opt/ros/humble/include/rclcpp/rclcpp/memory_strategies.hpp:18,
                 from /opt/ros/humble/include/rclcpp/rclcpp/executor_options.hpp:20,
                 from /opt/ros/humble/include/rclcpp/rclcpp/executor.hpp:37,
                 from /opt/ros/humble/include/rclcpp/rclcpp/executors/multi_threaded_executor.hpp:25,
                 from /opt/ros/humble/include/rclcpp/rclcpp/executors.hpp:21,
                 from /opt/ros/humble/include/rclcpp/rclcpp/rclcpp.hpp:155,
                 from /home/roey/tello-vio/slam/src/orbslam2/src/monocular/monocular-slam-node.hpp:10,
                 from /home/roey/tello-vio/slam/src/orbslam2/src/monocular/monocular-slam-node.cpp:1:
/opt/ros/humble/include/rclcpp/rclcpp/publisher.hpp:292:3: note: candidate: ‘template<class T> std::enable_if_t<(rosidl_generator_traits::is_message<T>::value && std::is_same<T, typename rclcpp::TypeAdapter<MessageT>::ros_message_type>::value)> rclcpp::Publisher<MessageT, AllocatorT>::publish(const T&) [with T = T; MessageT = sensor_msgs::msg::Image_<std::allocator<void> >; AllocatorT = std::allocator<void>]’
  292 |   publish(const T & msg)
      |   ^~~~~~~
/opt/ros/humble/include/rclcpp/rclcpp/publisher.hpp:292:3: note:   template argument deduction/substitution failed:
In file included from /usr/include/c++/11/bits/move.h:57,
                 from /usr/include/c++/11/bits/exception_ptr.h:43,
                 from /usr/include/c++/11/exception:153,
                 from /usr/include/c++/11/ios:39,
                 from /usr/include/c++/11/ostream:38,
                 from /usr/include/c++/11/iostream:39,
                 from /home/roey/tello-vio/slam/src/orbslam2/src/monocular/monocular-slam-node.hpp:5,
                 from /home/roey/tello-vio/slam/src/orbslam2/src/monocular/monocular-slam-node.cpp:1:
/usr/include/c++/11/type_traits: In substitution of ‘template<bool _Cond, class _Tp> using enable_if_t = typename std::enable_if::type [with bool _Cond = false; _Tp = void]’:
/opt/ros/humble/include/rclcpp/rclcpp/publisher.hpp:292:3:   required by substitution of ‘template<class T> std::enable_if_t<(rosidl_generator_traits::is_message<T>::value && std::is_same<T, sensor_msgs::msg::Image_<std::allocator<void> > >::value), void> rclcpp::Publisher<sensor_msgs::msg::Image_<std::allocator<void> > >::publish<T>(const T&) [with T = std::shared_ptr<sensor_msgs::msg::Image_<std::allocator<void> > >]’
/home/roey/tello-vio/slam/src/orbslam2/src/monocular/monocular-slam-node.cpp:252:41:   required from here
/usr/include/c++/11/type_traits:2579:11: error: no type named ‘type’ in ‘struct std::enable_if<false, void>’
 2579 |     using enable_if_t = typename enable_if<_Cond, _Tp>::type;
      |           ^~~~~~~~~~~
In file included from /opt/ros/humble/include/rclcpp/rclcpp/topic_statistics/subscription_topic_statistics.hpp:31,
                 from /opt/ros/humble/include/rclcpp/rclcpp/subscription.hpp:50,
                 from /opt/ros/humble/include/rclcpp/rclcpp/any_executable.hpp:25,
                 from /opt/ros/humble/include/rclcpp/rclcpp/memory_strategy.hpp:25,
                 from /opt/ros/humble/include/rclcpp/rclcpp/memory_strategies.hpp:18,
                 from /opt/ros/humble/include/rclcpp/rclcpp/executor_options.hpp:20,
                 from /opt/ros/humble/include/rclcpp/rclcpp/executor.hpp:37,
                 from /opt/ros/humble/include/rclcpp/rclcpp/executors/multi_threaded_executor.hpp:25,
                 from /opt/ros/humble/include/rclcpp/rclcpp/executors.hpp:21,
                 from /opt/ros/humble/include/rclcpp/rclcpp/rclcpp.hpp:155,
                 from /home/roey/tello-vio/slam/src/orbslam2/src/monocular/monocular-slam-node.hpp:10,
                 from /home/roey/tello-vio/slam/src/orbslam2/src/monocular/monocular-slam-node.cpp:1:
/opt/ros/humble/include/rclcpp/rclcpp/publisher.hpp:322:3: note: candidate: ‘template<class T> std::enable_if_t<(typename rclcpp::TypeAdapter<MessageT>::is_specialized::value && std::is_same<T, typename rclcpp::TypeAdapter<MessageT>::custom_type>::value)> rclcpp::Publisher<MessageT, AllocatorT>::publish(std::unique_ptr<T, typename std::conditional<std::is_same<typename std::allocator_traits<typename std::allocator_traits<_Allocator>::rebind_traits<typename rclcpp::TypeAdapter<MessageT, void, void>::custom_type>::allocator_type>::rebind_alloc<typename rclcpp::TypeAdapter<MessageT, void, void>::custom_type>, std::allocator<typename rclcpp::TypeAdapter<MessageT>::custom_type> >::value, std::default_delete<typename rclcpp::TypeAdapter<MessageT>::custom_type>, rclcpp::allocator::AllocatorDeleter<typename std::allocator_traits<_Allocator>::rebind_traits<typename rclcpp::TypeAdapter<MessageT, void, void>::custom_type>::allocator_type> >::type>) [with T = T; MessageT = sensor_msgs::msg::Image_<std::allocator<void> >; AllocatorT = std::allocator<void>]’
  322 |   publish(std::unique_ptr<T, PublishedTypeDeleter> msg)
      |   ^~~~~~~
/opt/ros/humble/include/rclcpp/rclcpp/publisher.hpp:322:3: note:   template argument deduction/substitution failed:
/home/roey/tello-vio/slam/src/orbslam2/src/monocular/monocular-slam-node.cpp:252:41: note:   ‘std::shared_ptr<sensor_msgs::msg::Image_<std::allocator<void> > >’ is not derived from ‘std::unique_ptr<T, std::default_delete<sensor_msgs::msg::Image_<std::allocator<void> > > >’
  252 |     m_annotated_image_publisher->publish(rosImage.toImageMsg());
      |     ~~~~~~~~~~~~~~~~~~~~~~~~~~~~~~~~~~~~^~~~~~~~~~~~~~~~~~~~~~~
In file included from /opt/ros/humble/include/rclcpp/rclcpp/topic_statistics/subscription_topic_statistics.hpp:31,
                 from /opt/ros/humble/include/rclcpp/rclcpp/subscription.hpp:50,
                 from /opt/ros/humble/include/rclcpp/rclcpp/any_executable.hpp:25,
                 from /opt/ros/humble/include/rclcpp/rclcpp/memory_strategy.hpp:25,
                 from /opt/ros/humble/include/rclcpp/rclcpp/memory_strategies.hpp:18,
                 from /opt/ros/humble/include/rclcpp/rclcpp/executor_options.hpp:20,
                 from /opt/ros/humble/include/rclcpp/rclcpp/executor.hpp:37,
                 from /opt/ros/humble/include/rclcpp/rclcpp/executors/multi_threaded_executor.hpp:25,
                 from /opt/ros/humble/include/rclcpp/rclcpp/executors.hpp:21,
                 from /opt/ros/humble/include/rclcpp/rclcpp/rclcpp.hpp:155,
                 from /home/roey/tello-vio/slam/src/orbslam2/src/monocular/monocular-slam-node.hpp:10,
                 from /home/roey/tello-vio/slam/src/orbslam2/src/monocular/monocular-slam-node.cpp:1:
/opt/ros/humble/include/rclcpp/rclcpp/publisher.hpp:364:3: note: candidate: ‘template<class T> std::enable_if_t<(typename rclcpp::TypeAdapter<MessageT>::is_specialized::value && std::is_same<T, typename rclcpp::TypeAdapter<MessageT>::custom_type>::value)> rclcpp::Publisher<MessageT, AllocatorT>::publish(const T&) [with T = T; MessageT = sensor_msgs::msg::Image_<std::allocator<void> >; AllocatorT = std::allocator<void>]’
  364 |   publish(const T & msg)
      |   ^~~~~~~
/opt/ros/humble/include/rclcpp/rclcpp/publisher.hpp:364:3: note:   template argument deduction/substitution failed:
/opt/ros/humble/include/rclcpp/rclcpp/publisher.hpp:383:3: note: candidate: ‘void rclcpp::Publisher<MessageT, AllocatorT>::publish(const rcl_serialized_message_t&) [with MessageT = sensor_msgs::msg::Image_<std::allocator<void> >; AllocatorT = std::allocator<void>; rcl_serialized_message_t = rcutils_uint8_array_s]’
  383 |   publish(const rcl_serialized_message_t & serialized_msg)
      |   ^~~~~~~
/opt/ros/humble/include/rclcpp/rclcpp/publisher.hpp:383:44: note:   no known conversion for argument 1 from ‘sensor_msgs::msg::Image_<std::allocator<void> >::SharedPtr’ {aka ‘std::shared_ptr<sensor_msgs::msg::Image_<std::allocator<void> > >’} to ‘const rcl_serialized_message_t&’ {aka ‘const rcutils_uint8_array_s&’}
  383 |   publish(const rcl_serialized_message_t & serialized_msg)
      |           ~~~~~~~~~~~~~~~~~~~~~~~~~~~~~~~~~^~~~~~~~~~~~~~
/opt/ros/humble/include/rclcpp/rclcpp/publisher.hpp:389:3: note: candidate: ‘void rclcpp::Publisher<MessageT, AllocatorT>::publish(const rclcpp::SerializedMessage&) [with MessageT = sensor_msgs::msg::Image_<std::allocator<void> >; AllocatorT = std::allocator<void>]’
  389 |   publish(const SerializedMessage & serialized_msg)
      |   ^~~~~~~
/opt/ros/humble/include/rclcpp/rclcpp/publisher.hpp:389:37: note:   no known conversion for argument 1 from ‘sensor_msgs::msg::Image_<std::allocator<void> >::SharedPtr’ {aka ‘std::shared_ptr<sensor_msgs::msg::Image_<std::allocator<void> > >’} to ‘const rclcpp::SerializedMessage&’
  389 |   publish(const SerializedMessage & serialized_msg)
      |           ~~~~~~~~~~~~~~~~~~~~~~~~~~^~~~~~~~~~~~~~
/opt/ros/humble/include/rclcpp/rclcpp/publisher.hpp:403:3: note: candidate: ‘void rclcpp::Publisher<MessageT, AllocatorT>::publish(rclcpp::LoanedMessage<typename rclcpp::TypeAdapter<MessageT>::ros_message_type, AllocatorT>&&) [with MessageT = sensor_msgs::msg::Image_<std::allocator<void> >; AllocatorT = std::allocator<void>; typename rclcpp::TypeAdapter<MessageT>::ros_message_type = sensor_msgs::msg::Image_<std::allocator<void> >]’
  403 |   publish(rclcpp::LoanedMessage<ROSMessageType, AllocatorT> && loaned_msg)
      |   ^~~~~~~
/opt/ros/humble/include/rclcpp/rclcpp/publisher.hpp:403:64: note:   no known conversion for argument 1 from ‘sensor_msgs::msg::Image_<std::allocator<void> >::SharedPtr’ {aka ‘std::shared_ptr<sensor_msgs::msg::Image_<std::allocator<void> > >’} to ‘rclcpp::LoanedMessage<sensor_msgs::msg::Image_<std::allocator<void> >, std::allocator<void> >&&’
  403 |   publish(rclcpp::LoanedMessage<ROSMessageType, AllocatorT> && loaned_msg)
      |           ~~~~~~~~~~~~~~~~~~~~~~~~~~~~~~~~~~~~~~~~~~~~~~~~~~~~~^~~~~~~~~~
gmake[2]: *** [CMakeFiles/mono.dir/build.make:90: CMakeFiles/mono.dir/src/monocular/monocular-slam-node.cpp.o] Error 1
gmake[1]: *** [CMakeFiles/Makefile2:137: CMakeFiles/mono.dir/all] Error 2
gmake: *** [Makefile:146: all] Error 2
