[0.968s] Invoking command in '/home/roey/tello-vio/workspace/src/tello': AMENT_PREFIX_PATH=/home/roey/tello-vio/install/tello_msg:${AMENT_PREFIX_PATH} CMAKE_PREFIX_PATH=/home/roey/tello-vio/install/tello_msg:${CMAKE_PREFIX_PATH} LD_LIBRARY_PATH=/home/roey/tello-vio/install/tello_msg/lib:/home/roey/tello-ros2/install/tello_msg/lib:/usr/lib/x86_64-linux-gnu/gazebo-11/plugins:/opt/ros/humble/opt/rviz_ogre_vendor/lib:/opt/ros/humble/lib/x86_64-linux-gnu:/opt/ros/humble/lib:/usr/share/gazebo/../../lib/x86_64-linux-gnu/gazebo-11/plugins:/usr/share/gazebo/../../lib/x86_64-linux-gnu/gazebo-11/plugins:/usr/share/gazebo/../../lib/x86_64-linux-gnu/gazebo-11/plugins PYTHONPATH=/home/roey/tello-vio/build/tello/prefix_override:/usr/lib/python3/dist-packages/colcon_core/task/python/colcon_distutils_commands:/home/roey/tello-vio/install/tello/lib/python3.10/site-packages:/home/roey/tello-vio/install/tello_msg/local/lib/python3.10/dist-packages:${PYTHONPATH} /usr/bin/python3 -W ignore:setup.py install is deprecated setup.py egg_info --egg-base ../../../build/tello build --build-base /home/roey/tello-vio/build/tello/build install --record /home/roey/tello-vio/build/tello/install.log --single-version-externally-managed install_data
[1.338s] running egg_info
[1.339s] creating ../../../build/tello/tello.egg-info
[1.340s] writing ../../../build/tello/tello.egg-info/PKG-INFO
[1.340s] writing dependency_links to ../../../build/tello/tello.egg-info/dependency_links.txt
[1.340s] writing entry points to ../../../build/tello/tello.egg-info/entry_points.txt
[1.340s] writing requirements to ../../../build/tello/tello.egg-info/requires.txt
[1.340s] writing top-level names to ../../../build/tello/tello.egg-info/top_level.txt
[1.341s] writing manifest file '../../../build/tello/tello.egg-info/SOURCES.txt'
[1.343s] reading manifest file '../../../build/tello/tello.egg-info/SOURCES.txt'
[1.343s] adding license file 'LICENSE.txt'
[1.344s] writing manifest file '../../../build/tello/tello.egg-info/SOURCES.txt'
[1.344s] running build
[1.344s] running build_py
[1.344s] creating /home/roey/tello-vio/build/tello/build
[1.345s] creating /home/roey/tello-vio/build/tello/build/lib
[1.345s] creating /home/roey/tello-vio/build/tello/build/lib/tello
[1.345s] copying tello/__init__.py -> /home/roey/tello-vio/build/tello/build/lib/tello
[1.345s] copying tello/node.py -> /home/roey/tello-vio/build/tello/build/lib/tello
[1.345s] running install
[1.345s] running install_lib
[1.346s] creating /home/roey/tello-vio/install/tello/lib/python3.10/site-packages/tello
[1.346s] copying /home/roey/tello-vio/build/tello/build/lib/tello/__init__.py -> /home/roey/tello-vio/install/tello/lib/python3.10/site-packages/tello
[1.346s] copying /home/roey/tello-vio/build/tello/build/lib/tello/node.py -> /home/roey/tello-vio/install/tello/lib/python3.10/site-packages/tello
[1.347s] byte-compiling /home/roey/tello-vio/install/tello/lib/python3.10/site-packages/tello/__init__.py to __init__.cpython-310.pyc
[1.347s] byte-compiling /home/roey/tello-vio/install/tello/lib/python3.10/site-packages/tello/node.py to node.cpython-310.pyc
[1.352s] running install_data
[1.352s] creating /home/roey/tello-vio/install/tello/share/ament_index
[1.353s] creating /home/roey/tello-vio/install/tello/share/ament_index/resource_index
[1.353s] creating /home/roey/tello-vio/install/tello/share/ament_index/resource_index/packages
[1.353s] copying resource/tello -> /home/roey/tello-vio/install/tello/share/ament_index/resource_index/packages
[1.353s] copying package.xml -> /home/roey/tello-vio/install/tello/share/tello
[1.353s] copying resource/ost.txt -> /home/roey/tello-vio/install/tello/share/tello
[1.353s] copying resource/ost.yaml -> /home/roey/tello-vio/install/tello/share/tello
[1.353s] creating /home/roey/tello-vio/install/tello/share/tello/launch
[1.353s] copying launch/tello.launch.py -> /home/roey/tello-vio/install/tello/share/tello/launch
[1.353s] running install_egg_info
[1.356s] Copying ../../../build/tello/tello.egg-info to /home/roey/tello-vio/install/tello/lib/python3.10/site-packages/tello-0.1.0-py3.10.egg-info
[1.357s] running install_scripts
[1.385s] Installing tello script to /home/roey/tello-vio/install/tello/lib/tello
[1.385s] writing list of installed files to '/home/roey/tello-vio/build/tello/install.log'
[1.418s] Invoked command in '/home/roey/tello-vio/workspace/src/tello' returned '0': AMENT_PREFIX_PATH=/home/roey/tello-vio/install/tello_msg:${AMENT_PREFIX_PATH} CMAKE_PREFIX_PATH=/home/roey/tello-vio/install/tello_msg:${CMAKE_PREFIX_PATH} LD_LIBRARY_PATH=/home/roey/tello-vio/install/tello_msg/lib:/home/roey/tello-ros2/install/tello_msg/lib:/usr/lib/x86_64-linux-gnu/gazebo-11/plugins:/opt/ros/humble/opt/rviz_ogre_vendor/lib:/opt/ros/humble/lib/x86_64-linux-gnu:/opt/ros/humble/lib:/usr/share/gazebo/../../lib/x86_64-linux-gnu/gazebo-11/plugins:/usr/share/gazebo/../../lib/x86_64-linux-gnu/gazebo-11/plugins:/usr/share/gazebo/../../lib/x86_64-linux-gnu/gazebo-11/plugins PYTHONPATH=/home/roey/tello-vio/build/tello/prefix_override:/usr/lib/python3/dist-packages/colcon_core/task/python/colcon_distutils_commands:/home/roey/tello-vio/install/tello/lib/python3.10/site-packages:/home/roey/tello-vio/install/tello_msg/local/lib/python3.10/dist-packages:${PYTHONPATH} /usr/bin/python3 -W ignore:setup.py install is deprecated setup.py egg_info --egg-base ../../../build/tello build --build-base /home/roey/tello-vio/build/tello/build install --record /home/roey/tello-vio/build/tello/install.log --single-version-externally-managed install_data
