[0.026s] Invoking command in '/home/roey/tello-vio/build/orbslam2': CMAKE_PREFIX_PATH=${CMAKE_PREFIX_PATH}:/home/roey/tello-vio/install/tello:/home/roey/tello-ros2/install/tello:/opt/ros/humble /usr/bin/cmake /home/roey/tello-vio/slam/src/orbslam2 -DCMAKE_INSTALL_PREFIX=/home/roey/tello-vio/install/orbslam2
[0.144s] -- The C compiler identification is GNU 11.4.0
[0.274s] -- The CXX compiler identification is GNU 11.4.0
[0.298s] -- Detecting C compiler ABI info
[0.453s] -- Detecting C compiler ABI info - done
[0.468s] -- Check for working C compiler: /usr/bin/cc - skipped
[0.468s] -- Detecting C compile features
[0.469s] -- Detecting C compile features - done
[0.477s] -- Detecting CXX compiler ABI info
[0.637s] -- Detecting CXX compiler ABI info - done
[0.655s] -- Check for working CXX compiler: /usr/bin/c++ - skipped
[0.655s] -- Detecting CXX compile features
[0.656s] -- Detecting CXX compile features - done
[0.660s] -- Found ament_cmake: 1.3.10 (/opt/ros/humble/share/ament_cmake/cmake)
[0.977s] -- Found Python3: /usr/bin/python3 (found version "3.10.12") found components: Interpreter 
[1.188s] -- Found rclcpp: 16.0.10 (/opt/ros/humble/share/rclcpp/cmake)
[1.303s] -- Found rosidl_generator_c: 3.1.5 (/opt/ros/humble/share/rosidl_generator_c/cmake)
[1.320s] -- Found rosidl_adapter: 3.1.5 (/opt/ros/humble/share/rosidl_adapter/cmake)
[1.342s] -- Found rosidl_generator_cpp: 3.1.5 (/opt/ros/humble/share/rosidl_generator_cpp/cmake)
[1.375s] -- Using all available rosidl_typesupport_c: rosidl_typesupport_fastrtps_c;rosidl_typesupport_introspection_c
[1.420s] -- Using all available rosidl_typesupport_cpp: rosidl_typesupport_fastrtps_cpp;rosidl_typesupport_introspection_cpp
[1.538s] -- Found rmw_implementation_cmake: 6.1.2 (/opt/ros/humble/share/rmw_implementation_cmake/cmake)
[1.546s] -- Found rmw_fastrtps_cpp: 6.2.7 (/opt/ros/humble/share/rmw_fastrtps_cpp/cmake)
[1.713s] -- Found OpenSSL: /usr/lib/x86_64-linux-gnu/libcrypto.so (found version "3.0.2")  
[1.781s] -- Found FastRTPS: /opt/ros/humble/include  
[1.874s] -- Using RMW implementation 'rmw_fastrtps_cpp' as default
[1.899s] -- Looking for pthread.h
[2.078s] -- Looking for pthread.h - found
[2.078s] -- Performing Test CMAKE_HAVE_LIBC_PTHREAD
[2.221s] -- Performing Test CMAKE_HAVE_LIBC_PTHREAD - Success
[2.225s] -- Found Threads: TRUE  
[2.344s] -- Found sensor_msgs: 4.2.4 (/opt/ros/humble/share/sensor_msgs/cmake)
[2.396s] -- Found visualization_msgs: 4.2.4 (/opt/ros/humble/share/visualization_msgs/cmake)
[2.428s] -- Found cv_bridge: 3.2.1 (/opt/ros/humble/share/cv_bridge/cmake)
[2.448s] -- Found message_filters: 4.3.5 (/opt/ros/humble/share/message_filters/cmake)
[2.470s] -- Found Boost: /usr/lib/x86_64-linux-gnu/cmake/Boost-1.74.0/BoostConfig.cmake (found version "1.74.0") found components: system 
[2.478s] -- Found OpenCV: /usr (found version "4.5.4") 
[2.480s] -- Found Eigen: /usr/include/eigen3 (Required is at least version "2.91.0") 
[2.650s] -- Configuring done
[2.676s] -- Generating done
[2.681s] -- Build files have been written to: /home/roey/tello-vio/build/orbslam2
[2.699s] Invoked command in '/home/roey/tello-vio/build/orbslam2' returned '0': CMAKE_PREFIX_PATH=${CMAKE_PREFIX_PATH}:/home/roey/tello-vio/install/tello:/home/roey/tello-ros2/install/tello:/opt/ros/humble /usr/bin/cmake /home/roey/tello-vio/slam/src/orbslam2 -DCMAKE_INSTALL_PREFIX=/home/roey/tello-vio/install/orbslam2
[2.700s] Invoking command in '/home/roey/tello-vio/build/orbslam2': CMAKE_PREFIX_PATH=${CMAKE_PREFIX_PATH}:/home/roey/tello-vio/install/tello:/home/roey/tello-ros2/install/tello:/opt/ros/humble /usr/bin/cmake --build /home/roey/tello-vio/build/orbslam2 -- -j8 -l8
[2.776s] Consolidate compiler generated dependencies of target mono
[2.801s] [ 33%] Building CXX object CMakeFiles/mono.dir/src/monocular/monocular-slam-node.cpp.o
[11.688s] In file included from /home/roey/tello-vio/libs/ORB_SLAM2/Thirdparty/g2o/g2o/types/types_seven_dof_expmap.h:34,
[11.688s]                  from /home/roey/tello-vio/libs/ORB_SLAM2/include/LoopClosing.h:34,
[11.689s]                  from /home/roey/tello-vio/libs/ORB_SLAM2/include/LocalMapping.h:26,
[11.689s]                  from /home/roey/tello-vio/libs/ORB_SLAM2/include/Tracking.h:29,
[11.689s]                  from /home/roey/tello-vio/libs/ORB_SLAM2/include/System.h:29,
[11.689s]                  from /home/roey/tello-vio/slam/src/orbslam2/src/monocular/monocular-slam-node.hpp:16,
[11.689s]                  from /home/roey/tello-vio/slam/src/orbslam2/src/monocular/monocular-slam-node.cpp:1:
[11.689s] /home/roey/tello-vio/libs/ORB_SLAM2/Thirdparty/g2o/g2o/types/../core/base_vertex.h:62:74: warning: ‘Eigen::AlignedBit’ is deprecated [-Wdeprecated-declarations]
[11.690s]    62 |     typedef Eigen::Map<Matrix<double, D, D>, Matrix<double,D,D>::Flags & AlignedBit ? Aligned : Unaligned >  HessianBlockType;
[11.690s]       |                                                                          ^~~~~~~~~~
[11.690s] In file included from /usr/include/eigen3/Eigen/Core:161,
[11.690s]                  from /home/roey/tello-vio/libs/ORB_SLAM2/Thirdparty/g2o/g2o/types/../core/jacobian_workspace.h:30,
[11.690s]                  from /home/roey/tello-vio/libs/ORB_SLAM2/Thirdparty/g2o/g2o/types/../core/optimizable_graph.h:41,
[11.690s]                  from /home/roey/tello-vio/libs/ORB_SLAM2/Thirdparty/g2o/g2o/types/../core/base_vertex.h:30,
[11.691s]                  from /home/roey/tello-vio/libs/ORB_SLAM2/Thirdparty/g2o/g2o/types/types_seven_dof_expmap.h:34,
[11.691s]                  from /home/roey/tello-vio/libs/ORB_SLAM2/include/LoopClosing.h:34,
[11.691s]                  from /home/roey/tello-vio/libs/ORB_SLAM2/include/LocalMapping.h:26,
[11.691s]                  from /home/roey/tello-vio/libs/ORB_SLAM2/include/Tracking.h:29,
[11.691s]                  from /home/roey/tello-vio/libs/ORB_SLAM2/include/System.h:29,
[11.691s]                  from /home/roey/tello-vio/slam/src/orbslam2/src/monocular/monocular-slam-node.hpp:16,
[11.691s]                  from /home/roey/tello-vio/slam/src/orbslam2/src/monocular/monocular-slam-node.cpp:1:
[11.692s] /usr/include/eigen3/Eigen/src/Core/util/Constants.h:167:37: note: declared here
[11.692s]   167 | EIGEN_DEPRECATED const unsigned int AlignedBit = 0x80;
[11.692s]       |                                     ^~~~~~~~~~
[11.722s] In file included from /home/roey/tello-vio/libs/ORB_SLAM2/Thirdparty/g2o/g2o/types/types_seven_dof_expmap.h:35,
[11.722s]                  from /home/roey/tello-vio/libs/ORB_SLAM2/include/LoopClosing.h:34,
[11.722s]                  from /home/roey/tello-vio/libs/ORB_SLAM2/include/LocalMapping.h:26,
[11.722s]                  from /home/roey/tello-vio/libs/ORB_SLAM2/include/Tracking.h:29,
[11.722s]                  from /home/roey/tello-vio/libs/ORB_SLAM2/include/System.h:29,
[11.722s]                  from /home/roey/tello-vio/slam/src/orbslam2/src/monocular/monocular-slam-node.hpp:16,
[11.722s]                  from /home/roey/tello-vio/slam/src/orbslam2/src/monocular/monocular-slam-node.cpp:1:
[11.723s] /home/roey/tello-vio/libs/ORB_SLAM2/Thirdparty/g2o/g2o/types/../core/base_binary_edge.h:59:82: warning: ‘Eigen::AlignedBit’ is deprecated [-Wdeprecated-declarations]
[11.723s]    59 |       typedef Eigen::Map<Matrix<double, Di, Dj>, Matrix<double, Di, Dj>::Flags & AlignedBit ? Aligned : Unaligned > HessianBlockType;
[11.723s]       |                                                                                  ^~~~~~~~~~
[11.723s] In file included from /usr/include/eigen3/Eigen/Core:161,
[11.723s]                  from /home/roey/tello-vio/libs/ORB_SLAM2/Thirdparty/g2o/g2o/types/../core/jacobian_workspace.h:30,
[11.723s]                  from /home/roey/tello-vio/libs/ORB_SLAM2/Thirdparty/g2o/g2o/types/../core/optimizable_graph.h:41,
[11.724s]                  from /home/roey/tello-vio/libs/ORB_SLAM2/Thirdparty/g2o/g2o/types/../core/base_vertex.h:30,
[11.724s]                  from /home/roey/tello-vio/libs/ORB_SLAM2/Thirdparty/g2o/g2o/types/types_seven_dof_expmap.h:34,
[11.724s]                  from /home/roey/tello-vio/libs/ORB_SLAM2/include/LoopClosing.h:34,
[11.724s]                  from /home/roey/tello-vio/libs/ORB_SLAM2/include/LocalMapping.h:26,
[11.724s]                  from /home/roey/tello-vio/libs/ORB_SLAM2/include/Tracking.h:29,
[11.724s]                  from /home/roey/tello-vio/libs/ORB_SLAM2/include/System.h:29,
[11.725s]                  from /home/roey/tello-vio/slam/src/orbslam2/src/monocular/monocular-slam-node.hpp:16,
[11.725s]                  from /home/roey/tello-vio/slam/src/orbslam2/src/monocular/monocular-slam-node.cpp:1:
[11.725s] /usr/include/eigen3/Eigen/src/Core/util/Constants.h:167:37: note: declared here
[11.725s]   167 | EIGEN_DEPRECATED const unsigned int AlignedBit = 0x80;
[11.725s]       |                                     ^~~~~~~~~~
[11.725s] In file included from /home/roey/tello-vio/libs/ORB_SLAM2/Thirdparty/g2o/g2o/types/types_seven_dof_expmap.h:35,
[11.725s]                  from /home/roey/tello-vio/libs/ORB_SLAM2/include/LoopClosing.h:34,
[11.726s]                  from /home/roey/tello-vio/libs/ORB_SLAM2/include/LocalMapping.h:26,
[11.726s]                  from /home/roey/tello-vio/libs/ORB_SLAM2/include/Tracking.h:29,
[11.726s]                  from /home/roey/tello-vio/libs/ORB_SLAM2/include/System.h:29,
[11.726s]                  from /home/roey/tello-vio/slam/src/orbslam2/src/monocular/monocular-slam-node.hpp:16,
[11.726s]                  from /home/roey/tello-vio/slam/src/orbslam2/src/monocular/monocular-slam-node.cpp:1:
[11.726s] /home/roey/tello-vio/libs/ORB_SLAM2/Thirdparty/g2o/g2o/types/../core/base_binary_edge.h:60:82: warning: ‘Eigen::AlignedBit’ is deprecated [-Wdeprecated-declarations]
[11.726s]    60 |       typedef Eigen::Map<Matrix<double, Dj, Di>, Matrix<double, Dj, Di>::Flags & AlignedBit ? Aligned : Unaligned > HessianBlockTransposedType;
[11.727s]       |                                                                                  ^~~~~~~~~~
[11.727s] In file included from /usr/include/eigen3/Eigen/Core:161,
[11.727s]                  from /home/roey/tello-vio/libs/ORB_SLAM2/Thirdparty/g2o/g2o/types/../core/jacobian_workspace.h:30,
[11.727s]                  from /home/roey/tello-vio/libs/ORB_SLAM2/Thirdparty/g2o/g2o/types/../core/optimizable_graph.h:41,
[11.727s]                  from /home/roey/tello-vio/libs/ORB_SLAM2/Thirdparty/g2o/g2o/types/../core/base_vertex.h:30,
[11.727s]                  from /home/roey/tello-vio/libs/ORB_SLAM2/Thirdparty/g2o/g2o/types/types_seven_dof_expmap.h:34,
[11.727s]                  from /home/roey/tello-vio/libs/ORB_SLAM2/include/LoopClosing.h:34,
[11.728s]                  from /home/roey/tello-vio/libs/ORB_SLAM2/include/LocalMapping.h:26,
[11.728s]                  from /home/roey/tello-vio/libs/ORB_SLAM2/include/Tracking.h:29,
[11.728s]                  from /home/roey/tello-vio/libs/ORB_SLAM2/include/System.h:29,
[11.728s]                  from /home/roey/tello-vio/slam/src/orbslam2/src/monocular/monocular-slam-node.hpp:16,
[11.728s]                  from /home/roey/tello-vio/slam/src/orbslam2/src/monocular/monocular-slam-node.cpp:1:
[11.728s] /usr/include/eigen3/Eigen/src/Core/util/Constants.h:167:37: note: declared here
[11.728s]   167 | EIGEN_DEPRECATED const unsigned int AlignedBit = 0x80;
[11.729s]       |                                     ^~~~~~~~~~
[11.800s] In file included from /home/roey/tello-vio/libs/ORB_SLAM2/Thirdparty/g2o/g2o/types/types_six_dof_expmap.h:41,
[11.800s]                  from /home/roey/tello-vio/libs/ORB_SLAM2/Thirdparty/g2o/g2o/types/types_seven_dof_expmap.h:36,
[11.800s]                  from /home/roey/tello-vio/libs/ORB_SLAM2/include/LoopClosing.h:34,
[11.801s]                  from /home/roey/tello-vio/libs/ORB_SLAM2/include/LocalMapping.h:26,
[11.801s]                  from /home/roey/tello-vio/libs/ORB_SLAM2/include/Tracking.h:29,
[11.801s]                  from /home/roey/tello-vio/libs/ORB_SLAM2/include/System.h:29,
[11.801s]                  from /home/roey/tello-vio/slam/src/orbslam2/src/monocular/monocular-slam-node.hpp:16,
[11.801s]                  from /home/roey/tello-vio/slam/src/orbslam2/src/monocular/monocular-slam-node.cpp:1:
[11.801s] /home/roey/tello-vio/libs/ORB_SLAM2/Thirdparty/g2o/g2o/types/se3quat.h:43:38: warning: extra ‘;’ [-Wpedantic]
[11.801s]    43 |       EIGEN_MAKE_ALIGNED_OPERATOR_NEW;
[11.801s]       |                                      ^
[11.802s]       |                                      -
[12.478s] In file included from /home/roey/tello-vio/libs/ORB_SLAM2/Thirdparty/g2o/g2o/types/types_seven_dof_expmap.h:34,
[12.478s]                  from /home/roey/tello-vio/libs/ORB_SLAM2/include/LoopClosing.h:34,
[12.478s]                  from /home/roey/tello-vio/libs/ORB_SLAM2/include/LocalMapping.h:26,
[12.478s]                  from /home/roey/tello-vio/libs/ORB_SLAM2/include/Tracking.h:29,
[12.478s]                  from /home/roey/tello-vio/libs/ORB_SLAM2/include/System.h:29,
[12.478s]                  from /home/roey/tello-vio/slam/src/orbslam2/src/monocular/monocular-slam-node.hpp:16,
[12.479s]                  from /home/roey/tello-vio/slam/src/orbslam2/src/monocular/monocular-slam-node.cpp:1:
[12.479s] /home/roey/tello-vio/libs/ORB_SLAM2/Thirdparty/g2o/g2o/types/../core/base_vertex.h: In instantiation of ‘class g2o::BaseVertex<3, Eigen::Matrix<double, 3, 1> >’:
[12.479s] /home/roey/tello-vio/libs/ORB_SLAM2/Thirdparty/g2o/g2o/types/types_sba.h:40:35:   required from here
[12.479s] /home/roey/tello-vio/libs/ORB_SLAM2/Thirdparty/g2o/g2o/types/../core/base_vertex.h:62:72: warning: ‘Eigen::AlignedBit’ is deprecated [-Wdeprecated-declarations]
[12.479s]    62 |     typedef Eigen::Map<Matrix<double, D, D>, Matrix<double,D,D>::Flags & AlignedBit ? Aligned : Unaligned >  HessianBlockType;
[12.479s]       |                                                                  ~~~~~~^~~~~~~~~~~~
[12.479s] In file included from /usr/include/eigen3/Eigen/Core:161,
[12.480s]                  from /home/roey/tello-vio/libs/ORB_SLAM2/Thirdparty/g2o/g2o/types/../core/jacobian_workspace.h:30,
[12.480s]                  from /home/roey/tello-vio/libs/ORB_SLAM2/Thirdparty/g2o/g2o/types/../core/optimizable_graph.h:41,
[12.480s]                  from /home/roey/tello-vio/libs/ORB_SLAM2/Thirdparty/g2o/g2o/types/../core/base_vertex.h:30,
[12.480s]                  from /home/roey/tello-vio/libs/ORB_SLAM2/Thirdparty/g2o/g2o/types/types_seven_dof_expmap.h:34,
[12.480s]                  from /home/roey/tello-vio/libs/ORB_SLAM2/include/LoopClosing.h:34,
[12.481s]                  from /home/roey/tello-vio/libs/ORB_SLAM2/include/LocalMapping.h:26,
[12.481s]                  from /home/roey/tello-vio/libs/ORB_SLAM2/include/Tracking.h:29,
[12.481s]                  from /home/roey/tello-vio/libs/ORB_SLAM2/include/System.h:29,
[12.481s]                  from /home/roey/tello-vio/slam/src/orbslam2/src/monocular/monocular-slam-node.hpp:16,
[12.481s]                  from /home/roey/tello-vio/slam/src/orbslam2/src/monocular/monocular-slam-node.cpp:1:
[12.481s] /usr/include/eigen3/Eigen/src/Core/util/Constants.h:167:37: note: declared here
[12.481s]   167 | EIGEN_DEPRECATED const unsigned int AlignedBit = 0x80;
[12.482s]       |                                     ^~~~~~~~~~
[12.536s] In file included from /home/roey/tello-vio/libs/ORB_SLAM2/Thirdparty/g2o/g2o/types/types_seven_dof_expmap.h:34,
[12.537s]                  from /home/roey/tello-vio/libs/ORB_SLAM2/include/LoopClosing.h:34,
[12.537s]                  from /home/roey/tello-vio/libs/ORB_SLAM2/include/LocalMapping.h:26,
[12.537s]                  from /home/roey/tello-vio/libs/ORB_SLAM2/include/Tracking.h:29,
[12.537s]                  from /home/roey/tello-vio/libs/ORB_SLAM2/include/System.h:29,
[12.537s]                  from /home/roey/tello-vio/slam/src/orbslam2/src/monocular/monocular-slam-node.hpp:16,
[12.537s]                  from /home/roey/tello-vio/slam/src/orbslam2/src/monocular/monocular-slam-node.cpp:1:
[12.538s] /home/roey/tello-vio/libs/ORB_SLAM2/Thirdparty/g2o/g2o/types/../core/base_vertex.h: In instantiation of ‘class g2o::BaseVertex<6, g2o::SE3Quat>’:
[12.538s] /home/roey/tello-vio/libs/ORB_SLAM2/Thirdparty/g2o/g2o/types/types_six_dof_expmap.h:59:33:   required from here
[12.538s] /home/roey/tello-vio/libs/ORB_SLAM2/Thirdparty/g2o/g2o/types/../core/base_vertex.h:62:72: warning: ‘Eigen::AlignedBit’ is deprecated [-Wdeprecated-declarations]
[12.538s]    62 |     typedef Eigen::Map<Matrix<double, D, D>, Matrix<double,D,D>::Flags & AlignedBit ? Aligned : Unaligned >  HessianBlockType;
[12.538s]       |                                                                  ~~~~~~^~~~~~~~~~~~
[12.538s] In file included from /usr/include/eigen3/Eigen/Core:161,
[12.538s]                  from /home/roey/tello-vio/libs/ORB_SLAM2/Thirdparty/g2o/g2o/types/../core/jacobian_workspace.h:30,
[12.538s]                  from /home/roey/tello-vio/libs/ORB_SLAM2/Thirdparty/g2o/g2o/types/../core/optimizable_graph.h:41,
[12.539s]                  from /home/roey/tello-vio/libs/ORB_SLAM2/Thirdparty/g2o/g2o/types/../core/base_vertex.h:30,
[12.539s]                  from /home/roey/tello-vio/libs/ORB_SLAM2/Thirdparty/g2o/g2o/types/types_seven_dof_expmap.h:34,
[12.539s]                  from /home/roey/tello-vio/libs/ORB_SLAM2/include/LoopClosing.h:34,
[12.539s]                  from /home/roey/tello-vio/libs/ORB_SLAM2/include/LocalMapping.h:26,
[12.539s]                  from /home/roey/tello-vio/libs/ORB_SLAM2/include/Tracking.h:29,
[12.539s]                  from /home/roey/tello-vio/libs/ORB_SLAM2/include/System.h:29,
[12.539s]                  from /home/roey/tello-vio/slam/src/orbslam2/src/monocular/monocular-slam-node.hpp:16,
[12.539s]                  from /home/roey/tello-vio/slam/src/orbslam2/src/monocular/monocular-slam-node.cpp:1:
[12.540s] /usr/include/eigen3/Eigen/src/Core/util/Constants.h:167:37: note: declared here
[12.540s]   167 | EIGEN_DEPRECATED const unsigned int AlignedBit = 0x80;
[12.540s]       |                                     ^~~~~~~~~~
[12.691s] In file included from /home/roey/tello-vio/libs/ORB_SLAM2/Thirdparty/g2o/g2o/types/types_seven_dof_expmap.h:35,
[12.691s]                  from /home/roey/tello-vio/libs/ORB_SLAM2/include/LoopClosing.h:34,
[12.691s]                  from /home/roey/tello-vio/libs/ORB_SLAM2/include/LocalMapping.h:26,
[12.692s]                  from /home/roey/tello-vio/libs/ORB_SLAM2/include/Tracking.h:29,
[12.692s]                  from /home/roey/tello-vio/libs/ORB_SLAM2/include/System.h:29,
[12.692s]                  from /home/roey/tello-vio/slam/src/orbslam2/src/monocular/monocular-slam-node.hpp:16,
[12.692s]                  from /home/roey/tello-vio/slam/src/orbslam2/src/monocular/monocular-slam-node.cpp:1:
[12.692s] /home/roey/tello-vio/libs/ORB_SLAM2/Thirdparty/g2o/g2o/types/../core/base_binary_edge.h: In instantiation of ‘class g2o::BaseBinaryEdge<2, Eigen::Matrix<double, 2, 1>, g2o::VertexSBAPointXYZ, g2o::VertexSE3Expmap>’:
[12.692s] /home/roey/tello-vio/libs/ORB_SLAM2/Thirdparty/g2o/g2o/types/types_six_dof_expmap.h:80:35:   required from here
[12.693s] /home/roey/tello-vio/libs/ORB_SLAM2/Thirdparty/g2o/g2o/types/../core/base_binary_edge.h:59:80: warning: ‘Eigen::AlignedBit’ is deprecated [-Wdeprecated-declarations]
[12.693s]    59 |       typedef Eigen::Map<Matrix<double, Di, Dj>, Matrix<double, Di, Dj>::Flags & AlignedBit ? Aligned : Unaligned > HessianBlockType;
[12.693s]       |                                                                          ~~~~~~^~~~~~~~~~~~
[12.693s] In file included from /usr/include/eigen3/Eigen/Core:161,
[12.694s]                  from /home/roey/tello-vio/libs/ORB_SLAM2/Thirdparty/g2o/g2o/types/../core/jacobian_workspace.h:30,
[12.694s]                  from /home/roey/tello-vio/libs/ORB_SLAM2/Thirdparty/g2o/g2o/types/../core/optimizable_graph.h:41,
[12.694s]                  from /home/roey/tello-vio/libs/ORB_SLAM2/Thirdparty/g2o/g2o/types/../core/base_vertex.h:30,
[12.694s]                  from /home/roey/tello-vio/libs/ORB_SLAM2/Thirdparty/g2o/g2o/types/types_seven_dof_expmap.h:34,
[12.694s]                  from /home/roey/tello-vio/libs/ORB_SLAM2/include/LoopClosing.h:34,
[12.694s]                  from /home/roey/tello-vio/libs/ORB_SLAM2/include/LocalMapping.h:26,
[12.694s]                  from /home/roey/tello-vio/libs/ORB_SLAM2/include/Tracking.h:29,
[12.695s]                  from /home/roey/tello-vio/libs/ORB_SLAM2/include/System.h:29,
[12.695s]                  from /home/roey/tello-vio/slam/src/orbslam2/src/monocular/monocular-slam-node.hpp:16,
[12.695s]                  from /home/roey/tello-vio/slam/src/orbslam2/src/monocular/monocular-slam-node.cpp:1:
[12.695s] /usr/include/eigen3/Eigen/src/Core/util/Constants.h:167:37: note: declared here
[12.695s]   167 | EIGEN_DEPRECATED const unsigned int AlignedBit = 0x80;
[12.695s]       |                                     ^~~~~~~~~~
[12.716s] In file included from /home/roey/tello-vio/libs/ORB_SLAM2/Thirdparty/g2o/g2o/types/types_seven_dof_expmap.h:35,
[12.716s]                  from /home/roey/tello-vio/libs/ORB_SLAM2/include/LoopClosing.h:34,
[12.717s]                  from /home/roey/tello-vio/libs/ORB_SLAM2/include/LocalMapping.h:26,
[12.717s]                  from /home/roey/tello-vio/libs/ORB_SLAM2/include/Tracking.h:29,
[12.717s]                  from /home/roey/tello-vio/libs/ORB_SLAM2/include/System.h:29,
[12.717s]                  from /home/roey/tello-vio/slam/src/orbslam2/src/monocular/monocular-slam-node.hpp:16,
[12.717s]                  from /home/roey/tello-vio/slam/src/orbslam2/src/monocular/monocular-slam-node.cpp:1:
[12.717s] /home/roey/tello-vio/libs/ORB_SLAM2/Thirdparty/g2o/g2o/types/../core/base_binary_edge.h:60:80: warning: ‘Eigen::AlignedBit’ is deprecated [-Wdeprecated-declarations]
[12.717s]    60 |       typedef Eigen::Map<Matrix<double, Dj, Di>, Matrix<double, Dj, Di>::Flags & AlignedBit ? Aligned : Unaligned > HessianBlockTransposedType;
[12.718s]       |                                                                          ~~~~~~^~~~~~~~~~~~
[12.718s] In file included from /usr/include/eigen3/Eigen/Core:161,
[12.718s]                  from /home/roey/tello-vio/libs/ORB_SLAM2/Thirdparty/g2o/g2o/types/../core/jacobian_workspace.h:30,
[12.718s]                  from /home/roey/tello-vio/libs/ORB_SLAM2/Thirdparty/g2o/g2o/types/../core/optimizable_graph.h:41,
[12.718s]                  from /home/roey/tello-vio/libs/ORB_SLAM2/Thirdparty/g2o/g2o/types/../core/base_vertex.h:30,
[12.718s]                  from /home/roey/tello-vio/libs/ORB_SLAM2/Thirdparty/g2o/g2o/types/types_seven_dof_expmap.h:34,
[12.718s]                  from /home/roey/tello-vio/libs/ORB_SLAM2/include/LoopClosing.h:34,
[12.719s]                  from /home/roey/tello-vio/libs/ORB_SLAM2/include/LocalMapping.h:26,
[12.719s]                  from /home/roey/tello-vio/libs/ORB_SLAM2/include/Tracking.h:29,
[12.719s]                  from /home/roey/tello-vio/libs/ORB_SLAM2/include/System.h:29,
[12.719s]                  from /home/roey/tello-vio/slam/src/orbslam2/src/monocular/monocular-slam-node.hpp:16,
[12.719s]                  from /home/roey/tello-vio/slam/src/orbslam2/src/monocular/monocular-slam-node.cpp:1:
[12.719s] /usr/include/eigen3/Eigen/src/Core/util/Constants.h:167:37: note: declared here
[12.719s]   167 | EIGEN_DEPRECATED const unsigned int AlignedBit = 0x80;
[12.720s]       |                                     ^~~~~~~~~~
[12.835s] In file included from /home/roey/tello-vio/libs/ORB_SLAM2/Thirdparty/g2o/g2o/types/types_seven_dof_expmap.h:35,
[12.836s]                  from /home/roey/tello-vio/libs/ORB_SLAM2/include/LoopClosing.h:34,
[12.836s]                  from /home/roey/tello-vio/libs/ORB_SLAM2/include/LocalMapping.h:26,
[12.836s]                  from /home/roey/tello-vio/libs/ORB_SLAM2/include/Tracking.h:29,
[12.836s]                  from /home/roey/tello-vio/libs/ORB_SLAM2/include/System.h:29,
[12.836s]                  from /home/roey/tello-vio/slam/src/orbslam2/src/monocular/monocular-slam-node.hpp:16,
[12.836s]                  from /home/roey/tello-vio/slam/src/orbslam2/src/monocular/monocular-slam-node.cpp:1:
[12.837s] /home/roey/tello-vio/libs/ORB_SLAM2/Thirdparty/g2o/g2o/types/../core/base_binary_edge.h: In instantiation of ‘class g2o::BaseBinaryEdge<3, Eigen::Matrix<double, 3, 1>, g2o::VertexSBAPointXYZ, g2o::VertexSE3Expmap>’:
[12.837s] /home/roey/tello-vio/libs/ORB_SLAM2/Thirdparty/g2o/g2o/types/types_six_dof_expmap.h:112:41:   required from here
[12.837s] /home/roey/tello-vio/libs/ORB_SLAM2/Thirdparty/g2o/g2o/types/../core/base_binary_edge.h:59:80: warning: ‘Eigen::AlignedBit’ is deprecated [-Wdeprecated-declarations]
[12.837s]    59 |       typedef Eigen::Map<Matrix<double, Di, Dj>, Matrix<double, Di, Dj>::Flags & AlignedBit ? Aligned : Unaligned > HessianBlockType;
[12.837s]       |                                                                          ~~~~~~^~~~~~~~~~~~
[12.837s] In file included from /usr/include/eigen3/Eigen/Core:161,
[12.842s]                  from /home/roey/tello-vio/libs/ORB_SLAM2/Thirdparty/g2o/g2o/types/../core/jacobian_workspace.h:30,
[12.842s]                  from /home/roey/tello-vio/libs/ORB_SLAM2/Thirdparty/g2o/g2o/types/../core/optimizable_graph.h:41,
[12.842s]                  from /home/roey/tello-vio/libs/ORB_SLAM2/Thirdparty/g2o/g2o/types/../core/base_vertex.h:30,
[12.842s]                  from /home/roey/tello-vio/libs/ORB_SLAM2/Thirdparty/g2o/g2o/types/types_seven_dof_expmap.h:34,
[12.842s]                  from /home/roey/tello-vio/libs/ORB_SLAM2/include/LoopClosing.h:34,
[12.845s]                  from /home/roey/tello-vio/libs/ORB_SLAM2/include/LocalMapping.h:26,
[12.845s]                  from /home/roey/tello-vio/libs/ORB_SLAM2/include/Tracking.h:29,
[12.845s]                  from /home/roey/tello-vio/libs/ORB_SLAM2/include/System.h:29,
[12.846s]                  from /home/roey/tello-vio/slam/src/orbslam2/src/monocular/monocular-slam-node.hpp:16,
[12.846s]                  from /home/roey/tello-vio/slam/src/orbslam2/src/monocular/monocular-slam-node.cpp:1:
[12.846s] /usr/include/eigen3/Eigen/src/Core/util/Constants.h:167:37: note: declared here
[12.846s]   167 | EIGEN_DEPRECATED const unsigned int AlignedBit = 0x80;
[12.846s]       |                                     ^~~~~~~~~~
[12.846s] In file included from /home/roey/tello-vio/libs/ORB_SLAM2/Thirdparty/g2o/g2o/types/types_seven_dof_expmap.h:35,
[12.846s]                  from /home/roey/tello-vio/libs/ORB_SLAM2/include/LoopClosing.h:34,
[12.847s]                  from /home/roey/tello-vio/libs/ORB_SLAM2/include/LocalMapping.h:26,
[12.847s]                  from /home/roey/tello-vio/libs/ORB_SLAM2/include/Tracking.h:29,
[12.847s]                  from /home/roey/tello-vio/libs/ORB_SLAM2/include/System.h:29,
[12.847s]                  from /home/roey/tello-vio/slam/src/orbslam2/src/monocular/monocular-slam-node.hpp:16,
[12.847s]                  from /home/roey/tello-vio/slam/src/orbslam2/src/monocular/monocular-slam-node.cpp:1:
[12.847s] /home/roey/tello-vio/libs/ORB_SLAM2/Thirdparty/g2o/g2o/types/../core/base_binary_edge.h:60:80: warning: ‘Eigen::AlignedBit’ is deprecated [-Wdeprecated-declarations]
[12.847s]    60 |       typedef Eigen::Map<Matrix<double, Dj, Di>, Matrix<double, Dj, Di>::Flags & AlignedBit ? Aligned : Unaligned > HessianBlockTransposedType;
[12.848s]       |                                                                          ~~~~~~^~~~~~~~~~~~
[12.851s] In file included from /usr/include/eigen3/Eigen/Core:161,
[12.851s]                  from /home/roey/tello-vio/libs/ORB_SLAM2/Thirdparty/g2o/g2o/types/../core/jacobian_workspace.h:30,
[12.851s]                  from /home/roey/tello-vio/libs/ORB_SLAM2/Thirdparty/g2o/g2o/types/../core/optimizable_graph.h:41,
[12.851s]                  from /home/roey/tello-vio/libs/ORB_SLAM2/Thirdparty/g2o/g2o/types/../core/base_vertex.h:30,
[12.852s]                  from /home/roey/tello-vio/libs/ORB_SLAM2/Thirdparty/g2o/g2o/types/types_seven_dof_expmap.h:34,
[12.852s]                  from /home/roey/tello-vio/libs/ORB_SLAM2/include/LoopClosing.h:34,
[12.852s]                  from /home/roey/tello-vio/libs/ORB_SLAM2/include/LocalMapping.h:26,
[12.854s]                  from /home/roey/tello-vio/libs/ORB_SLAM2/include/Tracking.h:29,
[12.855s]                  from /home/roey/tello-vio/libs/ORB_SLAM2/include/System.h:29,
[12.855s]                  from /home/roey/tello-vio/slam/src/orbslam2/src/monocular/monocular-slam-node.hpp:16,
[12.855s]                  from /home/roey/tello-vio/slam/src/orbslam2/src/monocular/monocular-slam-node.cpp:1:
[12.855s] /usr/include/eigen3/Eigen/src/Core/util/Constants.h:167:37: note: declared here
[12.855s]   167 | EIGEN_DEPRECATED const unsigned int AlignedBit = 0x80;
[12.858s]       |                                     ^~~~~~~~~~
[13.203s] In file included from /home/roey/tello-vio/libs/ORB_SLAM2/Thirdparty/g2o/g2o/types/types_seven_dof_expmap.h:34,
[13.203s]                  from /home/roey/tello-vio/libs/ORB_SLAM2/include/LoopClosing.h:34,
[13.203s]                  from /home/roey/tello-vio/libs/ORB_SLAM2/include/LocalMapping.h:26,
[13.203s]                  from /home/roey/tello-vio/libs/ORB_SLAM2/include/Tracking.h:29,
[13.203s]                  from /home/roey/tello-vio/libs/ORB_SLAM2/include/System.h:29,
[13.204s]                  from /home/roey/tello-vio/slam/src/orbslam2/src/monocular/monocular-slam-node.hpp:16,
[13.204s]                  from /home/roey/tello-vio/slam/src/orbslam2/src/monocular/monocular-slam-node.cpp:1:
[13.204s] /home/roey/tello-vio/libs/ORB_SLAM2/Thirdparty/g2o/g2o/types/../core/base_vertex.h: In instantiation of ‘class g2o::BaseVertex<7, g2o::Sim3>’:
[13.204s] /home/roey/tello-vio/libs/ORB_SLAM2/Thirdparty/g2o/g2o/types/types_seven_dof_expmap.h:48:35:   required from here
[13.204s] /home/roey/tello-vio/libs/ORB_SLAM2/Thirdparty/g2o/g2o/types/../core/base_vertex.h:62:72: warning: ‘Eigen::AlignedBit’ is deprecated [-Wdeprecated-declarations]
[13.204s]    62 |     typedef Eigen::Map<Matrix<double, D, D>, Matrix<double,D,D>::Flags & AlignedBit ? Aligned : Unaligned >  HessianBlockType;
[13.204s]       |                                                                  ~~~~~~^~~~~~~~~~~~
[13.205s] In file included from /usr/include/eigen3/Eigen/Core:161,
[13.205s]                  from /home/roey/tello-vio/libs/ORB_SLAM2/Thirdparty/g2o/g2o/types/../core/jacobian_workspace.h:30,
[13.205s]                  from /home/roey/tello-vio/libs/ORB_SLAM2/Thirdparty/g2o/g2o/types/../core/optimizable_graph.h:41,
[13.205s]                  from /home/roey/tello-vio/libs/ORB_SLAM2/Thirdparty/g2o/g2o/types/../core/base_vertex.h:30,
[13.205s]                  from /home/roey/tello-vio/libs/ORB_SLAM2/Thirdparty/g2o/g2o/types/types_seven_dof_expmap.h:34,
[13.206s]                  from /home/roey/tello-vio/libs/ORB_SLAM2/include/LoopClosing.h:34,
[13.206s]                  from /home/roey/tello-vio/libs/ORB_SLAM2/include/LocalMapping.h:26,
[13.206s]                  from /home/roey/tello-vio/libs/ORB_SLAM2/include/Tracking.h:29,
[13.207s]                  from /home/roey/tello-vio/libs/ORB_SLAM2/include/System.h:29,
[13.207s]                  from /home/roey/tello-vio/slam/src/orbslam2/src/monocular/monocular-slam-node.hpp:16,
[13.207s]                  from /home/roey/tello-vio/slam/src/orbslam2/src/monocular/monocular-slam-node.cpp:1:
[13.207s] /usr/include/eigen3/Eigen/src/Core/util/Constants.h:167:37: note: declared here
[13.207s]   167 | EIGEN_DEPRECATED const unsigned int AlignedBit = 0x80;
[13.208s]       |                                     ^~~~~~~~~~
[13.257s] In file included from /home/roey/tello-vio/libs/ORB_SLAM2/Thirdparty/g2o/g2o/types/types_seven_dof_expmap.h:35,
[13.258s]                  from /home/roey/tello-vio/libs/ORB_SLAM2/include/LoopClosing.h:34,
[13.258s]                  from /home/roey/tello-vio/libs/ORB_SLAM2/include/LocalMapping.h:26,
[13.258s]                  from /home/roey/tello-vio/libs/ORB_SLAM2/include/Tracking.h:29,
[13.258s]                  from /home/roey/tello-vio/libs/ORB_SLAM2/include/System.h:29,
[13.258s]                  from /home/roey/tello-vio/slam/src/orbslam2/src/monocular/monocular-slam-node.hpp:16,
[13.258s]                  from /home/roey/tello-vio/slam/src/orbslam2/src/monocular/monocular-slam-node.cpp:1:
[13.259s] /home/roey/tello-vio/libs/ORB_SLAM2/Thirdparty/g2o/g2o/types/../core/base_binary_edge.h: In instantiation of ‘class g2o::BaseBinaryEdge<7, g2o::Sim3, g2o::VertexSim3Expmap, g2o::VertexSim3Expmap>’:
[13.259s] /home/roey/tello-vio/libs/ORB_SLAM2/Thirdparty/g2o/g2o/types/types_seven_dof_expmap.h:99:27:   required from here
[13.259s] /home/roey/tello-vio/libs/ORB_SLAM2/Thirdparty/g2o/g2o/types/../core/base_binary_edge.h:59:80: warning: ‘Eigen::AlignedBit’ is deprecated [-Wdeprecated-declarations]
[13.259s]    59 |       typedef Eigen::Map<Matrix<double, Di, Dj>, Matrix<double, Di, Dj>::Flags & AlignedBit ? Aligned : Unaligned > HessianBlockType;
[13.259s]       |                                                                          ~~~~~~^~~~~~~~~~~~
[13.259s] In file included from /usr/include/eigen3/Eigen/Core:161,
[13.259s]                  from /home/roey/tello-vio/libs/ORB_SLAM2/Thirdparty/g2o/g2o/types/../core/jacobian_workspace.h:30,
[13.260s]                  from /home/roey/tello-vio/libs/ORB_SLAM2/Thirdparty/g2o/g2o/types/../core/optimizable_graph.h:41,
[13.260s]                  from /home/roey/tello-vio/libs/ORB_SLAM2/Thirdparty/g2o/g2o/types/../core/base_vertex.h:30,
[13.260s]                  from /home/roey/tello-vio/libs/ORB_SLAM2/Thirdparty/g2o/g2o/types/types_seven_dof_expmap.h:34,
[13.260s]                  from /home/roey/tello-vio/libs/ORB_SLAM2/include/LoopClosing.h:34,
[13.260s]                  from /home/roey/tello-vio/libs/ORB_SLAM2/include/LocalMapping.h:26,
[13.260s]                  from /home/roey/tello-vio/libs/ORB_SLAM2/include/Tracking.h:29,
[13.260s]                  from /home/roey/tello-vio/libs/ORB_SLAM2/include/System.h:29,
[13.261s]                  from /home/roey/tello-vio/slam/src/orbslam2/src/monocular/monocular-slam-node.hpp:16,
[13.261s]                  from /home/roey/tello-vio/slam/src/orbslam2/src/monocular/monocular-slam-node.cpp:1:
[13.261s] /usr/include/eigen3/Eigen/src/Core/util/Constants.h:167:37: note: declared here
[13.261s]   167 | EIGEN_DEPRECATED const unsigned int AlignedBit = 0x80;
[13.261s]       |                                     ^~~~~~~~~~
[13.261s] In file included from /home/roey/tello-vio/libs/ORB_SLAM2/Thirdparty/g2o/g2o/types/types_seven_dof_expmap.h:35,
[13.261s]                  from /home/roey/tello-vio/libs/ORB_SLAM2/include/LoopClosing.h:34,
[13.261s]                  from /home/roey/tello-vio/libs/ORB_SLAM2/include/LocalMapping.h:26,
[13.262s]                  from /home/roey/tello-vio/libs/ORB_SLAM2/include/Tracking.h:29,
[13.262s]                  from /home/roey/tello-vio/libs/ORB_SLAM2/include/System.h:29,
[13.262s]                  from /home/roey/tello-vio/slam/src/orbslam2/src/monocular/monocular-slam-node.hpp:16,
[13.262s]                  from /home/roey/tello-vio/slam/src/orbslam2/src/monocular/monocular-slam-node.cpp:1:
[13.262s] /home/roey/tello-vio/libs/ORB_SLAM2/Thirdparty/g2o/g2o/types/../core/base_binary_edge.h:60:80: warning: ‘Eigen::AlignedBit’ is deprecated [-Wdeprecated-declarations]
[13.262s]    60 |       typedef Eigen::Map<Matrix<double, Dj, Di>, Matrix<double, Dj, Di>::Flags & AlignedBit ? Aligned : Unaligned > HessianBlockTransposedType;
[13.262s]       |                                                                          ~~~~~~^~~~~~~~~~~~
[13.263s] In file included from /usr/include/eigen3/Eigen/Core:161,
[13.263s]                  from /home/roey/tello-vio/libs/ORB_SLAM2/Thirdparty/g2o/g2o/types/../core/jacobian_workspace.h:30,
[13.263s]                  from /home/roey/tello-vio/libs/ORB_SLAM2/Thirdparty/g2o/g2o/types/../core/optimizable_graph.h:41,
[13.263s]                  from /home/roey/tello-vio/libs/ORB_SLAM2/Thirdparty/g2o/g2o/types/../core/base_vertex.h:30,
[13.263s]                  from /home/roey/tello-vio/libs/ORB_SLAM2/Thirdparty/g2o/g2o/types/types_seven_dof_expmap.h:34,
[13.263s]                  from /home/roey/tello-vio/libs/ORB_SLAM2/include/LoopClosing.h:34,
[13.264s]                  from /home/roey/tello-vio/libs/ORB_SLAM2/include/LocalMapping.h:26,
[13.264s]                  from /home/roey/tello-vio/libs/ORB_SLAM2/include/Tracking.h:29,
[13.264s]                  from /home/roey/tello-vio/libs/ORB_SLAM2/include/System.h:29,
[13.264s]                  from /home/roey/tello-vio/slam/src/orbslam2/src/monocular/monocular-slam-node.hpp:16,
[13.264s]                  from /home/roey/tello-vio/slam/src/orbslam2/src/monocular/monocular-slam-node.cpp:1:
[13.264s] /usr/include/eigen3/Eigen/src/Core/util/Constants.h:167:37: note: declared here
[13.264s]   167 | EIGEN_DEPRECATED const unsigned int AlignedBit = 0x80;
[13.265s]       |                                     ^~~~~~~~~~
[13.335s] In file included from /home/roey/tello-vio/libs/ORB_SLAM2/Thirdparty/g2o/g2o/types/types_seven_dof_expmap.h:35,
[13.336s]                  from /home/roey/tello-vio/libs/ORB_SLAM2/include/LoopClosing.h:34,
[13.336s]                  from /home/roey/tello-vio/libs/ORB_SLAM2/include/LocalMapping.h:26,
[13.336s]                  from /home/roey/tello-vio/libs/ORB_SLAM2/include/Tracking.h:29,
[13.336s]                  from /home/roey/tello-vio/libs/ORB_SLAM2/include/System.h:29,
[13.336s]                  from /home/roey/tello-vio/slam/src/orbslam2/src/monocular/monocular-slam-node.hpp:16,
[13.336s]                  from /home/roey/tello-vio/slam/src/orbslam2/src/monocular/monocular-slam-node.cpp:1:
[13.337s] /home/roey/tello-vio/libs/ORB_SLAM2/Thirdparty/g2o/g2o/types/../core/base_binary_edge.h: In instantiation of ‘class g2o::BaseBinaryEdge<2, Eigen::Matrix<double, 2, 1>, g2o::VertexSBAPointXYZ, g2o::VertexSim3Expmap>’:
[13.337s] /home/roey/tello-vio/libs/ORB_SLAM2/Thirdparty/g2o/g2o/types/types_seven_dof_expmap.h:130:36:   required from here
[13.337s] /home/roey/tello-vio/libs/ORB_SLAM2/Thirdparty/g2o/g2o/types/../core/base_binary_edge.h:59:80: warning: ‘Eigen::AlignedBit’ is deprecated [-Wdeprecated-declarations]
[13.337s]    59 |       typedef Eigen::Map<Matrix<double, Di, Dj>, Matrix<double, Di, Dj>::Flags & AlignedBit ? Aligned : Unaligned > HessianBlockType;
[13.337s]       |                                                                          ~~~~~~^~~~~~~~~~~~
[13.337s] In file included from /usr/include/eigen3/Eigen/Core:161,
[13.337s]                  from /home/roey/tello-vio/libs/ORB_SLAM2/Thirdparty/g2o/g2o/types/../core/jacobian_workspace.h:30,
[13.337s]                  from /home/roey/tello-vio/libs/ORB_SLAM2/Thirdparty/g2o/g2o/types/../core/optimizable_graph.h:41,
[13.338s]                  from /home/roey/tello-vio/libs/ORB_SLAM2/Thirdparty/g2o/g2o/types/../core/base_vertex.h:30,
[13.338s]                  from /home/roey/tello-vio/libs/ORB_SLAM2/Thirdparty/g2o/g2o/types/types_seven_dof_expmap.h:34,
[13.338s]                  from /home/roey/tello-vio/libs/ORB_SLAM2/include/LoopClosing.h:34,
[13.338s]                  from /home/roey/tello-vio/libs/ORB_SLAM2/include/LocalMapping.h:26,
[13.338s]                  from /home/roey/tello-vio/libs/ORB_SLAM2/include/Tracking.h:29,
[13.338s]                  from /home/roey/tello-vio/libs/ORB_SLAM2/include/System.h:29,
[13.339s]                  from /home/roey/tello-vio/slam/src/orbslam2/src/monocular/monocular-slam-node.hpp:16,
[13.339s]                  from /home/roey/tello-vio/slam/src/orbslam2/src/monocular/monocular-slam-node.cpp:1:
[13.339s] /usr/include/eigen3/Eigen/src/Core/util/Constants.h:167:37: note: declared here
[13.339s]   167 | EIGEN_DEPRECATED const unsigned int AlignedBit = 0x80;
[13.339s]       |                                     ^~~~~~~~~~
[13.363s] In file included from /home/roey/tello-vio/libs/ORB_SLAM2/Thirdparty/g2o/g2o/types/types_seven_dof_expmap.h:35,
[13.364s]                  from /home/roey/tello-vio/libs/ORB_SLAM2/include/LoopClosing.h:34,
[13.364s]                  from /home/roey/tello-vio/libs/ORB_SLAM2/include/LocalMapping.h:26,
[13.364s]                  from /home/roey/tello-vio/libs/ORB_SLAM2/include/Tracking.h:29,
[13.364s]                  from /home/roey/tello-vio/libs/ORB_SLAM2/include/System.h:29,
[13.364s]                  from /home/roey/tello-vio/slam/src/orbslam2/src/monocular/monocular-slam-node.hpp:16,
[13.364s]                  from /home/roey/tello-vio/slam/src/orbslam2/src/monocular/monocular-slam-node.cpp:1:
[13.364s] /home/roey/tello-vio/libs/ORB_SLAM2/Thirdparty/g2o/g2o/types/../core/base_binary_edge.h:60:80: warning: ‘Eigen::AlignedBit’ is deprecated [-Wdeprecated-declarations]
[13.364s]    60 |       typedef Eigen::Map<Matrix<double, Dj, Di>, Matrix<double, Dj, Di>::Flags & AlignedBit ? Aligned : Unaligned > HessianBlockTransposedType;
[13.365s]       |                                                                          ~~~~~~^~~~~~~~~~~~
[13.365s] In file included from /usr/include/eigen3/Eigen/Core:161,
[13.365s]                  from /home/roey/tello-vio/libs/ORB_SLAM2/Thirdparty/g2o/g2o/types/../core/jacobian_workspace.h:30,
[13.365s]                  from /home/roey/tello-vio/libs/ORB_SLAM2/Thirdparty/g2o/g2o/types/../core/optimizable_graph.h:41,
[13.365s]                  from /home/roey/tello-vio/libs/ORB_SLAM2/Thirdparty/g2o/g2o/types/../core/base_vertex.h:30,
[13.365s]                  from /home/roey/tello-vio/libs/ORB_SLAM2/Thirdparty/g2o/g2o/types/types_seven_dof_expmap.h:34,
[13.365s]                  from /home/roey/tello-vio/libs/ORB_SLAM2/include/LoopClosing.h:34,
[13.365s]                  from /home/roey/tello-vio/libs/ORB_SLAM2/include/LocalMapping.h:26,
[13.366s]                  from /home/roey/tello-vio/libs/ORB_SLAM2/include/Tracking.h:29,
[13.366s]                  from /home/roey/tello-vio/libs/ORB_SLAM2/include/System.h:29,
[13.366s]                  from /home/roey/tello-vio/slam/src/orbslam2/src/monocular/monocular-slam-node.hpp:16,
[13.366s]                  from /home/roey/tello-vio/slam/src/orbslam2/src/monocular/monocular-slam-node.cpp:1:
[13.366s] /usr/include/eigen3/Eigen/src/Core/util/Constants.h:167:37: note: declared here
[13.366s]   167 | EIGEN_DEPRECATED const unsigned int AlignedBit = 0x80;
[13.366s]       |                                     ^~~~~~~~~~
[13.574s] /home/roey/tello-vio/slam/src/orbslam2/src/monocular/monocular-slam-node.cpp: In constructor ‘MonocularSlamNode::MonocularSlamNode(ORB_SLAM2::System*, const string&, const string&)’:
[13.574s] /home/roey/tello-vio/slam/src/orbslam2/src/monocular/monocular-slam-node.cpp:15:78: warning: unused parameter ‘strVocFile’ [-Wunused-parameter]
[13.574s]    15 | MonocularSlamNode::MonocularSlamNode(ORB_SLAM2::System* pSLAM, const string &strVocFile, const string &strSettingsFile)
[13.574s]       |                                                                ~~~~~~~~~~~~~~^~~~~~~~~~
[33.777s] [ 66%] Linking CXX executable mono
[35.503s] [100%] Built target mono
[35.521s] Invoked command in '/home/roey/tello-vio/build/orbslam2' returned '0': CMAKE_PREFIX_PATH=${CMAKE_PREFIX_PATH}:/home/roey/tello-vio/install/tello:/home/roey/tello-ros2/install/tello:/opt/ros/humble /usr/bin/cmake --build /home/roey/tello-vio/build/orbslam2 -- -j8 -l8
[35.575s] Invoking command in '/home/roey/tello-vio/build/orbslam2': CMAKE_PREFIX_PATH=${CMAKE_PREFIX_PATH}:/home/roey/tello-vio/install/tello:/home/roey/tello-ros2/install/tello:/opt/ros/humble /usr/bin/cmake --install /home/roey/tello-vio/build/orbslam2
[35.588s] -- Install configuration: ""
[35.588s] -- Installing: /home/roey/tello-vio/install/orbslam2/lib/orbslam2/mono
[35.593s] -- Set runtime path of "/home/roey/tello-vio/install/orbslam2/lib/orbslam2/mono" to ""
[35.593s] -- Up-to-date: /home/roey/tello-vio/install/orbslam2/share/ament_index/resource_index/package_run_dependencies/orbslam2
[35.594s] -- Up-to-date: /home/roey/tello-vio/install/orbslam2/share/ament_index/resource_index/parent_prefix_path/orbslam2
[35.594s] -- Up-to-date: /home/roey/tello-vio/install/orbslam2/share/orbslam2/environment/ament_prefix_path.sh
[35.594s] -- Installing: /home/roey/tello-vio/install/orbslam2/share/orbslam2/environment/ament_prefix_path.dsv
[35.594s] -- Up-to-date: /home/roey/tello-vio/install/orbslam2/share/orbslam2/environment/path.sh
[35.594s] -- Installing: /home/roey/tello-vio/install/orbslam2/share/orbslam2/environment/path.dsv
[35.594s] -- Up-to-date: /home/roey/tello-vio/install/orbslam2/share/orbslam2/local_setup.bash
[35.595s] -- Up-to-date: /home/roey/tello-vio/install/orbslam2/share/orbslam2/local_setup.sh
[35.595s] -- Up-to-date: /home/roey/tello-vio/install/orbslam2/share/orbslam2/local_setup.zsh
[35.595s] -- Installing: /home/roey/tello-vio/install/orbslam2/share/orbslam2/local_setup.dsv
[35.595s] -- Installing: /home/roey/tello-vio/install/orbslam2/share/orbslam2/package.dsv
[35.595s] -- Up-to-date: /home/roey/tello-vio/install/orbslam2/share/ament_index/resource_index/packages/orbslam2
[35.595s] -- Up-to-date: /home/roey/tello-vio/install/orbslam2/share/orbslam2/cmake/orbslam2Config.cmake
[35.595s] -- Up-to-date: /home/roey/tello-vio/install/orbslam2/share/orbslam2/cmake/orbslam2Config-version.cmake
[35.596s] -- Up-to-date: /home/roey/tello-vio/install/orbslam2/share/orbslam2/package.xml
[35.598s] Invoked command in '/home/roey/tello-vio/build/orbslam2' returned '0': CMAKE_PREFIX_PATH=${CMAKE_PREFIX_PATH}:/home/roey/tello-vio/install/tello:/home/roey/tello-ros2/install/tello:/opt/ros/humble /usr/bin/cmake --install /home/roey/tello-vio/build/orbslam2
