-- Found OpenCV version 4.5.4
-- Found ament_cmake: 1.3.10 (/opt/ros/humble/share/ament_cmake/cmake)
-- Found rclcpp: 16.0.10 (/opt/ros/humble/share/rclcpp/cmake)
-- Found rosidl_generator_c: 3.1.5 (/opt/ros/humble/share/rosidl_generator_c/cmake)
-- Found rosidl_adapter: 3.1.5 (/opt/ros/humble/share/rosidl_adapter/cmake)
-- Found rosidl_generator_cpp: 3.1.5 (/opt/ros/humble/share/rosidl_generator_cpp/cmake)
-- Using all available rosidl_typesupport_c: rosidl_typesupport_fastrtps_c;rosidl_typesupport_introspection_c
-- Using all available rosidl_typesupport_cpp: rosidl_typesupport_fastrtps_cpp;rosidl_typesupport_introspection_cpp
-- Found rmw_implementation_cmake: 6.1.2 (/opt/ros/humble/share/rmw_implementation_cmake/cmake)
-- Found rmw_fastrtps_cpp: 6.2.7 (/opt/ros/humble/share/rmw_fastrtps_cpp/cmake)
-- Using RMW implementation 'rmw_fastrtps_cpp' as default
-- Found geometry_msgs: 4.2.4 (/opt/ros/humble/share/geometry_msgs/cmake)
-- Configuring done
-- Generating done
-- Build files have been written to: /home/roey/tello-ros2/build/tello_control
Consolidate compiler generated dependencies of target tello_control
[100%] Built target tello_control
-- Install configuration: ""
-- Up-to-date: /home/roey/tello-ros2/install/tello_control/lib/tello_control/tello_control
-- Installing: /home/roey/tello-ros2/install/tello_control/share/tello_control/rviz.rviz
-- Installing: /home/roey/tello-ros2/install/tello_control/share/ament_index/resource_index/package_run_dependencies/tello_control
-- Up-to-date: /home/roey/tello-ros2/install/tello_control/share/ament_index/resource_index/parent_prefix_path/tello_control
-- Up-to-date: /home/roey/tello-ros2/install/tello_control/share/tello_control/environment/ament_prefix_path.sh
-- Installing: /home/roey/tello-ros2/install/tello_control/share/tello_control/environment/ament_prefix_path.dsv
-- Up-to-date: /home/roey/tello-ros2/install/tello_control/share/tello_control/environment/path.sh
-- Installing: /home/roey/tello-ros2/install/tello_control/share/tello_control/environment/path.dsv
-- Up-to-date: /home/roey/tello-ros2/install/tello_control/share/tello_control/local_setup.bash
-- Up-to-date: /home/roey/tello-ros2/install/tello_control/share/tello_control/local_setup.sh
-- Up-to-date: /home/roey/tello-ros2/install/tello_control/share/tello_control/local_setup.zsh
-- Installing: /home/roey/tello-ros2/install/tello_control/share/tello_control/local_setup.dsv
-- Installing: /home/roey/tello-ros2/install/tello_control/share/tello_control/package.dsv
-- Up-to-date: /home/roey/tello-ros2/install/tello_control/share/ament_index/resource_index/packages/tello_control
-- Up-to-date: /home/roey/tello-ros2/install/tello_control/share/tello_control/cmake/tello_controlConfig.cmake
-- Up-to-date: /home/roey/tello-ros2/install/tello_control/share/tello_control/cmake/tello_controlConfig-version.cmake
-- Installing: /home/roey/tello-ros2/install/tello_control/share/tello_control/package.xml
