[0.015s] Invoking command in '/home/roey/tello-ros2/build/tello_control': CMAKE_PREFIX_PATH=/opt/ros/humble /usr/bin/cmake --build /home/roey/tello-ros2/build/tello_control -- -j8 -l8
[0.058s] -- Found OpenCV version 4.5.4
[0.058s] -- Found ament_cmake: 1.3.10 (/opt/ros/humble/share/ament_cmake/cmake)
[0.245s] -- Found rclcpp: 16.0.10 (/opt/ros/humble/share/rclcpp/cmake)
[0.291s] -- Found rosidl_generator_c: 3.1.5 (/opt/ros/humble/share/rosidl_generator_c/cmake)
[0.295s] -- Found rosidl_adapter: 3.1.5 (/opt/ros/humble/share/rosidl_adapter/cmake)
[0.303s] -- Found rosidl_generator_cpp: 3.1.5 (/opt/ros/humble/share/rosidl_generator_cpp/cmake)
[0.317s] -- Using all available rosidl_typesupport_c: rosidl_typesupport_fastrtps_c;rosidl_typesupport_introspection_c
[0.335s] -- Using all available rosidl_typesupport_cpp: rosidl_typesupport_fastrtps_cpp;rosidl_typesupport_introspection_cpp
[0.389s] -- Found rmw_implementation_cmake: 6.1.2 (/opt/ros/humble/share/rmw_implementation_cmake/cmake)
[0.391s] -- Found rmw_fastrtps_cpp: 6.2.7 (/opt/ros/humble/share/rmw_fastrtps_cpp/cmake)
[0.542s] -- Using RMW implementation 'rmw_fastrtps_cpp' as default
[0.615s] -- Found geometry_msgs: 4.2.4 (/opt/ros/humble/share/geometry_msgs/cmake)
[0.772s] -- Configuring done
[0.792s] -- Generating done
[0.796s] -- Build files have been written to: /home/roey/tello-ros2/build/tello_control
[0.837s] Consolidate compiler generated dependencies of target tello_control
[0.856s] [100%] Built target tello_control
[0.870s] Invoked command in '/home/roey/tello-ros2/build/tello_control' returned '0': CMAKE_PREFIX_PATH=/opt/ros/humble /usr/bin/cmake --build /home/roey/tello-ros2/build/tello_control -- -j8 -l8
[0.912s] Invoking command in '/home/roey/tello-ros2/build/tello_control': CMAKE_PREFIX_PATH=/opt/ros/humble /usr/bin/cmake --install /home/roey/tello-ros2/build/tello_control
[0.922s] -- Install configuration: ""
[0.922s] -- Up-to-date: /home/roey/tello-ros2/install/tello_control/lib/tello_control/tello_control
[0.923s] -- Installing: /home/roey/tello-ros2/install/tello_control/share/tello_control/rviz.rviz
[0.923s] -- Installing: /home/roey/tello-ros2/install/tello_control/share/ament_index/resource_index/package_run_dependencies/tello_control
[0.923s] -- Up-to-date: /home/roey/tello-ros2/install/tello_control/share/ament_index/resource_index/parent_prefix_path/tello_control
[0.924s] -- Up-to-date: /home/roey/tello-ros2/install/tello_control/share/tello_control/environment/ament_prefix_path.sh
[0.924s] -- Installing: /home/roey/tello-ros2/install/tello_control/share/tello_control/environment/ament_prefix_path.dsv
[0.924s] -- Up-to-date: /home/roey/tello-ros2/install/tello_control/share/tello_control/environment/path.sh
[0.924s] -- Installing: /home/roey/tello-ros2/install/tello_control/share/tello_control/environment/path.dsv
[0.924s] -- Up-to-date: /home/roey/tello-ros2/install/tello_control/share/tello_control/local_setup.bash
[0.925s] -- Up-to-date: /home/roey/tello-ros2/install/tello_control/share/tello_control/local_setup.sh
[0.925s] -- Up-to-date: /home/roey/tello-ros2/install/tello_control/share/tello_control/local_setup.zsh
[0.925s] -- Installing: /home/roey/tello-ros2/install/tello_control/share/tello_control/local_setup.dsv
[0.925s] -- Installing: /home/roey/tello-ros2/install/tello_control/share/tello_control/package.dsv
[0.925s] -- Up-to-date: /home/roey/tello-ros2/install/tello_control/share/ament_index/resource_index/packages/tello_control
[0.926s] -- Up-to-date: /home/roey/tello-ros2/install/tello_control/share/tello_control/cmake/tello_controlConfig.cmake
[0.927s] -- Up-to-date: /home/roey/tello-ros2/install/tello_control/share/tello_control/cmake/tello_controlConfig-version.cmake
[0.927s] -- Installing: /home/roey/tello-ros2/install/tello_control/share/tello_control/package.xml
[0.928s] Invoked command in '/home/roey/tello-ros2/build/tello_control' returned '0': CMAKE_PREFIX_PATH=/opt/ros/humble /usr/bin/cmake --install /home/roey/tello-ros2/build/tello_control
