[0.880s] Invoking command in '/home/roey/tello-ros2/workspace/src/tello': CMAKE_PREFIX_PATH=/home/roey/tello-ros2/install/tello_msg:/home/roey/tello-ros2/install/orbslam2:/home/roey/tello-ros2/install/tello_control LD_LIBRARY_PATH=/home/roey/tello-ros2/install/tello_msg/lib:/usr/lib/x86_64-linux-gnu/gazebo-11/plugins:/opt/ros/humble/opt/rviz_ogre_vendor/lib:/opt/ros/humble/lib/x86_64-linux-gnu:/opt/ros/humble/lib:/usr/share/gazebo/../../lib/x86_64-linux-gnu/gazebo-11/plugins PYTHONPATH=/home/roey/tello-ros2/build/tello/prefix_override:/usr/lib/python3/dist-packages/colcon_core/task/python/colcon_distutils_commands:/home/roey/tello-ros2/install/tello/lib/python3.10/site-packages:${PYTHONPATH} /usr/bin/python3 -W ignore:setup.py install is deprecated setup.py egg_info --egg-base ../../../build/tello build --build-base /home/roey/tello-ros2/build/tello/build install --record /home/roey/tello-ros2/build/tello/install.log --single-version-externally-managed install_data
[1.241s] running egg_info
[1.241s] writing ../../../build/tello/tello.egg-info/PKG-INFO
[1.242s] writing dependency_links to ../../../build/tello/tello.egg-info/dependency_links.txt
[1.242s] writing entry points to ../../../build/tello/tello.egg-info/entry_points.txt
[1.242s] writing requirements to ../../../build/tello/tello.egg-info/requires.txt
[1.242s] writing top-level names to ../../../build/tello/tello.egg-info/top_level.txt
[1.244s] reading manifest file '../../../build/tello/tello.egg-info/SOURCES.txt'
[1.245s] adding license file 'LICENSE.txt'
[1.246s] writing manifest file '../../../build/tello/tello.egg-info/SOURCES.txt'
[1.246s] running build
[1.246s] running build_py
[1.246s] running install
[1.247s] running install_lib
[1.248s] running install_data
[1.248s] running install_egg_info
[1.250s] removing '/home/roey/tello-ros2/install/tello/lib/python3.10/site-packages/tello-0.1.0-py3.10.egg-info' (and everything under it)
[1.251s] Copying ../../../build/tello/tello.egg-info to /home/roey/tello-ros2/install/tello/lib/python3.10/site-packages/tello-0.1.0-py3.10.egg-info
[1.252s] running install_scripts
[1.280s] Installing tello script to /home/roey/tello-ros2/install/tello/lib/tello
[1.280s] writing list of installed files to '/home/roey/tello-ros2/build/tello/install.log'
[1.307s] Invoked command in '/home/roey/tello-ros2/workspace/src/tello' returned '0': CMAKE_PREFIX_PATH=/home/roey/tello-ros2/install/tello_msg:/home/roey/tello-ros2/install/orbslam2:/home/roey/tello-ros2/install/tello_control LD_LIBRARY_PATH=/home/roey/tello-ros2/install/tello_msg/lib:/usr/lib/x86_64-linux-gnu/gazebo-11/plugins:/opt/ros/humble/opt/rviz_ogre_vendor/lib:/opt/ros/humble/lib/x86_64-linux-gnu:/opt/ros/humble/lib:/usr/share/gazebo/../../lib/x86_64-linux-gnu/gazebo-11/plugins PYTHONPATH=/home/roey/tello-ros2/build/tello/prefix_override:/usr/lib/python3/dist-packages/colcon_core/task/python/colcon_distutils_commands:/home/roey/tello-ros2/install/tello/lib/python3.10/site-packages:${PYTHONPATH} /usr/bin/python3 -W ignore:setup.py install is deprecated setup.py egg_info --egg-base ../../../build/tello build --build-base /home/roey/tello-ros2/build/tello/build install --record /home/roey/tello-ros2/build/tello/install.log --single-version-externally-managed install_data
