[0.021s] Invoking command in '/home/roey/tello-ros2/build/tello_control': CMAKE_PREFIX_PATH=${CMAKE_PREFIX_PATH}:/home/roey/tello-ros2/install/tello:/opt/ros/humble /usr/bin/cmake --build /home/roey/tello-ros2/build/tello_control -- -j8 -l8
[0.111s] [100%] Built target tello_control
[0.149s] Invoked command in '/home/roey/tello-ros2/build/tello_control' returned '0': CMAKE_PREFIX_PATH=${CMAKE_PREFIX_PATH}:/home/roey/tello-ros2/install/tello:/opt/ros/humble /usr/bin/cmake --build /home/roey/tello-ros2/build/tello_control -- -j8 -l8
[0.189s] Invoking command in '/home/roey/tello-ros2/build/tello_control': CMAKE_PREFIX_PATH=${CMAKE_PREFIX_PATH}:/home/roey/tello-ros2/install/tello:/opt/ros/humble /usr/bin/cmake --install /home/roey/tello-ros2/build/tello_control
[0.199s] -- Install configuration: ""
[0.199s] -- Up-to-date: /home/roey/tello-ros2/install/tello_control/lib/tello_control/tello_control
[0.200s] -- Up-to-date: /home/roey/tello-ros2/install/tello_control/share/tello_control/rviz.rviz
[0.200s] -- Up-to-date: /home/roey/tello-ros2/install/tello_control/share/ament_index/resource_index/package_run_dependencies/tello_control
[0.200s] -- Up-to-date: /home/roey/tello-ros2/install/tello_control/share/ament_index/resource_index/parent_prefix_path/tello_control
[0.200s] -- Up-to-date: /home/roey/tello-ros2/install/tello_control/share/tello_control/environment/ament_prefix_path.sh
[0.200s] -- Up-to-date: /home/roey/tello-ros2/install/tello_control/share/tello_control/environment/ament_prefix_path.dsv
[0.200s] -- Up-to-date: /home/roey/tello-ros2/install/tello_control/share/tello_control/environment/path.sh
[0.200s] -- Up-to-date: /home/roey/tello-ros2/install/tello_control/share/tello_control/environment/path.dsv
[0.200s] -- Up-to-date: /home/roey/tello-ros2/install/tello_control/share/tello_control/local_setup.bash
[0.200s] -- Up-to-date: /home/roey/tello-ros2/install/tello_control/share/tello_control/local_setup.sh
[0.201s] -- Up-to-date: /home/roey/tello-ros2/install/tello_control/share/tello_control/local_setup.zsh
[0.201s] -- Up-to-date: /home/roey/tello-ros2/install/tello_control/share/tello_control/local_setup.dsv
[0.201s] -- Up-to-date: /home/roey/tello-ros2/install/tello_control/share/tello_control/package.dsv
[0.201s] -- Up-to-date: /home/roey/tello-ros2/install/tello_control/share/ament_index/resource_index/packages/tello_control
[0.201s] -- Up-to-date: /home/roey/tello-ros2/install/tello_control/share/tello_control/cmake/tello_controlConfig.cmake
[0.201s] -- Up-to-date: /home/roey/tello-ros2/install/tello_control/share/tello_control/cmake/tello_controlConfig-version.cmake
[0.201s] -- Up-to-date: /home/roey/tello-ros2/install/tello_control/share/tello_control/package.xml
[0.204s] Invoked command in '/home/roey/tello-ros2/build/tello_control' returned '0': CMAKE_PREFIX_PATH=${CMAKE_PREFIX_PATH}:/home/roey/tello-ros2/install/tello:/opt/ros/humble /usr/bin/cmake --install /home/roey/tello-ros2/build/tello_control
