[0.027s] Invoking command in '/home/roey/tello-vio/build/orbslam2': CMAKE_PREFIX_PATH=${CMAKE_PREFIX_PATH}:/home/roey/tello-vio/install/tello:/home/roey/tello-ros2/install/tello:/opt/ros/humble /usr/bin/cmake /home/roey/tello-vio/slam/src/orbslam2 -DCMAKE_INSTALL_PREFIX=/home/roey/tello-vio/install/orbslam2
[0.134s] -- The C compiler identification is GNU 11.4.0
[0.247s] -- The CXX compiler identification is GNU 11.4.0
[0.263s] -- Detecting C compiler ABI info
[0.377s] -- Detecting C compiler ABI info - done
[0.390s] -- Check for working C compiler: /usr/bin/cc - skipped
[0.391s] -- Detecting C compile features
[0.393s] -- Detecting C compile features - done
[0.398s] -- Detecting CXX compiler ABI info
[0.541s] -- Detecting CXX compiler ABI info - done
[0.556s] -- Check for working CXX compiler: /usr/bin/c++ - skipped
[0.556s] -- Detecting CXX compile features
[0.556s] -- Detecting CXX compile features - done
[0.560s] -- Found ament_cmake: 1.3.10 (/opt/ros/humble/share/ament_cmake/cmake)
[0.898s] -- Found Python3: /usr/bin/python3 (found version "3.10.12") found components: Interpreter 
[1.082s] -- Found rclcpp: 16.0.10 (/opt/ros/humble/share/rclcpp/cmake)
[1.160s] -- Found rosidl_generator_c: 3.1.5 (/opt/ros/humble/share/rosidl_generator_c/cmake)
[1.171s] -- Found rosidl_adapter: 3.1.5 (/opt/ros/humble/share/rosidl_adapter/cmake)
[1.187s] -- Found rosidl_generator_cpp: 3.1.5 (/opt/ros/humble/share/rosidl_generator_cpp/cmake)
[1.211s] -- Using all available rosidl_typesupport_c: rosidl_typesupport_fastrtps_c;rosidl_typesupport_introspection_c
[1.248s] -- Using all available rosidl_typesupport_cpp: rosidl_typesupport_fastrtps_cpp;rosidl_typesupport_introspection_cpp
[1.344s] -- Found rmw_implementation_cmake: 6.1.2 (/opt/ros/humble/share/rmw_implementation_cmake/cmake)
[1.349s] -- Found rmw_fastrtps_cpp: 6.2.7 (/opt/ros/humble/share/rmw_fastrtps_cpp/cmake)
[1.525s] -- Found OpenSSL: /usr/lib/x86_64-linux-gnu/libcrypto.so (found version "3.0.2")  
[1.588s] -- Found FastRTPS: /opt/ros/humble/include  
[1.682s] -- Using RMW implementation 'rmw_fastrtps_cpp' as default
[1.706s] -- Looking for pthread.h
[1.844s] -- Looking for pthread.h - found
[1.845s] -- Performing Test CMAKE_HAVE_LIBC_PTHREAD
[1.984s] -- Performing Test CMAKE_HAVE_LIBC_PTHREAD - Success
[1.988s] -- Found Threads: TRUE  
[2.121s] -- Found sensor_msgs: 4.2.4 (/opt/ros/humble/share/sensor_msgs/cmake)
[2.192s] -- Found visualization_msgs: 4.2.4 (/opt/ros/humble/share/visualization_msgs/cmake)
[2.235s] -- Found cv_bridge: 3.2.1 (/opt/ros/humble/share/cv_bridge/cmake)
[2.258s] -- Found message_filters: 4.3.5 (/opt/ros/humble/share/message_filters/cmake)
[2.278s] -- Found Boost: /usr/lib/x86_64-linux-gnu/cmake/Boost-1.74.0/BoostConfig.cmake (found version "1.74.0") found components: system 
[2.285s] -- Found OpenCV: /usr (found version "4.5.4") 
[2.288s] -- Found Eigen: /usr/include/eigen3 (Required is at least version "2.91.0") 
[2.448s] -- Configuring done
[2.478s] -- Generating done
[2.482s] -- Build files have been written to: /home/roey/tello-vio/build/orbslam2
[2.507s] Invoked command in '/home/roey/tello-vio/build/orbslam2' returned '0': CMAKE_PREFIX_PATH=${CMAKE_PREFIX_PATH}:/home/roey/tello-vio/install/tello:/home/roey/tello-ros2/install/tello:/opt/ros/humble /usr/bin/cmake /home/roey/tello-vio/slam/src/orbslam2 -DCMAKE_INSTALL_PREFIX=/home/roey/tello-vio/install/orbslam2
[2.508s] Invoking command in '/home/roey/tello-vio/build/orbslam2': CMAKE_PREFIX_PATH=${CMAKE_PREFIX_PATH}:/home/roey/tello-vio/install/tello:/home/roey/tello-ros2/install/tello:/opt/ros/humble /usr/bin/cmake --build /home/roey/tello-vio/build/orbslam2 -- -j8 -l8
[2.610s] Consolidate compiler generated dependencies of target mono
[2.652s] [ 33%] Building CXX object CMakeFiles/mono.dir/src/monocular/monocular-slam-node.cpp.o
[11.468s] In file included from /home/roey/tello-vio/libs/ORB_SLAM2/Thirdparty/g2o/g2o/types/types_seven_dof_expmap.h:34,
[11.469s]                  from /home/roey/tello-vio/libs/ORB_SLAM2/include/LoopClosing.h:34,
[11.469s]                  from /home/roey/tello-vio/libs/ORB_SLAM2/include/LocalMapping.h:26,
[11.469s]                  from /home/roey/tello-vio/libs/ORB_SLAM2/include/Tracking.h:29,
[11.469s]                  from /home/roey/tello-vio/libs/ORB_SLAM2/include/System.h:29,
[11.469s]                  from /home/roey/tello-vio/slam/src/orbslam2/src/monocular/monocular-slam-node.hpp:17,
[11.469s]                  from /home/roey/tello-vio/slam/src/orbslam2/src/monocular/monocular-slam-node.cpp:1:
[11.469s] /home/roey/tello-vio/libs/ORB_SLAM2/Thirdparty/g2o/g2o/types/../core/base_vertex.h:62:74: warning: ‘Eigen::AlignedBit’ is deprecated [-Wdeprecated-declarations]
[11.470s]    62 |     typedef Eigen::Map<Matrix<double, D, D>, Matrix<double,D,D>::Flags & AlignedBit ? Aligned : Unaligned >  HessianBlockType;
[11.470s]       |                                                                          ^~~~~~~~~~
[11.470s] In file included from /usr/include/eigen3/Eigen/Core:161,
[11.470s]                  from /home/roey/tello-vio/libs/ORB_SLAM2/Thirdparty/g2o/g2o/types/../core/jacobian_workspace.h:30,
[11.470s]                  from /home/roey/tello-vio/libs/ORB_SLAM2/Thirdparty/g2o/g2o/types/../core/optimizable_graph.h:41,
[11.470s]                  from /home/roey/tello-vio/libs/ORB_SLAM2/Thirdparty/g2o/g2o/types/../core/base_vertex.h:30,
[11.470s]                  from /home/roey/tello-vio/libs/ORB_SLAM2/Thirdparty/g2o/g2o/types/types_seven_dof_expmap.h:34,
[11.471s]                  from /home/roey/tello-vio/libs/ORB_SLAM2/include/LoopClosing.h:34,
[11.471s]                  from /home/roey/tello-vio/libs/ORB_SLAM2/include/LocalMapping.h:26,
[11.471s]                  from /home/roey/tello-vio/libs/ORB_SLAM2/include/Tracking.h:29,
[11.471s]                  from /home/roey/tello-vio/libs/ORB_SLAM2/include/System.h:29,
[11.471s]                  from /home/roey/tello-vio/slam/src/orbslam2/src/monocular/monocular-slam-node.hpp:17,
[11.471s]                  from /home/roey/tello-vio/slam/src/orbslam2/src/monocular/monocular-slam-node.cpp:1:
[11.471s] /usr/include/eigen3/Eigen/src/Core/util/Constants.h:167:37: note: declared here
[11.471s]   167 | EIGEN_DEPRECATED const unsigned int AlignedBit = 0x80;
[11.472s]       |                                     ^~~~~~~~~~
[11.519s] In file included from /home/roey/tello-vio/libs/ORB_SLAM2/Thirdparty/g2o/g2o/types/types_seven_dof_expmap.h:35,
[11.519s]                  from /home/roey/tello-vio/libs/ORB_SLAM2/include/LoopClosing.h:34,
[11.519s]                  from /home/roey/tello-vio/libs/ORB_SLAM2/include/LocalMapping.h:26,
[11.519s]                  from /home/roey/tello-vio/libs/ORB_SLAM2/include/Tracking.h:29,
[11.519s]                  from /home/roey/tello-vio/libs/ORB_SLAM2/include/System.h:29,
[11.519s]                  from /home/roey/tello-vio/slam/src/orbslam2/src/monocular/monocular-slam-node.hpp:17,
[11.519s]                  from /home/roey/tello-vio/slam/src/orbslam2/src/monocular/monocular-slam-node.cpp:1:
[11.519s] /home/roey/tello-vio/libs/ORB_SLAM2/Thirdparty/g2o/g2o/types/../core/base_binary_edge.h:59:82: warning: ‘Eigen::AlignedBit’ is deprecated [-Wdeprecated-declarations]
[11.519s]    59 |       typedef Eigen::Map<Matrix<double, Di, Dj>, Matrix<double, Di, Dj>::Flags & AlignedBit ? Aligned : Unaligned > HessianBlockType;
[11.519s]       |                                                                                  ^~~~~~~~~~
[11.520s] In file included from /usr/include/eigen3/Eigen/Core:161,
[11.520s]                  from /home/roey/tello-vio/libs/ORB_SLAM2/Thirdparty/g2o/g2o/types/../core/jacobian_workspace.h:30,
[11.520s]                  from /home/roey/tello-vio/libs/ORB_SLAM2/Thirdparty/g2o/g2o/types/../core/optimizable_graph.h:41,
[11.520s]                  from /home/roey/tello-vio/libs/ORB_SLAM2/Thirdparty/g2o/g2o/types/../core/base_vertex.h:30,
[11.520s]                  from /home/roey/tello-vio/libs/ORB_SLAM2/Thirdparty/g2o/g2o/types/types_seven_dof_expmap.h:34,
[11.520s]                  from /home/roey/tello-vio/libs/ORB_SLAM2/include/LoopClosing.h:34,
[11.520s]                  from /home/roey/tello-vio/libs/ORB_SLAM2/include/LocalMapping.h:26,
[11.520s]                  from /home/roey/tello-vio/libs/ORB_SLAM2/include/Tracking.h:29,
[11.521s]                  from /home/roey/tello-vio/libs/ORB_SLAM2/include/System.h:29,
[11.521s]                  from /home/roey/tello-vio/slam/src/orbslam2/src/monocular/monocular-slam-node.hpp:17,
[11.521s]                  from /home/roey/tello-vio/slam/src/orbslam2/src/monocular/monocular-slam-node.cpp:1:
[11.521s] /usr/include/eigen3/Eigen/src/Core/util/Constants.h:167:37: note: declared here
[11.521s]   167 | EIGEN_DEPRECATED const unsigned int AlignedBit = 0x80;
[11.521s]       |                                     ^~~~~~~~~~
[11.521s] In file included from /home/roey/tello-vio/libs/ORB_SLAM2/Thirdparty/g2o/g2o/types/types_seven_dof_expmap.h:35,
[11.522s]                  from /home/roey/tello-vio/libs/ORB_SLAM2/include/LoopClosing.h:34,
[11.522s]                  from /home/roey/tello-vio/libs/ORB_SLAM2/include/LocalMapping.h:26,
[11.522s]                  from /home/roey/tello-vio/libs/ORB_SLAM2/include/Tracking.h:29,
[11.522s]                  from /home/roey/tello-vio/libs/ORB_SLAM2/include/System.h:29,
[11.522s]                  from /home/roey/tello-vio/slam/src/orbslam2/src/monocular/monocular-slam-node.hpp:17,
[11.523s]                  from /home/roey/tello-vio/slam/src/orbslam2/src/monocular/monocular-slam-node.cpp:1:
[11.523s] /home/roey/tello-vio/libs/ORB_SLAM2/Thirdparty/g2o/g2o/types/../core/base_binary_edge.h:60:82: warning: ‘Eigen::AlignedBit’ is deprecated [-Wdeprecated-declarations]
[11.523s]    60 |       typedef Eigen::Map<Matrix<double, Dj, Di>, Matrix<double, Dj, Di>::Flags & AlignedBit ? Aligned : Unaligned > HessianBlockTransposedType;
[11.523s]       |                                                                                  ^~~~~~~~~~
[11.524s] In file included from /usr/include/eigen3/Eigen/Core:161,
[11.524s]                  from /home/roey/tello-vio/libs/ORB_SLAM2/Thirdparty/g2o/g2o/types/../core/jacobian_workspace.h:30,
[11.524s]                  from /home/roey/tello-vio/libs/ORB_SLAM2/Thirdparty/g2o/g2o/types/../core/optimizable_graph.h:41,
[11.524s]                  from /home/roey/tello-vio/libs/ORB_SLAM2/Thirdparty/g2o/g2o/types/../core/base_vertex.h:30,
[11.524s]                  from /home/roey/tello-vio/libs/ORB_SLAM2/Thirdparty/g2o/g2o/types/types_seven_dof_expmap.h:34,
[11.524s]                  from /home/roey/tello-vio/libs/ORB_SLAM2/include/LoopClosing.h:34,
[11.524s]                  from /home/roey/tello-vio/libs/ORB_SLAM2/include/LocalMapping.h:26,
[11.524s]                  from /home/roey/tello-vio/libs/ORB_SLAM2/include/Tracking.h:29,
[11.525s]                  from /home/roey/tello-vio/libs/ORB_SLAM2/include/System.h:29,
[11.525s]                  from /home/roey/tello-vio/slam/src/orbslam2/src/monocular/monocular-slam-node.hpp:17,
[11.525s]                  from /home/roey/tello-vio/slam/src/orbslam2/src/monocular/monocular-slam-node.cpp:1:
[11.525s] /usr/include/eigen3/Eigen/src/Core/util/Constants.h:167:37: note: declared here
[11.525s]   167 | EIGEN_DEPRECATED const unsigned int AlignedBit = 0x80;
[11.525s]       |                                     ^~~~~~~~~~
[11.635s] In file included from /home/roey/tello-vio/libs/ORB_SLAM2/Thirdparty/g2o/g2o/types/types_six_dof_expmap.h:41,
[11.635s]                  from /home/roey/tello-vio/libs/ORB_SLAM2/Thirdparty/g2o/g2o/types/types_seven_dof_expmap.h:36,
[11.635s]                  from /home/roey/tello-vio/libs/ORB_SLAM2/include/LoopClosing.h:34,
[11.635s]                  from /home/roey/tello-vio/libs/ORB_SLAM2/include/LocalMapping.h:26,
[11.636s]                  from /home/roey/tello-vio/libs/ORB_SLAM2/include/Tracking.h:29,
[11.636s]                  from /home/roey/tello-vio/libs/ORB_SLAM2/include/System.h:29,
[11.636s]                  from /home/roey/tello-vio/slam/src/orbslam2/src/monocular/monocular-slam-node.hpp:17,
[11.636s]                  from /home/roey/tello-vio/slam/src/orbslam2/src/monocular/monocular-slam-node.cpp:1:
[11.636s] /home/roey/tello-vio/libs/ORB_SLAM2/Thirdparty/g2o/g2o/types/se3quat.h:43:38: warning: extra ‘;’ [-Wpedantic]
[11.636s]    43 |       EIGEN_MAKE_ALIGNED_OPERATOR_NEW;
[11.636s]       |                                      ^
[11.636s]       |                                      -
[12.372s] In file included from /home/roey/tello-vio/libs/ORB_SLAM2/Thirdparty/g2o/g2o/types/types_seven_dof_expmap.h:34,
[12.372s]                  from /home/roey/tello-vio/libs/ORB_SLAM2/include/LoopClosing.h:34,
[12.372s]                  from /home/roey/tello-vio/libs/ORB_SLAM2/include/LocalMapping.h:26,
[12.372s]                  from /home/roey/tello-vio/libs/ORB_SLAM2/include/Tracking.h:29,
[12.373s]                  from /home/roey/tello-vio/libs/ORB_SLAM2/include/System.h:29,
[12.373s]                  from /home/roey/tello-vio/slam/src/orbslam2/src/monocular/monocular-slam-node.hpp:17,
[12.373s]                  from /home/roey/tello-vio/slam/src/orbslam2/src/monocular/monocular-slam-node.cpp:1:
[12.373s] /home/roey/tello-vio/libs/ORB_SLAM2/Thirdparty/g2o/g2o/types/../core/base_vertex.h: In instantiation of ‘class g2o::BaseVertex<3, Eigen::Matrix<double, 3, 1> >’:
[12.373s] /home/roey/tello-vio/libs/ORB_SLAM2/Thirdparty/g2o/g2o/types/types_sba.h:40:35:   required from here
[12.374s] /home/roey/tello-vio/libs/ORB_SLAM2/Thirdparty/g2o/g2o/types/../core/base_vertex.h:62:72: warning: ‘Eigen::AlignedBit’ is deprecated [-Wdeprecated-declarations]
[12.374s]    62 |     typedef Eigen::Map<Matrix<double, D, D>, Matrix<double,D,D>::Flags & AlignedBit ? Aligned : Unaligned >  HessianBlockType;
[12.374s]       |                                                                  ~~~~~~^~~~~~~~~~~~
[12.374s] In file included from /usr/include/eigen3/Eigen/Core:161,
[12.374s]                  from /home/roey/tello-vio/libs/ORB_SLAM2/Thirdparty/g2o/g2o/types/../core/jacobian_workspace.h:30,
[12.374s]                  from /home/roey/tello-vio/libs/ORB_SLAM2/Thirdparty/g2o/g2o/types/../core/optimizable_graph.h:41,
[12.374s]                  from /home/roey/tello-vio/libs/ORB_SLAM2/Thirdparty/g2o/g2o/types/../core/base_vertex.h:30,
[12.374s]                  from /home/roey/tello-vio/libs/ORB_SLAM2/Thirdparty/g2o/g2o/types/types_seven_dof_expmap.h:34,
[12.375s]                  from /home/roey/tello-vio/libs/ORB_SLAM2/include/LoopClosing.h:34,
[12.375s]                  from /home/roey/tello-vio/libs/ORB_SLAM2/include/LocalMapping.h:26,
[12.375s]                  from /home/roey/tello-vio/libs/ORB_SLAM2/include/Tracking.h:29,
[12.375s]                  from /home/roey/tello-vio/libs/ORB_SLAM2/include/System.h:29,
[12.375s]                  from /home/roey/tello-vio/slam/src/orbslam2/src/monocular/monocular-slam-node.hpp:17,
[12.375s]                  from /home/roey/tello-vio/slam/src/orbslam2/src/monocular/monocular-slam-node.cpp:1:
[12.375s] /usr/include/eigen3/Eigen/src/Core/util/Constants.h:167:37: note: declared here
[12.377s]   167 | EIGEN_DEPRECATED const unsigned int AlignedBit = 0x80;
[12.377s]       |                                     ^~~~~~~~~~
[12.438s] In file included from /home/roey/tello-vio/libs/ORB_SLAM2/Thirdparty/g2o/g2o/types/types_seven_dof_expmap.h:34,
[12.438s]                  from /home/roey/tello-vio/libs/ORB_SLAM2/include/LoopClosing.h:34,
[12.438s]                  from /home/roey/tello-vio/libs/ORB_SLAM2/include/LocalMapping.h:26,
[12.439s]                  from /home/roey/tello-vio/libs/ORB_SLAM2/include/Tracking.h:29,
[12.439s]                  from /home/roey/tello-vio/libs/ORB_SLAM2/include/System.h:29,
[12.439s]                  from /home/roey/tello-vio/slam/src/orbslam2/src/monocular/monocular-slam-node.hpp:17,
[12.439s]                  from /home/roey/tello-vio/slam/src/orbslam2/src/monocular/monocular-slam-node.cpp:1:
[12.439s] /home/roey/tello-vio/libs/ORB_SLAM2/Thirdparty/g2o/g2o/types/../core/base_vertex.h: In instantiation of ‘class g2o::BaseVertex<6, g2o::SE3Quat>’:
[12.439s] /home/roey/tello-vio/libs/ORB_SLAM2/Thirdparty/g2o/g2o/types/types_six_dof_expmap.h:59:33:   required from here
[12.439s] /home/roey/tello-vio/libs/ORB_SLAM2/Thirdparty/g2o/g2o/types/../core/base_vertex.h:62:72: warning: ‘Eigen::AlignedBit’ is deprecated [-Wdeprecated-declarations]
[12.440s]    62 |     typedef Eigen::Map<Matrix<double, D, D>, Matrix<double,D,D>::Flags & AlignedBit ? Aligned : Unaligned >  HessianBlockType;
[12.440s]       |                                                                  ~~~~~~^~~~~~~~~~~~
[12.440s] In file included from /usr/include/eigen3/Eigen/Core:161,
[12.440s]                  from /home/roey/tello-vio/libs/ORB_SLAM2/Thirdparty/g2o/g2o/types/../core/jacobian_workspace.h:30,
[12.440s]                  from /home/roey/tello-vio/libs/ORB_SLAM2/Thirdparty/g2o/g2o/types/../core/optimizable_graph.h:41,
[12.440s]                  from /home/roey/tello-vio/libs/ORB_SLAM2/Thirdparty/g2o/g2o/types/../core/base_vertex.h:30,
[12.441s]                  from /home/roey/tello-vio/libs/ORB_SLAM2/Thirdparty/g2o/g2o/types/types_seven_dof_expmap.h:34,
[12.441s]                  from /home/roey/tello-vio/libs/ORB_SLAM2/include/LoopClosing.h:34,
[12.441s]                  from /home/roey/tello-vio/libs/ORB_SLAM2/include/LocalMapping.h:26,
[12.441s]                  from /home/roey/tello-vio/libs/ORB_SLAM2/include/Tracking.h:29,
[12.441s]                  from /home/roey/tello-vio/libs/ORB_SLAM2/include/System.h:29,
[12.441s]                  from /home/roey/tello-vio/slam/src/orbslam2/src/monocular/monocular-slam-node.hpp:17,
[12.441s]                  from /home/roey/tello-vio/slam/src/orbslam2/src/monocular/monocular-slam-node.cpp:1:
[12.444s] /usr/include/eigen3/Eigen/src/Core/util/Constants.h:167:37: note: declared here
[12.444s]   167 | EIGEN_DEPRECATED const unsigned int AlignedBit = 0x80;
[12.444s]       |                                     ^~~~~~~~~~
[12.614s] In file included from /home/roey/tello-vio/libs/ORB_SLAM2/Thirdparty/g2o/g2o/types/types_seven_dof_expmap.h:35,
[12.614s]                  from /home/roey/tello-vio/libs/ORB_SLAM2/include/LoopClosing.h:34,
[12.614s]                  from /home/roey/tello-vio/libs/ORB_SLAM2/include/LocalMapping.h:26,
[12.615s]                  from /home/roey/tello-vio/libs/ORB_SLAM2/include/Tracking.h:29,
[12.615s]                  from /home/roey/tello-vio/libs/ORB_SLAM2/include/System.h:29,
[12.615s]                  from /home/roey/tello-vio/slam/src/orbslam2/src/monocular/monocular-slam-node.hpp:17,
[12.615s]                  from /home/roey/tello-vio/slam/src/orbslam2/src/monocular/monocular-slam-node.cpp:1:
[12.615s] /home/roey/tello-vio/libs/ORB_SLAM2/Thirdparty/g2o/g2o/types/../core/base_binary_edge.h: In instantiation of ‘class g2o::BaseBinaryEdge<2, Eigen::Matrix<double, 2, 1>, g2o::VertexSBAPointXYZ, g2o::VertexSE3Expmap>’:
[12.615s] /home/roey/tello-vio/libs/ORB_SLAM2/Thirdparty/g2o/g2o/types/types_six_dof_expmap.h:80:35:   required from here
[12.616s] /home/roey/tello-vio/libs/ORB_SLAM2/Thirdparty/g2o/g2o/types/../core/base_binary_edge.h:59:80: warning: ‘Eigen::AlignedBit’ is deprecated [-Wdeprecated-declarations]
[12.616s]    59 |       typedef Eigen::Map<Matrix<double, Di, Dj>, Matrix<double, Di, Dj>::Flags & AlignedBit ? Aligned : Unaligned > HessianBlockType;
[12.616s]       |                                                                          ~~~~~~^~~~~~~~~~~~
[12.616s] In file included from /usr/include/eigen3/Eigen/Core:161,
[12.616s]                  from /home/roey/tello-vio/libs/ORB_SLAM2/Thirdparty/g2o/g2o/types/../core/jacobian_workspace.h:30,
[12.616s]                  from /home/roey/tello-vio/libs/ORB_SLAM2/Thirdparty/g2o/g2o/types/../core/optimizable_graph.h:41,
[12.616s]                  from /home/roey/tello-vio/libs/ORB_SLAM2/Thirdparty/g2o/g2o/types/../core/base_vertex.h:30,
[12.617s]                  from /home/roey/tello-vio/libs/ORB_SLAM2/Thirdparty/g2o/g2o/types/types_seven_dof_expmap.h:34,
[12.617s]                  from /home/roey/tello-vio/libs/ORB_SLAM2/include/LoopClosing.h:34,
[12.617s]                  from /home/roey/tello-vio/libs/ORB_SLAM2/include/LocalMapping.h:26,
[12.617s]                  from /home/roey/tello-vio/libs/ORB_SLAM2/include/Tracking.h:29,
[12.617s]                  from /home/roey/tello-vio/libs/ORB_SLAM2/include/System.h:29,
[12.617s]                  from /home/roey/tello-vio/slam/src/orbslam2/src/monocular/monocular-slam-node.hpp:17,
[12.621s]                  from /home/roey/tello-vio/slam/src/orbslam2/src/monocular/monocular-slam-node.cpp:1:
[12.621s] /usr/include/eigen3/Eigen/src/Core/util/Constants.h:167:37: note: declared here
[12.621s]   167 | EIGEN_DEPRECATED const unsigned int AlignedBit = 0x80;
[12.621s]       |                                     ^~~~~~~~~~
[12.646s] In file included from /home/roey/tello-vio/libs/ORB_SLAM2/Thirdparty/g2o/g2o/types/types_seven_dof_expmap.h:35,
[12.647s]                  from /home/roey/tello-vio/libs/ORB_SLAM2/include/LoopClosing.h:34,
[12.647s]                  from /home/roey/tello-vio/libs/ORB_SLAM2/include/LocalMapping.h:26,
[12.647s]                  from /home/roey/tello-vio/libs/ORB_SLAM2/include/Tracking.h:29,
[12.647s]                  from /home/roey/tello-vio/libs/ORB_SLAM2/include/System.h:29,
[12.647s]                  from /home/roey/tello-vio/slam/src/orbslam2/src/monocular/monocular-slam-node.hpp:17,
[12.647s]                  from /home/roey/tello-vio/slam/src/orbslam2/src/monocular/monocular-slam-node.cpp:1:
[12.648s] /home/roey/tello-vio/libs/ORB_SLAM2/Thirdparty/g2o/g2o/types/../core/base_binary_edge.h:60:80: warning: ‘Eigen::AlignedBit’ is deprecated [-Wdeprecated-declarations]
[12.648s]    60 |       typedef Eigen::Map<Matrix<double, Dj, Di>, Matrix<double, Dj, Di>::Flags & AlignedBit ? Aligned : Unaligned > HessianBlockTransposedType;
[12.648s]       |                                                                          ~~~~~~^~~~~~~~~~~~
[12.648s] In file included from /usr/include/eigen3/Eigen/Core:161,
[12.648s]                  from /home/roey/tello-vio/libs/ORB_SLAM2/Thirdparty/g2o/g2o/types/../core/jacobian_workspace.h:30,
[12.648s]                  from /home/roey/tello-vio/libs/ORB_SLAM2/Thirdparty/g2o/g2o/types/../core/optimizable_graph.h:41,
[12.651s]                  from /home/roey/tello-vio/libs/ORB_SLAM2/Thirdparty/g2o/g2o/types/../core/base_vertex.h:30,
[12.651s]                  from /home/roey/tello-vio/libs/ORB_SLAM2/Thirdparty/g2o/g2o/types/types_seven_dof_expmap.h:34,
[12.651s]                  from /home/roey/tello-vio/libs/ORB_SLAM2/include/LoopClosing.h:34,
[12.651s]                  from /home/roey/tello-vio/libs/ORB_SLAM2/include/LocalMapping.h:26,
[12.651s]                  from /home/roey/tello-vio/libs/ORB_SLAM2/include/Tracking.h:29,
[12.651s]                  from /home/roey/tello-vio/libs/ORB_SLAM2/include/System.h:29,
[12.651s]                  from /home/roey/tello-vio/slam/src/orbslam2/src/monocular/monocular-slam-node.hpp:17,
[12.652s]                  from /home/roey/tello-vio/slam/src/orbslam2/src/monocular/monocular-slam-node.cpp:1:
[12.652s] /usr/include/eigen3/Eigen/src/Core/util/Constants.h:167:37: note: declared here
[12.652s]   167 | EIGEN_DEPRECATED const unsigned int AlignedBit = 0x80;
[12.652s]       |                                     ^~~~~~~~~~
[12.766s] In file included from /home/roey/tello-vio/libs/ORB_SLAM2/Thirdparty/g2o/g2o/types/types_seven_dof_expmap.h:35,
[12.766s]                  from /home/roey/tello-vio/libs/ORB_SLAM2/include/LoopClosing.h:34,
[12.767s]                  from /home/roey/tello-vio/libs/ORB_SLAM2/include/LocalMapping.h:26,
[12.767s]                  from /home/roey/tello-vio/libs/ORB_SLAM2/include/Tracking.h:29,
[12.767s]                  from /home/roey/tello-vio/libs/ORB_SLAM2/include/System.h:29,
[12.768s]                  from /home/roey/tello-vio/slam/src/orbslam2/src/monocular/monocular-slam-node.hpp:17,
[12.768s]                  from /home/roey/tello-vio/slam/src/orbslam2/src/monocular/monocular-slam-node.cpp:1:
[12.768s] /home/roey/tello-vio/libs/ORB_SLAM2/Thirdparty/g2o/g2o/types/../core/base_binary_edge.h: In instantiation of ‘class g2o::BaseBinaryEdge<3, Eigen::Matrix<double, 3, 1>, g2o::VertexSBAPointXYZ, g2o::VertexSE3Expmap>’:
[12.768s] /home/roey/tello-vio/libs/ORB_SLAM2/Thirdparty/g2o/g2o/types/types_six_dof_expmap.h:112:41:   required from here
[12.768s] /home/roey/tello-vio/libs/ORB_SLAM2/Thirdparty/g2o/g2o/types/../core/base_binary_edge.h:59:80: warning: ‘Eigen::AlignedBit’ is deprecated [-Wdeprecated-declarations]
[12.768s]    59 |       typedef Eigen::Map<Matrix<double, Di, Dj>, Matrix<double, Di, Dj>::Flags & AlignedBit ? Aligned : Unaligned > HessianBlockType;
[12.768s]       |                                                                          ~~~~~~^~~~~~~~~~~~
[12.769s] In file included from /usr/include/eigen3/Eigen/Core:161,
[12.769s]                  from /home/roey/tello-vio/libs/ORB_SLAM2/Thirdparty/g2o/g2o/types/../core/jacobian_workspace.h:30,
[12.772s]                  from /home/roey/tello-vio/libs/ORB_SLAM2/Thirdparty/g2o/g2o/types/../core/optimizable_graph.h:41,
[12.772s]                  from /home/roey/tello-vio/libs/ORB_SLAM2/Thirdparty/g2o/g2o/types/../core/base_vertex.h:30,
[12.773s]                  from /home/roey/tello-vio/libs/ORB_SLAM2/Thirdparty/g2o/g2o/types/types_seven_dof_expmap.h:34,
[12.774s]                  from /home/roey/tello-vio/libs/ORB_SLAM2/include/LoopClosing.h:34,
[12.774s]                  from /home/roey/tello-vio/libs/ORB_SLAM2/include/LocalMapping.h:26,
[12.774s]                  from /home/roey/tello-vio/libs/ORB_SLAM2/include/Tracking.h:29,
[12.774s]                  from /home/roey/tello-vio/libs/ORB_SLAM2/include/System.h:29,
[12.774s]                  from /home/roey/tello-vio/slam/src/orbslam2/src/monocular/monocular-slam-node.hpp:17,
[12.775s]                  from /home/roey/tello-vio/slam/src/orbslam2/src/monocular/monocular-slam-node.cpp:1:
[12.775s] /usr/include/eigen3/Eigen/src/Core/util/Constants.h:167:37: note: declared here
[12.775s]   167 | EIGEN_DEPRECATED const unsigned int AlignedBit = 0x80;
[12.775s]       |                                     ^~~~~~~~~~
[12.775s] In file included from /home/roey/tello-vio/libs/ORB_SLAM2/Thirdparty/g2o/g2o/types/types_seven_dof_expmap.h:35,
[12.775s]                  from /home/roey/tello-vio/libs/ORB_SLAM2/include/LoopClosing.h:34,
[12.775s]                  from /home/roey/tello-vio/libs/ORB_SLAM2/include/LocalMapping.h:26,
[12.776s]                  from /home/roey/tello-vio/libs/ORB_SLAM2/include/Tracking.h:29,
[12.776s]                  from /home/roey/tello-vio/libs/ORB_SLAM2/include/System.h:29,
[12.776s]                  from /home/roey/tello-vio/slam/src/orbslam2/src/monocular/monocular-slam-node.hpp:17,
[12.776s]                  from /home/roey/tello-vio/slam/src/orbslam2/src/monocular/monocular-slam-node.cpp:1:
[12.777s] /home/roey/tello-vio/libs/ORB_SLAM2/Thirdparty/g2o/g2o/types/../core/base_binary_edge.h:60:80: warning: ‘Eigen::AlignedBit’ is deprecated [-Wdeprecated-declarations]
[12.777s]    60 |       typedef Eigen::Map<Matrix<double, Dj, Di>, Matrix<double, Dj, Di>::Flags & AlignedBit ? Aligned : Unaligned > HessianBlockTransposedType;
[12.777s]       |                                                                          ~~~~~~^~~~~~~~~~~~
[12.777s] In file included from /usr/include/eigen3/Eigen/Core:161,
[12.777s]                  from /home/roey/tello-vio/libs/ORB_SLAM2/Thirdparty/g2o/g2o/types/../core/jacobian_workspace.h:30,
[12.777s]                  from /home/roey/tello-vio/libs/ORB_SLAM2/Thirdparty/g2o/g2o/types/../core/optimizable_graph.h:41,
[12.777s]                  from /home/roey/tello-vio/libs/ORB_SLAM2/Thirdparty/g2o/g2o/types/../core/base_vertex.h:30,
[12.778s]                  from /home/roey/tello-vio/libs/ORB_SLAM2/Thirdparty/g2o/g2o/types/types_seven_dof_expmap.h:34,
[12.778s]                  from /home/roey/tello-vio/libs/ORB_SLAM2/include/LoopClosing.h:34,
[12.778s]                  from /home/roey/tello-vio/libs/ORB_SLAM2/include/LocalMapping.h:26,
[12.778s]                  from /home/roey/tello-vio/libs/ORB_SLAM2/include/Tracking.h:29,
[12.778s]                  from /home/roey/tello-vio/libs/ORB_SLAM2/include/System.h:29,
[12.778s]                  from /home/roey/tello-vio/slam/src/orbslam2/src/monocular/monocular-slam-node.hpp:17,
[12.779s]                  from /home/roey/tello-vio/slam/src/orbslam2/src/monocular/monocular-slam-node.cpp:1:
[12.779s] /usr/include/eigen3/Eigen/src/Core/util/Constants.h:167:37: note: declared here
[12.779s]   167 | EIGEN_DEPRECATED const unsigned int AlignedBit = 0x80;
[12.779s]       |                                     ^~~~~~~~~~
[13.197s] In file included from /home/roey/tello-vio/libs/ORB_SLAM2/Thirdparty/g2o/g2o/types/types_seven_dof_expmap.h:34,
[13.197s]                  from /home/roey/tello-vio/libs/ORB_SLAM2/include/LoopClosing.h:34,
[13.198s]                  from /home/roey/tello-vio/libs/ORB_SLAM2/include/LocalMapping.h:26,
[13.198s]                  from /home/roey/tello-vio/libs/ORB_SLAM2/include/Tracking.h:29,
[13.198s]                  from /home/roey/tello-vio/libs/ORB_SLAM2/include/System.h:29,
[13.198s]                  from /home/roey/tello-vio/slam/src/orbslam2/src/monocular/monocular-slam-node.hpp:17,
[13.198s]                  from /home/roey/tello-vio/slam/src/orbslam2/src/monocular/monocular-slam-node.cpp:1:
[13.198s] /home/roey/tello-vio/libs/ORB_SLAM2/Thirdparty/g2o/g2o/types/../core/base_vertex.h: In instantiation of ‘class g2o::BaseVertex<7, g2o::Sim3>’:
[13.198s] /home/roey/tello-vio/libs/ORB_SLAM2/Thirdparty/g2o/g2o/types/types_seven_dof_expmap.h:48:35:   required from here
[13.199s] /home/roey/tello-vio/libs/ORB_SLAM2/Thirdparty/g2o/g2o/types/../core/base_vertex.h:62:72: warning: ‘Eigen::AlignedBit’ is deprecated [-Wdeprecated-declarations]
[13.199s]    62 |     typedef Eigen::Map<Matrix<double, D, D>, Matrix<double,D,D>::Flags & AlignedBit ? Aligned : Unaligned >  HessianBlockType;
[13.199s]       |                                                                  ~~~~~~^~~~~~~~~~~~
[13.199s] In file included from /usr/include/eigen3/Eigen/Core:161,
[13.199s]                  from /home/roey/tello-vio/libs/ORB_SLAM2/Thirdparty/g2o/g2o/types/../core/jacobian_workspace.h:30,
[13.199s]                  from /home/roey/tello-vio/libs/ORB_SLAM2/Thirdparty/g2o/g2o/types/../core/optimizable_graph.h:41,
[13.199s]                  from /home/roey/tello-vio/libs/ORB_SLAM2/Thirdparty/g2o/g2o/types/../core/base_vertex.h:30,
[13.200s]                  from /home/roey/tello-vio/libs/ORB_SLAM2/Thirdparty/g2o/g2o/types/types_seven_dof_expmap.h:34,
[13.200s]                  from /home/roey/tello-vio/libs/ORB_SLAM2/include/LoopClosing.h:34,
[13.200s]                  from /home/roey/tello-vio/libs/ORB_SLAM2/include/LocalMapping.h:26,
[13.200s]                  from /home/roey/tello-vio/libs/ORB_SLAM2/include/Tracking.h:29,
[13.200s]                  from /home/roey/tello-vio/libs/ORB_SLAM2/include/System.h:29,
[13.206s]                  from /home/roey/tello-vio/slam/src/orbslam2/src/monocular/monocular-slam-node.hpp:17,
[13.206s]                  from /home/roey/tello-vio/slam/src/orbslam2/src/monocular/monocular-slam-node.cpp:1:
[13.206s] /usr/include/eigen3/Eigen/src/Core/util/Constants.h:167:37: note: declared here
[13.206s]   167 | EIGEN_DEPRECATED const unsigned int AlignedBit = 0x80;
[13.207s]       |                                     ^~~~~~~~~~
[13.264s] In file included from /home/roey/tello-vio/libs/ORB_SLAM2/Thirdparty/g2o/g2o/types/types_seven_dof_expmap.h:35,
[13.264s]                  from /home/roey/tello-vio/libs/ORB_SLAM2/include/LoopClosing.h:34,
[13.265s]                  from /home/roey/tello-vio/libs/ORB_SLAM2/include/LocalMapping.h:26,
[13.265s]                  from /home/roey/tello-vio/libs/ORB_SLAM2/include/Tracking.h:29,
[13.265s]                  from /home/roey/tello-vio/libs/ORB_SLAM2/include/System.h:29,
[13.265s]                  from /home/roey/tello-vio/slam/src/orbslam2/src/monocular/monocular-slam-node.hpp:17,
[13.265s]                  from /home/roey/tello-vio/slam/src/orbslam2/src/monocular/monocular-slam-node.cpp:1:
[13.265s] /home/roey/tello-vio/libs/ORB_SLAM2/Thirdparty/g2o/g2o/types/../core/base_binary_edge.h: In instantiation of ‘class g2o::BaseBinaryEdge<7, g2o::Sim3, g2o::VertexSim3Expmap, g2o::VertexSim3Expmap>’:
[13.265s] /home/roey/tello-vio/libs/ORB_SLAM2/Thirdparty/g2o/g2o/types/types_seven_dof_expmap.h:99:27:   required from here
[13.266s] /home/roey/tello-vio/libs/ORB_SLAM2/Thirdparty/g2o/g2o/types/../core/base_binary_edge.h:59:80: warning: ‘Eigen::AlignedBit’ is deprecated [-Wdeprecated-declarations]
[13.266s]    59 |       typedef Eigen::Map<Matrix<double, Di, Dj>, Matrix<double, Di, Dj>::Flags & AlignedBit ? Aligned : Unaligned > HessianBlockType;
[13.266s]       |                                                                          ~~~~~~^~~~~~~~~~~~
[13.266s] In file included from /usr/include/eigen3/Eigen/Core:161,
[13.266s]                  from /home/roey/tello-vio/libs/ORB_SLAM2/Thirdparty/g2o/g2o/types/../core/jacobian_workspace.h:30,
[13.266s]                  from /home/roey/tello-vio/libs/ORB_SLAM2/Thirdparty/g2o/g2o/types/../core/optimizable_graph.h:41,
[13.266s]                  from /home/roey/tello-vio/libs/ORB_SLAM2/Thirdparty/g2o/g2o/types/../core/base_vertex.h:30,
[13.267s]                  from /home/roey/tello-vio/libs/ORB_SLAM2/Thirdparty/g2o/g2o/types/types_seven_dof_expmap.h:34,
[13.267s]                  from /home/roey/tello-vio/libs/ORB_SLAM2/include/LoopClosing.h:34,
[13.267s]                  from /home/roey/tello-vio/libs/ORB_SLAM2/include/LocalMapping.h:26,
[13.267s]                  from /home/roey/tello-vio/libs/ORB_SLAM2/include/Tracking.h:29,
[13.267s]                  from /home/roey/tello-vio/libs/ORB_SLAM2/include/System.h:29,
[13.267s]                  from /home/roey/tello-vio/slam/src/orbslam2/src/monocular/monocular-slam-node.hpp:17,
[13.272s]                  from /home/roey/tello-vio/slam/src/orbslam2/src/monocular/monocular-slam-node.cpp:1:
[13.272s] /usr/include/eigen3/Eigen/src/Core/util/Constants.h:167:37: note: declared here
[13.272s]   167 | EIGEN_DEPRECATED const unsigned int AlignedBit = 0x80;
[13.273s]       |                                     ^~~~~~~~~~
[13.273s] In file included from /home/roey/tello-vio/libs/ORB_SLAM2/Thirdparty/g2o/g2o/types/types_seven_dof_expmap.h:35,
[13.273s]                  from /home/roey/tello-vio/libs/ORB_SLAM2/include/LoopClosing.h:34,
[13.273s]                  from /home/roey/tello-vio/libs/ORB_SLAM2/include/LocalMapping.h:26,
[13.273s]                  from /home/roey/tello-vio/libs/ORB_SLAM2/include/Tracking.h:29,
[13.273s]                  from /home/roey/tello-vio/libs/ORB_SLAM2/include/System.h:29,
[13.273s]                  from /home/roey/tello-vio/slam/src/orbslam2/src/monocular/monocular-slam-node.hpp:17,
[13.274s]                  from /home/roey/tello-vio/slam/src/orbslam2/src/monocular/monocular-slam-node.cpp:1:
[13.274s] /home/roey/tello-vio/libs/ORB_SLAM2/Thirdparty/g2o/g2o/types/../core/base_binary_edge.h:60:80: warning: ‘Eigen::AlignedBit’ is deprecated [-Wdeprecated-declarations]
[13.274s]    60 |       typedef Eigen::Map<Matrix<double, Dj, Di>, Matrix<double, Dj, Di>::Flags & AlignedBit ? Aligned : Unaligned > HessianBlockTransposedType;
[13.274s]       |                                                                          ~~~~~~^~~~~~~~~~~~
[13.274s] In file included from /usr/include/eigen3/Eigen/Core:161,
[13.274s]                  from /home/roey/tello-vio/libs/ORB_SLAM2/Thirdparty/g2o/g2o/types/../core/jacobian_workspace.h:30,
[13.275s]                  from /home/roey/tello-vio/libs/ORB_SLAM2/Thirdparty/g2o/g2o/types/../core/optimizable_graph.h:41,
[13.275s]                  from /home/roey/tello-vio/libs/ORB_SLAM2/Thirdparty/g2o/g2o/types/../core/base_vertex.h:30,
[13.275s]                  from /home/roey/tello-vio/libs/ORB_SLAM2/Thirdparty/g2o/g2o/types/types_seven_dof_expmap.h:34,
[13.275s]                  from /home/roey/tello-vio/libs/ORB_SLAM2/include/LoopClosing.h:34,
[13.275s]                  from /home/roey/tello-vio/libs/ORB_SLAM2/include/LocalMapping.h:26,
[13.275s]                  from /home/roey/tello-vio/libs/ORB_SLAM2/include/Tracking.h:29,
[13.276s]                  from /home/roey/tello-vio/libs/ORB_SLAM2/include/System.h:29,
[13.276s]                  from /home/roey/tello-vio/slam/src/orbslam2/src/monocular/monocular-slam-node.hpp:17,
[13.277s]                  from /home/roey/tello-vio/slam/src/orbslam2/src/monocular/monocular-slam-node.cpp:1:
[13.277s] /usr/include/eigen3/Eigen/src/Core/util/Constants.h:167:37: note: declared here
[13.277s]   167 | EIGEN_DEPRECATED const unsigned int AlignedBit = 0x80;
[13.277s]       |                                     ^~~~~~~~~~
[13.386s] In file included from /home/roey/tello-vio/libs/ORB_SLAM2/Thirdparty/g2o/g2o/types/types_seven_dof_expmap.h:35,
[13.386s]                  from /home/roey/tello-vio/libs/ORB_SLAM2/include/LoopClosing.h:34,
[13.387s]                  from /home/roey/tello-vio/libs/ORB_SLAM2/include/LocalMapping.h:26,
[13.387s]                  from /home/roey/tello-vio/libs/ORB_SLAM2/include/Tracking.h:29,
[13.387s]                  from /home/roey/tello-vio/libs/ORB_SLAM2/include/System.h:29,
[13.387s]                  from /home/roey/tello-vio/slam/src/orbslam2/src/monocular/monocular-slam-node.hpp:17,
[13.387s]                  from /home/roey/tello-vio/slam/src/orbslam2/src/monocular/monocular-slam-node.cpp:1:
[13.387s] /home/roey/tello-vio/libs/ORB_SLAM2/Thirdparty/g2o/g2o/types/../core/base_binary_edge.h: In instantiation of ‘class g2o::BaseBinaryEdge<2, Eigen::Matrix<double, 2, 1>, g2o::VertexSBAPointXYZ, g2o::VertexSim3Expmap>’:
[13.387s] /home/roey/tello-vio/libs/ORB_SLAM2/Thirdparty/g2o/g2o/types/types_seven_dof_expmap.h:130:36:   required from here
[13.388s] /home/roey/tello-vio/libs/ORB_SLAM2/Thirdparty/g2o/g2o/types/../core/base_binary_edge.h:59:80: warning: ‘Eigen::AlignedBit’ is deprecated [-Wdeprecated-declarations]
[13.388s]    59 |       typedef Eigen::Map<Matrix<double, Di, Dj>, Matrix<double, Di, Dj>::Flags & AlignedBit ? Aligned : Unaligned > HessianBlockType;
[13.388s]       |                                                                          ~~~~~~^~~~~~~~~~~~
[13.388s] In file included from /usr/include/eigen3/Eigen/Core:161,
[13.388s]                  from /home/roey/tello-vio/libs/ORB_SLAM2/Thirdparty/g2o/g2o/types/../core/jacobian_workspace.h:30,
[13.388s]                  from /home/roey/tello-vio/libs/ORB_SLAM2/Thirdparty/g2o/g2o/types/../core/optimizable_graph.h:41,
[13.388s]                  from /home/roey/tello-vio/libs/ORB_SLAM2/Thirdparty/g2o/g2o/types/../core/base_vertex.h:30,
[13.388s]                  from /home/roey/tello-vio/libs/ORB_SLAM2/Thirdparty/g2o/g2o/types/types_seven_dof_expmap.h:34,
[13.389s]                  from /home/roey/tello-vio/libs/ORB_SLAM2/include/LoopClosing.h:34,
[13.389s]                  from /home/roey/tello-vio/libs/ORB_SLAM2/include/LocalMapping.h:26,
[13.389s]                  from /home/roey/tello-vio/libs/ORB_SLAM2/include/Tracking.h:29,
[13.390s]                  from /home/roey/tello-vio/libs/ORB_SLAM2/include/System.h:29,
[13.390s]                  from /home/roey/tello-vio/slam/src/orbslam2/src/monocular/monocular-slam-node.hpp:17,
[13.391s]                  from /home/roey/tello-vio/slam/src/orbslam2/src/monocular/monocular-slam-node.cpp:1:
[13.392s] /usr/include/eigen3/Eigen/src/Core/util/Constants.h:167:37: note: declared here
[13.392s]   167 | EIGEN_DEPRECATED const unsigned int AlignedBit = 0x80;
[13.392s]       |                                     ^~~~~~~~~~
[13.424s] In file included from /home/roey/tello-vio/libs/ORB_SLAM2/Thirdparty/g2o/g2o/types/types_seven_dof_expmap.h:35,
[13.424s]                  from /home/roey/tello-vio/libs/ORB_SLAM2/include/LoopClosing.h:34,
[13.424s]                  from /home/roey/tello-vio/libs/ORB_SLAM2/include/LocalMapping.h:26,
[13.425s]                  from /home/roey/tello-vio/libs/ORB_SLAM2/include/Tracking.h:29,
[13.425s]                  from /home/roey/tello-vio/libs/ORB_SLAM2/include/System.h:29,
[13.425s]                  from /home/roey/tello-vio/slam/src/orbslam2/src/monocular/monocular-slam-node.hpp:17,
[13.425s]                  from /home/roey/tello-vio/slam/src/orbslam2/src/monocular/monocular-slam-node.cpp:1:
[13.425s] /home/roey/tello-vio/libs/ORB_SLAM2/Thirdparty/g2o/g2o/types/../core/base_binary_edge.h:60:80: warning: ‘Eigen::AlignedBit’ is deprecated [-Wdeprecated-declarations]
[13.426s]    60 |       typedef Eigen::Map<Matrix<double, Dj, Di>, Matrix<double, Dj, Di>::Flags & AlignedBit ? Aligned : Unaligned > HessianBlockTransposedType;
[13.426s]       |                                                                          ~~~~~~^~~~~~~~~~~~
[13.426s] In file included from /usr/include/eigen3/Eigen/Core:161,
[13.426s]                  from /home/roey/tello-vio/libs/ORB_SLAM2/Thirdparty/g2o/g2o/types/../core/jacobian_workspace.h:30,
[13.426s]                  from /home/roey/tello-vio/libs/ORB_SLAM2/Thirdparty/g2o/g2o/types/../core/optimizable_graph.h:41,
[13.426s]                  from /home/roey/tello-vio/libs/ORB_SLAM2/Thirdparty/g2o/g2o/types/../core/base_vertex.h:30,
[13.426s]                  from /home/roey/tello-vio/libs/ORB_SLAM2/Thirdparty/g2o/g2o/types/types_seven_dof_expmap.h:34,
[13.426s]                  from /home/roey/tello-vio/libs/ORB_SLAM2/include/LoopClosing.h:34,
[13.427s]                  from /home/roey/tello-vio/libs/ORB_SLAM2/include/LocalMapping.h:26,
[13.427s]                  from /home/roey/tello-vio/libs/ORB_SLAM2/include/Tracking.h:29,
[13.427s]                  from /home/roey/tello-vio/libs/ORB_SLAM2/include/System.h:29,
[13.427s]                  from /home/roey/tello-vio/slam/src/orbslam2/src/monocular/monocular-slam-node.hpp:17,
[13.427s]                  from /home/roey/tello-vio/slam/src/orbslam2/src/monocular/monocular-slam-node.cpp:1:
[13.427s] /usr/include/eigen3/Eigen/src/Core/util/Constants.h:167:37: note: declared here
[13.427s]   167 | EIGEN_DEPRECATED const unsigned int AlignedBit = 0x80;
[13.428s]       |                                     ^~~~~~~~~~
[13.748s] /home/roey/tello-vio/slam/src/orbslam2/src/monocular/monocular-slam-node.cpp: In constructor ‘MonocularSlamNode::MonocularSlamNode(ORB_SLAM2::System*, const string&, const string&)’:
[13.748s] /home/roey/tello-vio/slam/src/orbslam2/src/monocular/monocular-slam-node.cpp:15:78: warning: unused parameter ‘strVocFile’ [-Wunused-parameter]
[13.748s]    15 | MonocularSlamNode::MonocularSlamNode(ORB_SLAM2::System* pSLAM, const string &strVocFile, const string &strSettingsFile)
[13.749s]       |                                                                ~~~~~~~~~~~~~~^~~~~~~~~~
[39.471s] [ 66%] Linking CXX executable mono
[40.779s] [100%] Built target mono
[40.797s] Invoked command in '/home/roey/tello-vio/build/orbslam2' returned '0': CMAKE_PREFIX_PATH=${CMAKE_PREFIX_PATH}:/home/roey/tello-vio/install/tello:/home/roey/tello-ros2/install/tello:/opt/ros/humble /usr/bin/cmake --build /home/roey/tello-vio/build/orbslam2 -- -j8 -l8
[40.858s] Invoking command in '/home/roey/tello-vio/build/orbslam2': CMAKE_PREFIX_PATH=${CMAKE_PREFIX_PATH}:/home/roey/tello-vio/install/tello:/home/roey/tello-ros2/install/tello:/opt/ros/humble /usr/bin/cmake --install /home/roey/tello-vio/build/orbslam2
[40.872s] -- Install configuration: ""
[40.872s] -- Installing: /home/roey/tello-vio/install/orbslam2/lib/orbslam2/mono
[40.879s] -- Set runtime path of "/home/roey/tello-vio/install/orbslam2/lib/orbslam2/mono" to ""
[40.879s] -- Up-to-date: /home/roey/tello-vio/install/orbslam2/share/ament_index/resource_index/package_run_dependencies/orbslam2
[40.879s] -- Up-to-date: /home/roey/tello-vio/install/orbslam2/share/ament_index/resource_index/parent_prefix_path/orbslam2
[40.880s] -- Up-to-date: /home/roey/tello-vio/install/orbslam2/share/orbslam2/environment/ament_prefix_path.sh
[40.880s] -- Installing: /home/roey/tello-vio/install/orbslam2/share/orbslam2/environment/ament_prefix_path.dsv
[40.880s] -- Up-to-date: /home/roey/tello-vio/install/orbslam2/share/orbslam2/environment/path.sh
[40.880s] -- Installing: /home/roey/tello-vio/install/orbslam2/share/orbslam2/environment/path.dsv
[40.880s] -- Up-to-date: /home/roey/tello-vio/install/orbslam2/share/orbslam2/local_setup.bash
[40.880s] -- Up-to-date: /home/roey/tello-vio/install/orbslam2/share/orbslam2/local_setup.sh
[40.880s] -- Up-to-date: /home/roey/tello-vio/install/orbslam2/share/orbslam2/local_setup.zsh
[40.881s] -- Installing: /home/roey/tello-vio/install/orbslam2/share/orbslam2/local_setup.dsv
[40.881s] -- Installing: /home/roey/tello-vio/install/orbslam2/share/orbslam2/package.dsv
[40.881s] -- Up-to-date: /home/roey/tello-vio/install/orbslam2/share/ament_index/resource_index/packages/orbslam2
[40.882s] -- Up-to-date: /home/roey/tello-vio/install/orbslam2/share/orbslam2/cmake/orbslam2Config.cmake
[40.892s] -- Up-to-date: /home/roey/tello-vio/install/orbslam2/share/orbslam2/cmake/orbslam2Config-version.cmake
[40.893s] -- Up-to-date: /home/roey/tello-vio/install/orbslam2/share/orbslam2/package.xml
[40.894s] Invoked command in '/home/roey/tello-vio/build/orbslam2' returned '0': CMAKE_PREFIX_PATH=${CMAKE_PREFIX_PATH}:/home/roey/tello-vio/install/tello:/home/roey/tello-ros2/install/tello:/opt/ros/humble /usr/bin/cmake --install /home/roey/tello-vio/build/orbslam2
