[0.014s] Invoking command in '/home/roey/tello-ros2/build/orbslam2': CMAKE_PREFIX_PATH=/opt/ros/humble /usr/bin/cmake /home/roey/tello-ros2/slam/src/orbslam2 -DCMAKE_INSTALL_PREFIX=/home/roey/tello-ros2/install/orbslam2
[0.084s] -- The C compiler identification is GNU 11.4.0
[0.159s] -- The CXX compiler identification is GNU 11.4.0
[0.168s] -- Detecting C compiler ABI info
[0.258s] -- Detecting C compiler ABI info - done
[0.268s] -- Check for working C compiler: /usr/bin/cc - skipped
[0.268s] -- Detecting C compile features
[0.269s] -- Detecting C compile features - done
[0.274s] -- Detecting CXX compiler ABI info
[0.377s] -- Detecting CXX compiler ABI info - done
[0.388s] -- Check for working CXX compiler: /usr/bin/c++ - skipped
[0.389s] -- Detecting CXX compile features
[0.389s] -- Detecting CXX compile features - done
[0.393s] -- Found ament_cmake: 1.3.10 (/opt/ros/humble/share/ament_cmake/cmake)
[0.601s] -- Found Python3: /usr/bin/python3 (found version "3.10.12") found components: Interpreter 
[0.748s] -- Found rclcpp: 16.0.10 (/opt/ros/humble/share/rclcpp/cmake)
[0.840s] -- Found rosidl_generator_c: 3.1.5 (/opt/ros/humble/share/rosidl_generator_c/cmake)
[0.850s] -- Found rosidl_adapter: 3.1.5 (/opt/ros/humble/share/rosidl_adapter/cmake)
[0.870s] -- Found rosidl_generator_cpp: 3.1.5 (/opt/ros/humble/share/rosidl_generator_cpp/cmake)
[0.900s] -- Using all available rosidl_typesupport_c: rosidl_typesupport_fastrtps_c;rosidl_typesupport_introspection_c
[0.936s] -- Using all available rosidl_typesupport_cpp: rosidl_typesupport_fastrtps_cpp;rosidl_typesupport_introspection_cpp
[1.023s] -- Found rmw_implementation_cmake: 6.1.2 (/opt/ros/humble/share/rmw_implementation_cmake/cmake)
[1.028s] -- Found rmw_fastrtps_cpp: 6.2.7 (/opt/ros/humble/share/rmw_fastrtps_cpp/cmake)
[1.156s] -- Found OpenSSL: /usr/lib/x86_64-linux-gnu/libcrypto.so (found version "3.0.2")  
[1.195s] -- Found FastRTPS: /opt/ros/humble/include  
[1.253s] -- Using RMW implementation 'rmw_fastrtps_cpp' as default
[1.265s] -- Looking for pthread.h
[1.358s] -- Looking for pthread.h - found
[1.359s] -- Performing Test CMAKE_HAVE_LIBC_PTHREAD
[1.453s] -- Performing Test CMAKE_HAVE_LIBC_PTHREAD - Success
[1.455s] -- Found Threads: TRUE  
[1.534s] -- Found sensor_msgs: 4.2.4 (/opt/ros/humble/share/sensor_msgs/cmake)
[1.583s] -- Found visualization_msgs: 4.2.4 (/opt/ros/humble/share/visualization_msgs/cmake)
[1.615s] -- Found cv_bridge: 3.2.1 (/opt/ros/humble/share/cv_bridge/cmake)
[1.632s] -- Found message_filters: 4.3.5 (/opt/ros/humble/share/message_filters/cmake)
[1.650s] -- Found Boost: /usr/lib/x86_64-linux-gnu/cmake/Boost-1.74.0/BoostConfig.cmake (found version "1.74.0") found components: system 
[1.657s] -- Found OpenCV: /usr (found version "4.5.4") 
[1.659s] -- Found Eigen: /usr/include/eigen3 (Required is at least version "2.91.0") 
[1.666s] CMake Warning at CMakeLists.txt:33 (message):
[1.667s]   ORB_SLAM2 not found; skipping orbslam2 node build.  Set ORB_SLAM2_ROOT_DIR
[1.667s]   (or install ORB_SLAM2) and rebuild to enable.
[1.667s] 
[1.667s] 
[1.797s] -- Configuring done
[1.802s] -- Generating done
[1.805s] -- Build files have been written to: /home/roey/tello-ros2/build/orbslam2
[1.817s] Invoked command in '/home/roey/tello-ros2/build/orbslam2' returned '0': CMAKE_PREFIX_PATH=/opt/ros/humble /usr/bin/cmake /home/roey/tello-ros2/slam/src/orbslam2 -DCMAKE_INSTALL_PREFIX=/home/roey/tello-ros2/install/orbslam2
[1.820s] Invoking command in '/home/roey/tello-ros2/build/orbslam2': CMAKE_PREFIX_PATH=/opt/ros/humble /usr/bin/cmake --build /home/roey/tello-ros2/build/orbslam2 -- -j8 -l8
[1.871s] Invoked command in '/home/roey/tello-ros2/build/orbslam2' returned '0': CMAKE_PREFIX_PATH=/opt/ros/humble /usr/bin/cmake --build /home/roey/tello-ros2/build/orbslam2 -- -j8 -l8
[1.911s] Invoking command in '/home/roey/tello-ros2/build/orbslam2': CMAKE_PREFIX_PATH=/opt/ros/humble /usr/bin/cmake --install /home/roey/tello-ros2/build/orbslam2
[1.920s] -- Install configuration: ""
[1.920s] -- Up-to-date: /home/roey/tello-ros2/install/orbslam2/share/ament_index/resource_index/package_run_dependencies/orbslam2
[1.920s] -- Installing: /home/roey/tello-ros2/install/orbslam2/share/ament_index/resource_index/parent_prefix_path/orbslam2
[1.920s] -- Up-to-date: /home/roey/tello-ros2/install/orbslam2/share/orbslam2/environment/ament_prefix_path.sh
[1.920s] -- Installing: /home/roey/tello-ros2/install/orbslam2/share/orbslam2/environment/ament_prefix_path.dsv
[1.921s] -- Up-to-date: /home/roey/tello-ros2/install/orbslam2/share/orbslam2/environment/path.sh
[1.921s] -- Installing: /home/roey/tello-ros2/install/orbslam2/share/orbslam2/environment/path.dsv
[1.921s] -- Up-to-date: /home/roey/tello-ros2/install/orbslam2/share/orbslam2/local_setup.bash
[1.921s] -- Up-to-date: /home/roey/tello-ros2/install/orbslam2/share/orbslam2/local_setup.sh
[1.921s] -- Up-to-date: /home/roey/tello-ros2/install/orbslam2/share/orbslam2/local_setup.zsh
[1.921s] -- Installing: /home/roey/tello-ros2/install/orbslam2/share/orbslam2/local_setup.dsv
[1.922s] -- Installing: /home/roey/tello-ros2/install/orbslam2/share/orbslam2/package.dsv
[1.922s] -- Up-to-date: /home/roey/tello-ros2/install/orbslam2/share/ament_index/resource_index/packages/orbslam2
[1.922s] -- Up-to-date: /home/roey/tello-ros2/install/orbslam2/share/orbslam2/cmake/orbslam2Config.cmake
[1.922s] -- Up-to-date: /home/roey/tello-ros2/install/orbslam2/share/orbslam2/cmake/orbslam2Config-version.cmake
[1.922s] -- Up-to-date: /home/roey/tello-ros2/install/orbslam2/share/orbslam2/package.xml
[1.925s] Invoked command in '/home/roey/tello-ros2/build/orbslam2' returned '0': CMAKE_PREFIX_PATH=/opt/ros/humble /usr/bin/cmake --install /home/roey/tello-ros2/build/orbslam2
