[0.026s] Invoking command in '/home/roey/tello-vio/build/tello_control': CMAKE_PREFIX_PATH=${CMAKE_PREFIX_PATH}:/home/roey/tello-vio/install/tello:/home/roey/tello-ros2/install/tello:/opt/ros/humble /usr/bin/cmake --build /home/roey/tello-vio/build/tello_control -- -j8 -l8
[0.080s] [35m[1mConsolidate compiler generated dependencies of target tello_control[0m
[0.128s] [100%] Built target tello_control
[0.171s] Invoked command in '/home/roey/tello-vio/build/tello_control' returned '0': CMAKE_PREFIX_PATH=${CMAKE_PREFIX_PATH}:/home/roey/tello-vio/install/tello:/home/roey/tello-ros2/install/tello:/opt/ros/humble /usr/bin/cmake --build /home/roey/tello-vio/build/tello_control -- -j8 -l8
[0.229s] Invoking command in '/home/roey/tello-vio/build/tello_control': CMAKE_PREFIX_PATH=${CMAKE_PREFIX_PATH}:/home/roey/tello-vio/install/tello:/home/roey/tello-ros2/install/tello:/opt/ros/humble /usr/bin/cmake --install /home/roey/tello-vio/build/tello_control
[0.249s] -- Install configuration: ""
[0.249s] -- Up-to-date: /home/roey/tello-vio/install/tello_control/lib/tello_control/tello_control
[0.250s] -- Up-to-date: /home/roey/tello-vio/install/tello_control/share/tello_control/rviz.rviz
[0.251s] -- Up-to-date: /home/roey/tello-vio/install/tello_control/share/ament_index/resource_index/package_run_dependencies/tello_control
[0.251s] -- Up-to-date: /home/roey/tello-vio/install/tello_control/share/ament_index/resource_index/parent_prefix_path/tello_control
[0.252s] -- Up-to-date: /home/roey/tello-vio/install/tello_control/share/tello_control/environment/ament_prefix_path.sh
[0.252s] -- Up-to-date: /home/roey/tello-vio/install/tello_control/share/tello_control/environment/ament_prefix_path.dsv
[0.252s] -- Up-to-date: /home/roey/tello-vio/install/tello_control/share/tello_control/environment/path.sh
[0.253s] -- Up-to-date: /home/roey/tello-vio/install/tello_control/share/tello_control/environment/path.dsv
[0.253s] -- Up-to-date: /home/roey/tello-vio/install/tello_control/share/tello_control/local_setup.bash
[0.254s] -- Up-to-date: /home/roey/tello-vio/install/tello_control/share/tello_control/local_setup.sh
[0.254s] -- Up-to-date: /home/roey/tello-vio/install/tello_control/share/tello_control/local_setup.zsh
[0.254s] -- Up-to-date: /home/roey/tello-vio/install/tello_control/share/tello_control/local_setup.dsv
[0.255s] -- Installing: /home/roey/tello-vio/install/tello_control/share/tello_control/package.dsv
[0.255s] -- Up-to-date: /home/roey/tello-vio/install/tello_control/share/ament_index/resource_index/packages/tello_control
[0.256s] -- Up-to-date: /home/roey/tello-vio/install/tello_control/share/tello_control/cmake/tello_controlConfig.cmake
[0.256s] -- Up-to-date: /home/roey/tello-vio/install/tello_control/share/tello_control/cmake/tello_controlConfig-version.cmake
[0.257s] -- Up-to-date: /home/roey/tello-vio/install/tello_control/share/tello_control/package.xml
[0.264s] Invoked command in '/home/roey/tello-vio/build/tello_control' returned '0': CMAKE_PREFIX_PATH=${CMAKE_PREFIX_PATH}:/home/roey/tello-vio/install/tello:/home/roey/tello-ros2/install/tello:/opt/ros/humble /usr/bin/cmake --install /home/roey/tello-vio/build/tello_control
