[0.167s] DEBUG:colcon:Command line arguments: ['/usr/bin/colcon', 'build', '--cmake-clean-cache']
[0.167s] DEBUG:colcon:Parsed command line arguments: Namespace(log_base=None, log_level=None, verb_name='build', build_base='build', install_base='install', merge_install=False, symlink_install=False, test_result_base=None, continue_on_error=False, executor='parallel', parallel_workers=8, event_handlers=None, ignore_user_meta=False, metas=['./colcon.meta'], base_paths=['.'], packages_ignore=None, packages_ignore_regex=None, paths=None, packages_up_to=None, packages_up_to_regex=None, packages_above=None, packages_above_and_dependencies=None, packages_above_depth=None, packages_select_by_dep=None, packages_skip_by_dep=None, packages_skip_up_to=None, packages_select_build_failed=False, packages_skip_build_finished=False, packages_select_test_failures=False, packages_skip_test_passed=False, packages_select=None, packages_skip=None, packages_select_regex=None, packages_skip_regex=None, packages_start=None, packages_end=None, allow_overriding=[], cmake_args=None, cmake_target=None, cmake_target_skip_unavailable=False, cmake_clean_cache=True, cmake_clean_first=False, cmake_force_configure=False, ament_cmake_args=None, catkin_cmake_args=None, catkin_skip_building_tests=False, mixin_files=None, mixin=None, verb_parser=<colcon_mixin.mixin.mixin_argument.MixinArgumentDecorator object at 0x712a2fa1a920>, verb_extension=<colcon_core.verb.build.BuildVerb object at 0x712a2fa1a320>, main=<bound method BuildVerb.main of <colcon_core.verb.build.BuildVerb object at 0x712a2fa1a320>>, mixin_verb=('build',))
[0.444s] Level 1:colcon.colcon_core.package_discovery:discover_packages(colcon_meta) check parameters
[0.444s] Level 1:colcon.colcon_core.package_discovery:discover_packages(recursive) check parameters
[0.445s] Level 1:colcon.colcon_core.package_discovery:discover_packages(ignore) check parameters
[0.445s] Level 1:colcon.colcon_core.package_discovery:discover_packages(path) check parameters
[0.445s] Level 1:colcon.colcon_core.package_discovery:discover_packages(colcon_meta) discover
[0.445s] Level 1:colcon.colcon_core.package_discovery:discover_packages(recursive) discover
[0.445s] INFO:colcon.colcon_core.package_discovery:Crawling recursively for packages in '/home/roey/tello-vio'
[0.445s] Level 1:colcon.colcon_core.package_identification:_identify(.) by extensions ['ignore', 'ignore_ament_install']
[0.445s] Level 1:colcon.colcon_core.package_identification:_identify(.) by extension 'ignore'
[0.445s] Level 1:colcon.colcon_core.package_identification:_identify(.) by extension 'ignore_ament_install'
[0.446s] Level 1:colcon.colcon_core.package_identification:_identify(.) by extensions ['colcon_pkg']
[0.446s] Level 1:colcon.colcon_core.package_identification:_identify(.) by extension 'colcon_pkg'
[0.446s] Level 1:colcon.colcon_core.package_identification:_identify(.) by extensions ['colcon_meta']
[0.446s] Level 1:colcon.colcon_core.package_identification:_identify(.) by extension 'colcon_meta'
[0.446s] Level 1:colcon.colcon_core.package_identification:_identify(.) by extensions ['ros']
[0.446s] Level 1:colcon.colcon_core.package_identification:_identify(.) by extension 'ros'
[0.499s] Level 1:colcon.colcon_core.package_identification:_identify(.) by extensions ['cmake', 'python']
[0.499s] Level 1:colcon.colcon_core.package_identification:_identify(.) by extension 'cmake'
[0.499s] Level 1:colcon.colcon_core.package_identification:_identify(.) by extension 'python'
[0.499s] Level 1:colcon.colcon_core.package_identification:_identify(.) by extensions ['python_setup_py']
[0.499s] Level 1:colcon.colcon_core.package_identification:_identify(.) by extension 'python_setup_py'
[0.499s] Level 1:colcon.colcon_core.package_identification:_identify(build) by extensions ['ignore', 'ignore_ament_install']
[0.499s] Level 1:colcon.colcon_core.package_identification:_identify(build) by extension 'ignore'
[0.499s] Level 1:colcon.colcon_core.package_identification:_identify(build) ignored
[0.499s] Level 1:colcon.colcon_core.package_identification:_identify(install) by extensions ['ignore', 'ignore_ament_install']
[0.499s] Level 1:colcon.colcon_core.package_identification:_identify(install) by extension 'ignore'
[0.500s] Level 1:colcon.colcon_core.package_identification:_identify(install) ignored
[0.500s] Level 1:colcon.colcon_core.package_identification:_identify(libs) by extensions ['ignore', 'ignore_ament_install']
[0.500s] Level 1:colcon.colcon_core.package_identification:_identify(libs) by extension 'ignore'
[0.500s] Level 1:colcon.colcon_core.package_identification:_identify(libs) ignored
[0.500s] Level 1:colcon.colcon_core.package_identification:_identify(log) by extensions ['ignore', 'ignore_ament_install']
[0.500s] Level 1:colcon.colcon_core.package_identification:_identify(log) by extension 'ignore'
[0.500s] Level 1:colcon.colcon_core.package_identification:_identify(log) ignored
[0.500s] Level 1:colcon.colcon_core.package_identification:_identify(readme) by extensions ['ignore', 'ignore_ament_install']
[0.500s] Level 1:colcon.colcon_core.package_identification:_identify(readme) by extension 'ignore'
[0.500s] Level 1:colcon.colcon_core.package_identification:_identify(readme) by extension 'ignore_ament_install'
[0.501s] Level 1:colcon.colcon_core.package_identification:_identify(readme) by extensions ['colcon_pkg']
[0.501s] Level 1:colcon.colcon_core.package_identification:_identify(readme) by extension 'colcon_pkg'
[0.501s] Level 1:colcon.colcon_core.package_identification:_identify(readme) by extensions ['colcon_meta']
[0.501s] Level 1:colcon.colcon_core.package_identification:_identify(readme) by extension 'colcon_meta'
[0.501s] Level 1:colcon.colcon_core.package_identification:_identify(readme) by extensions ['ros']
[0.501s] Level 1:colcon.colcon_core.package_identification:_identify(readme) by extension 'ros'
[0.501s] Level 1:colcon.colcon_core.package_identification:_identify(readme) by extensions ['cmake', 'python']
[0.501s] Level 1:colcon.colcon_core.package_identification:_identify(readme) by extension 'cmake'
[0.501s] Level 1:colcon.colcon_core.package_identification:_identify(readme) by extension 'python'
[0.501s] Level 1:colcon.colcon_core.package_identification:_identify(readme) by extensions ['python_setup_py']
[0.501s] Level 1:colcon.colcon_core.package_identification:_identify(readme) by extension 'python_setup_py'
[0.501s] Level 1:colcon.colcon_core.package_identification:_identify(scripts) by extensions ['ignore', 'ignore_ament_install']
[0.501s] Level 1:colcon.colcon_core.package_identification:_identify(scripts) by extension 'ignore'
[0.501s] Level 1:colcon.colcon_core.package_identification:_identify(scripts) by extension 'ignore_ament_install'
[0.502s] Level 1:colcon.colcon_core.package_identification:_identify(scripts) by extensions ['colcon_pkg']
[0.502s] Level 1:colcon.colcon_core.package_identification:_identify(scripts) by extension 'colcon_pkg'
[0.502s] Level 1:colcon.colcon_core.package_identification:_identify(scripts) by extensions ['colcon_meta']
[0.502s] Level 1:colcon.colcon_core.package_identification:_identify(scripts) by extension 'colcon_meta'
[0.502s] Level 1:colcon.colcon_core.package_identification:_identify(scripts) by extensions ['ros']
[0.502s] Level 1:colcon.colcon_core.package_identification:_identify(scripts) by extension 'ros'
[0.502s] Level 1:colcon.colcon_core.package_identification:_identify(scripts) by extensions ['cmake', 'python']
[0.502s] Level 1:colcon.colcon_core.package_identification:_identify(scripts) by extension 'cmake'
[0.502s] Level 1:colcon.colcon_core.package_identification:_identify(scripts) by extension 'python'
[0.502s] Level 1:colcon.colcon_core.package_identification:_identify(scripts) by extensions ['python_setup_py']
[0.502s] Level 1:colcon.colcon_core.package_identification:_identify(scripts) by extension 'python_setup_py'
[0.502s] Level 1:colcon.colcon_core.package_identification:_identify(slam) by extensions ['ignore', 'ignore_ament_install']
[0.502s] Level 1:colcon.colcon_core.package_identification:_identify(slam) by extension 'ignore'
[0.502s] Level 1:colcon.colcon_core.package_identification:_identify(slam) by extension 'ignore_ament_install'
[0.503s] Level 1:colcon.colcon_core.package_identification:_identify(slam) by extensions ['colcon_pkg']
[0.503s] Level 1:colcon.colcon_core.package_identification:_identify(slam) by extension 'colcon_pkg'
[0.503s] Level 1:colcon.colcon_core.package_identification:_identify(slam) by extensions ['colcon_meta']
[0.503s] Level 1:colcon.colcon_core.package_identification:_identify(slam) by extension 'colcon_meta'
[0.503s] Level 1:colcon.colcon_core.package_identification:_identify(slam) by extensions ['ros']
[0.503s] Level 1:colcon.colcon_core.package_identification:_identify(slam) by extension 'ros'
[0.503s] Level 1:colcon.colcon_core.package_identification:_identify(slam) by extensions ['cmake', 'python']
[0.503s] Level 1:colcon.colcon_core.package_identification:_identify(slam) by extension 'cmake'
[0.503s] Level 1:colcon.colcon_core.package_identification:_identify(slam) by extension 'python'
[0.503s] Level 1:colcon.colcon_core.package_identification:_identify(slam) by extensions ['python_setup_py']
[0.503s] Level 1:colcon.colcon_core.package_identification:_identify(slam) by extension 'python_setup_py'
[0.503s] Level 1:colcon.colcon_core.package_identification:_identify(slam/src) by extensions ['ignore', 'ignore_ament_install']
[0.503s] Level 1:colcon.colcon_core.package_identification:_identify(slam/src) by extension 'ignore'
[0.503s] Level 1:colcon.colcon_core.package_identification:_identify(slam/src) by extension 'ignore_ament_install'
[0.503s] Level 1:colcon.colcon_core.package_identification:_identify(slam/src) by extensions ['colcon_pkg']
[0.504s] Level 1:colcon.colcon_core.package_identification:_identify(slam/src) by extension 'colcon_pkg'
[0.504s] Level 1:colcon.colcon_core.package_identification:_identify(slam/src) by extensions ['colcon_meta']
[0.504s] Level 1:colcon.colcon_core.package_identification:_identify(slam/src) by extension 'colcon_meta'
[0.504s] Level 1:colcon.colcon_core.package_identification:_identify(slam/src) by extensions ['ros']
[0.504s] Level 1:colcon.colcon_core.package_identification:_identify(slam/src) by extension 'ros'
[0.504s] Level 1:colcon.colcon_core.package_identification:_identify(slam/src) by extensions ['cmake', 'python']
[0.504s] Level 1:colcon.colcon_core.package_identification:_identify(slam/src) by extension 'cmake'
[0.504s] Level 1:colcon.colcon_core.package_identification:_identify(slam/src) by extension 'python'
[0.504s] Level 1:colcon.colcon_core.package_identification:_identify(slam/src) by extensions ['python_setup_py']
[0.504s] Level 1:colcon.colcon_core.package_identification:_identify(slam/src) by extension 'python_setup_py'
[0.504s] Level 1:colcon.colcon_core.package_identification:_identify(slam/src/orbslam2) by extensions ['ignore', 'ignore_ament_install']
[0.504s] Level 1:colcon.colcon_core.package_identification:_identify(slam/src/orbslam2) by extension 'ignore'
[0.504s] Level 1:colcon.colcon_core.package_identification:_identify(slam/src/orbslam2) by extension 'ignore_ament_install'
[0.504s] Level 1:colcon.colcon_core.package_identification:_identify(slam/src/orbslam2) by extensions ['colcon_pkg']
[0.504s] Level 1:colcon.colcon_core.package_identification:_identify(slam/src/orbslam2) by extension 'colcon_pkg'
[0.505s] Level 1:colcon.colcon_core.package_identification:_identify(slam/src/orbslam2) by extensions ['colcon_meta']
[0.505s] Level 1:colcon.colcon_core.package_identification:_identify(slam/src/orbslam2) by extension 'colcon_meta'
[0.505s] Level 1:colcon.colcon_core.package_identification:_identify(slam/src/orbslam2) by extensions ['ros']
[0.505s] Level 1:colcon.colcon_core.package_identification:_identify(slam/src/orbslam2) by extension 'ros'
[0.508s] DEBUG:colcon.colcon_core.package_identification:Package 'slam/src/orbslam2' with type 'ros.ament_cmake' and name 'orbslam2'
[0.509s] Level 1:colcon.colcon_core.package_identification:_identify(workspace) by extensions ['ignore', 'ignore_ament_install']
[0.509s] Level 1:colcon.colcon_core.package_identification:_identify(workspace) by extension 'ignore'
[0.509s] Level 1:colcon.colcon_core.package_identification:_identify(workspace) by extension 'ignore_ament_install'
[0.509s] Level 1:colcon.colcon_core.package_identification:_identify(workspace) by extensions ['colcon_pkg']
[0.509s] Level 1:colcon.colcon_core.package_identification:_identify(workspace) by extension 'colcon_pkg'
[0.509s] Level 1:colcon.colcon_core.package_identification:_identify(workspace) by extensions ['colcon_meta']
[0.509s] Level 1:colcon.colcon_core.package_identification:_identify(workspace) by extension 'colcon_meta'
[0.509s] Level 1:colcon.colcon_core.package_identification:_identify(workspace) by extensions ['ros']
[0.509s] Level 1:colcon.colcon_core.package_identification:_identify(workspace) by extension 'ros'
[0.509s] Level 1:colcon.colcon_core.package_identification:_identify(workspace) by extensions ['cmake', 'python']
[0.509s] Level 1:colcon.colcon_core.package_identification:_identify(workspace) by extension 'cmake'
[0.509s] Level 1:colcon.colcon_core.package_identification:_identify(workspace) by extension 'python'
[0.509s] Level 1:colcon.colcon_core.package_identification:_identify(workspace) by extensions ['python_setup_py']
[0.509s] Level 1:colcon.colcon_core.package_identification:_identify(workspace) by extension 'python_setup_py'
[0.510s] Level 1:colcon.colcon_core.package_identification:_identify(workspace/src) by extensions ['ignore', 'ignore_ament_install']
[0.510s] Level 1:colcon.colcon_core.package_identification:_identify(workspace/src) by extension 'ignore'
[0.510s] Level 1:colcon.colcon_core.package_identification:_identify(workspace/src) by extension 'ignore_ament_install'
[0.510s] Level 1:colcon.colcon_core.package_identification:_identify(workspace/src) by extensions ['colcon_pkg']
[0.510s] Level 1:colcon.colcon_core.package_identification:_identify(workspace/src) by extension 'colcon_pkg'
[0.510s] Level 1:colcon.colcon_core.package_identification:_identify(workspace/src) by extensions ['colcon_meta']
[0.510s] Level 1:colcon.colcon_core.package_identification:_identify(workspace/src) by extension 'colcon_meta'
[0.510s] Level 1:colcon.colcon_core.package_identification:_identify(workspace/src) by extensions ['ros']
[0.510s] Level 1:colcon.colcon_core.package_identification:_identify(workspace/src) by extension 'ros'
[0.510s] Level 1:colcon.colcon_core.package_identification:_identify(workspace/src) by extensions ['cmake', 'python']
[0.510s] Level 1:colcon.colcon_core.package_identification:_identify(workspace/src) by extension 'cmake'
[0.510s] Level 1:colcon.colcon_core.package_identification:_identify(workspace/src) by extension 'python'
[0.510s] Level 1:colcon.colcon_core.package_identification:_identify(workspace/src) by extensions ['python_setup_py']
[0.510s] Level 1:colcon.colcon_core.package_identification:_identify(workspace/src) by extension 'python_setup_py'
[0.511s] Level 1:colcon.colcon_core.package_identification:_identify(workspace/src/tello) by extensions ['ignore', 'ignore_ament_install']
[0.511s] Level 1:colcon.colcon_core.package_identification:_identify(workspace/src/tello) by extension 'ignore'
[0.511s] Level 1:colcon.colcon_core.package_identification:_identify(workspace/src/tello) by extension 'ignore_ament_install'
[0.511s] Level 1:colcon.colcon_core.package_identification:_identify(workspace/src/tello) by extensions ['colcon_pkg']
[0.511s] Level 1:colcon.colcon_core.package_identification:_identify(workspace/src/tello) by extension 'colcon_pkg'
[0.511s] Level 1:colcon.colcon_core.package_identification:_identify(workspace/src/tello) by extensions ['colcon_meta']
[0.511s] Level 1:colcon.colcon_core.package_identification:_identify(workspace/src/tello) by extension 'colcon_meta'
[0.511s] Level 1:colcon.colcon_core.package_identification:_identify(workspace/src/tello) by extensions ['ros']
[0.511s] Level 1:colcon.colcon_core.package_identification:_identify(workspace/src/tello) by extension 'ros'
[0.513s] DEBUG:colcon.colcon_core.package_identification:Package 'workspace/src/tello' with type 'ros.ament_python' and name 'tello'
[0.513s] Level 1:colcon.colcon_core.package_identification:_identify(workspace/src/tello_control) by extensions ['ignore', 'ignore_ament_install']
[0.513s] Level 1:colcon.colcon_core.package_identification:_identify(workspace/src/tello_control) by extension 'ignore'
[0.514s] Level 1:colcon.colcon_core.package_identification:_identify(workspace/src/tello_control) by extension 'ignore_ament_install'
[0.514s] Level 1:colcon.colcon_core.package_identification:_identify(workspace/src/tello_control) by extensions ['colcon_pkg']
[0.514s] Level 1:colcon.colcon_core.package_identification:_identify(workspace/src/tello_control) by extension 'colcon_pkg'
[0.514s] Level 1:colcon.colcon_core.package_identification:_identify(workspace/src/tello_control) by extensions ['colcon_meta']
[0.514s] Level 1:colcon.colcon_core.package_identification:_identify(workspace/src/tello_control) by extension 'colcon_meta'
[0.514s] Level 1:colcon.colcon_core.package_identification:_identify(workspace/src/tello_control) by extensions ['ros']
[0.514s] Level 1:colcon.colcon_core.package_identification:_identify(workspace/src/tello_control) by extension 'ros'
[0.516s] DEBUG:colcon.colcon_core.package_identification:Package 'workspace/src/tello_control' with type 'ros.ament_cmake' and name 'tello_control'
[0.516s] Level 1:colcon.colcon_core.package_identification:_identify(workspace/src/tello_msg) by extensions ['ignore', 'ignore_ament_install']
[0.516s] Level 1:colcon.colcon_core.package_identification:_identify(workspace/src/tello_msg) by extension 'ignore'
[0.516s] Level 1:colcon.colcon_core.package_identification:_identify(workspace/src/tello_msg) by extension 'ignore_ament_install'
[0.516s] Level 1:colcon.colcon_core.package_identification:_identify(workspace/src/tello_msg) by extensions ['colcon_pkg']
[0.516s] Level 1:colcon.colcon_core.package_identification:_identify(workspace/src/tello_msg) by extension 'colcon_pkg'
[0.516s] Level 1:colcon.colcon_core.package_identification:_identify(workspace/src/tello_msg) by extensions ['colcon_meta']
[0.516s] Level 1:colcon.colcon_core.package_identification:_identify(workspace/src/tello_msg) by extension 'colcon_meta'
[0.517s] Level 1:colcon.colcon_core.package_identification:_identify(workspace/src/tello_msg) by extensions ['ros']
[0.517s] Level 1:colcon.colcon_core.package_identification:_identify(workspace/src/tello_msg) by extension 'ros'
[0.518s] DEBUG:colcon.colcon_core.package_identification:Package 'workspace/src/tello_msg' with type 'ros.ament_cmake' and name 'tello_msg'
[0.518s] Level 1:colcon.colcon_core.package_discovery:discover_packages(recursive) using defaults
[0.518s] Level 1:colcon.colcon_core.package_discovery:discover_packages(ignore) discover
[0.518s] Level 1:colcon.colcon_core.package_discovery:discover_packages(ignore) using defaults
[0.518s] Level 1:colcon.colcon_core.package_discovery:discover_packages(path) discover
[0.518s] Level 1:colcon.colcon_core.package_discovery:discover_packages(path) using defaults
[0.546s] Level 1:colcon.colcon_core.package_discovery:discover_packages(prefix_path) check parameters
[0.546s] Level 1:colcon.colcon_core.package_discovery:discover_packages(prefix_path) discover
[0.549s] DEBUG:colcon.colcon_installed_package_information.package_discovery:Found 4 installed packages in /home/roey/tello-ros2/install
[0.552s] DEBUG:colcon.colcon_installed_package_information.package_discovery:Found 450 installed packages in /opt/ros/humble
[0.555s] Level 1:colcon.colcon_core.package_discovery:discover_packages(prefix_path) using defaults
[0.642s] Level 5:colcon.colcon_core.verb:set package 'orbslam2' build argument 'cmake_args' from command line to 'None'
[0.642s] Level 5:colcon.colcon_core.verb:set package 'orbslam2' build argument 'cmake_target' from command line to 'None'
[0.642s] Level 5:colcon.colcon_core.verb:set package 'orbslam2' build argument 'cmake_target_skip_unavailable' from command line to 'False'
[0.642s] Level 5:colcon.colcon_core.verb:set package 'orbslam2' build argument 'cmake_clean_cache' from command line to 'True'
[0.642s] Level 5:colcon.colcon_core.verb:set package 'orbslam2' build argument 'cmake_clean_first' from command line to 'False'
[0.642s] Level 5:colcon.colcon_core.verb:set package 'orbslam2' build argument 'cmake_force_configure' from command line to 'False'
[0.642s] Level 5:colcon.colcon_core.verb:set package 'orbslam2' build argument 'ament_cmake_args' from command line to 'None'
[0.642s] Level 5:colcon.colcon_core.verb:set package 'orbslam2' build argument 'catkin_cmake_args' from command line to 'None'
[0.642s] Level 5:colcon.colcon_core.verb:set package 'orbslam2' build argument 'catkin_skip_building_tests' from command line to 'False'
[0.642s] DEBUG:colcon.colcon_core.verb:Building package 'orbslam2' with the following arguments: {'ament_cmake_args': None, 'build_base': '/home/roey/tello-vio/build/orbslam2', 'catkin_cmake_args': None, 'catkin_skip_building_tests': False, 'cmake_args': None, 'cmake_clean_cache': True, 'cmake_clean_first': False, 'cmake_force_configure': False, 'cmake_target': None, 'cmake_target_skip_unavailable': False, 'install_base': '/home/roey/tello-vio/install/orbslam2', 'merge_install': False, 'path': '/home/roey/tello-vio/slam/src/orbslam2', 'symlink_install': False, 'test_result_base': None}
[0.643s] Level 5:colcon.colcon_core.verb:set package 'tello_control' build argument 'cmake_args' from command line to 'None'
[0.643s] Level 5:colcon.colcon_core.verb:set package 'tello_control' build argument 'cmake_target' from command line to 'None'
[0.643s] Level 5:colcon.colcon_core.verb:set package 'tello_control' build argument 'cmake_target_skip_unavailable' from command line to 'False'
[0.643s] Level 5:colcon.colcon_core.verb:set package 'tello_control' build argument 'cmake_clean_cache' from command line to 'True'
[0.643s] Level 5:colcon.colcon_core.verb:set package 'tello_control' build argument 'cmake_clean_first' from command line to 'False'
[0.643s] Level 5:colcon.colcon_core.verb:set package 'tello_control' build argument 'cmake_force_configure' from command line to 'False'
[0.643s] Level 5:colcon.colcon_core.verb:set package 'tello_control' build argument 'ament_cmake_args' from command line to 'None'
[0.643s] Level 5:colcon.colcon_core.verb:set package 'tello_control' build argument 'catkin_cmake_args' from command line to 'None'
[0.643s] Level 5:colcon.colcon_core.verb:set package 'tello_control' build argument 'catkin_skip_building_tests' from command line to 'False'
[0.643s] DEBUG:colcon.colcon_core.verb:Building package 'tello_control' with the following arguments: {'ament_cmake_args': None, 'build_base': '/home/roey/tello-vio/build/tello_control', 'catkin_cmake_args': None, 'catkin_skip_building_tests': False, 'cmake_args': None, 'cmake_clean_cache': True, 'cmake_clean_first': False, 'cmake_force_configure': False, 'cmake_target': None, 'cmake_target_skip_unavailable': False, 'install_base': '/home/roey/tello-vio/install/tello_control', 'merge_install': False, 'path': '/home/roey/tello-vio/workspace/src/tello_control', 'symlink_install': False, 'test_result_base': None}
[0.644s] Level 5:colcon.colcon_core.verb:set package 'tello_msg' build argument 'cmake_args' from command line to 'None'
[0.644s] Level 5:colcon.colcon_core.verb:set package 'tello_msg' build argument 'cmake_target' from command line to 'None'
[0.644s] Level 5:colcon.colcon_core.verb:set package 'tello_msg' build argument 'cmake_target_skip_unavailable' from command line to 'False'
[0.644s] Level 5:colcon.colcon_core.verb:set package 'tello_msg' build argument 'cmake_clean_cache' from command line to 'True'
[0.644s] Level 5:colcon.colcon_core.verb:set package 'tello_msg' build argument 'cmake_clean_first' from command line to 'False'
[0.644s] Level 5:colcon.colcon_core.verb:set package 'tello_msg' build argument 'cmake_force_configure' from command line to 'False'
[0.644s] Level 5:colcon.colcon_core.verb:set package 'tello_msg' build argument 'ament_cmake_args' from command line to 'None'
[0.644s] Level 5:colcon.colcon_core.verb:set package 'tello_msg' build argument 'catkin_cmake_args' from command line to 'None'
[0.644s] Level 5:colcon.colcon_core.verb:set package 'tello_msg' build argument 'catkin_skip_building_tests' from command line to 'False'
[0.645s] DEBUG:colcon.colcon_core.verb:Building package 'tello_msg' with the following arguments: {'ament_cmake_args': None, 'build_base': '/home/roey/tello-vio/build/tello_msg', 'catkin_cmake_args': None, 'catkin_skip_building_tests': False, 'cmake_args': None, 'cmake_clean_cache': True, 'cmake_clean_first': False, 'cmake_force_configure': False, 'cmake_target': None, 'cmake_target_skip_unavailable': False, 'install_base': '/home/roey/tello-vio/install/tello_msg', 'merge_install': False, 'path': '/home/roey/tello-vio/workspace/src/tello_msg', 'symlink_install': False, 'test_result_base': None}
[0.645s] Level 5:colcon.colcon_core.verb:set package 'tello' build argument 'cmake_args' from command line to 'None'
[0.645s] Level 5:colcon.colcon_core.verb:set package 'tello' build argument 'cmake_target' from command line to 'None'
[0.645s] Level 5:colcon.colcon_core.verb:set package 'tello' build argument 'cmake_target_skip_unavailable' from command line to 'False'
[0.645s] Level 5:colcon.colcon_core.verb:set package 'tello' build argument 'cmake_clean_cache' from command line to 'True'
[0.645s] Level 5:colcon.colcon_core.verb:set package 'tello' build argument 'cmake_clean_first' from command line to 'False'
[0.646s] Level 5:colcon.colcon_core.verb:set package 'tello' build argument 'cmake_force_configure' from command line to 'False'
[0.646s] Level 5:colcon.colcon_core.verb:set package 'tello' build argument 'ament_cmake_args' from command line to 'None'
[0.646s] Level 5:colcon.colcon_core.verb:set package 'tello' build argument 'catkin_cmake_args' from command line to 'None'
[0.646s] Level 5:colcon.colcon_core.verb:set package 'tello' build argument 'catkin_skip_building_tests' from command line to 'False'
[0.646s] DEBUG:colcon.colcon_core.verb:Building package 'tello' with the following arguments: {'ament_cmake_args': None, 'build_base': '/home/roey/tello-vio/build/tello', 'catkin_cmake_args': None, 'catkin_skip_building_tests': False, 'cmake_args': None, 'cmake_clean_cache': True, 'cmake_clean_first': False, 'cmake_force_configure': False, 'cmake_target': None, 'cmake_target_skip_unavailable': False, 'install_base': '/home/roey/tello-vio/install/tello', 'merge_install': False, 'path': '/home/roey/tello-vio/workspace/src/tello', 'symlink_install': False, 'test_result_base': None}
[0.646s] INFO:colcon.colcon_core.executor:Executing jobs using 'parallel' executor
[0.647s] DEBUG:colcon.colcon_parallel_executor.executor.parallel:run_until_complete
[0.648s] INFO:colcon.colcon_ros.task.ament_cmake.build:Building ROS package in '/home/roey/tello-vio/workspace/src/tello_msg' with build type 'ament_cmake'
[0.648s] INFO:colcon.colcon_cmake.task.cmake.build:Building CMake package in '/home/roey/tello-vio/workspace/src/tello_msg'
[0.651s] INFO:colcon.colcon_core.plugin_system:Skipping extension 'colcon_core.shell.bat': Not used on non-Windows systems
[0.651s] INFO:colcon.colcon_core.shell:Skip shell extension 'powershell' for command environment: Not usable outside of PowerShell
[0.651s] DEBUG:colcon.colcon_core.shell:Skip shell extension 'dsv' for command environment
[0.657s] INFO:colcon.colcon_ros.task.ament_cmake.build:Building ROS package in '/home/roey/tello-vio/slam/src/orbslam2' with build type 'ament_cmake'
[0.657s] INFO:colcon.colcon_cmake.task.cmake.build:Building CMake package in '/home/roey/tello-vio/slam/src/orbslam2'
[0.658s] INFO:colcon.colcon_core.shell:Skip shell extension 'powershell' for command environment: Not usable outside of PowerShell
[0.658s] DEBUG:colcon.colcon_core.shell:Skip shell extension 'dsv' for command environment
[0.664s] INFO:colcon.colcon_ros.task.ament_cmake.build:Building ROS package in '/home/roey/tello-vio/workspace/src/tello_control' with build type 'ament_cmake'
[0.664s] INFO:colcon.colcon_cmake.task.cmake.build:Building CMake package in '/home/roey/tello-vio/workspace/src/tello_control'
[0.664s] INFO:colcon.colcon_core.shell:Skip shell extension 'powershell' for command environment: Not usable outside of PowerShell
[0.664s] DEBUG:colcon.colcon_core.shell:Skip shell extension 'dsv' for command environment
[0.676s] DEBUG:colcon.colcon_core.event_handler.log_command:Invoking command in '/home/roey/tello-vio/build/tello_msg': CMAKE_PREFIX_PATH=${CMAKE_PREFIX_PATH}:/home/roey/tello-ros2/install/tello:/opt/ros/humble /usr/bin/cmake /home/roey/tello-vio/workspace/src/tello_msg -DCMAKE_INSTALL_PREFIX=/home/roey/tello-vio/install/tello_msg
[0.682s] DEBUG:colcon.colcon_core.event_handler.log_command:Invoking command in '/home/roey/tello-vio/build/orbslam2': CMAKE_PREFIX_PATH=${CMAKE_PREFIX_PATH}:/home/roey/tello-ros2/install/tello:/opt/ros/humble /usr/bin/cmake /home/roey/tello-vio/slam/src/orbslam2 -DCMAKE_INSTALL_PREFIX=/home/roey/tello-vio/install/orbslam2
[0.685s] DEBUG:colcon.colcon_core.event_handler.log_command:Invoking command in '/home/roey/tello-vio/build/tello_control': CMAKE_PREFIX_PATH=${CMAKE_PREFIX_PATH}:/home/roey/tello-ros2/install/tello:/opt/ros/humble /usr/bin/cmake /home/roey/tello-vio/workspace/src/tello_control -DCMAKE_INSTALL_PREFIX=/home/roey/tello-vio/install/tello_control
[2.744s] DEBUG:colcon.colcon_core.event_handler.log_command:Invoked command in '/home/roey/tello-vio/build/tello_control' returned '0': CMAKE_PREFIX_PATH=${CMAKE_PREFIX_PATH}:/home/roey/tello-ros2/install/tello:/opt/ros/humble /usr/bin/cmake /home/roey/tello-vio/workspace/src/tello_control -DCMAKE_INSTALL_PREFIX=/home/roey/tello-vio/install/tello_control
[2.747s] DEBUG:colcon.colcon_core.event_handler.log_command:Invoking command in '/home/roey/tello-vio/build/tello_control': CMAKE_PREFIX_PATH=${CMAKE_PREFIX_PATH}:/home/roey/tello-ros2/install/tello:/opt/ros/humble /usr/bin/cmake --build /home/roey/tello-vio/build/tello_control -- -j8 -l8
[2.834s] DEBUG:colcon.colcon_core.event_handler.log_command:Invoked command in '/home/roey/tello-vio/build/orbslam2' returned '0': CMAKE_PREFIX_PATH=${CMAKE_PREFIX_PATH}:/home/roey/tello-ros2/install/tello:/opt/ros/humble /usr/bin/cmake /home/roey/tello-vio/slam/src/orbslam2 -DCMAKE_INSTALL_PREFIX=/home/roey/tello-vio/install/orbslam2
[2.836s] DEBUG:colcon.colcon_core.event_handler.log_command:Invoking command in '/home/roey/tello-vio/build/orbslam2': CMAKE_PREFIX_PATH=${CMAKE_PREFIX_PATH}:/home/roey/tello-ros2/install/tello:/opt/ros/humble /usr/bin/cmake --build /home/roey/tello-vio/build/orbslam2 -- -j8 -l8
[2.901s] DEBUG:colcon.colcon_core.event_handler.log_command:Invoked command in '/home/roey/tello-vio/build/orbslam2' returned '0': CMAKE_PREFIX_PATH=${CMAKE_PREFIX_PATH}:/home/roey/tello-ros2/install/tello:/opt/ros/humble /usr/bin/cmake --build /home/roey/tello-vio/build/orbslam2 -- -j8 -l8
[2.950s] DEBUG:colcon.colcon_core.event_handler.log_command:Invoking command in '/home/roey/tello-vio/build/orbslam2': CMAKE_PREFIX_PATH=${CMAKE_PREFIX_PATH}:/home/roey/tello-ros2/install/tello:/opt/ros/humble /usr/bin/cmake --install /home/roey/tello-vio/build/orbslam2
[2.967s] Level 1:colcon.colcon_core.environment:create_environment_scripts_only(orbslam2)
[2.968s] DEBUG:colcon.colcon_core.event_handler.log_command:Invoked command in '/home/roey/tello-vio/build/orbslam2' returned '0': CMAKE_PREFIX_PATH=${CMAKE_PREFIX_PATH}:/home/roey/tello-ros2/install/tello:/opt/ros/humble /usr/bin/cmake --install /home/roey/tello-vio/build/orbslam2
[2.970s] Level 1:colcon.colcon_core.environment:checking '/home/roey/tello-vio/install/orbslam2' for CMake module files
[2.971s] Level 1:colcon.colcon_core.environment:checking '/home/roey/tello-vio/install/orbslam2' for CMake config files
[2.971s] Level 1:colcon.colcon_core.shell:create_environment_hook('orbslam2', 'cmake_prefix_path')
[2.971s] INFO:colcon.colcon_core.shell:Creating environment hook '/home/roey/tello-vio/install/orbslam2/share/orbslam2/hook/cmake_prefix_path.ps1'
[2.972s] INFO:colcon.colcon_core.shell:Creating environment descriptor '/home/roey/tello-vio/install/orbslam2/share/orbslam2/hook/cmake_prefix_path.dsv'
[2.972s] INFO:colcon.colcon_core.shell:Creating environment hook '/home/roey/tello-vio/install/orbslam2/share/orbslam2/hook/cmake_prefix_path.sh'
[2.974s] Level 1:colcon.colcon_core.environment:checking '/home/roey/tello-vio/install/orbslam2/bin'
[2.974s] Level 1:colcon.colcon_core.environment:checking '/home/roey/tello-vio/install/orbslam2/lib/pkgconfig/orbslam2.pc'
[2.974s] Level 1:colcon.colcon_core.environment:checking '/home/roey/tello-vio/install/orbslam2/lib/python3.10/site-packages'
[2.974s] Level 1:colcon.colcon_core.environment:checking '/home/roey/tello-vio/install/orbslam2/bin'
[2.975s] INFO:colcon.colcon_core.shell:Creating package script '/home/roey/tello-vio/install/orbslam2/share/orbslam2/package.ps1'
[2.976s] INFO:colcon.colcon_core.shell:Creating package descriptor '/home/roey/tello-vio/install/orbslam2/share/orbslam2/package.dsv'
[2.976s] INFO:colcon.colcon_core.shell:Creating package script '/home/roey/tello-vio/install/orbslam2/share/orbslam2/package.sh'
[2.977s] INFO:colcon.colcon_core.shell:Creating package script '/home/roey/tello-vio/install/orbslam2/share/orbslam2/package.bash'
[2.979s] INFO:colcon.colcon_core.shell:Creating package script '/home/roey/tello-vio/install/orbslam2/share/orbslam2/package.zsh'
[2.980s] Level 1:colcon.colcon_core.environment:create_file_with_runtime_dependencies(/home/roey/tello-vio/install/orbslam2/share/colcon-core/packages/orbslam2)
[3.009s] Level 1:colcon.colcon_core.environment:create_environment_scripts_only(orbslam2)
[3.009s] Level 1:colcon.colcon_core.environment:checking '/home/roey/tello-vio/install/orbslam2' for CMake module files
[3.010s] Level 1:colcon.colcon_core.environment:checking '/home/roey/tello-vio/install/orbslam2' for CMake config files
[3.010s] Level 1:colcon.colcon_core.shell:create_environment_hook('orbslam2', 'cmake_prefix_path')
[3.010s] INFO:colcon.colcon_core.shell:Creating environment hook '/home/roey/tello-vio/install/orbslam2/share/orbslam2/hook/cmake_prefix_path.ps1'
[3.011s] INFO:colcon.colcon_core.shell:Creating environment descriptor '/home/roey/tello-vio/install/orbslam2/share/orbslam2/hook/cmake_prefix_path.dsv'
[3.012s] INFO:colcon.colcon_core.shell:Creating environment hook '/home/roey/tello-vio/install/orbslam2/share/orbslam2/hook/cmake_prefix_path.sh'
[3.013s] Level 1:colcon.colcon_core.environment:checking '/home/roey/tello-vio/install/orbslam2/bin'
[3.013s] Level 1:colcon.colcon_core.environment:checking '/home/roey/tello-vio/install/orbslam2/lib/pkgconfig/orbslam2.pc'
[3.013s] Level 1:colcon.colcon_core.environment:checking '/home/roey/tello-vio/install/orbslam2/lib/python3.10/site-packages'
[3.014s] Level 1:colcon.colcon_core.environment:checking '/home/roey/tello-vio/install/orbslam2/bin'
[3.014s] INFO:colcon.colcon_core.shell:Creating package script '/home/roey/tello-vio/install/orbslam2/share/orbslam2/package.ps1'
[3.015s] INFO:colcon.colcon_core.shell:Creating package descriptor '/home/roey/tello-vio/install/orbslam2/share/orbslam2/package.dsv'
[3.016s] INFO:colcon.colcon_core.shell:Creating package script '/home/roey/tello-vio/install/orbslam2/share/orbslam2/package.sh'
[3.016s] INFO:colcon.colcon_core.shell:Creating package script '/home/roey/tello-vio/install/orbslam2/share/orbslam2/package.bash'
[3.017s] INFO:colcon.colcon_core.shell:Creating package script '/home/roey/tello-vio/install/orbslam2/share/orbslam2/package.zsh'
[3.017s] Level 1:colcon.colcon_core.environment:create_file_with_runtime_dependencies(/home/roey/tello-vio/install/orbslam2/share/colcon-core/packages/orbslam2)
[3.725s] DEBUG:colcon.colcon_core.event_handler.log_command:Invoked command in '/home/roey/tello-vio/build/tello_msg' returned '0': CMAKE_PREFIX_PATH=${CMAKE_PREFIX_PATH}:/home/roey/tello-ros2/install/tello:/opt/ros/humble /usr/bin/cmake /home/roey/tello-vio/workspace/src/tello_msg -DCMAKE_INSTALL_PREFIX=/home/roey/tello-vio/install/tello_msg
[3.727s] DEBUG:colcon.colcon_core.event_handler.log_command:Invoking command in '/home/roey/tello-vio/build/tello_msg': CMAKE_PREFIX_PATH=${CMAKE_PREFIX_PATH}:/home/roey/tello-ros2/install/tello:/opt/ros/humble /usr/bin/cmake --build /home/roey/tello-vio/build/tello_msg -- -j8 -l8
[9.418s] DEBUG:colcon.colcon_core.event_handler.log_command:Invoked command in '/home/roey/tello-vio/build/tello_msg' returned '0': CMAKE_PREFIX_PATH=${CMAKE_PREFIX_PATH}:/home/roey/tello-ros2/install/tello:/opt/ros/humble /usr/bin/cmake --build /home/roey/tello-vio/build/tello_msg -- -j8 -l8
[9.540s] DEBUG:colcon.colcon_core.event_handler.log_command:Invoking command in '/home/roey/tello-vio/build/tello_msg': CMAKE_PREFIX_PATH=${CMAKE_PREFIX_PATH}:/home/roey/tello-ros2/install/tello:/opt/ros/humble /usr/bin/cmake --install /home/roey/tello-vio/build/tello_msg
[9.636s] Level 1:colcon.colcon_core.environment:create_environment_scripts_only(tello_msg)
[9.637s] Level 1:colcon.colcon_core.environment:checking '/home/roey/tello-vio/install/tello_msg' for CMake module files
[9.637s] DEBUG:colcon.colcon_core.event_handler.log_command:Invoked command in '/home/roey/tello-vio/build/tello_msg' returned '0': CMAKE_PREFIX_PATH=${CMAKE_PREFIX_PATH}:/home/roey/tello-ros2/install/tello:/opt/ros/humble /usr/bin/cmake --install /home/roey/tello-vio/build/tello_msg
[9.638s] Level 1:colcon.colcon_core.environment:checking '/home/roey/tello-vio/install/tello_msg' for CMake config files
[9.639s] Level 1:colcon.colcon_core.shell:create_environment_hook('tello_msg', 'cmake_prefix_path')
[9.639s] INFO:colcon.colcon_core.shell:Creating environment hook '/home/roey/tello-vio/install/tello_msg/share/tello_msg/hook/cmake_prefix_path.ps1'
[9.640s] INFO:colcon.colcon_core.shell:Creating environment descriptor '/home/roey/tello-vio/install/tello_msg/share/tello_msg/hook/cmake_prefix_path.dsv'
[9.640s] INFO:colcon.colcon_core.shell:Creating environment hook '/home/roey/tello-vio/install/tello_msg/share/tello_msg/hook/cmake_prefix_path.sh'
[9.641s] Level 1:colcon.colcon_core.environment:checking '/home/roey/tello-vio/install/tello_msg/lib'
[9.641s] Level 1:colcon.colcon_core.shell:create_environment_hook('tello_msg', 'ld_library_path_lib')
[9.641s] INFO:colcon.colcon_core.shell:Creating environment hook '/home/roey/tello-vio/install/tello_msg/share/tello_msg/hook/ld_library_path_lib.ps1'
[9.642s] INFO:colcon.colcon_core.shell:Creating environment descriptor '/home/roey/tello-vio/install/tello_msg/share/tello_msg/hook/ld_library_path_lib.dsv'
[9.642s] INFO:colcon.colcon_core.shell:Creating environment hook '/home/roey/tello-vio/install/tello_msg/share/tello_msg/hook/ld_library_path_lib.sh'
[9.643s] Level 1:colcon.colcon_core.environment:checking '/home/roey/tello-vio/install/tello_msg/bin'
[9.643s] Level 1:colcon.colcon_core.environment:checking '/home/roey/tello-vio/install/tello_msg/lib/pkgconfig/tello_msg.pc'
[9.643s] Level 1:colcon.colcon_core.environment:checking '/home/roey/tello-vio/install/tello_msg/lib/python3.10/site-packages'
[9.643s] Level 1:colcon.colcon_core.environment:checking '/home/roey/tello-vio/install/tello_msg/bin'
[9.644s] INFO:colcon.colcon_core.shell:Creating package script '/home/roey/tello-vio/install/tello_msg/share/tello_msg/package.ps1'
[9.644s] INFO:colcon.colcon_core.shell:Creating package descriptor '/home/roey/tello-vio/install/tello_msg/share/tello_msg/package.dsv'
[9.645s] INFO:colcon.colcon_core.shell:Creating package script '/home/roey/tello-vio/install/tello_msg/share/tello_msg/package.sh'
[9.645s] INFO:colcon.colcon_core.shell:Creating package script '/home/roey/tello-vio/install/tello_msg/share/tello_msg/package.bash'
[9.646s] INFO:colcon.colcon_core.shell:Creating package script '/home/roey/tello-vio/install/tello_msg/share/tello_msg/package.zsh'
[9.646s] Level 1:colcon.colcon_core.environment:create_file_with_runtime_dependencies(/home/roey/tello-vio/install/tello_msg/share/colcon-core/packages/tello_msg)
[9.767s] Level 1:colcon.colcon_core.environment:create_environment_scripts_only(tello_msg)
[9.768s] Level 1:colcon.colcon_core.environment:checking '/home/roey/tello-vio/install/tello_msg' for CMake module files
[9.768s] Level 1:colcon.colcon_core.environment:checking '/home/roey/tello-vio/install/tello_msg' for CMake config files
[9.769s] Level 1:colcon.colcon_core.shell:create_environment_hook('tello_msg', 'cmake_prefix_path')
[9.769s] INFO:colcon.colcon_core.shell:Creating environment hook '/home/roey/tello-vio/install/tello_msg/share/tello_msg/hook/cmake_prefix_path.ps1'
[9.770s] INFO:colcon.colcon_core.shell:Creating environment descriptor '/home/roey/tello-vio/install/tello_msg/share/tello_msg/hook/cmake_prefix_path.dsv'
[9.770s] INFO:colcon.colcon_core.shell:Creating environment hook '/home/roey/tello-vio/install/tello_msg/share/tello_msg/hook/cmake_prefix_path.sh'
[9.771s] Level 1:colcon.colcon_core.environment:checking '/home/roey/tello-vio/install/tello_msg/lib'
[9.771s] Level 1:colcon.colcon_core.shell:create_environment_hook('tello_msg', 'ld_library_path_lib')
[9.771s] INFO:colcon.colcon_core.shell:Creating environment hook '/home/roey/tello-vio/install/tello_msg/share/tello_msg/hook/ld_library_path_lib.ps1'
[9.772s] INFO:colcon.colcon_core.shell:Creating environment descriptor '/home/roey/tello-vio/install/tello_msg/share/tello_msg/hook/ld_library_path_lib.dsv'
[9.772s] INFO:colcon.colcon_core.shell:Creating environment hook '/home/roey/tello-vio/install/tello_msg/share/tello_msg/hook/ld_library_path_lib.sh'
[9.773s] Level 1:colcon.colcon_core.environment:checking '/home/roey/tello-vio/install/tello_msg/bin'
[9.773s] Level 1:colcon.colcon_core.environment:checking '/home/roey/tello-vio/install/tello_msg/lib/pkgconfig/tello_msg.pc'
[9.773s] Level 1:colcon.colcon_core.environment:checking '/home/roey/tello-vio/install/tello_msg/lib/python3.10/site-packages'
[9.774s] Level 1:colcon.colcon_core.environment:checking '/home/roey/tello-vio/install/tello_msg/bin'
[9.774s] INFO:colcon.colcon_core.shell:Creating package script '/home/roey/tello-vio/install/tello_msg/share/tello_msg/package.ps1'
[9.775s] INFO:colcon.colcon_core.shell:Creating package descriptor '/home/roey/tello-vio/install/tello_msg/share/tello_msg/package.dsv'
[9.775s] INFO:colcon.colcon_core.shell:Creating package script '/home/roey/tello-vio/install/tello_msg/share/tello_msg/package.sh'
[9.776s] INFO:colcon.colcon_core.shell:Creating package script '/home/roey/tello-vio/install/tello_msg/share/tello_msg/package.bash'
[9.777s] INFO:colcon.colcon_core.shell:Creating package script '/home/roey/tello-vio/install/tello_msg/share/tello_msg/package.zsh'
[9.777s] Level 1:colcon.colcon_core.environment:create_file_with_runtime_dependencies(/home/roey/tello-vio/install/tello_msg/share/colcon-core/packages/tello_msg)
[9.777s] INFO:colcon.colcon_ros.task.ament_python.build:Building ROS package in '/home/roey/tello-vio/workspace/src/tello' with build type 'ament_python'
[9.778s] Level 1:colcon.colcon_core.shell:create_environment_hook('tello', 'ament_prefix_path')
[9.778s] INFO:colcon.colcon_core.shell:Creating environment hook '/home/roey/tello-vio/install/tello/share/tello/hook/ament_prefix_path.ps1'
[9.779s] INFO:colcon.colcon_core.shell:Creating environment descriptor '/home/roey/tello-vio/install/tello/share/tello/hook/ament_prefix_path.dsv'
[9.779s] INFO:colcon.colcon_core.shell:Creating environment hook '/home/roey/tello-vio/install/tello/share/tello/hook/ament_prefix_path.sh'
[9.780s] INFO:colcon.colcon_core.shell:Skip shell extension 'powershell' for command environment: Not usable outside of PowerShell
[9.781s] DEBUG:colcon.colcon_core.shell:Skip shell extension 'dsv' for command environment
[10.200s] INFO:colcon.colcon_core.task.python.build:Building Python package in '/home/roey/tello-vio/workspace/src/tello'
[10.200s] INFO:colcon.colcon_core.shell:Skip shell extension 'powershell' for command environment: Not usable outside of PowerShell
[10.200s] DEBUG:colcon.colcon_core.shell:Skip shell extension 'dsv' for command environment
[10.747s] DEBUG:colcon.colcon_core.event_handler.log_command:Invoking command in '/home/roey/tello-vio/workspace/src/tello': AMENT_PREFIX_PATH=/home/roey/tello-vio/install/tello_msg:${AMENT_PREFIX_PATH} CMAKE_PREFIX_PATH=/home/roey/tello-vio/install/tello_msg:${CMAKE_PREFIX_PATH} LD_LIBRARY_PATH=/home/roey/tello-vio/install/tello_msg/lib:/home/roey/tello-ros2/install/tello_msg/lib:/usr/lib/x86_64-linux-gnu/gazebo-11/plugins:/opt/ros/humble/opt/rviz_ogre_vendor/lib:/opt/ros/humble/lib/x86_64-linux-gnu:/opt/ros/humble/lib:/usr/share/gazebo/../../lib/x86_64-linux-gnu/gazebo-11/plugins:/usr/share/gazebo/../../lib/x86_64-linux-gnu/gazebo-11/plugins:/usr/share/gazebo/../../lib/x86_64-linux-gnu/gazebo-11/plugins PYTHONPATH=/home/roey/tello-vio/build/tello/prefix_override:/usr/lib/python3/dist-packages/colcon_core/task/python/colcon_distutils_commands:/home/roey/tello-vio/install/tello/lib/python3.10/site-packages:/home/roey/tello-vio/install/tello_msg/local/lib/python3.10/dist-packages:${PYTHONPATH} /usr/bin/python3 -W ignore:setup.py install is deprecated setup.py egg_info --egg-base ../../../build/tello build --build-base /home/roey/tello-vio/build/tello/build install --record /home/roey/tello-vio/build/tello/install.log --single-version-externally-managed install_data
[11.196s] Level 1:colcon.colcon_core.environment:checking '/home/roey/tello-vio/install/tello' for CMake module files
[11.197s] DEBUG:colcon.colcon_core.event_handler.log_command:Invoked command in '/home/roey/tello-vio/workspace/src/tello' returned '0': AMENT_PREFIX_PATH=/home/roey/tello-vio/install/tello_msg:${AMENT_PREFIX_PATH} CMAKE_PREFIX_PATH=/home/roey/tello-vio/install/tello_msg:${CMAKE_PREFIX_PATH} LD_LIBRARY_PATH=/home/roey/tello-vio/install/tello_msg/lib:/home/roey/tello-ros2/install/tello_msg/lib:/usr/lib/x86_64-linux-gnu/gazebo-11/plugins:/opt/ros/humble/opt/rviz_ogre_vendor/lib:/opt/ros/humble/lib/x86_64-linux-gnu:/opt/ros/humble/lib:/usr/share/gazebo/../../lib/x86_64-linux-gnu/gazebo-11/plugins:/usr/share/gazebo/../../lib/x86_64-linux-gnu/gazebo-11/plugins:/usr/share/gazebo/../../lib/x86_64-linux-gnu/gazebo-11/plugins PYTHONPATH=/home/roey/tello-vio/build/tello/prefix_override:/usr/lib/python3/dist-packages/colcon_core/task/python/colcon_distutils_commands:/home/roey/tello-vio/install/tello/lib/python3.10/site-packages:/home/roey/tello-vio/install/tello_msg/local/lib/python3.10/dist-packages:${PYTHONPATH} /usr/bin/python3 -W ignore:setup.py install is deprecated setup.py egg_info --egg-base ../../../build/tello build --build-base /home/roey/tello-vio/build/tello/build install --record /home/roey/tello-vio/build/tello/install.log --single-version-externally-managed install_data
[11.198s] Level 1:colcon.colcon_core.environment:checking '/home/roey/tello-vio/install/tello' for CMake config files
[11.198s] Level 1:colcon.colcon_core.environment:checking '/home/roey/tello-vio/install/tello/lib'
[11.198s] Level 1:colcon.colcon_core.environment:checking '/home/roey/tello-vio/install/tello/bin'
[11.199s] Level 1:colcon.colcon_core.environment:checking '/home/roey/tello-vio/install/tello/lib/pkgconfig/tello.pc'
[11.199s] Level 1:colcon.colcon_core.environment:checking '/home/roey/tello-vio/install/tello/lib/python3.10/site-packages'
[11.199s] Level 1:colcon.colcon_core.shell:create_environment_hook('tello', 'pythonpath')
[11.199s] INFO:colcon.colcon_core.shell:Creating environment hook '/home/roey/tello-vio/install/tello/share/tello/hook/pythonpath.ps1'
[11.200s] INFO:colcon.colcon_core.shell:Creating environment descriptor '/home/roey/tello-vio/install/tello/share/tello/hook/pythonpath.dsv'
[11.201s] INFO:colcon.colcon_core.shell:Creating environment hook '/home/roey/tello-vio/install/tello/share/tello/hook/pythonpath.sh'
[11.201s] Level 1:colcon.colcon_core.environment:checking '/home/roey/tello-vio/install/tello/bin'
[11.201s] Level 1:colcon.colcon_core.environment:create_environment_scripts_only(tello)
[11.202s] INFO:colcon.colcon_core.shell:Creating package script '/home/roey/tello-vio/install/tello/share/tello/package.ps1'
[11.203s] INFO:colcon.colcon_core.shell:Creating package descriptor '/home/roey/tello-vio/install/tello/share/tello/package.dsv'
[11.203s] INFO:colcon.colcon_core.shell:Creating package script '/home/roey/tello-vio/install/tello/share/tello/package.sh'
[11.204s] INFO:colcon.colcon_core.shell:Creating package script '/home/roey/tello-vio/install/tello/share/tello/package.bash'
[11.204s] INFO:colcon.colcon_core.shell:Creating package script '/home/roey/tello-vio/install/tello/share/tello/package.zsh'
[11.205s] Level 1:colcon.colcon_core.environment:create_file_with_runtime_dependencies(/home/roey/tello-vio/install/tello/share/colcon-core/packages/tello)
[23.672s] DEBUG:colcon.colcon_core.event_handler.log_command:Invoked command in '/home/roey/tello-vio/build/tello_control' returned '0': CMAKE_PREFIX_PATH=${CMAKE_PREFIX_PATH}:/home/roey/tello-ros2/install/tello:/opt/ros/humble /usr/bin/cmake --build /home/roey/tello-vio/build/tello_control -- -j8 -l8
[23.702s] DEBUG:colcon.colcon_core.event_handler.log_command:Invoking command in '/home/roey/tello-vio/build/tello_control': CMAKE_PREFIX_PATH=${CMAKE_PREFIX_PATH}:/home/roey/tello-ros2/install/tello:/opt/ros/humble /usr/bin/cmake --install /home/roey/tello-vio/build/tello_control
[23.721s] Level 1:colcon.colcon_core.environment:create_environment_scripts_only(tello_control)
[23.722s] Level 1:colcon.colcon_core.environment:checking '/home/roey/tello-vio/install/tello_control' for CMake module files
[23.722s] DEBUG:colcon.colcon_core.event_handler.log_command:Invoked command in '/home/roey/tello-vio/build/tello_control' returned '0': CMAKE_PREFIX_PATH=${CMAKE_PREFIX_PATH}:/home/roey/tello-ros2/install/tello:/opt/ros/humble /usr/bin/cmake --install /home/roey/tello-vio/build/tello_control
[23.723s] Level 1:colcon.colcon_core.environment:checking '/home/roey/tello-vio/install/tello_control' for CMake config files
[23.723s] Level 1:colcon.colcon_core.shell:create_environment_hook('tello_control', 'cmake_prefix_path')
[23.724s] INFO:colcon.colcon_core.shell:Creating environment hook '/home/roey/tello-vio/install/tello_control/share/tello_control/hook/cmake_prefix_path.ps1'
[23.724s] INFO:colcon.colcon_core.shell:Creating environment descriptor '/home/roey/tello-vio/install/tello_control/share/tello_control/hook/cmake_prefix_path.dsv'
[23.725s] INFO:colcon.colcon_core.shell:Creating environment hook '/home/roey/tello-vio/install/tello_control/share/tello_control/hook/cmake_prefix_path.sh'
[23.725s] Level 1:colcon.colcon_core.environment:checking '/home/roey/tello-vio/install/tello_control/lib'
[23.725s] Level 1:colcon.colcon_core.environment:checking '/home/roey/tello-vio/install/tello_control/bin'
[23.726s] Level 1:colcon.colcon_core.environment:checking '/home/roey/tello-vio/install/tello_control/lib/pkgconfig/tello_control.pc'
[23.726s] Level 1:colcon.colcon_core.environment:checking '/home/roey/tello-vio/install/tello_control/lib/python3.10/site-packages'
[23.726s] Level 1:colcon.colcon_core.environment:checking '/home/roey/tello-vio/install/tello_control/bin'
[23.727s] INFO:colcon.colcon_core.shell:Creating package script '/home/roey/tello-vio/install/tello_control/share/tello_control/package.ps1'
[23.727s] INFO:colcon.colcon_core.shell:Creating package descriptor '/home/roey/tello-vio/install/tello_control/share/tello_control/package.dsv'
[23.728s] INFO:colcon.colcon_core.shell:Creating package script '/home/roey/tello-vio/install/tello_control/share/tello_control/package.sh'
[23.728s] INFO:colcon.colcon_core.shell:Creating package script '/home/roey/tello-vio/install/tello_control/share/tello_control/package.bash'
[23.728s] INFO:colcon.colcon_core.shell:Creating package script '/home/roey/tello-vio/install/tello_control/share/tello_control/package.zsh'
[23.729s] Level 1:colcon.colcon_core.environment:create_file_with_runtime_dependencies(/home/roey/tello-vio/install/tello_control/share/colcon-core/packages/tello_control)
[23.760s] Level 1:colcon.colcon_core.environment:create_environment_scripts_only(tello_control)
[23.760s] Level 1:colcon.colcon_core.environment:checking '/home/roey/tello-vio/install/tello_control' for CMake module files
[23.760s] Level 1:colcon.colcon_core.environment:checking '/home/roey/tello-vio/install/tello_control' for CMake config files
[23.761s] Level 1:colcon.colcon_core.shell:create_environment_hook('tello_control', 'cmake_prefix_path')
[23.761s] INFO:colcon.colcon_core.shell:Creating environment hook '/home/roey/tello-vio/install/tello_control/share/tello_control/hook/cmake_prefix_path.ps1'
[23.762s] INFO:colcon.colcon_core.shell:Creating environment descriptor '/home/roey/tello-vio/install/tello_control/share/tello_control/hook/cmake_prefix_path.dsv'
[23.762s] INFO:colcon.colcon_core.shell:Creating environment hook '/home/roey/tello-vio/install/tello_control/share/tello_control/hook/cmake_prefix_path.sh'
[23.763s] Level 1:colcon.colcon_core.environment:checking '/home/roey/tello-vio/install/tello_control/lib'
[23.763s] Level 1:colcon.colcon_core.environment:checking '/home/roey/tello-vio/install/tello_control/bin'
[23.763s] Level 1:colcon.colcon_core.environment:checking '/home/roey/tello-vio/install/tello_control/lib/pkgconfig/tello_control.pc'
[23.763s] Level 1:colcon.colcon_core.environment:checking '/home/roey/tello-vio/install/tello_control/lib/python3.10/site-packages'
[23.764s] Level 1:colcon.colcon_core.environment:checking '/home/roey/tello-vio/install/tello_control/bin'
[23.764s] INFO:colcon.colcon_core.shell:Creating package script '/home/roey/tello-vio/install/tello_control/share/tello_control/package.ps1'
[23.765s] INFO:colcon.colcon_core.shell:Creating package descriptor '/home/roey/tello-vio/install/tello_control/share/tello_control/package.dsv'
[23.765s] INFO:colcon.colcon_core.shell:Creating package script '/home/roey/tello-vio/install/tello_control/share/tello_control/package.sh'
[23.766s] INFO:colcon.colcon_core.shell:Creating package script '/home/roey/tello-vio/install/tello_control/share/tello_control/package.bash'
[23.766s] INFO:colcon.colcon_core.shell:Creating package script '/home/roey/tello-vio/install/tello_control/share/tello_control/package.zsh'
[23.767s] Level 1:colcon.colcon_core.environment:create_file_with_runtime_dependencies(/home/roey/tello-vio/install/tello_control/share/colcon-core/packages/tello_control)
[23.767s] DEBUG:colcon.colcon_parallel_executor.executor.parallel:closing loop
[23.767s] DEBUG:colcon.colcon_parallel_executor.executor.parallel:loop closed
[23.767s] DEBUG:colcon.colcon_parallel_executor.executor.parallel:run_until_complete finished with '0'
[23.767s] DEBUG:colcon.colcon_core.event_reactor:joining thread
[23.775s] INFO:colcon.colcon_core.plugin_system:Skipping extension 'colcon_notification.desktop_notification.terminal_notifier': Not used on non-Darwin systems
[23.775s] INFO:colcon.colcon_core.plugin_system:Skipping extension 'colcon_notification.desktop_notification.win32': Not used on non-Windows systems
[23.775s] INFO:colcon.colcon_notification.desktop_notification:Sending desktop notification using 'notify2'
[23.775s] DEBUG:colcon.colcon_notification.desktop_notification.notify2:Failed to initialize notify2: org.freedesktop.DBus.Error.NoReply: Did not receive a reply. Possible causes include: the remote application did not send a reply, the message bus security policy blocked the reply, the reply timeout expired, or the network connection was broken.
[23.775s] DEBUG:colcon.colcon_core.event_reactor:joined thread
[23.776s] INFO:colcon.colcon_core.shell:Creating prefix script '/home/roey/tello-vio/install/local_setup.ps1'
[23.777s] INFO:colcon.colcon_core.shell:Creating prefix util module '/home/roey/tello-vio/install/_local_setup_util_ps1.py'
[23.779s] INFO:colcon.colcon_core.shell:Creating prefix chain script '/home/roey/tello-vio/install/setup.ps1'
[23.780s] INFO:colcon.colcon_core.shell:Creating prefix script '/home/roey/tello-vio/install/local_setup.sh'
[23.781s] INFO:colcon.colcon_core.shell:Creating prefix util module '/home/roey/tello-vio/install/_local_setup_util_sh.py'
[23.781s] INFO:colcon.colcon_core.shell:Creating prefix chain script '/home/roey/tello-vio/install/setup.sh'
[23.783s] INFO:colcon.colcon_core.shell:Creating prefix script '/home/roey/tello-vio/install/local_setup.bash'
[23.783s] INFO:colcon.colcon_core.shell:Creating prefix chain script '/home/roey/tello-vio/install/setup.bash'
[23.785s] INFO:colcon.colcon_core.shell:Creating prefix script '/home/roey/tello-vio/install/local_setup.zsh'
[23.785s] INFO:colcon.colcon_core.shell:Creating prefix chain script '/home/roey/tello-vio/install/setup.zsh'
