[0.020s] Invoking command in '/home/roey/tello-vio/build/tello_control': CMAKE_PREFIX_PATH=${CMAKE_PREFIX_PATH}:/home/roey/tello-ros2/install/tello:/opt/ros/humble /usr/bin/cmake /home/roey/tello-vio/workspace/src/tello_control -DCMAKE_INSTALL_PREFIX=/home/roey/tello-vio/install/tello_control
[0.088s] -- The C compiler identification is GNU 11.4.0
[0.172s] -- The CXX compiler identification is GNU 11.4.0
[0.185s] -- Detecting C compiler ABI info
[0.285s] -- Detecting C compiler ABI info - done
[0.297s] -- Check for working C compiler: /usr/bin/cc - skipped
[0.298s] -- Detecting C compile features
[0.299s] -- Detecting C compile features - done
[0.303s] -- Detecting CXX compiler ABI info
[0.487s] -- Detecting CXX compiler ABI info - done
[0.511s] -- Check for working CXX compiler: /usr/bin/c++ - skipped
[0.512s] -- Detecting CXX compile features
[0.518s] -- Detecting CXX compile features - done
[0.542s] -- Found OpenCV version 4.5.4
[0.550s] -- Found ament_cmake: 1.3.10 (/opt/ros/humble/share/ament_cmake/cmake)
[0.851s] -- Found Python3: /usr/bin/python3 (found version "3.10.12") found components: Interpreter 
[1.013s] -- Found rclcpp: 16.0.10 (/opt/ros/humble/share/rclcpp/cmake)
[1.087s] -- Found rosidl_generator_c: 3.1.5 (/opt/ros/humble/share/rosidl_generator_c/cmake)
[1.095s] -- Found rosidl_adapter: 3.1.5 (/opt/ros/humble/share/rosidl_adapter/cmake)
[1.109s] -- Found rosidl_generator_cpp: 3.1.5 (/opt/ros/humble/share/rosidl_generator_cpp/cmake)
[1.129s] -- Using all available rosidl_typesupport_c: rosidl_typesupport_fastrtps_c;rosidl_typesupport_introspection_c
[1.159s] -- Using all available rosidl_typesupport_cpp: rosidl_typesupport_fastrtps_cpp;rosidl_typesupport_introspection_cpp
[1.235s] -- Found rmw_implementation_cmake: 6.1.2 (/opt/ros/humble/share/rmw_implementation_cmake/cmake)
[1.240s] -- Found rmw_fastrtps_cpp: 6.2.7 (/opt/ros/humble/share/rmw_fastrtps_cpp/cmake)
[1.365s] -- Found OpenSSL: /usr/lib/x86_64-linux-gnu/libcrypto.so (found version "3.0.2")  
[1.409s] -- Found FastRTPS: /opt/ros/humble/include  
[1.483s] -- Using RMW implementation 'rmw_fastrtps_cpp' as default
[1.506s] -- Looking for pthread.h
[1.620s] -- Looking for pthread.h - found
[1.620s] -- Performing Test CMAKE_HAVE_LIBC_PTHREAD
[1.734s] -- Performing Test CMAKE_HAVE_LIBC_PTHREAD - Success
[1.736s] -- Found Threads: TRUE  
[1.825s] -- Found geometry_msgs: 4.2.4 (/opt/ros/humble/share/geometry_msgs/cmake)
[1.846s] -- Found sensor_msgs: 4.2.4 (/opt/ros/humble/share/sensor_msgs/cmake)
[1.876s] -- Found cv_bridge: 3.2.1 (/opt/ros/humble/share/cv_bridge/cmake)
[2.044s] -- Configuring done
[2.064s] -- Generating done
[2.067s] -- Build files have been written to: /home/roey/tello-vio/build/tello_control
[2.079s] Invoked command in '/home/roey/tello-vio/build/tello_control' returned '0': CMAKE_PREFIX_PATH=${CMAKE_PREFIX_PATH}:/home/roey/tello-ros2/install/tello:/opt/ros/humble /usr/bin/cmake /home/roey/tello-vio/workspace/src/tello_control -DCMAKE_INSTALL_PREFIX=/home/roey/tello-vio/install/tello_control
[2.082s] Invoking command in '/home/roey/tello-vio/build/tello_control': CMAKE_PREFIX_PATH=${CMAKE_PREFIX_PATH}:/home/roey/tello-ros2/install/tello:/opt/ros/humble /usr/bin/cmake --build /home/roey/tello-vio/build/tello_control -- -j8 -l8
[2.162s] [ 50%] Building CXX object CMakeFiles/tello_control.dir/src/main.cpp.o
[21.748s] [100%] Linking CXX executable tello_control
[22.994s] [100%] Built target tello_control
[23.006s] Invoked command in '/home/roey/tello-vio/build/tello_control' returned '0': CMAKE_PREFIX_PATH=${CMAKE_PREFIX_PATH}:/home/roey/tello-ros2/install/tello:/opt/ros/humble /usr/bin/cmake --build /home/roey/tello-vio/build/tello_control -- -j8 -l8
[23.038s] Invoking command in '/home/roey/tello-vio/build/tello_control': CMAKE_PREFIX_PATH=${CMAKE_PREFIX_PATH}:/home/roey/tello-ros2/install/tello:/opt/ros/humble /usr/bin/cmake --install /home/roey/tello-vio/build/tello_control
[23.047s] -- Install configuration: ""
[23.047s] -- Installing: /home/roey/tello-vio/install/tello_control/lib/tello_control/tello_control
[23.053s] -- Set runtime path of "/home/roey/tello-vio/install/tello_control/lib/tello_control/tello_control" to ""
[23.053s] -- Installing: /home/roey/tello-vio/install/tello_control/share/tello_control/rviz.rviz
[23.053s] -- Installing: /home/roey/tello-vio/install/tello_control/share/ament_index/resource_index/package_run_dependencies/tello_control
[23.053s] -- Installing: /home/roey/tello-vio/install/tello_control/share/ament_index/resource_index/parent_prefix_path/tello_control
[23.053s] -- Installing: /home/roey/tello-vio/install/tello_control/share/tello_control/environment/ament_prefix_path.sh
[23.053s] -- Installing: /home/roey/tello-vio/install/tello_control/share/tello_control/environment/ament_prefix_path.dsv
[23.054s] -- Installing: /home/roey/tello-vio/install/tello_control/share/tello_control/environment/path.sh
[23.054s] -- Installing: /home/roey/tello-vio/install/tello_control/share/tello_control/environment/path.dsv
[23.054s] -- Installing: /home/roey/tello-vio/install/tello_control/share/tello_control/local_setup.bash
[23.054s] -- Installing: /home/roey/tello-vio/install/tello_control/share/tello_control/local_setup.sh
[23.054s] -- Installing: /home/roey/tello-vio/install/tello_control/share/tello_control/local_setup.zsh
[23.055s] -- Installing: /home/roey/tello-vio/install/tello_control/share/tello_control/local_setup.dsv
[23.055s] -- Installing: /home/roey/tello-vio/install/tello_control/share/tello_control/package.dsv
[23.055s] -- Installing: /home/roey/tello-vio/install/tello_control/share/ament_index/resource_index/packages/tello_control
[23.055s] -- Installing: /home/roey/tello-vio/install/tello_control/share/tello_control/cmake/tello_controlConfig.cmake
[23.055s] -- Installing: /home/roey/tello-vio/install/tello_control/share/tello_control/cmake/tello_controlConfig-version.cmake
[23.055s] -- Installing: /home/roey/tello-vio/install/tello_control/share/tello_control/package.xml
[23.058s] Invoked command in '/home/roey/tello-vio/build/tello_control' returned '0': CMAKE_PREFIX_PATH=${CMAKE_PREFIX_PATH}:/home/roey/tello-ros2/install/tello:/opt/ros/humble /usr/bin/cmake --install /home/roey/tello-vio/build/tello_control
