[0.022s] Invoking command in '/home/roey/tello-ros2/build/orbslam2': CMAKE_PREFIX_PATH=${CMAKE_PREFIX_PATH}:/home/roey/tello-ros2/install/tello:/opt/ros/humble /usr/bin/cmake --build /home/roey/tello-ros2/build/orbslam2 -- -j8 -l8
[0.070s] Invoked command in '/home/roey/tello-ros2/build/orbslam2' returned '0': CMAKE_PREFIX_PATH=${CMAKE_PREFIX_PATH}:/home/roey/tello-ros2/install/tello:/opt/ros/humble /usr/bin/cmake --build /home/roey/tello-ros2/build/orbslam2 -- -j8 -l8
[0.113s] Invoking command in '/home/roey/tello-ros2/build/orbslam2': CMAKE_PREFIX_PATH=${CMAKE_PREFIX_PATH}:/home/roey/tello-ros2/install/tello:/opt/ros/humble /usr/bin/cmake --install /home/roey/tello-ros2/build/orbslam2
[0.130s] -- Install configuration: ""
[0.131s] -- Up-to-date: /home/roey/tello-ros2/install/orbslam2/share/ament_index/resource_index/package_run_dependencies/orbslam2
[0.131s] -- Up-to-date: /home/roey/tello-ros2/install/orbslam2/share/ament_index/resource_index/parent_prefix_path/orbslam2
[0.132s] -- Up-to-date: /home/roey/tello-ros2/install/orbslam2/share/orbslam2/environment/ament_prefix_path.sh
[0.133s] -- Up-to-date: /home/roey/tello-ros2/install/orbslam2/share/orbslam2/environment/ament_prefix_path.dsv
[0.133s] -- Up-to-date: /home/roey/tello-ros2/install/orbslam2/share/orbslam2/environment/path.sh
[0.133s] -- Up-to-date: /home/roey/tello-ros2/install/orbslam2/share/orbslam2/environment/path.dsv
[0.133s] -- Up-to-date: /home/roey/tello-ros2/install/orbslam2/share/orbslam2/local_setup.bash
[0.134s] -- Up-to-date: /home/roey/tello-ros2/install/orbslam2/share/orbslam2/local_setup.sh
[0.135s] -- Up-to-date: /home/roey/tello-ros2/install/orbslam2/share/orbslam2/local_setup.zsh
[0.135s] -- Up-to-date: /home/roey/tello-ros2/install/orbslam2/share/orbslam2/local_setup.dsv
[0.135s] -- Up-to-date: /home/roey/tello-ros2/install/orbslam2/share/orbslam2/package.dsv
[0.136s] -- Up-to-date: /home/roey/tello-ros2/install/orbslam2/share/ament_index/resource_index/packages/orbslam2
[0.136s] -- Up-to-date: /home/roey/tello-ros2/install/orbslam2/share/orbslam2/cmake/orbslam2Config.cmake
[0.136s] -- Up-to-date: /home/roey/tello-ros2/install/orbslam2/share/orbslam2/cmake/orbslam2Config-version.cmake
[0.136s] -- Up-to-date: /home/roey/tello-ros2/install/orbslam2/share/orbslam2/package.xml
[0.136s] Invoked command in '/home/roey/tello-ros2/build/orbslam2' returned '0': CMAKE_PREFIX_PATH=${CMAKE_PREFIX_PATH}:/home/roey/tello-ros2/install/tello:/opt/ros/humble /usr/bin/cmake --install /home/roey/tello-ros2/build/orbslam2
