[0.026s] Invoking command in '/home/roey/tello-ros2/build/tello_msg': CMAKE_PREFIX_PATH=${CMAKE_PREFIX_PATH}:/home/roey/tello-ros2/install/tello:/opt/ros/humble /usr/bin/cmake --build /home/roey/tello-ros2/build/tello_msg -- -j8 -l8
[0.092s] [  6%] Built target tello_msg__cpp
[0.092s] [ 12%] Built target tello_msg__rosidl_generator_c
[0.110s] [ 12%] Built target ament_cmake_python_copy_tello_msg
[0.131s] [ 23%] Built target tello_msg__rosidl_typesupport_introspection_cpp
[0.142s] [ 34%] Built target tello_msg__rosidl_typesupport_cpp
[0.146s] [ 44%] Built target tello_msg__rosidl_typesupport_fastrtps_cpp
[0.155s] [ 55%] Built target tello_msg__rosidl_typesupport_introspection_c
[0.156s] [ 70%] Built target tello_msg__rosidl_typesupport_fastrtps_c
[0.156s] [ 76%] Built target tello_msg__rosidl_typesupport_c
[0.189s] [ 76%] Built target tello_msg
[0.222s] [ 78%] Built target tello_msg__py
[0.258s] [ 87%] Built target tello_msg__rosidl_generator_py
[0.292s] [ 91%] Built target tello_msg__rosidl_typesupport_introspection_c__pyext
[0.292s] [ 95%] Built target tello_msg__rosidl_typesupport_fastrtps_c__pyext
[0.293s] [100%] Built target tello_msg__rosidl_typesupport_c__pyext
[0.563s] running egg_info
[0.564s] writing tello_msg.egg-info/PKG-INFO
[0.564s] writing dependency_links to tello_msg.egg-info/dependency_links.txt
[0.564s] writing top-level names to tello_msg.egg-info/top_level.txt
[0.569s] reading manifest file 'tello_msg.egg-info/SOURCES.txt'
[0.570s] writing manifest file 'tello_msg.egg-info/SOURCES.txt'
[0.609s] [100%] Built target ament_cmake_python_build_tello_msg_egg
[0.625s] Invoked command in '/home/roey/tello-ros2/build/tello_msg' returned '0': CMAKE_PREFIX_PATH=${CMAKE_PREFIX_PATH}:/home/roey/tello-ros2/install/tello:/opt/ros/humble /usr/bin/cmake --build /home/roey/tello-ros2/build/tello_msg -- -j8 -l8
[0.739s] Invoking command in '/home/roey/tello-ros2/build/tello_msg': CMAKE_PREFIX_PATH=${CMAKE_PREFIX_PATH}:/home/roey/tello-ros2/install/tello:/opt/ros/humble /usr/bin/cmake --install /home/roey/tello-ros2/build/tello_msg
[0.750s] -- Install configuration: ""
[0.751s] -- Up-to-date: /home/roey/tello-ros2/install/tello_msg/share/ament_index/resource_index/rosidl_interfaces/tello_msg
[0.751s] -- Up-to-date: /home/roey/tello-ros2/install/tello_msg/include/tello_msg/tello_msg
[0.751s] -- Up-to-date: /home/roey/tello-ros2/install/tello_msg/include/tello_msg/tello_msg/msg
[0.751s] -- Up-to-date: /home/roey/tello-ros2/install/tello_msg/include/tello_msg/tello_msg/msg/detail
[0.751s] -- Up-to-date: /home/roey/tello-ros2/install/tello_msg/include/tello_msg/tello_msg/msg/detail/tello_id__type_support.h
[0.751s] -- Up-to-date: /home/roey/tello-ros2/install/tello_msg/include/tello_msg/tello_msg/msg/detail/tello_id__struct.h
[0.752s] -- Up-to-date: /home/roey/tello-ros2/install/tello_msg/include/tello_msg/tello_msg/msg/detail/tello_status__struct.h
[0.752s] -- Up-to-date: /home/roey/tello-ros2/install/tello_msg/include/tello_msg/tello_msg/msg/detail/tello_wifi_config__functions.c
[0.752s] -- Up-to-date: /home/roey/tello-ros2/install/tello_msg/include/tello_msg/tello_msg/msg/detail/tello_status__functions.h
[0.752s] -- Up-to-date: /home/roey/tello-ros2/install/tello_msg/include/tello_msg/tello_msg/msg/detail/tello_wifi_config__functions.h
[0.752s] -- Up-to-date: /home/roey/tello-ros2/install/tello_msg/include/tello_msg/tello_msg/msg/detail/tello_id__functions.c
[0.752s] -- Up-to-date: /home/roey/tello-ros2/install/tello_msg/include/tello_msg/tello_msg/msg/detail/tello_id__functions.h
[0.752s] -- Up-to-date: /home/roey/tello-ros2/install/tello_msg/include/tello_msg/tello_msg/msg/detail/tello_status__functions.c
[0.753s] -- Up-to-date: /home/roey/tello-ros2/install/tello_msg/include/tello_msg/tello_msg/msg/detail/tello_wifi_config__struct.h
[0.754s] -- Up-to-date: /home/roey/tello-ros2/install/tello_msg/include/tello_msg/tello_msg/msg/detail/tello_status__type_support.h
[0.754s] -- Up-to-date: /home/roey/tello-ros2/install/tello_msg/include/tello_msg/tello_msg/msg/detail/tello_wifi_config__type_support.h
[0.754s] -- Up-to-date: /home/roey/tello-ros2/install/tello_msg/include/tello_msg/tello_msg/msg/tello_wifi_config.h
[0.755s] -- Up-to-date: /home/roey/tello-ros2/install/tello_msg/include/tello_msg/tello_msg/msg/rosidl_generator_c__visibility_control.h
[0.755s] -- Up-to-date: /home/roey/tello-ros2/install/tello_msg/include/tello_msg/tello_msg/msg/tello_id.h
[0.755s] -- Up-to-date: /home/roey/tello-ros2/install/tello_msg/include/tello_msg/tello_msg/msg/tello_status.h
[0.755s] -- Up-to-date: /home/roey/tello-ros2/install/tello_msg/share/tello_msg/environment/library_path.sh
[0.755s] -- Up-to-date: /home/roey/tello-ros2/install/tello_msg/share/tello_msg/environment/library_path.dsv
[0.755s] -- Up-to-date: /home/roey/tello-ros2/install/tello_msg/lib/libtello_msg__rosidl_generator_c.so
[0.755s] -- Up-to-date: /home/roey/tello-ros2/install/tello_msg/include/tello_msg/tello_msg
[0.756s] -- Up-to-date: /home/roey/tello-ros2/install/tello_msg/include/tello_msg/tello_msg/msg
[0.756s] -- Up-to-date: /home/roey/tello-ros2/install/tello_msg/include/tello_msg/tello_msg/msg/rosidl_typesupport_fastrtps_c__visibility_control.h
[0.756s] -- Up-to-date: /home/roey/tello-ros2/install/tello_msg/include/tello_msg/tello_msg/msg/detail
[0.756s] -- Up-to-date: /home/roey/tello-ros2/install/tello_msg/include/tello_msg/tello_msg/msg/detail/tello_wifi_config__rosidl_typesupport_fastrtps_c.h
[0.756s] -- Up-to-date: /home/roey/tello-ros2/install/tello_msg/include/tello_msg/tello_msg/msg/detail/tello_id__rosidl_typesupport_fastrtps_c.h
[0.757s] -- Up-to-date: /home/roey/tello-ros2/install/tello_msg/include/tello_msg/tello_msg/msg/detail/tello_status__rosidl_typesupport_fastrtps_c.h
[0.757s] -- Up-to-date: /home/roey/tello-ros2/install/tello_msg/lib/libtello_msg__rosidl_typesupport_fastrtps_c.so
[0.757s] -- Up-to-date: /home/roey/tello-ros2/install/tello_msg/include/tello_msg/tello_msg
[0.757s] -- Up-to-date: /home/roey/tello-ros2/install/tello_msg/include/tello_msg/tello_msg/msg
[0.757s] -- Up-to-date: /home/roey/tello-ros2/install/tello_msg/include/tello_msg/tello_msg/msg/rosidl_typesupport_introspection_c__visibility_control.h
[0.758s] -- Up-to-date: /home/roey/tello-ros2/install/tello_msg/include/tello_msg/tello_msg/msg/detail
[0.758s] -- Up-to-date: /home/roey/tello-ros2/install/tello_msg/include/tello_msg/tello_msg/msg/detail/tello_status__type_support.c
[0.758s] -- Up-to-date: /home/roey/tello-ros2/install/tello_msg/include/tello_msg/tello_msg/msg/detail/tello_id__type_support.c
[0.758s] -- Up-to-date: /home/roey/tello-ros2/install/tello_msg/include/tello_msg/tello_msg/msg/detail/tello_status__rosidl_typesupport_introspection_c.h
[0.758s] -- Up-to-date: /home/roey/tello-ros2/install/tello_msg/include/tello_msg/tello_msg/msg/detail/tello_id__rosidl_typesupport_introspection_c.h
[0.758s] -- Up-to-date: /home/roey/tello-ros2/install/tello_msg/include/tello_msg/tello_msg/msg/detail/tello_wifi_config__type_support.c
[0.759s] -- Up-to-date: /home/roey/tello-ros2/install/tello_msg/include/tello_msg/tello_msg/msg/detail/tello_wifi_config__rosidl_typesupport_introspection_c.h
[0.759s] -- Up-to-date: /home/roey/tello-ros2/install/tello_msg/lib/libtello_msg__rosidl_typesupport_introspection_c.so
[0.759s] -- Up-to-date: /home/roey/tello-ros2/install/tello_msg/lib/libtello_msg__rosidl_typesupport_c.so
[0.759s] -- Up-to-date: /home/roey/tello-ros2/install/tello_msg/include/tello_msg/tello_msg
[0.759s] -- Up-to-date: /home/roey/tello-ros2/install/tello_msg/include/tello_msg/tello_msg/msg
[0.759s] -- Up-to-date: /home/roey/tello-ros2/install/tello_msg/include/tello_msg/tello_msg/msg/tello_status.hpp
[0.759s] -- Up-to-date: /home/roey/tello-ros2/install/tello_msg/include/tello_msg/tello_msg/msg/detail
[0.759s] -- Up-to-date: /home/roey/tello-ros2/install/tello_msg/include/tello_msg/tello_msg/msg/detail/tello_id__struct.hpp
[0.760s] -- Up-to-date: /home/roey/tello-ros2/install/tello_msg/include/tello_msg/tello_msg/msg/detail/tello_wifi_config__traits.hpp
[0.760s] -- Up-to-date: /home/roey/tello-ros2/install/tello_msg/include/tello_msg/tello_msg/msg/detail/tello_wifi_config__struct.hpp
[0.760s] -- Up-to-date: /home/roey/tello-ros2/install/tello_msg/include/tello_msg/tello_msg/msg/detail/tello_id__builder.hpp
[0.760s] -- Up-to-date: /home/roey/tello-ros2/install/tello_msg/include/tello_msg/tello_msg/msg/detail/tello_id__traits.hpp
[0.760s] -- Up-to-date: /home/roey/tello-ros2/install/tello_msg/include/tello_msg/tello_msg/msg/detail/tello_status__struct.hpp
[0.760s] -- Up-to-date: /home/roey/tello-ros2/install/tello_msg/include/tello_msg/tello_msg/msg/detail/tello_status__traits.hpp
[0.760s] -- Up-to-date: /home/roey/tello-ros2/install/tello_msg/include/tello_msg/tello_msg/msg/detail/tello_wifi_config__builder.hpp
[0.761s] -- Up-to-date: /home/roey/tello-ros2/install/tello_msg/include/tello_msg/tello_msg/msg/detail/tello_status__builder.hpp
[0.761s] -- Up-to-date: /home/roey/tello-ros2/install/tello_msg/include/tello_msg/tello_msg/msg/tello_wifi_config.hpp
[0.761s] -- Up-to-date: /home/roey/tello-ros2/install/tello_msg/include/tello_msg/tello_msg/msg/tello_id.hpp
[0.761s] -- Up-to-date: /home/roey/tello-ros2/install/tello_msg/include/tello_msg/tello_msg
[0.761s] -- Up-to-date: /home/roey/tello-ros2/install/tello_msg/include/tello_msg/tello_msg/msg
[0.761s] -- Up-to-date: /home/roey/tello-ros2/install/tello_msg/include/tello_msg/tello_msg/msg/detail
[0.761s] -- Up-to-date: /home/roey/tello-ros2/install/tello_msg/include/tello_msg/tello_msg/msg/detail/tello_wifi_config__rosidl_typesupport_fastrtps_cpp.hpp
[0.761s] -- Up-to-date: /home/roey/tello-ros2/install/tello_msg/include/tello_msg/tello_msg/msg/detail/dds_fastrtps
[0.762s] -- Up-to-date: /home/roey/tello-ros2/install/tello_msg/include/tello_msg/tello_msg/msg/detail/tello_id__rosidl_typesupport_fastrtps_cpp.hpp
[0.762s] -- Up-to-date: /home/roey/tello-ros2/install/tello_msg/include/tello_msg/tello_msg/msg/detail/tello_status__rosidl_typesupport_fastrtps_cpp.hpp
[0.762s] -- Up-to-date: /home/roey/tello-ros2/install/tello_msg/include/tello_msg/tello_msg/msg/rosidl_typesupport_fastrtps_cpp__visibility_control.h
[0.762s] -- Up-to-date: /home/roey/tello-ros2/install/tello_msg/lib/libtello_msg__rosidl_typesupport_fastrtps_cpp.so
[0.762s] -- Up-to-date: /home/roey/tello-ros2/install/tello_msg/include/tello_msg/tello_msg
[0.762s] -- Up-to-date: /home/roey/tello-ros2/install/tello_msg/include/tello_msg/tello_msg/msg
[0.762s] -- Up-to-date: /home/roey/tello-ros2/install/tello_msg/include/tello_msg/tello_msg/msg/detail
[0.762s] -- Up-to-date: /home/roey/tello-ros2/install/tello_msg/include/tello_msg/tello_msg/msg/detail/tello_id__rosidl_typesupport_introspection_cpp.hpp
[0.763s] -- Up-to-date: /home/roey/tello-ros2/install/tello_msg/include/tello_msg/tello_msg/msg/detail/tello_wifi_config__type_support.cpp
[0.763s] -- Up-to-date: /home/roey/tello-ros2/install/tello_msg/include/tello_msg/tello_msg/msg/detail/tello_status__rosidl_typesupport_introspection_cpp.hpp
[0.763s] -- Up-to-date: /home/roey/tello-ros2/install/tello_msg/include/tello_msg/tello_msg/msg/detail/tello_id__type_support.cpp
[0.763s] -- Up-to-date: /home/roey/tello-ros2/install/tello_msg/include/tello_msg/tello_msg/msg/detail/tello_wifi_config__rosidl_typesupport_introspection_cpp.hpp
[0.763s] -- Up-to-date: /home/roey/tello-ros2/install/tello_msg/include/tello_msg/tello_msg/msg/detail/tello_status__type_support.cpp
[0.763s] -- Up-to-date: /home/roey/tello-ros2/install/tello_msg/lib/libtello_msg__rosidl_typesupport_introspection_cpp.so
[0.763s] -- Up-to-date: /home/roey/tello-ros2/install/tello_msg/lib/libtello_msg__rosidl_typesupport_cpp.so
[0.763s] -- Up-to-date: /home/roey/tello-ros2/install/tello_msg/share/tello_msg/environment/pythonpath.sh
[0.764s] -- Up-to-date: /home/roey/tello-ros2/install/tello_msg/share/tello_msg/environment/pythonpath.dsv
[0.764s] -- Up-to-date: /home/roey/tello-ros2/install/tello_msg/local/lib/python3.10/dist-packages/tello_msg-0.0.1-py3.10.egg-info
[0.764s] -- Installing: /home/roey/tello-ros2/install/tello_msg/local/lib/python3.10/dist-packages/tello_msg-0.0.1-py3.10.egg-info/top_level.txt
[0.764s] -- Installing: /home/roey/tello-ros2/install/tello_msg/local/lib/python3.10/dist-packages/tello_msg-0.0.1-py3.10.egg-info/SOURCES.txt
[0.764s] -- Installing: /home/roey/tello-ros2/install/tello_msg/local/lib/python3.10/dist-packages/tello_msg-0.0.1-py3.10.egg-info/PKG-INFO
[0.764s] -- Installing: /home/roey/tello-ros2/install/tello_msg/local/lib/python3.10/dist-packages/tello_msg-0.0.1-py3.10.egg-info/dependency_links.txt
[0.764s] -- Up-to-date: /home/roey/tello-ros2/install/tello_msg/local/lib/python3.10/dist-packages/tello_msg
[0.765s] -- Up-to-date: /home/roey/tello-ros2/install/tello_msg/local/lib/python3.10/dist-packages/tello_msg/tello_msg_s__rosidl_typesupport_introspection_c.cpython-310-x86_64-linux-gnu.so
[0.765s] -- Up-to-date: /home/roey/tello-ros2/install/tello_msg/local/lib/python3.10/dist-packages/tello_msg/_tello_msg_s.ep.rosidl_typesupport_introspection_c.c
[0.765s] -- Up-to-date: /home/roey/tello-ros2/install/tello_msg/local/lib/python3.10/dist-packages/tello_msg/libtello_msg__rosidl_generator_py.so
[0.765s] -- Up-to-date: /home/roey/tello-ros2/install/tello_msg/local/lib/python3.10/dist-packages/tello_msg/_tello_msg_s.ep.rosidl_typesupport_c.c
[0.765s] -- Up-to-date: /home/roey/tello-ros2/install/tello_msg/local/lib/python3.10/dist-packages/tello_msg/__init__.py
[0.765s] -- Up-to-date: /home/roey/tello-ros2/install/tello_msg/local/lib/python3.10/dist-packages/tello_msg/msg
[0.765s] -- Up-to-date: /home/roey/tello-ros2/install/tello_msg/local/lib/python3.10/dist-packages/tello_msg/msg/_tello_wifi_config_s.c
[0.765s] -- Up-to-date: /home/roey/tello-ros2/install/tello_msg/local/lib/python3.10/dist-packages/tello_msg/msg/_tello_id_s.c
[0.766s] -- Up-to-date: /home/roey/tello-ros2/install/tello_msg/local/lib/python3.10/dist-packages/tello_msg/msg/_tello_status.py
[0.766s] -- Up-to-date: /home/roey/tello-ros2/install/tello_msg/local/lib/python3.10/dist-packages/tello_msg/msg/_tello_wifi_config.py
[0.766s] -- Up-to-date: /home/roey/tello-ros2/install/tello_msg/local/lib/python3.10/dist-packages/tello_msg/msg/__init__.py
[0.766s] -- Up-to-date: /home/roey/tello-ros2/install/tello_msg/local/lib/python3.10/dist-packages/tello_msg/msg/_tello_id.py
[0.766s] -- Up-to-date: /home/roey/tello-ros2/install/tello_msg/local/lib/python3.10/dist-packages/tello_msg/msg/_tello_status_s.c
[0.766s] -- Up-to-date: /home/roey/tello-ros2/install/tello_msg/local/lib/python3.10/dist-packages/tello_msg/tello_msg_s__rosidl_typesupport_c.cpython-310-x86_64-linux-gnu.so
[0.766s] -- Up-to-date: /home/roey/tello-ros2/install/tello_msg/local/lib/python3.10/dist-packages/tello_msg/tello_msg_s__rosidl_typesupport_fastrtps_c.cpython-310-x86_64-linux-gnu.so
[0.766s] -- Up-to-date: /home/roey/tello-ros2/install/tello_msg/local/lib/python3.10/dist-packages/tello_msg/_tello_msg_s.ep.rosidl_typesupport_fastrtps_c.c
[0.803s] Listing '/home/roey/tello-ros2/install/tello_msg/local/lib/python3.10/dist-packages/tello_msg'...
[0.803s] Listing '/home/roey/tello-ros2/install/tello_msg/local/lib/python3.10/dist-packages/tello_msg/msg'...
[0.811s] -- Up-to-date: /home/roey/tello-ros2/install/tello_msg/local/lib/python3.10/dist-packages/tello_msg/tello_msg_s__rosidl_typesupport_fastrtps_c.cpython-310-x86_64-linux-gnu.so
[0.811s] -- Up-to-date: /home/roey/tello-ros2/install/tello_msg/local/lib/python3.10/dist-packages/tello_msg/tello_msg_s__rosidl_typesupport_introspection_c.cpython-310-x86_64-linux-gnu.so
[0.811s] -- Up-to-date: /home/roey/tello-ros2/install/tello_msg/local/lib/python3.10/dist-packages/tello_msg/tello_msg_s__rosidl_typesupport_c.cpython-310-x86_64-linux-gnu.so
[0.811s] -- Up-to-date: /home/roey/tello-ros2/install/tello_msg/lib/libtello_msg__rosidl_generator_py.so
[0.812s] -- Up-to-date: /home/roey/tello-ros2/install/tello_msg/share/tello_msg/msg/TelloStatus.idl
[0.812s] -- Up-to-date: /home/roey/tello-ros2/install/tello_msg/share/tello_msg/msg/TelloID.idl
[0.812s] -- Up-to-date: /home/roey/tello-ros2/install/tello_msg/share/tello_msg/msg/TelloWifiConfig.idl
[0.812s] -- Up-to-date: /home/roey/tello-ros2/install/tello_msg/share/tello_msg/msg/TelloStatus.msg
[0.812s] -- Up-to-date: /home/roey/tello-ros2/install/tello_msg/share/tello_msg/msg/TelloID.msg
[0.813s] -- Up-to-date: /home/roey/tello-ros2/install/tello_msg/share/tello_msg/msg/TelloWifiConfig.msg
[0.813s] -- Up-to-date: /home/roey/tello-ros2/install/tello_msg/share/ament_index/resource_index/package_run_dependencies/tello_msg
[0.813s] -- Up-to-date: /home/roey/tello-ros2/install/tello_msg/share/ament_index/resource_index/parent_prefix_path/tello_msg
[0.813s] -- Up-to-date: /home/roey/tello-ros2/install/tello_msg/share/tello_msg/environment/ament_prefix_path.sh
[0.813s] -- Up-to-date: /home/roey/tello-ros2/install/tello_msg/share/tello_msg/environment/ament_prefix_path.dsv
[0.813s] -- Up-to-date: /home/roey/tello-ros2/install/tello_msg/share/tello_msg/environment/path.sh
[0.814s] -- Up-to-date: /home/roey/tello-ros2/install/tello_msg/share/tello_msg/environment/path.dsv
[0.814s] -- Up-to-date: /home/roey/tello-ros2/install/tello_msg/share/tello_msg/local_setup.bash
[0.814s] -- Up-to-date: /home/roey/tello-ros2/install/tello_msg/share/tello_msg/local_setup.sh
[0.814s] -- Up-to-date: /home/roey/tello-ros2/install/tello_msg/share/tello_msg/local_setup.zsh
[0.814s] -- Up-to-date: /home/roey/tello-ros2/install/tello_msg/share/tello_msg/local_setup.dsv
[0.815s] -- Installing: /home/roey/tello-ros2/install/tello_msg/share/tello_msg/package.dsv
[0.815s] -- Up-to-date: /home/roey/tello-ros2/install/tello_msg/share/ament_index/resource_index/packages/tello_msg
[0.815s] -- Up-to-date: /home/roey/tello-ros2/install/tello_msg/share/tello_msg/cmake/export_tello_msg__rosidl_generator_cExport.cmake
[0.815s] -- Up-to-date: /home/roey/tello-ros2/install/tello_msg/share/tello_msg/cmake/export_tello_msg__rosidl_generator_cExport-noconfig.cmake
[0.815s] -- Up-to-date: /home/roey/tello-ros2/install/tello_msg/share/tello_msg/cmake/export_tello_msg__rosidl_typesupport_fastrtps_cExport.cmake
[0.815s] -- Up-to-date: /home/roey/tello-ros2/install/tello_msg/share/tello_msg/cmake/export_tello_msg__rosidl_typesupport_fastrtps_cExport-noconfig.cmake
[0.815s] -- Up-to-date: /home/roey/tello-ros2/install/tello_msg/share/tello_msg/cmake/tello_msg__rosidl_typesupport_introspection_cExport.cmake
[0.815s] -- Up-to-date: /home/roey/tello-ros2/install/tello_msg/share/tello_msg/cmake/tello_msg__rosidl_typesupport_introspection_cExport-noconfig.cmake
[0.816s] -- Up-to-date: /home/roey/tello-ros2/install/tello_msg/share/tello_msg/cmake/tello_msg__rosidl_typesupport_cExport.cmake
[0.816s] -- Up-to-date: /home/roey/tello-ros2/install/tello_msg/share/tello_msg/cmake/tello_msg__rosidl_typesupport_cExport-noconfig.cmake
[0.816s] -- Up-to-date: /home/roey/tello-ros2/install/tello_msg/share/tello_msg/cmake/export_tello_msg__rosidl_generator_cppExport.cmake
[0.816s] -- Up-to-date: /home/roey/tello-ros2/install/tello_msg/share/tello_msg/cmake/export_tello_msg__rosidl_typesupport_fastrtps_cppExport.cmake
[0.816s] -- Up-to-date: /home/roey/tello-ros2/install/tello_msg/share/tello_msg/cmake/export_tello_msg__rosidl_typesupport_fastrtps_cppExport-noconfig.cmake
[0.816s] -- Up-to-date: /home/roey/tello-ros2/install/tello_msg/share/tello_msg/cmake/tello_msg__rosidl_typesupport_introspection_cppExport.cmake
[0.817s] -- Up-to-date: /home/roey/tello-ros2/install/tello_msg/share/tello_msg/cmake/tello_msg__rosidl_typesupport_introspection_cppExport-noconfig.cmake
[0.818s] -- Up-to-date: /home/roey/tello-ros2/install/tello_msg/share/tello_msg/cmake/tello_msg__rosidl_typesupport_cppExport.cmake
[0.818s] -- Up-to-date: /home/roey/tello-ros2/install/tello_msg/share/tello_msg/cmake/tello_msg__rosidl_typesupport_cppExport-noconfig.cmake
[0.818s] -- Up-to-date: /home/roey/tello-ros2/install/tello_msg/share/tello_msg/cmake/export_tello_msg__rosidl_generator_pyExport.cmake
[0.819s] -- Up-to-date: /home/roey/tello-ros2/install/tello_msg/share/tello_msg/cmake/export_tello_msg__rosidl_generator_pyExport-noconfig.cmake
[0.819s] -- Up-to-date: /home/roey/tello-ros2/install/tello_msg/share/tello_msg/cmake/rosidl_cmake-extras.cmake
[0.819s] -- Up-to-date: /home/roey/tello-ros2/install/tello_msg/share/tello_msg/cmake/ament_cmake_export_dependencies-extras.cmake
[0.819s] -- Up-to-date: /home/roey/tello-ros2/install/tello_msg/share/tello_msg/cmake/ament_cmake_export_include_directories-extras.cmake
[0.820s] -- Up-to-date: /home/roey/tello-ros2/install/tello_msg/share/tello_msg/cmake/ament_cmake_export_libraries-extras.cmake
[0.820s] -- Up-to-date: /home/roey/tello-ros2/install/tello_msg/share/tello_msg/cmake/ament_cmake_export_targets-extras.cmake
[0.820s] -- Up-to-date: /home/roey/tello-ros2/install/tello_msg/share/tello_msg/cmake/rosidl_cmake_export_typesupport_targets-extras.cmake
[0.820s] -- Up-to-date: /home/roey/tello-ros2/install/tello_msg/share/tello_msg/cmake/rosidl_cmake_export_typesupport_libraries-extras.cmake
[0.820s] -- Up-to-date: /home/roey/tello-ros2/install/tello_msg/share/tello_msg/cmake/tello_msgConfig.cmake
[0.821s] -- Up-to-date: /home/roey/tello-ros2/install/tello_msg/share/tello_msg/cmake/tello_msgConfig-version.cmake
[0.821s] -- Up-to-date: /home/roey/tello-ros2/install/tello_msg/share/tello_msg/package.xml
[0.821s] Invoked command in '/home/roey/tello-ros2/build/tello_msg' returned '0': CMAKE_PREFIX_PATH=${CMAKE_PREFIX_PATH}:/home/roey/tello-ros2/install/tello:/opt/ros/humble /usr/bin/cmake --install /home/roey/tello-ros2/build/tello_msg
