[0.260s] DEBUG:colcon:Command line arguments: ['/usr/bin/colcon', 'build', '--cmake-clean-cache', '--packages-select', 'orbslam2']
[0.260s] DEBUG:colcon:Parsed command line arguments: Namespace(log_base=None, log_level=None, verb_name='build', build_base='build', install_base='install', merge_install=False, symlink_install=False, test_result_base=None, continue_on_error=False, executor='parallel', parallel_workers=8, event_handlers=None, ignore_user_meta=False, metas=['./colcon.meta'], base_paths=['.'], packages_ignore=None, packages_ignore_regex=None, paths=None, packages_up_to=None, packages_up_to_regex=None, packages_above=None, packages_above_and_dependencies=None, packages_above_depth=None, packages_select_by_dep=None, packages_skip_by_dep=None, packages_skip_up_to=None, packages_select_build_failed=False, packages_skip_build_finished=False, packages_select_test_failures=False, packages_skip_test_passed=False, packages_select=['orbslam2'], packages_skip=None, packages_select_regex=None, packages_skip_regex=None, packages_start=None, packages_end=None, allow_overriding=[], cmake_args=None, cmake_target=None, cmake_target_skip_unavailable=False, cmake_clean_cache=True, cmake_clean_first=False, cmake_force_configure=False, ament_cmake_args=None, catkin_cmake_args=None, catkin_skip_building_tests=False, mixin_files=None, mixin=None, verb_parser=<colcon_mixin.mixin.mixin_argument.MixinArgumentDecorator object at 0x7d5e61ad7400>, verb_extension=<colcon_core.verb.build.BuildVerb object at 0x7d5e61ad6e00>, main=<bound method BuildVerb.main of <colcon_core.verb.build.BuildVerb object at 0x7d5e61ad6e00>>, mixin_verb=('build',))
[0.697s] Level 1:colcon.colcon_core.package_discovery:discover_packages(colcon_meta) check parameters
[0.700s] Level 1:colcon.colcon_core.package_discovery:discover_packages(recursive) check parameters
[0.700s] Level 1:colcon.colcon_core.package_discovery:discover_packages(ignore) check parameters
[0.700s] Level 1:colcon.colcon_core.package_discovery:discover_packages(path) check parameters
[0.700s] Level 1:colcon.colcon_core.package_discovery:discover_packages(colcon_meta) discover
[0.700s] Level 1:colcon.colcon_core.package_discovery:discover_packages(recursive) discover
[0.700s] INFO:colcon.colcon_core.package_discovery:Crawling recursively for packages in '/home/roey/tello-vio'
[0.700s] Level 1:colcon.colcon_core.package_identification:_identify(.) by extensions ['ignore', 'ignore_ament_install']
[0.700s] Level 1:colcon.colcon_core.package_identification:_identify(.) by extension 'ignore'
[0.701s] Level 1:colcon.colcon_core.package_identification:_identify(.) by extension 'ignore_ament_install'
[0.701s] Level 1:colcon.colcon_core.package_identification:_identify(.) by extensions ['colcon_pkg']
[0.701s] Level 1:colcon.colcon_core.package_identification:_identify(.) by extension 'colcon_pkg'
[0.701s] Level 1:colcon.colcon_core.package_identification:_identify(.) by extensions ['colcon_meta']
[0.701s] Level 1:colcon.colcon_core.package_identification:_identify(.) by extension 'colcon_meta'
[0.701s] Level 1:colcon.colcon_core.package_identification:_identify(.) by extensions ['ros']
[0.701s] Level 1:colcon.colcon_core.package_identification:_identify(.) by extension 'ros'
[0.789s] Level 1:colcon.colcon_core.package_identification:_identify(.) by extensions ['cmake', 'python']
[0.789s] Level 1:colcon.colcon_core.package_identification:_identify(.) by extension 'cmake'
[0.790s] Level 1:colcon.colcon_core.package_identification:_identify(.) by extension 'python'
[0.790s] Level 1:colcon.colcon_core.package_identification:_identify(.) by extensions ['python_setup_py']
[0.790s] Level 1:colcon.colcon_core.package_identification:_identify(.) by extension 'python_setup_py'
[0.790s] Level 1:colcon.colcon_core.package_identification:_identify(build) by extensions ['ignore', 'ignore_ament_install']
[0.790s] Level 1:colcon.colcon_core.package_identification:_identify(build) by extension 'ignore'
[0.790s] Level 1:colcon.colcon_core.package_identification:_identify(build) ignored
[0.791s] Level 1:colcon.colcon_core.package_identification:_identify(install) by extensions ['ignore', 'ignore_ament_install']
[0.791s] Level 1:colcon.colcon_core.package_identification:_identify(install) by extension 'ignore'
[0.791s] Level 1:colcon.colcon_core.package_identification:_identify(install) ignored
[0.791s] Level 1:colcon.colcon_core.package_identification:_identify(libs) by extensions ['ignore', 'ignore_ament_install']
[0.791s] Level 1:colcon.colcon_core.package_identification:_identify(libs) by extension 'ignore'
[0.791s] Level 1:colcon.colcon_core.package_identification:_identify(libs) ignored
[0.792s] Level 1:colcon.colcon_core.package_identification:_identify(log) by extensions ['ignore', 'ignore_ament_install']
[0.792s] Level 1:colcon.colcon_core.package_identification:_identify(log) by extension 'ignore'
[0.792s] Level 1:colcon.colcon_core.package_identification:_identify(log) ignored
[0.792s] Level 1:colcon.colcon_core.package_identification:_identify(readme) by extensions ['ignore', 'ignore_ament_install']
[0.792s] Level 1:colcon.colcon_core.package_identification:_identify(readme) by extension 'ignore'
[0.793s] Level 1:colcon.colcon_core.package_identification:_identify(readme) by extension 'ignore_ament_install'
[0.793s] Level 1:colcon.colcon_core.package_identification:_identify(readme) by extensions ['colcon_pkg']
[0.794s] Level 1:colcon.colcon_core.package_identification:_identify(readme) by extension 'colcon_pkg'
[0.794s] Level 1:colcon.colcon_core.package_identification:_identify(readme) by extensions ['colcon_meta']
[0.794s] Level 1:colcon.colcon_core.package_identification:_identify(readme) by extension 'colcon_meta'
[0.794s] Level 1:colcon.colcon_core.package_identification:_identify(readme) by extensions ['ros']
[0.794s] Level 1:colcon.colcon_core.package_identification:_identify(readme) by extension 'ros'
[0.795s] Level 1:colcon.colcon_core.package_identification:_identify(readme) by extensions ['cmake', 'python']
[0.795s] Level 1:colcon.colcon_core.package_identification:_identify(readme) by extension 'cmake'
[0.795s] Level 1:colcon.colcon_core.package_identification:_identify(readme) by extension 'python'
[0.795s] Level 1:colcon.colcon_core.package_identification:_identify(readme) by extensions ['python_setup_py']
[0.795s] Level 1:colcon.colcon_core.package_identification:_identify(readme) by extension 'python_setup_py'
[0.795s] Level 1:colcon.colcon_core.package_identification:_identify(scripts) by extensions ['ignore', 'ignore_ament_install']
[0.796s] Level 1:colcon.colcon_core.package_identification:_identify(scripts) by extension 'ignore'
[0.796s] Level 1:colcon.colcon_core.package_identification:_identify(scripts) by extension 'ignore_ament_install'
[0.796s] Level 1:colcon.colcon_core.package_identification:_identify(scripts) by extensions ['colcon_pkg']
[0.797s] Level 1:colcon.colcon_core.package_identification:_identify(scripts) by extension 'colcon_pkg'
[0.797s] Level 1:colcon.colcon_core.package_identification:_identify(scripts) by extensions ['colcon_meta']
[0.797s] Level 1:colcon.colcon_core.package_identification:_identify(scripts) by extension 'colcon_meta'
[0.797s] Level 1:colcon.colcon_core.package_identification:_identify(scripts) by extensions ['ros']
[0.797s] Level 1:colcon.colcon_core.package_identification:_identify(scripts) by extension 'ros'
[0.797s] Level 1:colcon.colcon_core.package_identification:_identify(scripts) by extensions ['cmake', 'python']
[0.797s] Level 1:colcon.colcon_core.package_identification:_identify(scripts) by extension 'cmake'
[0.797s] Level 1:colcon.colcon_core.package_identification:_identify(scripts) by extension 'python'
[0.798s] Level 1:colcon.colcon_core.package_identification:_identify(scripts) by extensions ['python_setup_py']
[0.798s] Level 1:colcon.colcon_core.package_identification:_identify(scripts) by extension 'python_setup_py'
[0.798s] Level 1:colcon.colcon_core.package_identification:_identify(slam) by extensions ['ignore', 'ignore_ament_install']
[0.798s] Level 1:colcon.colcon_core.package_identification:_identify(slam) by extension 'ignore'
[0.798s] Level 1:colcon.colcon_core.package_identification:_identify(slam) by extension 'ignore_ament_install'
[0.798s] Level 1:colcon.colcon_core.package_identification:_identify(slam) by extensions ['colcon_pkg']
[0.798s] Level 1:colcon.colcon_core.package_identification:_identify(slam) by extension 'colcon_pkg'
[0.798s] Level 1:colcon.colcon_core.package_identification:_identify(slam) by extensions ['colcon_meta']
[0.798s] Level 1:colcon.colcon_core.package_identification:_identify(slam) by extension 'colcon_meta'
[0.799s] Level 1:colcon.colcon_core.package_identification:_identify(slam) by extensions ['ros']
[0.799s] Level 1:colcon.colcon_core.package_identification:_identify(slam) by extension 'ros'
[0.799s] Level 1:colcon.colcon_core.package_identification:_identify(slam) by extensions ['cmake', 'python']
[0.799s] Level 1:colcon.colcon_core.package_identification:_identify(slam) by extension 'cmake'
[0.799s] Level 1:colcon.colcon_core.package_identification:_identify(slam) by extension 'python'
[0.799s] Level 1:colcon.colcon_core.package_identification:_identify(slam) by extensions ['python_setup_py']
[0.799s] Level 1:colcon.colcon_core.package_identification:_identify(slam) by extension 'python_setup_py'
[0.799s] Level 1:colcon.colcon_core.package_identification:_identify(slam/src) by extensions ['ignore', 'ignore_ament_install']
[0.800s] Level 1:colcon.colcon_core.package_identification:_identify(slam/src) by extension 'ignore'
[0.800s] Level 1:colcon.colcon_core.package_identification:_identify(slam/src) by extension 'ignore_ament_install'
[0.800s] Level 1:colcon.colcon_core.package_identification:_identify(slam/src) by extensions ['colcon_pkg']
[0.800s] Level 1:colcon.colcon_core.package_identification:_identify(slam/src) by extension 'colcon_pkg'
[0.800s] Level 1:colcon.colcon_core.package_identification:_identify(slam/src) by extensions ['colcon_meta']
[0.800s] Level 1:colcon.colcon_core.package_identification:_identify(slam/src) by extension 'colcon_meta'
[0.800s] Level 1:colcon.colcon_core.package_identification:_identify(slam/src) by extensions ['ros']
[0.800s] Level 1:colcon.colcon_core.package_identification:_identify(slam/src) by extension 'ros'
[0.800s] Level 1:colcon.colcon_core.package_identification:_identify(slam/src) by extensions ['cmake', 'python']
[0.800s] Level 1:colcon.colcon_core.package_identification:_identify(slam/src) by extension 'cmake'
[0.801s] Level 1:colcon.colcon_core.package_identification:_identify(slam/src) by extension 'python'
[0.801s] Level 1:colcon.colcon_core.package_identification:_identify(slam/src) by extensions ['python_setup_py']
[0.801s] Level 1:colcon.colcon_core.package_identification:_identify(slam/src) by extension 'python_setup_py'
[0.801s] Level 1:colcon.colcon_core.package_identification:_identify(slam/src/orbslam2) by extensions ['ignore', 'ignore_ament_install']
[0.801s] Level 1:colcon.colcon_core.package_identification:_identify(slam/src/orbslam2) by extension 'ignore'
[0.801s] Level 1:colcon.colcon_core.package_identification:_identify(slam/src/orbslam2) by extension 'ignore_ament_install'
[0.801s] Level 1:colcon.colcon_core.package_identification:_identify(slam/src/orbslam2) by extensions ['colcon_pkg']
[0.801s] Level 1:colcon.colcon_core.package_identification:_identify(slam/src/orbslam2) by extension 'colcon_pkg'
[0.802s] Level 1:colcon.colcon_core.package_identification:_identify(slam/src/orbslam2) by extensions ['colcon_meta']
[0.802s] Level 1:colcon.colcon_core.package_identification:_identify(slam/src/orbslam2) by extension 'colcon_meta'
[0.802s] Level 1:colcon.colcon_core.package_identification:_identify(slam/src/orbslam2) by extensions ['ros']
[0.802s] Level 1:colcon.colcon_core.package_identification:_identify(slam/src/orbslam2) by extension 'ros'
[0.808s] DEBUG:colcon.colcon_core.package_identification:Package 'slam/src/orbslam2' with type 'ros.ament_cmake' and name 'orbslam2'
[0.808s] Level 1:colcon.colcon_core.package_identification:_identify(workspace) by extensions ['ignore', 'ignore_ament_install']
[0.808s] Level 1:colcon.colcon_core.package_identification:_identify(workspace) by extension 'ignore'
[0.809s] Level 1:colcon.colcon_core.package_identification:_identify(workspace) by extension 'ignore_ament_install'
[0.809s] Level 1:colcon.colcon_core.package_identification:_identify(workspace) by extensions ['colcon_pkg']
[0.809s] Level 1:colcon.colcon_core.package_identification:_identify(workspace) by extension 'colcon_pkg'
[0.809s] Level 1:colcon.colcon_core.package_identification:_identify(workspace) by extensions ['colcon_meta']
[0.809s] Level 1:colcon.colcon_core.package_identification:_identify(workspace) by extension 'colcon_meta'
[0.809s] Level 1:colcon.colcon_core.package_identification:_identify(workspace) by extensions ['ros']
[0.810s] Level 1:colcon.colcon_core.package_identification:_identify(workspace) by extension 'ros'
[0.810s] Level 1:colcon.colcon_core.package_identification:_identify(workspace) by extensions ['cmake', 'python']
[0.810s] Level 1:colcon.colcon_core.package_identification:_identify(workspace) by extension 'cmake'
[0.810s] Level 1:colcon.colcon_core.package_identification:_identify(workspace) by extension 'python'
[0.810s] Level 1:colcon.colcon_core.package_identification:_identify(workspace) by extensions ['python_setup_py']
[0.810s] Level 1:colcon.colcon_core.package_identification:_identify(workspace) by extension 'python_setup_py'
[0.811s] Level 1:colcon.colcon_core.package_identification:_identify(workspace/src) by extensions ['ignore', 'ignore_ament_install']
[0.811s] Level 1:colcon.colcon_core.package_identification:_identify(workspace/src) by extension 'ignore'
[0.811s] Level 1:colcon.colcon_core.package_identification:_identify(workspace/src) by extension 'ignore_ament_install'
[0.811s] Level 1:colcon.colcon_core.package_identification:_identify(workspace/src) by extensions ['colcon_pkg']
[0.811s] Level 1:colcon.colcon_core.package_identification:_identify(workspace/src) by extension 'colcon_pkg'
[0.811s] Level 1:colcon.colcon_core.package_identification:_identify(workspace/src) by extensions ['colcon_meta']
[0.811s] Level 1:colcon.colcon_core.package_identification:_identify(workspace/src) by extension 'colcon_meta'
[0.812s] Level 1:colcon.colcon_core.package_identification:_identify(workspace/src) by extensions ['ros']
[0.812s] Level 1:colcon.colcon_core.package_identification:_identify(workspace/src) by extension 'ros'
[0.812s] Level 1:colcon.colcon_core.package_identification:_identify(workspace/src) by extensions ['cmake', 'python']
[0.812s] Level 1:colcon.colcon_core.package_identification:_identify(workspace/src) by extension 'cmake'
[0.812s] Level 1:colcon.colcon_core.package_identification:_identify(workspace/src) by extension 'python'
[0.812s] Level 1:colcon.colcon_core.package_identification:_identify(workspace/src) by extensions ['python_setup_py']
[0.812s] Level 1:colcon.colcon_core.package_identification:_identify(workspace/src) by extension 'python_setup_py'
[0.813s] Level 1:colcon.colcon_core.package_identification:_identify(workspace/src/tello) by extensions ['ignore', 'ignore_ament_install']
[0.813s] Level 1:colcon.colcon_core.package_identification:_identify(workspace/src/tello) by extension 'ignore'
[0.813s] Level 1:colcon.colcon_core.package_identification:_identify(workspace/src/tello) by extension 'ignore_ament_install'
[0.813s] Level 1:colcon.colcon_core.package_identification:_identify(workspace/src/tello) by extensions ['colcon_pkg']
[0.814s] Level 1:colcon.colcon_core.package_identification:_identify(workspace/src/tello) by extension 'colcon_pkg'
[0.814s] Level 1:colcon.colcon_core.package_identification:_identify(workspace/src/tello) by extensions ['colcon_meta']
[0.814s] Level 1:colcon.colcon_core.package_identification:_identify(workspace/src/tello) by extension 'colcon_meta'
[0.814s] Level 1:colcon.colcon_core.package_identification:_identify(workspace/src/tello) by extensions ['ros']
[0.815s] Level 1:colcon.colcon_core.package_identification:_identify(workspace/src/tello) by extension 'ros'
[0.816s] DEBUG:colcon.colcon_core.package_identification:Package 'workspace/src/tello' with type 'ros.ament_python' and name 'tello'
[0.817s] Level 1:colcon.colcon_core.package_identification:_identify(workspace/src/tello_control) by extensions ['ignore', 'ignore_ament_install']
[0.817s] Level 1:colcon.colcon_core.package_identification:_identify(workspace/src/tello_control) by extension 'ignore'
[0.817s] Level 1:colcon.colcon_core.package_identification:_identify(workspace/src/tello_control) by extension 'ignore_ament_install'
[0.817s] Level 1:colcon.colcon_core.package_identification:_identify(workspace/src/tello_control) by extensions ['colcon_pkg']
[0.817s] Level 1:colcon.colcon_core.package_identification:_identify(workspace/src/tello_control) by extension 'colcon_pkg'
[0.818s] Level 1:colcon.colcon_core.package_identification:_identify(workspace/src/tello_control) by extensions ['colcon_meta']
[0.818s] Level 1:colcon.colcon_core.package_identification:_identify(workspace/src/tello_control) by extension 'colcon_meta'
[0.818s] Level 1:colcon.colcon_core.package_identification:_identify(workspace/src/tello_control) by extensions ['ros']
[0.819s] Level 1:colcon.colcon_core.package_identification:_identify(workspace/src/tello_control) by extension 'ros'
[0.821s] DEBUG:colcon.colcon_core.package_identification:Package 'workspace/src/tello_control' with type 'ros.ament_cmake' and name 'tello_control'
[0.821s] Level 1:colcon.colcon_core.package_identification:_identify(workspace/src/tello_msg) by extensions ['ignore', 'ignore_ament_install']
[0.822s] Level 1:colcon.colcon_core.package_identification:_identify(workspace/src/tello_msg) by extension 'ignore'
[0.822s] Level 1:colcon.colcon_core.package_identification:_identify(workspace/src/tello_msg) by extension 'ignore_ament_install'
[0.822s] Level 1:colcon.colcon_core.package_identification:_identify(workspace/src/tello_msg) by extensions ['colcon_pkg']
[0.823s] Level 1:colcon.colcon_core.package_identification:_identify(workspace/src/tello_msg) by extension 'colcon_pkg'
[0.823s] Level 1:colcon.colcon_core.package_identification:_identify(workspace/src/tello_msg) by extensions ['colcon_meta']
[0.823s] Level 1:colcon.colcon_core.package_identification:_identify(workspace/src/tello_msg) by extension 'colcon_meta'
[0.824s] Level 1:colcon.colcon_core.package_identification:_identify(workspace/src/tello_msg) by extensions ['ros']
[0.824s] Level 1:colcon.colcon_core.package_identification:_identify(workspace/src/tello_msg) by extension 'ros'
[0.826s] DEBUG:colcon.colcon_core.package_identification:Package 'workspace/src/tello_msg' with type 'ros.ament_cmake' and name 'tello_msg'
[0.826s] Level 1:colcon.colcon_core.package_discovery:discover_packages(recursive) using defaults
[0.827s] Level 1:colcon.colcon_core.package_discovery:discover_packages(ignore) discover
[0.827s] Level 1:colcon.colcon_core.package_discovery:discover_packages(ignore) using defaults
[0.827s] Level 1:colcon.colcon_core.package_discovery:discover_packages(path) discover
[0.827s] Level 1:colcon.colcon_core.package_discovery:discover_packages(path) using defaults
[0.874s] INFO:colcon.colcon_core.package_selection:Skipping not selected package 'tello_control' in 'workspace/src/tello_control'
[0.875s] INFO:colcon.colcon_core.package_selection:Skipping not selected package 'tello_msg' in 'workspace/src/tello_msg'
[0.875s] INFO:colcon.colcon_core.package_selection:Skipping not selected package 'tello' in 'workspace/src/tello'
[0.876s] Level 1:colcon.colcon_core.package_discovery:discover_packages(prefix_path) check parameters
[0.876s] Level 1:colcon.colcon_core.package_discovery:discover_packages(prefix_path) discover
[0.880s] DEBUG:colcon.colcon_installed_package_information.package_discovery:Found 4 installed packages in /home/roey/tello-vio/install
[0.882s] DEBUG:colcon.colcon_installed_package_information.package_discovery:Found 4 installed packages in /home/roey/tello-ros2/install
[0.886s] DEBUG:colcon.colcon_installed_package_information.package_discovery:Found 450 installed packages in /opt/ros/humble
[0.892s] Level 1:colcon.colcon_core.package_discovery:discover_packages(prefix_path) using defaults
[1.049s] Level 5:colcon.colcon_core.verb:set package 'orbslam2' build argument 'cmake_args' from command line to 'None'
[1.054s] Level 5:colcon.colcon_core.verb:set package 'orbslam2' build argument 'cmake_target' from command line to 'None'
[1.054s] Level 5:colcon.colcon_core.verb:set package 'orbslam2' build argument 'cmake_target_skip_unavailable' from command line to 'False'
[1.054s] Level 5:colcon.colcon_core.verb:set package 'orbslam2' build argument 'cmake_clean_cache' from command line to 'True'
[1.055s] Level 5:colcon.colcon_core.verb:set package 'orbslam2' build argument 'cmake_clean_first' from command line to 'False'
[1.055s] Level 5:colcon.colcon_core.verb:set package 'orbslam2' build argument 'cmake_force_configure' from command line to 'False'
[1.055s] Level 5:colcon.colcon_core.verb:set package 'orbslam2' build argument 'ament_cmake_args' from command line to 'None'
[1.055s] Level 5:colcon.colcon_core.verb:set package 'orbslam2' build argument 'catkin_cmake_args' from command line to 'None'
[1.055s] Level 5:colcon.colcon_core.verb:set package 'orbslam2' build argument 'catkin_skip_building_tests' from command line to 'False'
[1.055s] DEBUG:colcon.colcon_core.verb:Building package 'orbslam2' with the following arguments: {'ament_cmake_args': None, 'build_base': '/home/roey/tello-vio/build/orbslam2', 'catkin_cmake_args': None, 'catkin_skip_building_tests': False, 'cmake_args': None, 'cmake_clean_cache': True, 'cmake_clean_first': False, 'cmake_force_configure': False, 'cmake_target': None, 'cmake_target_skip_unavailable': False, 'install_base': '/home/roey/tello-vio/install/orbslam2', 'merge_install': False, 'path': '/home/roey/tello-vio/slam/src/orbslam2', 'symlink_install': False, 'test_result_base': None}
[1.055s] INFO:colcon.colcon_core.executor:Executing jobs using 'parallel' executor
[1.061s] DEBUG:colcon.colcon_parallel_executor.executor.parallel:run_until_complete
[1.061s] INFO:colcon.colcon_ros.task.ament_cmake.build:Building ROS package in '/home/roey/tello-vio/slam/src/orbslam2' with build type 'ament_cmake'
[1.062s] INFO:colcon.colcon_cmake.task.cmake.build:Building CMake package in '/home/roey/tello-vio/slam/src/orbslam2'
[1.070s] INFO:colcon.colcon_core.plugin_system:Skipping extension 'colcon_core.shell.bat': Not used on non-Windows systems
[1.074s] INFO:colcon.colcon_core.shell:Skip shell extension 'powershell' for command environment: Not usable outside of PowerShell
[1.074s] DEBUG:colcon.colcon_core.shell:Skip shell extension 'dsv' for command environment
[1.113s] DEBUG:colcon.colcon_core.event_handler.log_command:Invoking command in '/home/roey/tello-vio/build/orbslam2': CMAKE_PREFIX_PATH=${CMAKE_PREFIX_PATH}:/home/roey/tello-vio/install/tello:/home/roey/tello-ros2/install/tello:/opt/ros/humble /usr/bin/cmake /home/roey/tello-vio/slam/src/orbslam2 -DCMAKE_INSTALL_PREFIX=/home/roey/tello-vio/install/orbslam2
[3.837s] DEBUG:colcon.colcon_core.event_handler.log_command:Invoked command in '/home/roey/tello-vio/build/orbslam2' returned '0': CMAKE_PREFIX_PATH=${CMAKE_PREFIX_PATH}:/home/roey/tello-vio/install/tello:/home/roey/tello-ros2/install/tello:/opt/ros/humble /usr/bin/cmake /home/roey/tello-vio/slam/src/orbslam2 -DCMAKE_INSTALL_PREFIX=/home/roey/tello-vio/install/orbslam2
[3.839s] DEBUG:colcon.colcon_core.event_handler.log_command:Invoking command in '/home/roey/tello-vio/build/orbslam2': CMAKE_PREFIX_PATH=${CMAKE_PREFIX_PATH}:/home/roey/tello-vio/install/tello:/home/roey/tello-ros2/install/tello:/opt/ros/humble /usr/bin/cmake --build /home/roey/tello-vio/build/orbslam2 -- -j8 -l8
[37.372s] DEBUG:colcon.colcon_core.event_handler.log_command:Invoked command in '/home/roey/tello-vio/build/orbslam2' returned '0': CMAKE_PREFIX_PATH=${CMAKE_PREFIX_PATH}:/home/roey/tello-vio/install/tello:/home/roey/tello-ros2/install/tello:/opt/ros/humble /usr/bin/cmake --build /home/roey/tello-vio/build/orbslam2 -- -j8 -l8
[37.442s] DEBUG:colcon.colcon_core.event_handler.log_command:Invoking command in '/home/roey/tello-vio/build/orbslam2': CMAKE_PREFIX_PATH=${CMAKE_PREFIX_PATH}:/home/roey/tello-vio/install/tello:/home/roey/tello-ros2/install/tello:/opt/ros/humble /usr/bin/cmake --install /home/roey/tello-vio/build/orbslam2
[37.467s] Level 1:colcon.colcon_core.environment:create_environment_scripts_only(orbslam2)
[37.468s] DEBUG:colcon.colcon_core.event_handler.log_command:Invoked command in '/home/roey/tello-vio/build/orbslam2' returned '0': CMAKE_PREFIX_PATH=${CMAKE_PREFIX_PATH}:/home/roey/tello-vio/install/tello:/home/roey/tello-ros2/install/tello:/opt/ros/humble /usr/bin/cmake --install /home/roey/tello-vio/build/orbslam2
[37.474s] Level 1:colcon.colcon_core.environment:checking '/home/roey/tello-vio/install/orbslam2' for CMake module files
[37.475s] Level 1:colcon.colcon_core.environment:checking '/home/roey/tello-vio/install/orbslam2' for CMake config files
[37.476s] Level 1:colcon.colcon_core.shell:create_environment_hook('orbslam2', 'cmake_prefix_path')
[37.476s] INFO:colcon.colcon_core.shell:Creating environment hook '/home/roey/tello-vio/install/orbslam2/share/orbslam2/hook/cmake_prefix_path.ps1'
[37.477s] INFO:colcon.colcon_core.shell:Creating environment descriptor '/home/roey/tello-vio/install/orbslam2/share/orbslam2/hook/cmake_prefix_path.dsv'
[37.478s] INFO:colcon.colcon_core.shell:Creating environment hook '/home/roey/tello-vio/install/orbslam2/share/orbslam2/hook/cmake_prefix_path.sh'
[37.480s] Level 1:colcon.colcon_core.environment:checking '/home/roey/tello-vio/install/orbslam2/lib'
[37.480s] Level 1:colcon.colcon_core.environment:checking '/home/roey/tello-vio/install/orbslam2/bin'
[37.481s] Level 1:colcon.colcon_core.environment:checking '/home/roey/tello-vio/install/orbslam2/lib/pkgconfig/orbslam2.pc'
[37.481s] Level 1:colcon.colcon_core.environment:checking '/home/roey/tello-vio/install/orbslam2/lib/python3.10/site-packages'
[37.481s] Level 1:colcon.colcon_core.environment:checking '/home/roey/tello-vio/install/orbslam2/bin'
[37.482s] INFO:colcon.colcon_core.shell:Creating package script '/home/roey/tello-vio/install/orbslam2/share/orbslam2/package.ps1'
[37.484s] INFO:colcon.colcon_core.shell:Creating package descriptor '/home/roey/tello-vio/install/orbslam2/share/orbslam2/package.dsv'
[37.486s] INFO:colcon.colcon_core.shell:Creating package script '/home/roey/tello-vio/install/orbslam2/share/orbslam2/package.sh'
[37.488s] INFO:colcon.colcon_core.shell:Creating package script '/home/roey/tello-vio/install/orbslam2/share/orbslam2/package.bash'
[37.490s] INFO:colcon.colcon_core.shell:Creating package script '/home/roey/tello-vio/install/orbslam2/share/orbslam2/package.zsh'
[37.491s] Level 1:colcon.colcon_core.environment:create_file_with_runtime_dependencies(/home/roey/tello-vio/install/orbslam2/share/colcon-core/packages/orbslam2)
[37.565s] Level 1:colcon.colcon_core.environment:create_environment_scripts_only(orbslam2)
[37.566s] Level 1:colcon.colcon_core.environment:checking '/home/roey/tello-vio/install/orbslam2' for CMake module files
[37.567s] Level 1:colcon.colcon_core.environment:checking '/home/roey/tello-vio/install/orbslam2' for CMake config files
[37.567s] Level 1:colcon.colcon_core.shell:create_environment_hook('orbslam2', 'cmake_prefix_path')
[37.569s] INFO:colcon.colcon_core.shell:Creating environment hook '/home/roey/tello-vio/install/orbslam2/share/orbslam2/hook/cmake_prefix_path.ps1'
[37.571s] INFO:colcon.colcon_core.shell:Creating environment descriptor '/home/roey/tello-vio/install/orbslam2/share/orbslam2/hook/cmake_prefix_path.dsv'
[37.572s] INFO:colcon.colcon_core.shell:Creating environment hook '/home/roey/tello-vio/install/orbslam2/share/orbslam2/hook/cmake_prefix_path.sh'
[37.574s] Level 1:colcon.colcon_core.environment:checking '/home/roey/tello-vio/install/orbslam2/lib'
[37.574s] Level 1:colcon.colcon_core.environment:checking '/home/roey/tello-vio/install/orbslam2/bin'
[37.575s] Level 1:colcon.colcon_core.environment:checking '/home/roey/tello-vio/install/orbslam2/lib/pkgconfig/orbslam2.pc'
[37.575s] Level 1:colcon.colcon_core.environment:checking '/home/roey/tello-vio/install/orbslam2/lib/python3.10/site-packages'
[37.576s] Level 1:colcon.colcon_core.environment:checking '/home/roey/tello-vio/install/orbslam2/bin'
[37.576s] INFO:colcon.colcon_core.shell:Creating package script '/home/roey/tello-vio/install/orbslam2/share/orbslam2/package.ps1'
[37.578s] INFO:colcon.colcon_core.shell:Creating package descriptor '/home/roey/tello-vio/install/orbslam2/share/orbslam2/package.dsv'
[37.579s] INFO:colcon.colcon_core.shell:Creating package script '/home/roey/tello-vio/install/orbslam2/share/orbslam2/package.sh'
[37.580s] INFO:colcon.colcon_core.shell:Creating package script '/home/roey/tello-vio/install/orbslam2/share/orbslam2/package.bash'
[37.581s] INFO:colcon.colcon_core.shell:Creating package script '/home/roey/tello-vio/install/orbslam2/share/orbslam2/package.zsh'
[37.582s] Level 1:colcon.colcon_core.environment:create_file_with_runtime_dependencies(/home/roey/tello-vio/install/orbslam2/share/colcon-core/packages/orbslam2)
[37.584s] DEBUG:colcon.colcon_parallel_executor.executor.parallel:closing loop
[37.585s] DEBUG:colcon.colcon_parallel_executor.executor.parallel:loop closed
[37.585s] DEBUG:colcon.colcon_parallel_executor.executor.parallel:run_until_complete finished with '0'
[37.585s] DEBUG:colcon.colcon_core.event_reactor:joining thread
[37.598s] INFO:colcon.colcon_core.plugin_system:Skipping extension 'colcon_notification.desktop_notification.terminal_notifier': Not used on non-Darwin systems
[37.598s] INFO:colcon.colcon_core.plugin_system:Skipping extension 'colcon_notification.desktop_notification.win32': Not used on non-Windows systems
[37.598s] INFO:colcon.colcon_notification.desktop_notification:Sending desktop notification using 'notify2'
[37.599s] DEBUG:colcon.colcon_notification.desktop_notification.notify2:Failed to initialize notify2: org.freedesktop.DBus.Error.NoReply: Did not receive a reply. Possible causes include: the remote application did not send a reply, the message bus security policy blocked the reply, the reply timeout expired, or the network connection was broken.
[37.599s] DEBUG:colcon.colcon_core.event_reactor:joined thread
[37.600s] INFO:colcon.colcon_core.shell:Creating prefix script '/home/roey/tello-vio/install/local_setup.ps1'
[37.603s] INFO:colcon.colcon_core.shell:Creating prefix util module '/home/roey/tello-vio/install/_local_setup_util_ps1.py'
[37.607s] INFO:colcon.colcon_core.shell:Creating prefix chain script '/home/roey/tello-vio/install/setup.ps1'
[37.610s] INFO:colcon.colcon_core.shell:Creating prefix script '/home/roey/tello-vio/install/local_setup.sh'
[37.612s] INFO:colcon.colcon_core.shell:Creating prefix util module '/home/roey/tello-vio/install/_local_setup_util_sh.py'
[37.613s] INFO:colcon.colcon_core.shell:Creating prefix chain script '/home/roey/tello-vio/install/setup.sh'
[37.616s] INFO:colcon.colcon_core.shell:Creating prefix script '/home/roey/tello-vio/install/local_setup.bash'
[37.618s] INFO:colcon.colcon_core.shell:Creating prefix chain script '/home/roey/tello-vio/install/setup.bash'
[37.622s] INFO:colcon.colcon_core.shell:Creating prefix script '/home/roey/tello-vio/install/local_setup.zsh'
[37.624s] INFO:colcon.colcon_core.shell:Creating prefix chain script '/home/roey/tello-vio/install/setup.zsh'
