[0.023s] Invoking command in '/home/roey/tello-ros2/build/orbslam2': CMAKE_PREFIX_PATH=/opt/ros/humble /usr/bin/cmake /home/roey/tello-ros2/slam/src/orbslam2 -DCMAKE_INSTALL_PREFIX=/home/roey/tello-ros2/install/orbslam2
[0.039s] -- Found ament_cmake: 1.3.10 (/opt/ros/humble/share/ament_cmake/cmake)
[0.258s] -- Found rclcpp: 16.0.10 (/opt/ros/humble/share/rclcpp/cmake)
[0.304s] -- Found rosidl_generator_c: 3.1.5 (/opt/ros/humble/share/rosidl_generator_c/cmake)
[0.309s] -- Found rosidl_adapter: 3.1.5 (/opt/ros/humble/share/rosidl_adapter/cmake)
[0.317s] -- Found rosidl_generator_cpp: 3.1.5 (/opt/ros/humble/share/rosidl_generator_cpp/cmake)
[0.332s] -- Using all available rosidl_typesupport_c: rosidl_typesupport_fastrtps_c;rosidl_typesupport_introspection_c
[0.350s] -- Using all available rosidl_typesupport_cpp: rosidl_typesupport_fastrtps_cpp;rosidl_typesupport_introspection_cpp
[0.398s] -- Found rmw_implementation_cmake: 6.1.2 (/opt/ros/humble/share/rmw_implementation_cmake/cmake)
[0.400s] -- Found rmw_fastrtps_cpp: 6.2.7 (/opt/ros/humble/share/rmw_fastrtps_cpp/cmake)
[0.547s] -- Using RMW implementation 'rmw_fastrtps_cpp' as default
[0.626s] -- Found sensor_msgs: 4.2.4 (/opt/ros/humble/share/sensor_msgs/cmake)
[0.673s] -- Found visualization_msgs: 4.2.4 (/opt/ros/humble/share/visualization_msgs/cmake)
[0.705s] -- Found cv_bridge: 3.2.1 (/opt/ros/humble/share/cv_bridge/cmake)
[0.721s] -- Found message_filters: 4.3.5 (/opt/ros/humble/share/message_filters/cmake)
[0.739s] -- Found OpenCV: /usr (found version "4.5.4") 
[0.744s] -- Found Eigen: /usr/include/eigen3 (Required is at least version "2.91.0") 
[0.759s] CMake Error at CMakeLists.txt:26 (find_package):
[0.759s]   By not providing "FindORB_SLAM2.cmake" in CMAKE_MODULE_PATH this project
[0.759s]   has asked CMake to find a package configuration file provided by
[0.759s]   "ORB_SLAM2", but CMake did not find one.
[0.759s] 
[0.760s]   Could not find a package configuration file provided by "ORB_SLAM2" with
[0.760s]   any of the following names:
[0.760s] 
[0.760s]     ORB_SLAM2Config.cmake
[0.760s]     orb_slam2-config.cmake
[0.760s] 
[0.760s]   Add the installation prefix of "ORB_SLAM2" to CMAKE_PREFIX_PATH or set
[0.760s]   "ORB_SLAM2_DIR" to a directory containing one of the above files.  If
[0.760s]   "ORB_SLAM2" provides a separate development package or SDK, be sure it has
[0.760s]   been installed.
[0.760s] 
[0.760s] 
[0.760s] -- Configuring incomplete, errors occurred!
[0.760s] See also "/home/roey/tello-ros2/build/orbslam2/CMakeFiles/CMakeOutput.log".
[0.768s] Invoked command in '/home/roey/tello-ros2/build/orbslam2' returned '1': CMAKE_PREFIX_PATH=/opt/ros/humble /usr/bin/cmake /home/roey/tello-ros2/slam/src/orbslam2 -DCMAKE_INSTALL_PREFIX=/home/roey/tello-ros2/install/orbslam2
