[0.293s] DEBUG:colcon:Command line arguments: ['/usr/bin/colcon', 'build', '--cmake-clean-cache', '--packages-select', 'orbslam2']
[0.294s] DEBUG:colcon:Parsed command line arguments: Namespace(log_base=None, log_level=None, verb_name='build', build_base='build', install_base='install', merge_install=False, symlink_install=False, test_result_base=None, continue_on_error=False, executor='parallel', parallel_workers=8, event_handlers=None, ignore_user_meta=False, metas=['./colcon.meta'], base_paths=['.'], packages_ignore=None, packages_ignore_regex=None, paths=None, packages_up_to=None, packages_up_to_regex=None, packages_above=None, packages_above_and_dependencies=None, packages_above_depth=None, packages_select_by_dep=None, packages_skip_by_dep=None, packages_skip_up_to=None, packages_select_build_failed=False, packages_skip_build_finished=False, packages_select_test_failures=False, packages_skip_test_passed=False, packages_select=['orbslam2'], packages_skip=None, packages_select_regex=None, packages_skip_regex=None, packages_start=None, packages_end=None, allow_overriding=[], cmake_args=None, cmake_target=None, cmake_target_skip_unavailable=False, cmake_clean_cache=True, cmake_clean_first=False, cmake_force_configure=False, ament_cmake_args=None, catkin_cmake_args=None, catkin_skip_building_tests=False, mixin_files=None, mixin=None, verb_parser=<colcon_mixin.mixin.mixin_argument.MixinArgumentDecorator object at 0x7cc0b6c4b400>, verb_extension=<colcon_core.verb.build.BuildVerb object at 0x7cc0b6c4ae00>, main=<bound method BuildVerb.main of <colcon_core.verb.build.BuildVerb object at 0x7cc0b6c4ae00>>, mixin_verb=('build',))
[0.751s] Level 1:colcon.colcon_core.package_discovery:discover_packages(colcon_meta) check parameters
[0.751s] Level 1:colcon.colcon_core.package_discovery:discover_packages(recursive) check parameters
[0.751s] Level 1:colcon.colcon_core.package_discovery:discover_packages(ignore) check parameters
[0.751s] Level 1:colcon.colcon_core.package_discovery:discover_packages(path) check parameters
[0.752s] Level 1:colcon.colcon_core.package_discovery:discover_packages(colcon_meta) discover
[0.752s] Level 1:colcon.colcon_core.package_discovery:discover_packages(recursive) discover
[0.752s] INFO:colcon.colcon_core.package_discovery:Crawling recursively for packages in '/home/roey/tello-vio'
[0.752s] Level 1:colcon.colcon_core.package_identification:_identify(.) by extensions ['ignore', 'ignore_ament_install']
[0.752s] Level 1:colcon.colcon_core.package_identification:_identify(.) by extension 'ignore'
[0.752s] Level 1:colcon.colcon_core.package_identification:_identify(.) by extension 'ignore_ament_install'
[0.753s] Level 1:colcon.colcon_core.package_identification:_identify(.) by extensions ['colcon_pkg']
[0.753s] Level 1:colcon.colcon_core.package_identification:_identify(.) by extension 'colcon_pkg'
[0.753s] Level 1:colcon.colcon_core.package_identification:_identify(.) by extensions ['colcon_meta']
[0.753s] Level 1:colcon.colcon_core.package_identification:_identify(.) by extension 'colcon_meta'
[0.753s] Level 1:colcon.colcon_core.package_identification:_identify(.) by extensions ['ros']
[0.754s] Level 1:colcon.colcon_core.package_identification:_identify(.) by extension 'ros'
[0.841s] Level 1:colcon.colcon_core.package_identification:_identify(.) by extensions ['cmake', 'python']
[0.841s] Level 1:colcon.colcon_core.package_identification:_identify(.) by extension 'cmake'
[0.841s] Level 1:colcon.colcon_core.package_identification:_identify(.) by extension 'python'
[0.841s] Level 1:colcon.colcon_core.package_identification:_identify(.) by extensions ['python_setup_py']
[0.841s] Level 1:colcon.colcon_core.package_identification:_identify(.) by extension 'python_setup_py'
[0.842s] Level 1:colcon.colcon_core.package_identification:_identify(build) by extensions ['ignore', 'ignore_ament_install']
[0.842s] Level 1:colcon.colcon_core.package_identification:_identify(build) by extension 'ignore'
[0.842s] Level 1:colcon.colcon_core.package_identification:_identify(build) ignored
[0.842s] Level 1:colcon.colcon_core.package_identification:_identify(install) by extensions ['ignore', 'ignore_ament_install']
[0.842s] Level 1:colcon.colcon_core.package_identification:_identify(install) by extension 'ignore'
[0.843s] Level 1:colcon.colcon_core.package_identification:_identify(install) ignored
[0.843s] Level 1:colcon.colcon_core.package_identification:_identify(libs) by extensions ['ignore', 'ignore_ament_install']
[0.843s] Level 1:colcon.colcon_core.package_identification:_identify(libs) by extension 'ignore'
[0.843s] Level 1:colcon.colcon_core.package_identification:_identify(libs) ignored
[0.843s] Level 1:colcon.colcon_core.package_identification:_identify(log) by extensions ['ignore', 'ignore_ament_install']
[0.843s] Level 1:colcon.colcon_core.package_identification:_identify(log) by extension 'ignore'
[0.844s] Level 1:colcon.colcon_core.package_identification:_identify(log) ignored
[0.844s] Level 1:colcon.colcon_core.package_identification:_identify(readme) by extensions ['ignore', 'ignore_ament_install']
[0.844s] Level 1:colcon.colcon_core.package_identification:_identify(readme) by extension 'ignore'
[0.844s] Level 1:colcon.colcon_core.package_identification:_identify(readme) by extension 'ignore_ament_install'
[0.844s] Level 1:colcon.colcon_core.package_identification:_identify(readme) by extensions ['colcon_pkg']
[0.844s] Level 1:colcon.colcon_core.package_identification:_identify(readme) by extension 'colcon_pkg'
[0.844s] Level 1:colcon.colcon_core.package_identification:_identify(readme) by extensions ['colcon_meta']
[0.845s] Level 1:colcon.colcon_core.package_identification:_identify(readme) by extension 'colcon_meta'
[0.845s] Level 1:colcon.colcon_core.package_identification:_identify(readme) by extensions ['ros']
[0.845s] Level 1:colcon.colcon_core.package_identification:_identify(readme) by extension 'ros'
[0.845s] Level 1:colcon.colcon_core.package_identification:_identify(readme) by extensions ['cmake', 'python']
[0.845s] Level 1:colcon.colcon_core.package_identification:_identify(readme) by extension 'cmake'
[0.845s] Level 1:colcon.colcon_core.package_identification:_identify(readme) by extension 'python'
[0.845s] Level 1:colcon.colcon_core.package_identification:_identify(readme) by extensions ['python_setup_py']
[0.845s] Level 1:colcon.colcon_core.package_identification:_identify(readme) by extension 'python_setup_py'
[0.845s] Level 1:colcon.colcon_core.package_identification:_identify(scripts) by extensions ['ignore', 'ignore_ament_install']
[0.846s] Level 1:colcon.colcon_core.package_identification:_identify(scripts) by extension 'ignore'
[0.846s] Level 1:colcon.colcon_core.package_identification:_identify(scripts) by extension 'ignore_ament_install'
[0.846s] Level 1:colcon.colcon_core.package_identification:_identify(scripts) by extensions ['colcon_pkg']
[0.846s] Level 1:colcon.colcon_core.package_identification:_identify(scripts) by extension 'colcon_pkg'
[0.846s] Level 1:colcon.colcon_core.package_identification:_identify(scripts) by extensions ['colcon_meta']
[0.846s] Level 1:colcon.colcon_core.package_identification:_identify(scripts) by extension 'colcon_meta'
[0.846s] Level 1:colcon.colcon_core.package_identification:_identify(scripts) by extensions ['ros']
[0.846s] Level 1:colcon.colcon_core.package_identification:_identify(scripts) by extension 'ros'
[0.846s] Level 1:colcon.colcon_core.package_identification:_identify(scripts) by extensions ['cmake', 'python']
[0.847s] Level 1:colcon.colcon_core.package_identification:_identify(scripts) by extension 'cmake'
[0.847s] Level 1:colcon.colcon_core.package_identification:_identify(scripts) by extension 'python'
[0.847s] Level 1:colcon.colcon_core.package_identification:_identify(scripts) by extensions ['python_setup_py']
[0.847s] Level 1:colcon.colcon_core.package_identification:_identify(scripts) by extension 'python_setup_py'
[0.847s] Level 1:colcon.colcon_core.package_identification:_identify(slam) by extensions ['ignore', 'ignore_ament_install']
[0.847s] Level 1:colcon.colcon_core.package_identification:_identify(slam) by extension 'ignore'
[0.847s] Level 1:colcon.colcon_core.package_identification:_identify(slam) by extension 'ignore_ament_install'
[0.847s] Level 1:colcon.colcon_core.package_identification:_identify(slam) by extensions ['colcon_pkg']
[0.847s] Level 1:colcon.colcon_core.package_identification:_identify(slam) by extension 'colcon_pkg'
[0.848s] Level 1:colcon.colcon_core.package_identification:_identify(slam) by extensions ['colcon_meta']
[0.848s] Level 1:colcon.colcon_core.package_identification:_identify(slam) by extension 'colcon_meta'
[0.848s] Level 1:colcon.colcon_core.package_identification:_identify(slam) by extensions ['ros']
[0.848s] Level 1:colcon.colcon_core.package_identification:_identify(slam) by extension 'ros'
[0.848s] Level 1:colcon.colcon_core.package_identification:_identify(slam) by extensions ['cmake', 'python']
[0.848s] Level 1:colcon.colcon_core.package_identification:_identify(slam) by extension 'cmake'
[0.848s] Level 1:colcon.colcon_core.package_identification:_identify(slam) by extension 'python'
[0.848s] Level 1:colcon.colcon_core.package_identification:_identify(slam) by extensions ['python_setup_py']
[0.848s] Level 1:colcon.colcon_core.package_identification:_identify(slam) by extension 'python_setup_py'
[0.849s] Level 1:colcon.colcon_core.package_identification:_identify(slam/src) by extensions ['ignore', 'ignore_ament_install']
[0.849s] Level 1:colcon.colcon_core.package_identification:_identify(slam/src) by extension 'ignore'
[0.849s] Level 1:colcon.colcon_core.package_identification:_identify(slam/src) by extension 'ignore_ament_install'
[0.849s] Level 1:colcon.colcon_core.package_identification:_identify(slam/src) by extensions ['colcon_pkg']
[0.849s] Level 1:colcon.colcon_core.package_identification:_identify(slam/src) by extension 'colcon_pkg'
[0.849s] Level 1:colcon.colcon_core.package_identification:_identify(slam/src) by extensions ['colcon_meta']
[0.849s] Level 1:colcon.colcon_core.package_identification:_identify(slam/src) by extension 'colcon_meta'
[0.849s] Level 1:colcon.colcon_core.package_identification:_identify(slam/src) by extensions ['ros']
[0.850s] Level 1:colcon.colcon_core.package_identification:_identify(slam/src) by extension 'ros'
[0.850s] Level 1:colcon.colcon_core.package_identification:_identify(slam/src) by extensions ['cmake', 'python']
[0.850s] Level 1:colcon.colcon_core.package_identification:_identify(slam/src) by extension 'cmake'
[0.850s] Level 1:colcon.colcon_core.package_identification:_identify(slam/src) by extension 'python'
[0.850s] Level 1:colcon.colcon_core.package_identification:_identify(slam/src) by extensions ['python_setup_py']
[0.850s] Level 1:colcon.colcon_core.package_identification:_identify(slam/src) by extension 'python_setup_py'
[0.850s] Level 1:colcon.colcon_core.package_identification:_identify(slam/src/orbslam2) by extensions ['ignore', 'ignore_ament_install']
[0.850s] Level 1:colcon.colcon_core.package_identification:_identify(slam/src/orbslam2) by extension 'ignore'
[0.851s] Level 1:colcon.colcon_core.package_identification:_identify(slam/src/orbslam2) by extension 'ignore_ament_install'
[0.851s] Level 1:colcon.colcon_core.package_identification:_identify(slam/src/orbslam2) by extensions ['colcon_pkg']
[0.851s] Level 1:colcon.colcon_core.package_identification:_identify(slam/src/orbslam2) by extension 'colcon_pkg'
[0.851s] Level 1:colcon.colcon_core.package_identification:_identify(slam/src/orbslam2) by extensions ['colcon_meta']
[0.851s] Level 1:colcon.colcon_core.package_identification:_identify(slam/src/orbslam2) by extension 'colcon_meta'
[0.851s] Level 1:colcon.colcon_core.package_identification:_identify(slam/src/orbslam2) by extensions ['ros']
[0.851s] Level 1:colcon.colcon_core.package_identification:_identify(slam/src/orbslam2) by extension 'ros'
[0.857s] DEBUG:colcon.colcon_core.package_identification:Package 'slam/src/orbslam2' with type 'ros.ament_cmake' and name 'orbslam2'
[0.857s] Level 1:colcon.colcon_core.package_identification:_identify(workspace) by extensions ['ignore', 'ignore_ament_install']
[0.858s] Level 1:colcon.colcon_core.package_identification:_identify(workspace) by extension 'ignore'
[0.858s] Level 1:colcon.colcon_core.package_identification:_identify(workspace) by extension 'ignore_ament_install'
[0.858s] Level 1:colcon.colcon_core.package_identification:_identify(workspace) by extensions ['colcon_pkg']
[0.858s] Level 1:colcon.colcon_core.package_identification:_identify(workspace) by extension 'colcon_pkg'
[0.858s] Level 1:colcon.colcon_core.package_identification:_identify(workspace) by extensions ['colcon_meta']
[0.858s] Level 1:colcon.colcon_core.package_identification:_identify(workspace) by extension 'colcon_meta'
[0.858s] Level 1:colcon.colcon_core.package_identification:_identify(workspace) by extensions ['ros']
[0.858s] Level 1:colcon.colcon_core.package_identification:_identify(workspace) by extension 'ros'
[0.858s] Level 1:colcon.colcon_core.package_identification:_identify(workspace) by extensions ['cmake', 'python']
[0.858s] Level 1:colcon.colcon_core.package_identification:_identify(workspace) by extension 'cmake'
[0.859s] Level 1:colcon.colcon_core.package_identification:_identify(workspace) by extension 'python'
[0.859s] Level 1:colcon.colcon_core.package_identification:_identify(workspace) by extensions ['python_setup_py']
[0.859s] Level 1:colcon.colcon_core.package_identification:_identify(workspace) by extension 'python_setup_py'
[0.859s] Level 1:colcon.colcon_core.package_identification:_identify(workspace/src) by extensions ['ignore', 'ignore_ament_install']
[0.859s] Level 1:colcon.colcon_core.package_identification:_identify(workspace/src) by extension 'ignore'
[0.859s] Level 1:colcon.colcon_core.package_identification:_identify(workspace/src) by extension 'ignore_ament_install'
[0.859s] Level 1:colcon.colcon_core.package_identification:_identify(workspace/src) by extensions ['colcon_pkg']
[0.859s] Level 1:colcon.colcon_core.package_identification:_identify(workspace/src) by extension 'colcon_pkg'
[0.860s] Level 1:colcon.colcon_core.package_identification:_identify(workspace/src) by extensions ['colcon_meta']
[0.860s] Level 1:colcon.colcon_core.package_identification:_identify(workspace/src) by extension 'colcon_meta'
[0.860s] Level 1:colcon.colcon_core.package_identification:_identify(workspace/src) by extensions ['ros']
[0.860s] Level 1:colcon.colcon_core.package_identification:_identify(workspace/src) by extension 'ros'
[0.860s] Level 1:colcon.colcon_core.package_identification:_identify(workspace/src) by extensions ['cmake', 'python']
[0.860s] Level 1:colcon.colcon_core.package_identification:_identify(workspace/src) by extension 'cmake'
[0.860s] Level 1:colcon.colcon_core.package_identification:_identify(workspace/src) by extension 'python'
[0.860s] Level 1:colcon.colcon_core.package_identification:_identify(workspace/src) by extensions ['python_setup_py']
[0.860s] Level 1:colcon.colcon_core.package_identification:_identify(workspace/src) by extension 'python_setup_py'
[0.861s] Level 1:colcon.colcon_core.package_identification:_identify(workspace/src/tello) by extensions ['ignore', 'ignore_ament_install']
[0.861s] Level 1:colcon.colcon_core.package_identification:_identify(workspace/src/tello) by extension 'ignore'
[0.861s] Level 1:colcon.colcon_core.package_identification:_identify(workspace/src/tello) by extension 'ignore_ament_install'
[0.861s] Level 1:colcon.colcon_core.package_identification:_identify(workspace/src/tello) by extensions ['colcon_pkg']
[0.861s] Level 1:colcon.colcon_core.package_identification:_identify(workspace/src/tello) by extension 'colcon_pkg'
[0.861s] Level 1:colcon.colcon_core.package_identification:_identify(workspace/src/tello) by extensions ['colcon_meta']
[0.861s] Level 1:colcon.colcon_core.package_identification:_identify(workspace/src/tello) by extension 'colcon_meta'
[0.862s] Level 1:colcon.colcon_core.package_identification:_identify(workspace/src/tello) by extensions ['ros']
[0.862s] Level 1:colcon.colcon_core.package_identification:_identify(workspace/src/tello) by extension 'ros'
[0.863s] DEBUG:colcon.colcon_core.package_identification:Package 'workspace/src/tello' with type 'ros.ament_python' and name 'tello'
[0.864s] Level 1:colcon.colcon_core.package_identification:_identify(workspace/src/tello_control) by extensions ['ignore', 'ignore_ament_install']
[0.864s] Level 1:colcon.colcon_core.package_identification:_identify(workspace/src/tello_control) by extension 'ignore'
[0.864s] Level 1:colcon.colcon_core.package_identification:_identify(workspace/src/tello_control) by extension 'ignore_ament_install'
[0.864s] Level 1:colcon.colcon_core.package_identification:_identify(workspace/src/tello_control) by extensions ['colcon_pkg']
[0.864s] Level 1:colcon.colcon_core.package_identification:_identify(workspace/src/tello_control) by extension 'colcon_pkg'
[0.864s] Level 1:colcon.colcon_core.package_identification:_identify(workspace/src/tello_control) by extensions ['colcon_meta']
[0.864s] Level 1:colcon.colcon_core.package_identification:_identify(workspace/src/tello_control) by extension 'colcon_meta'
[0.865s] Level 1:colcon.colcon_core.package_identification:_identify(workspace/src/tello_control) by extensions ['ros']
[0.865s] Level 1:colcon.colcon_core.package_identification:_identify(workspace/src/tello_control) by extension 'ros'
[0.867s] DEBUG:colcon.colcon_core.package_identification:Package 'workspace/src/tello_control' with type 'ros.ament_cmake' and name 'tello_control'
[0.867s] Level 1:colcon.colcon_core.package_identification:_identify(workspace/src/tello_msg) by extensions ['ignore', 'ignore_ament_install']
[0.868s] Level 1:colcon.colcon_core.package_identification:_identify(workspace/src/tello_msg) by extension 'ignore'
[0.868s] Level 1:colcon.colcon_core.package_identification:_identify(workspace/src/tello_msg) by extension 'ignore_ament_install'
[0.868s] Level 1:colcon.colcon_core.package_identification:_identify(workspace/src/tello_msg) by extensions ['colcon_pkg']
[0.868s] Level 1:colcon.colcon_core.package_identification:_identify(workspace/src/tello_msg) by extension 'colcon_pkg'
[0.868s] Level 1:colcon.colcon_core.package_identification:_identify(workspace/src/tello_msg) by extensions ['colcon_meta']
[0.868s] Level 1:colcon.colcon_core.package_identification:_identify(workspace/src/tello_msg) by extension 'colcon_meta'
[0.868s] Level 1:colcon.colcon_core.package_identification:_identify(workspace/src/tello_msg) by extensions ['ros']
[0.869s] Level 1:colcon.colcon_core.package_identification:_identify(workspace/src/tello_msg) by extension 'ros'
[0.870s] DEBUG:colcon.colcon_core.package_identification:Package 'workspace/src/tello_msg' with type 'ros.ament_cmake' and name 'tello_msg'
[0.870s] Level 1:colcon.colcon_core.package_discovery:discover_packages(recursive) using defaults
[0.870s] Level 1:colcon.colcon_core.package_discovery:discover_packages(ignore) discover
[0.871s] Level 1:colcon.colcon_core.package_discovery:discover_packages(ignore) using defaults
[0.871s] Level 1:colcon.colcon_core.package_discovery:discover_packages(path) discover
[0.871s] Level 1:colcon.colcon_core.package_discovery:discover_packages(path) using defaults
[0.917s] INFO:colcon.colcon_core.package_selection:Skipping not selected package 'tello_control' in 'workspace/src/tello_control'
[0.917s] INFO:colcon.colcon_core.package_selection:Skipping not selected package 'tello_msg' in 'workspace/src/tello_msg'
[0.917s] INFO:colcon.colcon_core.package_selection:Skipping not selected package 'tello' in 'workspace/src/tello'
[0.918s] Level 1:colcon.colcon_core.package_discovery:discover_packages(prefix_path) check parameters
[0.918s] Level 1:colcon.colcon_core.package_discovery:discover_packages(prefix_path) discover
[0.923s] DEBUG:colcon.colcon_installed_package_information.package_discovery:Found 4 installed packages in /home/roey/tello-vio/install
[0.924s] DEBUG:colcon.colcon_installed_package_information.package_discovery:Found 4 installed packages in /home/roey/tello-ros2/install
[0.929s] DEBUG:colcon.colcon_installed_package_information.package_discovery:Found 450 installed packages in /opt/ros/humble
[0.935s] Level 1:colcon.colcon_core.package_discovery:discover_packages(prefix_path) using defaults
[1.071s] Level 5:colcon.colcon_core.verb:set package 'orbslam2' build argument 'cmake_args' from command line to 'None'
[1.071s] Level 5:colcon.colcon_core.verb:set package 'orbslam2' build argument 'cmake_target' from command line to 'None'
[1.072s] Level 5:colcon.colcon_core.verb:set package 'orbslam2' build argument 'cmake_target_skip_unavailable' from command line to 'False'
[1.072s] Level 5:colcon.colcon_core.verb:set package 'orbslam2' build argument 'cmake_clean_cache' from command line to 'True'
[1.072s] Level 5:colcon.colcon_core.verb:set package 'orbslam2' build argument 'cmake_clean_first' from command line to 'False'
[1.072s] Level 5:colcon.colcon_core.verb:set package 'orbslam2' build argument 'cmake_force_configure' from command line to 'False'
[1.072s] Level 5:colcon.colcon_core.verb:set package 'orbslam2' build argument 'ament_cmake_args' from command line to 'None'
[1.072s] Level 5:colcon.colcon_core.verb:set package 'orbslam2' build argument 'catkin_cmake_args' from command line to 'None'
[1.072s] Level 5:colcon.colcon_core.verb:set package 'orbslam2' build argument 'catkin_skip_building_tests' from command line to 'False'
[1.072s] DEBUG:colcon.colcon_core.verb:Building package 'orbslam2' with the following arguments: {'ament_cmake_args': None, 'build_base': '/home/roey/tello-vio/build/orbslam2', 'catkin_cmake_args': None, 'catkin_skip_building_tests': False, 'cmake_args': None, 'cmake_clean_cache': True, 'cmake_clean_first': False, 'cmake_force_configure': False, 'cmake_target': None, 'cmake_target_skip_unavailable': False, 'install_base': '/home/roey/tello-vio/install/orbslam2', 'merge_install': False, 'path': '/home/roey/tello-vio/slam/src/orbslam2', 'symlink_install': False, 'test_result_base': None}
[1.073s] INFO:colcon.colcon_core.executor:Executing jobs using 'parallel' executor
[1.075s] DEBUG:colcon.colcon_parallel_executor.executor.parallel:run_until_complete
[1.076s] INFO:colcon.colcon_ros.task.ament_cmake.build:Building ROS package in '/home/roey/tello-vio/slam/src/orbslam2' with build type 'ament_cmake'
[1.077s] INFO:colcon.colcon_cmake.task.cmake.build:Building CMake package in '/home/roey/tello-vio/slam/src/orbslam2'
[1.082s] INFO:colcon.colcon_core.plugin_system:Skipping extension 'colcon_core.shell.bat': Not used on non-Windows systems
[1.083s] INFO:colcon.colcon_core.shell:Skip shell extension 'powershell' for command environment: Not usable outside of PowerShell
[1.083s] DEBUG:colcon.colcon_core.shell:Skip shell extension 'dsv' for command environment
[1.103s] DEBUG:colcon.colcon_core.event_handler.log_command:Invoking command in '/home/roey/tello-vio/build/orbslam2': CMAKE_PREFIX_PATH=${CMAKE_PREFIX_PATH}:/home/roey/tello-vio/install/tello:/home/roey/tello-ros2/install/tello:/opt/ros/humble /usr/bin/cmake /home/roey/tello-vio/slam/src/orbslam2 -DCMAKE_INSTALL_PREFIX=/home/roey/tello-vio/install/orbslam2
[3.775s] DEBUG:colcon.colcon_core.event_handler.log_command:Invoked command in '/home/roey/tello-vio/build/orbslam2' returned '0': CMAKE_PREFIX_PATH=${CMAKE_PREFIX_PATH}:/home/roey/tello-vio/install/tello:/home/roey/tello-ros2/install/tello:/opt/ros/humble /usr/bin/cmake /home/roey/tello-vio/slam/src/orbslam2 -DCMAKE_INSTALL_PREFIX=/home/roey/tello-vio/install/orbslam2
[3.776s] DEBUG:colcon.colcon_core.event_handler.log_command:Invoking command in '/home/roey/tello-vio/build/orbslam2': CMAKE_PREFIX_PATH=${CMAKE_PREFIX_PATH}:/home/roey/tello-vio/install/tello:/home/roey/tello-ros2/install/tello:/opt/ros/humble /usr/bin/cmake --build /home/roey/tello-vio/build/orbslam2 -- -j8 -l8
[36.598s] DEBUG:colcon.colcon_core.event_handler.log_command:Invoked command in '/home/roey/tello-vio/build/orbslam2' returned '0': CMAKE_PREFIX_PATH=${CMAKE_PREFIX_PATH}:/home/roey/tello-vio/install/tello:/home/roey/tello-ros2/install/tello:/opt/ros/humble /usr/bin/cmake --build /home/roey/tello-vio/build/orbslam2 -- -j8 -l8
[36.651s] DEBUG:colcon.colcon_core.event_handler.log_command:Invoking command in '/home/roey/tello-vio/build/orbslam2': CMAKE_PREFIX_PATH=${CMAKE_PREFIX_PATH}:/home/roey/tello-vio/install/tello:/home/roey/tello-ros2/install/tello:/opt/ros/humble /usr/bin/cmake --install /home/roey/tello-vio/build/orbslam2
[36.673s] Level 1:colcon.colcon_core.environment:create_environment_scripts_only(orbslam2)
[36.674s] DEBUG:colcon.colcon_core.event_handler.log_command:Invoked command in '/home/roey/tello-vio/build/orbslam2' returned '0': CMAKE_PREFIX_PATH=${CMAKE_PREFIX_PATH}:/home/roey/tello-vio/install/tello:/home/roey/tello-ros2/install/tello:/opt/ros/humble /usr/bin/cmake --install /home/roey/tello-vio/build/orbslam2
[36.681s] Level 1:colcon.colcon_core.environment:checking '/home/roey/tello-vio/install/orbslam2' for CMake module files
[36.682s] Level 1:colcon.colcon_core.environment:checking '/home/roey/tello-vio/install/orbslam2' for CMake config files
[36.682s] Level 1:colcon.colcon_core.shell:create_environment_hook('orbslam2', 'cmake_prefix_path')
[36.682s] INFO:colcon.colcon_core.shell:Creating environment hook '/home/roey/tello-vio/install/orbslam2/share/orbslam2/hook/cmake_prefix_path.ps1'
[36.684s] INFO:colcon.colcon_core.shell:Creating environment descriptor '/home/roey/tello-vio/install/orbslam2/share/orbslam2/hook/cmake_prefix_path.dsv'
[36.684s] INFO:colcon.colcon_core.shell:Creating environment hook '/home/roey/tello-vio/install/orbslam2/share/orbslam2/hook/cmake_prefix_path.sh'
[36.686s] Level 1:colcon.colcon_core.environment:checking '/home/roey/tello-vio/install/orbslam2/lib'
[36.687s] Level 1:colcon.colcon_core.environment:checking '/home/roey/tello-vio/install/orbslam2/bin'
[36.687s] Level 1:colcon.colcon_core.environment:checking '/home/roey/tello-vio/install/orbslam2/lib/pkgconfig/orbslam2.pc'
[36.687s] Level 1:colcon.colcon_core.environment:checking '/home/roey/tello-vio/install/orbslam2/lib/python3.10/site-packages'
[36.688s] Level 1:colcon.colcon_core.environment:checking '/home/roey/tello-vio/install/orbslam2/bin'
[36.688s] INFO:colcon.colcon_core.shell:Creating package script '/home/roey/tello-vio/install/orbslam2/share/orbslam2/package.ps1'
[36.690s] INFO:colcon.colcon_core.shell:Creating package descriptor '/home/roey/tello-vio/install/orbslam2/share/orbslam2/package.dsv'
[36.691s] INFO:colcon.colcon_core.shell:Creating package script '/home/roey/tello-vio/install/orbslam2/share/orbslam2/package.sh'
[36.693s] INFO:colcon.colcon_core.shell:Creating package script '/home/roey/tello-vio/install/orbslam2/share/orbslam2/package.bash'
[36.696s] INFO:colcon.colcon_core.shell:Creating package script '/home/roey/tello-vio/install/orbslam2/share/orbslam2/package.zsh'
[36.698s] Level 1:colcon.colcon_core.environment:create_file_with_runtime_dependencies(/home/roey/tello-vio/install/orbslam2/share/colcon-core/packages/orbslam2)
[36.737s] Level 1:colcon.colcon_core.environment:create_environment_scripts_only(orbslam2)
[36.737s] Level 1:colcon.colcon_core.environment:checking '/home/roey/tello-vio/install/orbslam2' for CMake module files
[36.738s] Level 1:colcon.colcon_core.environment:checking '/home/roey/tello-vio/install/orbslam2' for CMake config files
[36.739s] Level 1:colcon.colcon_core.shell:create_environment_hook('orbslam2', 'cmake_prefix_path')
[36.739s] INFO:colcon.colcon_core.shell:Creating environment hook '/home/roey/tello-vio/install/orbslam2/share/orbslam2/hook/cmake_prefix_path.ps1'
[36.740s] INFO:colcon.colcon_core.shell:Creating environment descriptor '/home/roey/tello-vio/install/orbslam2/share/orbslam2/hook/cmake_prefix_path.dsv'
[36.741s] INFO:colcon.colcon_core.shell:Creating environment hook '/home/roey/tello-vio/install/orbslam2/share/orbslam2/hook/cmake_prefix_path.sh'
[36.742s] Level 1:colcon.colcon_core.environment:checking '/home/roey/tello-vio/install/orbslam2/lib'
[36.743s] Level 1:colcon.colcon_core.environment:checking '/home/roey/tello-vio/install/orbslam2/bin'
[36.743s] Level 1:colcon.colcon_core.environment:checking '/home/roey/tello-vio/install/orbslam2/lib/pkgconfig/orbslam2.pc'
[36.743s] Level 1:colcon.colcon_core.environment:checking '/home/roey/tello-vio/install/orbslam2/lib/python3.10/site-packages'
[36.744s] Level 1:colcon.colcon_core.environment:checking '/home/roey/tello-vio/install/orbslam2/bin'
[36.745s] INFO:colcon.colcon_core.shell:Creating package script '/home/roey/tello-vio/install/orbslam2/share/orbslam2/package.ps1'
[36.746s] INFO:colcon.colcon_core.shell:Creating package descriptor '/home/roey/tello-vio/install/orbslam2/share/orbslam2/package.dsv'
[36.747s] INFO:colcon.colcon_core.shell:Creating package script '/home/roey/tello-vio/install/orbslam2/share/orbslam2/package.sh'
[36.748s] INFO:colcon.colcon_core.shell:Creating package script '/home/roey/tello-vio/install/orbslam2/share/orbslam2/package.bash'
[36.748s] INFO:colcon.colcon_core.shell:Creating package script '/home/roey/tello-vio/install/orbslam2/share/orbslam2/package.zsh'
[36.749s] Level 1:colcon.colcon_core.environment:create_file_with_runtime_dependencies(/home/roey/tello-vio/install/orbslam2/share/colcon-core/packages/orbslam2)
[36.750s] DEBUG:colcon.colcon_parallel_executor.executor.parallel:closing loop
[36.750s] DEBUG:colcon.colcon_parallel_executor.executor.parallel:loop closed
[36.750s] DEBUG:colcon.colcon_parallel_executor.executor.parallel:run_until_complete finished with '0'
[36.750s] DEBUG:colcon.colcon_core.event_reactor:joining thread
[36.760s] INFO:colcon.colcon_core.plugin_system:Skipping extension 'colcon_notification.desktop_notification.terminal_notifier': Not used on non-Darwin systems
[36.760s] INFO:colcon.colcon_core.plugin_system:Skipping extension 'colcon_notification.desktop_notification.win32': Not used on non-Windows systems
[36.761s] INFO:colcon.colcon_notification.desktop_notification:Sending desktop notification using 'notify2'
[36.761s] DEBUG:colcon.colcon_notification.desktop_notification.notify2:Failed to initialize notify2: org.freedesktop.DBus.Error.NoReply: Did not receive a reply. Possible causes include: the remote application did not send a reply, the message bus security policy blocked the reply, the reply timeout expired, or the network connection was broken.
[36.761s] DEBUG:colcon.colcon_core.event_reactor:joined thread
[36.762s] INFO:colcon.colcon_core.shell:Creating prefix script '/home/roey/tello-vio/install/local_setup.ps1'
[36.763s] INFO:colcon.colcon_core.shell:Creating prefix util module '/home/roey/tello-vio/install/_local_setup_util_ps1.py'
[36.765s] INFO:colcon.colcon_core.shell:Creating prefix chain script '/home/roey/tello-vio/install/setup.ps1'
[36.767s] INFO:colcon.colcon_core.shell:Creating prefix script '/home/roey/tello-vio/install/local_setup.sh'
[36.768s] INFO:colcon.colcon_core.shell:Creating prefix util module '/home/roey/tello-vio/install/_local_setup_util_sh.py'
[36.769s] INFO:colcon.colcon_core.shell:Creating prefix chain script '/home/roey/tello-vio/install/setup.sh'
[36.771s] INFO:colcon.colcon_core.shell:Creating prefix script '/home/roey/tello-vio/install/local_setup.bash'
[36.772s] INFO:colcon.colcon_core.shell:Creating prefix chain script '/home/roey/tello-vio/install/setup.bash'
[36.773s] INFO:colcon.colcon_core.shell:Creating prefix script '/home/roey/tello-vio/install/local_setup.zsh'
[36.775s] INFO:colcon.colcon_core.shell:Creating prefix chain script '/home/roey/tello-vio/install/setup.zsh'
