[0.022s] Invoking command in '/home/roey/tello-ros2/build/tello_msg': CMAKE_PREFIX_PATH=/opt/ros/humble /usr/bin/cmake /home/roey/tello-ros2/workspace/src/tello_msg -DCMAKE_INSTALL_PREFIX=/home/roey/tello-ros2/install/tello_msg
[0.040s] -- Found ament_cmake: 1.3.10 (/opt/ros/humble/share/ament_cmake/cmake)
[0.224s] -- Found rosidl_default_generators: 1.2.0 (/opt/ros/humble/share/rosidl_default_generators/cmake)
[0.226s] -- Using all available rosidl_typesupport_c: rosidl_typesupport_fastrtps_c;rosidl_typesupport_introspection_c
[0.230s] -- Found rosidl_adapter: 3.1.5 (/opt/ros/humble/share/rosidl_adapter/cmake)
[0.271s] -- Using all available rosidl_typesupport_cpp: rosidl_typesupport_fastrtps_cpp;rosidl_typesupport_introspection_cpp
[0.306s] -- Found std_msgs: 4.2.4 (/opt/ros/humble/share/std_msgs/cmake)
[0.338s] -- Found geometry_msgs: 4.2.4 (/opt/ros/humble/share/geometry_msgs/cmake)
[0.784s] -- Found ament_cmake_cppcheck: 0.12.11 (/opt/ros/humble/share/ament_cmake_cppcheck/cmake)
[0.785s] -- Found ament_cmake_cpplint: 0.12.11 (/opt/ros/humble/share/ament_cmake_cpplint/cmake)
[0.786s] -- Found ament_cmake_uncrustify: 0.12.11 (/opt/ros/humble/share/ament_cmake_uncrustify/cmake)
[0.787s] -- Found ament_cmake_ros: 0.10.0 (/opt/ros/humble/share/ament_cmake_ros/cmake)
[1.112s] -- Using all available rosidl_typesupport_c: rosidl_typesupport_fastrtps_c;rosidl_typesupport_introspection_c
[1.542s] -- Using all available rosidl_typesupport_cpp: rosidl_typesupport_fastrtps_cpp;rosidl_typesupport_introspection_cpp
[1.566s] -- Found python_cmake_module: 0.10.0 (/opt/ros/humble/share/python_cmake_module/cmake)
[1.588s] -- Using PYTHON_EXECUTABLE: /usr/local/bin/python3.6
[1.588s] -- Using PYTHON_INCLUDE_DIRS: /usr/local/include/python3.6m
[1.588s] -- Using PYTHON_LIBRARIES: /usr/local/lib/libpython3.6m.a
[1.644s] Traceback (most recent call last):
[1.644s]   File "<string>", line 1, in <module>
[1.644s] ModuleNotFoundError: No module named 'numpy'
[1.645s] [31mCMake Error at /opt/ros/humble/share/rosidl_generator_py/cmake/rosidl_generator_py_generate_interfaces.cmake:204 (message):
[1.646s]   execute_process(/usr/local/bin/python3.6 -c 'import
[1.646s]   numpy;print(numpy.get_include())') returned error code 1
[1.646s] Call Stack (most recent call first):
[1.646s]   /opt/ros/humble/share/ament_cmake_core/cmake/core/ament_execute_extensions.cmake:48 (include)
[1.646s]   /opt/ros/humble/share/rosidl_cmake/cmake/rosidl_generate_interfaces.cmake:286 (ament_execute_extensions)
[1.646s]   CMakeLists.txt:26 (rosidl_generate_interfaces)
[1.646s] 
[1.646s] [0m
[1.646s] -- Configuring incomplete, errors occurred!
[1.646s] See also "/home/roey/tello-ros2/build/tello_msg/CMakeFiles/CMakeOutput.log".
