[0.019s] Invoking command in '/home/roey/tello-ros2/build/tello_control': CMAKE_PREFIX_PATH=/opt/ros/humble /usr/bin/cmake /home/roey/tello-ros2/workspace/src/tello_control -DCMAKE_INSTALL_PREFIX=/home/roey/tello-ros2/install/tello_control
[0.092s] -- The C compiler identification is GNU 11.4.0
[0.173s] -- The CXX compiler identification is GNU 11.4.0
[0.189s] -- Detecting C compiler ABI info
[0.300s] -- Detecting C compiler ABI info - done
[0.314s] -- Check for working C compiler: /usr/bin/cc - skipped
[0.318s] -- Detecting C compile features
[0.318s] -- Detecting C compile features - done
[0.320s] -- Detecting CXX compiler ABI info
[0.457s] -- Detecting CXX compiler ABI info - done
[0.469s] -- Check for working CXX compiler: /usr/bin/c++ - skipped
[0.470s] -- Detecting CXX compile features
[0.470s] -- Detecting CXX compile features - done
[0.484s] -- Found OpenCV version 4.5.4
[0.488s] -- Found ament_cmake: 1.3.10 (/opt/ros/humble/share/ament_cmake/cmake)
[0.738s] -- Found Python3: /usr/bin/python3 (found version "3.10.12") found components: Interpreter 
[0.883s] -- Found rclcpp: 16.0.10 (/opt/ros/humble/share/rclcpp/cmake)
[0.945s] -- Found rosidl_generator_c: 3.1.5 (/opt/ros/humble/share/rosidl_generator_c/cmake)
[0.952s] -- Found rosidl_adapter: 3.1.5 (/opt/ros/humble/share/rosidl_adapter/cmake)
[0.965s] -- Found rosidl_generator_cpp: 3.1.5 (/opt/ros/humble/share/rosidl_generator_cpp/cmake)
[0.984s] -- Using all available rosidl_typesupport_c: rosidl_typesupport_fastrtps_c;rosidl_typesupport_introspection_c
[1.009s] -- Using all available rosidl_typesupport_cpp: rosidl_typesupport_fastrtps_cpp;rosidl_typesupport_introspection_cpp
[1.080s] -- Found rmw_implementation_cmake: 6.1.2 (/opt/ros/humble/share/rmw_implementation_cmake/cmake)
[1.084s] -- Found rmw_fastrtps_cpp: 6.2.7 (/opt/ros/humble/share/rmw_fastrtps_cpp/cmake)
[1.210s] -- Found OpenSSL: /usr/lib/x86_64-linux-gnu/libcrypto.so (found version "3.0.2")  
[1.254s] -- Found FastRTPS: /opt/ros/humble/include  
[1.316s] -- Using RMW implementation 'rmw_fastrtps_cpp' as default
[1.330s] -- Looking for pthread.h
[1.438s] -- Looking for pthread.h - found
[1.438s] -- Performing Test CMAKE_HAVE_LIBC_PTHREAD
[1.539s] -- Performing Test CMAKE_HAVE_LIBC_PTHREAD - Success
[1.541s] -- Found Threads: TRUE  
[1.631s] -- Found geometry_msgs: 4.2.4 (/opt/ros/humble/share/geometry_msgs/cmake)
[1.794s] -- Configuring done
[1.818s] -- Generating done
[1.822s] -- Build files have been written to: /home/roey/tello-ros2/build/tello_control
[1.838s] Invoked command in '/home/roey/tello-ros2/build/tello_control' returned '0': CMAKE_PREFIX_PATH=/opt/ros/humble /usr/bin/cmake /home/roey/tello-ros2/workspace/src/tello_control -DCMAKE_INSTALL_PREFIX=/home/roey/tello-ros2/install/tello_control
[1.841s] Invoking command in '/home/roey/tello-ros2/build/tello_control': CMAKE_PREFIX_PATH=/opt/ros/humble /usr/bin/cmake --build /home/roey/tello-ros2/build/tello_control -- -j8 -l8
[1.907s] Consolidate compiler generated dependencies of target tello_control
[1.926s] [100%] Built target tello_control
[1.944s] Invoked command in '/home/roey/tello-ros2/build/tello_control' returned '0': CMAKE_PREFIX_PATH=/opt/ros/humble /usr/bin/cmake --build /home/roey/tello-ros2/build/tello_control -- -j8 -l8
[1.991s] Invoking command in '/home/roey/tello-ros2/build/tello_control': CMAKE_PREFIX_PATH=/opt/ros/humble /usr/bin/cmake --install /home/roey/tello-ros2/build/tello_control
[2.002s] -- Install configuration: ""
[2.003s] -- Up-to-date: /home/roey/tello-ros2/install/tello_control/lib/tello_control/tello_control
[2.003s] -- Up-to-date: /home/roey/tello-ros2/install/tello_control/share/tello_control/rviz.rviz
[2.003s] -- Up-to-date: /home/roey/tello-ros2/install/tello_control/share/ament_index/resource_index/package_run_dependencies/tello_control
[2.003s] -- Up-to-date: /home/roey/tello-ros2/install/tello_control/share/ament_index/resource_index/parent_prefix_path/tello_control
[2.004s] -- Up-to-date: /home/roey/tello-ros2/install/tello_control/share/tello_control/environment/ament_prefix_path.sh
[2.004s] -- Installing: /home/roey/tello-ros2/install/tello_control/share/tello_control/environment/ament_prefix_path.dsv
[2.004s] -- Up-to-date: /home/roey/tello-ros2/install/tello_control/share/tello_control/environment/path.sh
[2.004s] -- Installing: /home/roey/tello-ros2/install/tello_control/share/tello_control/environment/path.dsv
[2.005s] -- Up-to-date: /home/roey/tello-ros2/install/tello_control/share/tello_control/local_setup.bash
[2.005s] -- Up-to-date: /home/roey/tello-ros2/install/tello_control/share/tello_control/local_setup.sh
[2.005s] -- Up-to-date: /home/roey/tello-ros2/install/tello_control/share/tello_control/local_setup.zsh
[2.005s] -- Installing: /home/roey/tello-ros2/install/tello_control/share/tello_control/local_setup.dsv
[2.005s] -- Installing: /home/roey/tello-ros2/install/tello_control/share/tello_control/package.dsv
[2.006s] -- Up-to-date: /home/roey/tello-ros2/install/tello_control/share/ament_index/resource_index/packages/tello_control
[2.006s] -- Up-to-date: /home/roey/tello-ros2/install/tello_control/share/tello_control/cmake/tello_controlConfig.cmake
[2.006s] -- Up-to-date: /home/roey/tello-ros2/install/tello_control/share/tello_control/cmake/tello_controlConfig-version.cmake
[2.006s] -- Up-to-date: /home/roey/tello-ros2/install/tello_control/share/tello_control/package.xml
[2.008s] Invoked command in '/home/roey/tello-ros2/build/tello_control' returned '0': CMAKE_PREFIX_PATH=/opt/ros/humble /usr/bin/cmake --install /home/roey/tello-ros2/build/tello_control
