running egg_info
creating ../../../build/tello/tello.egg-info
writing ../../../build/tello/tello.egg-info/PKG-INFO
writing dependency_links to ../../../build/tello/tello.egg-info/dependency_links.txt
writing entry points to ../../../build/tello/tello.egg-info/entry_points.txt
writing requirements to ../../../build/tello/tello.egg-info/requires.txt
writing top-level names to ../../../build/tello/tello.egg-info/top_level.txt
writing manifest file '../../../build/tello/tello.egg-info/SOURCES.txt'
reading manifest file '../../../build/tello/tello.egg-info/SOURCES.txt'
adding license file 'LICENSE.txt'
writing manifest file '../../../build/tello/tello.egg-info/SOURCES.txt'
running build
running build_py
creating /home/roey/tello-ros2/build/tello/build
creating /home/roey/tello-ros2/build/tello/build/lib
creating /home/roey/tello-ros2/build/tello/build/lib/tello
copying tello/__init__.py -> /home/roey/tello-ros2/build/tello/build/lib/tello
copying tello/node.py -> /home/roey/tello-ros2/build/tello/build/lib/tello
running install
running install_lib
creating /home/roey/tello-ros2/install/tello/lib/python3.10/site-packages/tello
copying /home/roey/tello-ros2/build/tello/build/lib/tello/__init__.py -> /home/roey/tello-ros2/install/tello/lib/python3.10/site-packages/tello
copying /home/roey/tello-ros2/build/tello/build/lib/tello/node.py -> /home/roey/tello-ros2/install/tello/lib/python3.10/site-packages/tello
byte-compiling /home/roey/tello-ros2/install/tello/lib/python3.10/site-packages/tello/__init__.py to __init__.cpython-310.pyc
byte-compiling /home/roey/tello-ros2/install/tello/lib/python3.10/site-packages/tello/node.py to node.cpython-310.pyc
running install_data
creating /home/roey/tello-ros2/install/tello/share/ament_index
creating /home/roey/tello-ros2/install/tello/share/ament_index/resource_index
creating /home/roey/tello-ros2/install/tello/share/ament_index/resource_index/packages
copying resource/tello -> /home/roey/tello-ros2/install/tello/share/ament_index/resource_index/packages
copying package.xml -> /home/roey/tello-ros2/install/tello/share/tello
copying resource/ost.txt -> /home/roey/tello-ros2/install/tello/share/tello
copying resource/ost.yaml -> /home/roey/tello-ros2/install/tello/share/tello
creating /home/roey/tello-ros2/install/tello/share/tello/launch
copying launch/tello.launch.py -> /home/roey/tello-ros2/install/tello/share/tello/launch
running install_egg_info
Copying ../../../build/tello/tello.egg-info to /home/roey/tello-ros2/install/tello/lib/python3.10/site-packages/tello-0.1.0-py3.10.egg-info
running install_scripts
Installing tello script to /home/roey/tello-ros2/install/tello/lib/tello
writing list of installed files to '/home/roey/tello-ros2/build/tello/install.log'
