[1.127s] Invoking command in '/home/roey/tello-ros2/workspace/src/tello': AMENT_PREFIX_PATH=/home/roey/tello-ros2/install/tello_msg:${AMENT_PREFIX_PATH} CMAKE_PREFIX_PATH=/home/roey/tello-ros2/install/tello_msg LD_LIBRARY_PATH=/home/roey/tello-ros2/install/tello_msg/lib:/usr/lib/x86_64-linux-gnu/gazebo-11/plugins:/opt/ros/humble/opt/rviz_ogre_vendor/lib:/opt/ros/humble/lib/x86_64-linux-gnu:/opt/ros/humble/lib:/usr/share/gazebo/../../lib/x86_64-linux-gnu/gazebo-11/plugins:/usr/share/gazebo/../../lib/x86_64-linux-gnu/gazebo-11/plugins:/usr/share/gazebo/../../lib/x86_64-linux-gnu/gazebo-11/plugins PYTHONPATH=/home/roey/tello-ros2/build/tello/prefix_override:/usr/lib/python3/dist-packages/colcon_core/task/python/colcon_distutils_commands:/home/roey/tello-ros2/install/tello/lib/python3.10/site-packages:/home/roey/tello-ros2/install/tello_msg/local/lib/python3.10/dist-packages:${PYTHONPATH} /usr/bin/python3 -W ignore:setup.py install is deprecated setup.py egg_info --egg-base ../../../build/tello build --build-base /home/roey/tello-ros2/build/tello/build install --record /home/roey/tello-ros2/build/tello/install.log --install-scripts $base/lib/tello --single-version-externally-managed install_data
[1.479s] /usr/lib/python3/dist-packages/setuptools/dist.py:723: UserWarning: Usage of dash-separated 'script-dir' will not be supported in future versions. Please use the underscore name 'script_dir' instead
[1.479s]   warnings.warn(
[1.491s] running egg_info
[1.492s] creating ../../../build/tello/tello.egg-info
[1.492s] writing ../../../build/tello/tello.egg-info/PKG-INFO
[1.492s] writing dependency_links to ../../../build/tello/tello.egg-info/dependency_links.txt
[1.492s] writing entry points to ../../../build/tello/tello.egg-info/entry_points.txt
[1.494s] writing requirements to ../../../build/tello/tello.egg-info/requires.txt
[1.494s] writing top-level names to ../../../build/tello/tello.egg-info/top_level.txt
[1.494s] writing manifest file '../../../build/tello/tello.egg-info/SOURCES.txt'
[1.497s] reading manifest file '../../../build/tello/tello.egg-info/SOURCES.txt'
[1.497s] adding license file 'LICENSE.txt'
[1.498s] writing manifest file '../../../build/tello/tello.egg-info/SOURCES.txt'
[1.498s] running build
[1.498s] running build_py
[1.499s] creating /home/roey/tello-ros2/build/tello/build
[1.499s] creating /home/roey/tello-ros2/build/tello/build/lib
[1.499s] creating /home/roey/tello-ros2/build/tello/build/lib/tello
[1.499s] copying tello/__init__.py -> /home/roey/tello-ros2/build/tello/build/lib/tello
[1.499s] copying tello/node.py -> /home/roey/tello-ros2/build/tello/build/lib/tello
[1.500s] running install
[1.500s] running install_lib
[1.501s] creating /home/roey/tello-ros2/install/tello/lib/python3.10/site-packages/tello
[1.501s] copying /home/roey/tello-ros2/build/tello/build/lib/tello/__init__.py -> /home/roey/tello-ros2/install/tello/lib/python3.10/site-packages/tello
[1.501s] copying /home/roey/tello-ros2/build/tello/build/lib/tello/node.py -> /home/roey/tello-ros2/install/tello/lib/python3.10/site-packages/tello
[1.502s] byte-compiling /home/roey/tello-ros2/install/tello/lib/python3.10/site-packages/tello/__init__.py to __init__.cpython-310.pyc
[1.502s] byte-compiling /home/roey/tello-ros2/install/tello/lib/python3.10/site-packages/tello/node.py to node.cpython-310.pyc
[1.506s] running install_data
[1.506s] creating /home/roey/tello-ros2/install/tello/share/ament_index
[1.506s] creating /home/roey/tello-ros2/install/tello/share/ament_index/resource_index
[1.506s] creating /home/roey/tello-ros2/install/tello/share/ament_index/resource_index/packages
[1.507s] copying resource/tello -> /home/roey/tello-ros2/install/tello/share/ament_index/resource_index/packages
[1.507s] copying package.xml -> /home/roey/tello-ros2/install/tello/share/tello
[1.507s] copying resource/ost.txt -> /home/roey/tello-ros2/install/tello/share/tello
[1.507s] copying resource/ost.yaml -> /home/roey/tello-ros2/install/tello/share/tello
[1.507s] creating /home/roey/tello-ros2/install/tello/share/tello/launch
[1.507s] copying launch/tello.launch.py -> /home/roey/tello-ros2/install/tello/share/tello/launch
[1.508s] running install_egg_info
[1.510s] Copying ../../../build/tello/tello.egg-info to /home/roey/tello-ros2/install/tello/lib/python3.10/site-packages/tello-0.1.0-py3.10.egg-info
[1.511s] running install_scripts
[1.538s] Installing tello script to /home/roey/tello-ros2/install/tello/lib/tello
[1.538s] writing list of installed files to '/home/roey/tello-ros2/build/tello/install.log'
[1.569s] Invoked command in '/home/roey/tello-ros2/workspace/src/tello' returned '0': AMENT_PREFIX_PATH=/home/roey/tello-ros2/install/tello_msg:${AMENT_PREFIX_PATH} CMAKE_PREFIX_PATH=/home/roey/tello-ros2/install/tello_msg LD_LIBRARY_PATH=/home/roey/tello-ros2/install/tello_msg/lib:/usr/lib/x86_64-linux-gnu/gazebo-11/plugins:/opt/ros/humble/opt/rviz_ogre_vendor/lib:/opt/ros/humble/lib/x86_64-linux-gnu:/opt/ros/humble/lib:/usr/share/gazebo/../../lib/x86_64-linux-gnu/gazebo-11/plugins:/usr/share/gazebo/../../lib/x86_64-linux-gnu/gazebo-11/plugins:/usr/share/gazebo/../../lib/x86_64-linux-gnu/gazebo-11/plugins PYTHONPATH=/home/roey/tello-ros2/build/tello/prefix_override:/usr/lib/python3/dist-packages/colcon_core/task/python/colcon_distutils_commands:/home/roey/tello-ros2/install/tello/lib/python3.10/site-packages:/home/roey/tello-ros2/install/tello_msg/local/lib/python3.10/dist-packages:${PYTHONPATH} /usr/bin/python3 -W ignore:setup.py install is deprecated setup.py egg_info --egg-base ../../../build/tello build --build-base /home/roey/tello-ros2/build/tello/build install --record /home/roey/tello-ros2/build/tello/install.log --install-scripts $base/lib/tello --single-version-externally-managed install_data
