[0.018s] Invoking command in '/home/roey/tello-ros2/build/tello_msg': CMAKE_PREFIX_PATH=/opt/ros/humble /usr/bin/cmake /home/roey/tello-ros2/workspace/src/tello_msg -DCMAKE_INSTALL_PREFIX=/home/roey/tello-ros2/install/tello_msg
[0.088s] -- The C compiler identification is GNU 11.4.0
[0.167s] -- The CXX compiler identification is GNU 11.4.0
[0.178s] -- Detecting C compiler ABI info
[0.271s] -- Detecting C compiler ABI info - done
[0.284s] -- Check for working C compiler: /usr/bin/cc - skipped
[0.284s] -- Detecting C compile features
[0.284s] -- Detecting C compile features - done
[0.289s] -- Detecting CXX compiler ABI info
[0.404s] -- Detecting CXX compiler ABI info - done
[0.422s] -- Check for working CXX compiler: /usr/bin/c++ - skipped
[0.422s] -- Detecting CXX compile features
[0.423s] -- Detecting CXX compile features - done
[0.426s] -- Found ament_cmake: 1.3.10 (/opt/ros/humble/share/ament_cmake/cmake)
[0.636s] -- Found Python3: /usr/bin/python3 (found version "3.10.12") found components: Interpreter 
[0.766s] -- Found rosidl_default_generators: 1.2.0 (/opt/ros/humble/share/rosidl_default_generators/cmake)
[0.770s] -- Using all available rosidl_typesupport_c: rosidl_typesupport_fastrtps_c;rosidl_typesupport_introspection_c
[0.780s] -- Found rosidl_adapter: 3.1.5 (/opt/ros/humble/share/rosidl_adapter/cmake)
[0.838s] -- Using all available rosidl_typesupport_cpp: rosidl_typesupport_fastrtps_cpp;rosidl_typesupport_introspection_cpp
[0.889s] -- Found std_msgs: 4.2.4 (/opt/ros/humble/share/std_msgs/cmake)
[0.928s] -- Found geometry_msgs: 4.2.4 (/opt/ros/humble/share/geometry_msgs/cmake)
[1.433s] -- Found ament_cmake_cppcheck: 0.12.11 (/opt/ros/humble/share/ament_cmake_cppcheck/cmake)
[1.438s] -- Found ament_cmake_cpplint: 0.12.11 (/opt/ros/humble/share/ament_cmake_cpplint/cmake)
[1.442s] -- Found ament_cmake_uncrustify: 0.12.11 (/opt/ros/humble/share/ament_cmake_uncrustify/cmake)
[1.447s] -- Found ament_cmake_ros: 0.10.0 (/opt/ros/humble/share/ament_cmake_ros/cmake)
[1.834s] -- Using all available rosidl_typesupport_c: rosidl_typesupport_fastrtps_c;rosidl_typesupport_introspection_c
[2.294s] -- Using all available rosidl_typesupport_cpp: rosidl_typesupport_fastrtps_cpp;rosidl_typesupport_introspection_cpp
[2.328s] -- Found PythonInterp: /usr/bin/python3 (found suitable version "3.10.12", minimum required is "3.6") 
[2.330s] -- Found python_cmake_module: 0.10.0 (/opt/ros/humble/share/python_cmake_module/cmake)
[2.367s] -- Found PythonLibs: /usr/lib/x86_64-linux-gnu/libpython3.10.so (found suitable version "3.10.12", minimum required is "3.5") 
[2.367s] -- Using PYTHON_EXECUTABLE: /usr/bin/python3
[2.367s] -- Using PYTHON_INCLUDE_DIRS: /usr/include/python3.10
[2.367s] -- Using PYTHON_LIBRARIES: /usr/lib/x86_64-linux-gnu/libpython3.10.so
[2.397s] -- Found PythonExtra: .so  
[2.480s] -- Found ament_cmake_flake8: 0.12.11 (/opt/ros/humble/share/ament_cmake_flake8/cmake)
[2.483s] -- Found ament_cmake_pep257: 0.12.11 (/opt/ros/humble/share/ament_cmake_pep257/cmake)
[2.492s] -- Configuring done
[2.542s] -- Generating done
[2.546s] -- Build files have been written to: /home/roey/tello-ros2/build/tello_msg
[2.554s] Invoked command in '/home/roey/tello-ros2/build/tello_msg' returned '0': CMAKE_PREFIX_PATH=/opt/ros/humble /usr/bin/cmake /home/roey/tello-ros2/workspace/src/tello_msg -DCMAKE_INSTALL_PREFIX=/home/roey/tello-ros2/install/tello_msg
[2.557s] Invoking command in '/home/roey/tello-ros2/build/tello_msg': CMAKE_PREFIX_PATH=/opt/ros/humble /usr/bin/cmake --build /home/roey/tello-ros2/build/tello_msg -- -j8 -l8
[2.614s] Consolidate compiler generated dependencies of target tello_msg__rosidl_generator_c
[2.622s] [  2%] Built target tello_msg__cpp
[2.630s] [ 12%] Built target tello_msg__rosidl_generator_c
[2.640s] [ 12%] Built target ament_cmake_python_copy_tello_msg
[2.647s] Consolidate compiler generated dependencies of target tello_msg__rosidl_typesupport_fastrtps_cpp
[2.647s] Consolidate compiler generated dependencies of target tello_msg__rosidl_typesupport_introspection_cpp
[2.649s] Consolidate compiler generated dependencies of target tello_msg__rosidl_typesupport_cpp
[2.658s] Consolidate compiler generated dependencies of target tello_msg__rosidl_typesupport_c
[2.658s] Consolidate compiler generated dependencies of target tello_msg__rosidl_typesupport_fastrtps_c
[2.664s] Consolidate compiler generated dependencies of target tello_msg__rosidl_typesupport_introspection_c
[2.676s] [ 23%] Built target tello_msg__rosidl_typesupport_introspection_cpp
[2.676s] [ 34%] Built target tello_msg__rosidl_typesupport_cpp
[2.680s] [ 44%] Built target tello_msg__rosidl_typesupport_fastrtps_c
[2.681s] [ 55%] Built target tello_msg__rosidl_typesupport_fastrtps_cpp
[2.681s] [ 65%] Built target tello_msg__rosidl_typesupport_c
[2.683s] [ 76%] Built target tello_msg__rosidl_typesupport_introspection_c
[2.710s] [ 76%] Built target tello_msg
[2.738s] [ 78%] Built target tello_msg__py
[2.755s] Consolidate compiler generated dependencies of target tello_msg__rosidl_generator_py
[2.772s] [ 87%] Built target tello_msg__rosidl_generator_py
[2.788s] Consolidate compiler generated dependencies of target tello_msg__rosidl_typesupport_introspection_c__pyext
[2.789s] Consolidate compiler generated dependencies of target tello_msg__rosidl_typesupport_c__pyext
[2.793s] Consolidate compiler generated dependencies of target tello_msg__rosidl_typesupport_fastrtps_c__pyext
[2.803s] [ 91%] Built target tello_msg__rosidl_typesupport_introspection_c__pyext
[2.806s] [ 95%] Built target tello_msg__rosidl_typesupport_c__pyext
[2.812s] [100%] Built target tello_msg__rosidl_typesupport_fastrtps_c__pyext
[3.038s] running egg_info
[3.039s] writing tello_msg.egg-info/PKG-INFO
[3.040s] writing dependency_links to tello_msg.egg-info/dependency_links.txt
[3.040s] writing top-level names to tello_msg.egg-info/top_level.txt
[3.044s] reading manifest file 'tello_msg.egg-info/SOURCES.txt'
[3.044s] writing manifest file 'tello_msg.egg-info/SOURCES.txt'
[3.078s] [100%] Built target ament_cmake_python_build_tello_msg_egg
[3.093s] Invoked command in '/home/roey/tello-ros2/build/tello_msg' returned '0': CMAKE_PREFIX_PATH=/opt/ros/humble /usr/bin/cmake --build /home/roey/tello-ros2/build/tello_msg -- -j8 -l8
[3.211s] Invoking command in '/home/roey/tello-ros2/build/tello_msg': CMAKE_PREFIX_PATH=/opt/ros/humble /usr/bin/cmake --install /home/roey/tello-ros2/build/tello_msg
[3.222s] -- Install configuration: ""
[3.222s] -- Up-to-date: /home/roey/tello-ros2/install/tello_msg/share/ament_index/resource_index/rosidl_interfaces/tello_msg
[3.222s] -- Up-to-date: /home/roey/tello-ros2/install/tello_msg/include/tello_msg/tello_msg
[3.223s] -- Up-to-date: /home/roey/tello-ros2/install/tello_msg/include/tello_msg/tello_msg/msg
[3.223s] -- Up-to-date: /home/roey/tello-ros2/install/tello_msg/include/tello_msg/tello_msg/msg/detail
[3.223s] -- Up-to-date: /home/roey/tello-ros2/install/tello_msg/include/tello_msg/tello_msg/msg/detail/tello_id__type_support.h
[3.223s] -- Up-to-date: /home/roey/tello-ros2/install/tello_msg/include/tello_msg/tello_msg/msg/detail/tello_id__struct.h
[3.223s] -- Up-to-date: /home/roey/tello-ros2/install/tello_msg/include/tello_msg/tello_msg/msg/detail/tello_status__struct.h
[3.223s] -- Up-to-date: /home/roey/tello-ros2/install/tello_msg/include/tello_msg/tello_msg/msg/detail/tello_wifi_config__functions.c
[3.223s] -- Up-to-date: /home/roey/tello-ros2/install/tello_msg/include/tello_msg/tello_msg/msg/detail/tello_status__functions.h
[3.223s] -- Up-to-date: /home/roey/tello-ros2/install/tello_msg/include/tello_msg/tello_msg/msg/detail/tello_wifi_config__functions.h
[3.223s] -- Up-to-date: /home/roey/tello-ros2/install/tello_msg/include/tello_msg/tello_msg/msg/detail/tello_id__functions.c
[3.224s] -- Up-to-date: /home/roey/tello-ros2/install/tello_msg/include/tello_msg/tello_msg/msg/detail/tello_id__functions.h
[3.224s] -- Up-to-date: /home/roey/tello-ros2/install/tello_msg/include/tello_msg/tello_msg/msg/detail/tello_status__functions.c
[3.224s] -- Up-to-date: /home/roey/tello-ros2/install/tello_msg/include/tello_msg/tello_msg/msg/detail/tello_wifi_config__struct.h
[3.224s] -- Up-to-date: /home/roey/tello-ros2/install/tello_msg/include/tello_msg/tello_msg/msg/detail/tello_status__type_support.h
[3.224s] -- Up-to-date: /home/roey/tello-ros2/install/tello_msg/include/tello_msg/tello_msg/msg/detail/tello_wifi_config__type_support.h
[3.225s] -- Up-to-date: /home/roey/tello-ros2/install/tello_msg/include/tello_msg/tello_msg/msg/tello_wifi_config.h
[3.225s] -- Up-to-date: /home/roey/tello-ros2/install/tello_msg/include/tello_msg/tello_msg/msg/rosidl_generator_c__visibility_control.h
[3.225s] -- Up-to-date: /home/roey/tello-ros2/install/tello_msg/include/tello_msg/tello_msg/msg/tello_id.h
[3.225s] -- Up-to-date: /home/roey/tello-ros2/install/tello_msg/include/tello_msg/tello_msg/msg/tello_status.h
[3.225s] -- Up-to-date: /home/roey/tello-ros2/install/tello_msg/share/tello_msg/environment/library_path.sh
[3.226s] -- Installing: /home/roey/tello-ros2/install/tello_msg/share/tello_msg/environment/library_path.dsv
[3.226s] -- Up-to-date: /home/roey/tello-ros2/install/tello_msg/lib/libtello_msg__rosidl_generator_c.so
[3.226s] -- Up-to-date: /home/roey/tello-ros2/install/tello_msg/include/tello_msg/tello_msg
[3.227s] -- Up-to-date: /home/roey/tello-ros2/install/tello_msg/include/tello_msg/tello_msg/msg
[3.227s] -- Up-to-date: /home/roey/tello-ros2/install/tello_msg/include/tello_msg/tello_msg/msg/rosidl_typesupport_fastrtps_c__visibility_control.h
[3.227s] -- Up-to-date: /home/roey/tello-ros2/install/tello_msg/include/tello_msg/tello_msg/msg/detail
[3.227s] -- Up-to-date: /home/roey/tello-ros2/install/tello_msg/include/tello_msg/tello_msg/msg/detail/tello_wifi_config__rosidl_typesupport_fastrtps_c.h
[3.227s] -- Up-to-date: /home/roey/tello-ros2/install/tello_msg/include/tello_msg/tello_msg/msg/detail/tello_id__rosidl_typesupport_fastrtps_c.h
[3.227s] -- Up-to-date: /home/roey/tello-ros2/install/tello_msg/include/tello_msg/tello_msg/msg/detail/tello_status__rosidl_typesupport_fastrtps_c.h
[3.228s] -- Up-to-date: /home/roey/tello-ros2/install/tello_msg/lib/libtello_msg__rosidl_typesupport_fastrtps_c.so
[3.228s] -- Up-to-date: /home/roey/tello-ros2/install/tello_msg/include/tello_msg/tello_msg
[3.228s] -- Up-to-date: /home/roey/tello-ros2/install/tello_msg/include/tello_msg/tello_msg/msg
[3.228s] -- Up-to-date: /home/roey/tello-ros2/install/tello_msg/include/tello_msg/tello_msg/msg/rosidl_typesupport_introspection_c__visibility_control.h
[3.228s] -- Up-to-date: /home/roey/tello-ros2/install/tello_msg/include/tello_msg/tello_msg/msg/detail
[3.228s] -- Up-to-date: /home/roey/tello-ros2/install/tello_msg/include/tello_msg/tello_msg/msg/detail/tello_status__type_support.c
[3.228s] -- Up-to-date: /home/roey/tello-ros2/install/tello_msg/include/tello_msg/tello_msg/msg/detail/tello_id__type_support.c
[3.228s] -- Up-to-date: /home/roey/tello-ros2/install/tello_msg/include/tello_msg/tello_msg/msg/detail/tello_status__rosidl_typesupport_introspection_c.h
[3.228s] -- Up-to-date: /home/roey/tello-ros2/install/tello_msg/include/tello_msg/tello_msg/msg/detail/tello_id__rosidl_typesupport_introspection_c.h
[3.228s] -- Up-to-date: /home/roey/tello-ros2/install/tello_msg/include/tello_msg/tello_msg/msg/detail/tello_wifi_config__type_support.c
[3.228s] -- Up-to-date: /home/roey/tello-ros2/install/tello_msg/include/tello_msg/tello_msg/msg/detail/tello_wifi_config__rosidl_typesupport_introspection_c.h
[3.228s] -- Up-to-date: /home/roey/tello-ros2/install/tello_msg/lib/libtello_msg__rosidl_typesupport_introspection_c.so
[3.228s] -- Up-to-date: /home/roey/tello-ros2/install/tello_msg/lib/libtello_msg__rosidl_typesupport_c.so
[3.228s] -- Up-to-date: /home/roey/tello-ros2/install/tello_msg/include/tello_msg/tello_msg
[3.229s] -- Up-to-date: /home/roey/tello-ros2/install/tello_msg/include/tello_msg/tello_msg/msg
[3.229s] -- Up-to-date: /home/roey/tello-ros2/install/tello_msg/include/tello_msg/tello_msg/msg/tello_status.hpp
[3.229s] -- Up-to-date: /home/roey/tello-ros2/install/tello_msg/include/tello_msg/tello_msg/msg/detail
[3.229s] -- Up-to-date: /home/roey/tello-ros2/install/tello_msg/include/tello_msg/tello_msg/msg/detail/tello_id__struct.hpp
[3.229s] -- Up-to-date: /home/roey/tello-ros2/install/tello_msg/include/tello_msg/tello_msg/msg/detail/tello_wifi_config__traits.hpp
[3.229s] -- Up-to-date: /home/roey/tello-ros2/install/tello_msg/include/tello_msg/tello_msg/msg/detail/tello_wifi_config__struct.hpp
[3.229s] -- Up-to-date: /home/roey/tello-ros2/install/tello_msg/include/tello_msg/tello_msg/msg/detail/tello_id__builder.hpp
[3.229s] -- Up-to-date: /home/roey/tello-ros2/install/tello_msg/include/tello_msg/tello_msg/msg/detail/tello_id__traits.hpp
[3.229s] -- Up-to-date: /home/roey/tello-ros2/install/tello_msg/include/tello_msg/tello_msg/msg/detail/tello_status__struct.hpp
[3.229s] -- Up-to-date: /home/roey/tello-ros2/install/tello_msg/include/tello_msg/tello_msg/msg/detail/tello_status__traits.hpp
[3.229s] -- Up-to-date: /home/roey/tello-ros2/install/tello_msg/include/tello_msg/tello_msg/msg/detail/tello_wifi_config__builder.hpp
[3.229s] -- Up-to-date: /home/roey/tello-ros2/install/tello_msg/include/tello_msg/tello_msg/msg/detail/tello_status__builder.hpp
[3.230s] -- Up-to-date: /home/roey/tello-ros2/install/tello_msg/include/tello_msg/tello_msg/msg/tello_wifi_config.hpp
[3.230s] -- Up-to-date: /home/roey/tello-ros2/install/tello_msg/include/tello_msg/tello_msg/msg/tello_id.hpp
[3.230s] -- Up-to-date: /home/roey/tello-ros2/install/tello_msg/include/tello_msg/tello_msg
[3.230s] -- Up-to-date: /home/roey/tello-ros2/install/tello_msg/include/tello_msg/tello_msg/msg
[3.230s] -- Up-to-date: /home/roey/tello-ros2/install/tello_msg/include/tello_msg/tello_msg/msg/detail
[3.230s] -- Up-to-date: /home/roey/tello-ros2/install/tello_msg/include/tello_msg/tello_msg/msg/detail/tello_wifi_config__rosidl_typesupport_fastrtps_cpp.hpp
[3.230s] -- Up-to-date: /home/roey/tello-ros2/install/tello_msg/include/tello_msg/tello_msg/msg/detail/dds_fastrtps
[3.230s] -- Up-to-date: /home/roey/tello-ros2/install/tello_msg/include/tello_msg/tello_msg/msg/detail/tello_id__rosidl_typesupport_fastrtps_cpp.hpp
[3.230s] -- Up-to-date: /home/roey/tello-ros2/install/tello_msg/include/tello_msg/tello_msg/msg/detail/tello_status__rosidl_typesupport_fastrtps_cpp.hpp
[3.230s] -- Up-to-date: /home/roey/tello-ros2/install/tello_msg/include/tello_msg/tello_msg/msg/rosidl_typesupport_fastrtps_cpp__visibility_control.h
[3.230s] -- Up-to-date: /home/roey/tello-ros2/install/tello_msg/lib/libtello_msg__rosidl_typesupport_fastrtps_cpp.so
[3.230s] -- Up-to-date: /home/roey/tello-ros2/install/tello_msg/include/tello_msg/tello_msg
[3.230s] -- Up-to-date: /home/roey/tello-ros2/install/tello_msg/include/tello_msg/tello_msg/msg
[3.230s] -- Up-to-date: /home/roey/tello-ros2/install/tello_msg/include/tello_msg/tello_msg/msg/detail
[3.231s] -- Up-to-date: /home/roey/tello-ros2/install/tello_msg/include/tello_msg/tello_msg/msg/detail/tello_id__rosidl_typesupport_introspection_cpp.hpp
[3.231s] -- Up-to-date: /home/roey/tello-ros2/install/tello_msg/include/tello_msg/tello_msg/msg/detail/tello_wifi_config__type_support.cpp
[3.231s] -- Up-to-date: /home/roey/tello-ros2/install/tello_msg/include/tello_msg/tello_msg/msg/detail/tello_status__rosidl_typesupport_introspection_cpp.hpp
[3.231s] -- Up-to-date: /home/roey/tello-ros2/install/tello_msg/include/tello_msg/tello_msg/msg/detail/tello_id__type_support.cpp
[3.231s] -- Up-to-date: /home/roey/tello-ros2/install/tello_msg/include/tello_msg/tello_msg/msg/detail/tello_wifi_config__rosidl_typesupport_introspection_cpp.hpp
[3.231s] -- Up-to-date: /home/roey/tello-ros2/install/tello_msg/include/tello_msg/tello_msg/msg/detail/tello_status__type_support.cpp
[3.231s] -- Up-to-date: /home/roey/tello-ros2/install/tello_msg/lib/libtello_msg__rosidl_typesupport_introspection_cpp.so
[3.231s] -- Up-to-date: /home/roey/tello-ros2/install/tello_msg/lib/libtello_msg__rosidl_typesupport_cpp.so
[3.231s] -- Up-to-date: /home/roey/tello-ros2/install/tello_msg/share/tello_msg/environment/pythonpath.sh
[3.231s] -- Installing: /home/roey/tello-ros2/install/tello_msg/share/tello_msg/environment/pythonpath.dsv
[3.231s] -- Up-to-date: /home/roey/tello-ros2/install/tello_msg/local/lib/python3.10/dist-packages/tello_msg-0.0.1-py3.10.egg-info
[3.231s] -- Installing: /home/roey/tello-ros2/install/tello_msg/local/lib/python3.10/dist-packages/tello_msg-0.0.1-py3.10.egg-info/top_level.txt
[3.231s] -- Installing: /home/roey/tello-ros2/install/tello_msg/local/lib/python3.10/dist-packages/tello_msg-0.0.1-py3.10.egg-info/SOURCES.txt
[3.231s] -- Installing: /home/roey/tello-ros2/install/tello_msg/local/lib/python3.10/dist-packages/tello_msg-0.0.1-py3.10.egg-info/PKG-INFO
[3.232s] -- Installing: /home/roey/tello-ros2/install/tello_msg/local/lib/python3.10/dist-packages/tello_msg-0.0.1-py3.10.egg-info/dependency_links.txt
[3.232s] -- Up-to-date: /home/roey/tello-ros2/install/tello_msg/local/lib/python3.10/dist-packages/tello_msg
[3.232s] -- Up-to-date: /home/roey/tello-ros2/install/tello_msg/local/lib/python3.10/dist-packages/tello_msg/tello_msg_s__rosidl_typesupport_introspection_c.cpython-310-x86_64-linux-gnu.so
[3.232s] -- Up-to-date: /home/roey/tello-ros2/install/tello_msg/local/lib/python3.10/dist-packages/tello_msg/_tello_msg_s.ep.rosidl_typesupport_introspection_c.c
[3.232s] -- Up-to-date: /home/roey/tello-ros2/install/tello_msg/local/lib/python3.10/dist-packages/tello_msg/libtello_msg__rosidl_generator_py.so
[3.232s] -- Up-to-date: /home/roey/tello-ros2/install/tello_msg/local/lib/python3.10/dist-packages/tello_msg/_tello_msg_s.ep.rosidl_typesupport_c.c
[3.232s] -- Installing: /home/roey/tello-ros2/install/tello_msg/local/lib/python3.10/dist-packages/tello_msg/__init__.py
[3.232s] -- Up-to-date: /home/roey/tello-ros2/install/tello_msg/local/lib/python3.10/dist-packages/tello_msg/msg
[3.232s] -- Up-to-date: /home/roey/tello-ros2/install/tello_msg/local/lib/python3.10/dist-packages/tello_msg/msg/_tello_wifi_config_s.c
[3.232s] -- Up-to-date: /home/roey/tello-ros2/install/tello_msg/local/lib/python3.10/dist-packages/tello_msg/msg/_tello_id_s.c
[3.232s] -- Up-to-date: /home/roey/tello-ros2/install/tello_msg/local/lib/python3.10/dist-packages/tello_msg/msg/_tello_status.py
[3.232s] -- Up-to-date: /home/roey/tello-ros2/install/tello_msg/local/lib/python3.10/dist-packages/tello_msg/msg/_tello_wifi_config.py
[3.232s] -- Up-to-date: /home/roey/tello-ros2/install/tello_msg/local/lib/python3.10/dist-packages/tello_msg/msg/__init__.py
[3.232s] -- Up-to-date: /home/roey/tello-ros2/install/tello_msg/local/lib/python3.10/dist-packages/tello_msg/msg/_tello_id.py
[3.233s] -- Up-to-date: /home/roey/tello-ros2/install/tello_msg/local/lib/python3.10/dist-packages/tello_msg/msg/_tello_status_s.c
[3.233s] -- Up-to-date: /home/roey/tello-ros2/install/tello_msg/local/lib/python3.10/dist-packages/tello_msg/tello_msg_s__rosidl_typesupport_c.cpython-310-x86_64-linux-gnu.so
[3.233s] -- Up-to-date: /home/roey/tello-ros2/install/tello_msg/local/lib/python3.10/dist-packages/tello_msg/tello_msg_s__rosidl_typesupport_fastrtps_c.cpython-310-x86_64-linux-gnu.so
[3.233s] -- Up-to-date: /home/roey/tello-ros2/install/tello_msg/local/lib/python3.10/dist-packages/tello_msg/_tello_msg_s.ep.rosidl_typesupport_fastrtps_c.c
[3.272s] Listing '/home/roey/tello-ros2/install/tello_msg/local/lib/python3.10/dist-packages/tello_msg'...
[3.273s] Compiling '/home/roey/tello-ros2/install/tello_msg/local/lib/python3.10/dist-packages/tello_msg/__init__.py'...
[3.273s] Listing '/home/roey/tello-ros2/install/tello_msg/local/lib/python3.10/dist-packages/tello_msg/msg'...
[3.280s] -- Up-to-date: /home/roey/tello-ros2/install/tello_msg/local/lib/python3.10/dist-packages/tello_msg/tello_msg_s__rosidl_typesupport_fastrtps_c.cpython-310-x86_64-linux-gnu.so
[3.280s] -- Up-to-date: /home/roey/tello-ros2/install/tello_msg/local/lib/python3.10/dist-packages/tello_msg/tello_msg_s__rosidl_typesupport_introspection_c.cpython-310-x86_64-linux-gnu.so
[3.280s] -- Up-to-date: /home/roey/tello-ros2/install/tello_msg/local/lib/python3.10/dist-packages/tello_msg/tello_msg_s__rosidl_typesupport_c.cpython-310-x86_64-linux-gnu.so
[3.281s] -- Up-to-date: /home/roey/tello-ros2/install/tello_msg/lib/libtello_msg__rosidl_generator_py.so
[3.281s] -- Up-to-date: /home/roey/tello-ros2/install/tello_msg/share/tello_msg/msg/TelloStatus.idl
[3.282s] -- Up-to-date: /home/roey/tello-ros2/install/tello_msg/share/tello_msg/msg/TelloID.idl
[3.282s] -- Up-to-date: /home/roey/tello-ros2/install/tello_msg/share/tello_msg/msg/TelloWifiConfig.idl
[3.282s] -- Up-to-date: /home/roey/tello-ros2/install/tello_msg/share/tello_msg/msg/TelloStatus.msg
[3.282s] -- Up-to-date: /home/roey/tello-ros2/install/tello_msg/share/tello_msg/msg/TelloID.msg
[3.282s] -- Up-to-date: /home/roey/tello-ros2/install/tello_msg/share/tello_msg/msg/TelloWifiConfig.msg
[3.282s] -- Up-to-date: /home/roey/tello-ros2/install/tello_msg/share/ament_index/resource_index/package_run_dependencies/tello_msg
[3.282s] -- Up-to-date: /home/roey/tello-ros2/install/tello_msg/share/ament_index/resource_index/parent_prefix_path/tello_msg
[3.282s] -- Up-to-date: /home/roey/tello-ros2/install/tello_msg/share/tello_msg/environment/ament_prefix_path.sh
[3.282s] -- Installing: /home/roey/tello-ros2/install/tello_msg/share/tello_msg/environment/ament_prefix_path.dsv
[3.282s] -- Up-to-date: /home/roey/tello-ros2/install/tello_msg/share/tello_msg/environment/path.sh
[3.282s] -- Installing: /home/roey/tello-ros2/install/tello_msg/share/tello_msg/environment/path.dsv
[3.282s] -- Up-to-date: /home/roey/tello-ros2/install/tello_msg/share/tello_msg/local_setup.bash
[3.283s] -- Up-to-date: /home/roey/tello-ros2/install/tello_msg/share/tello_msg/local_setup.sh
[3.283s] -- Up-to-date: /home/roey/tello-ros2/install/tello_msg/share/tello_msg/local_setup.zsh
[3.283s] -- Installing: /home/roey/tello-ros2/install/tello_msg/share/tello_msg/local_setup.dsv
[3.283s] -- Installing: /home/roey/tello-ros2/install/tello_msg/share/tello_msg/package.dsv
[3.283s] -- Up-to-date: /home/roey/tello-ros2/install/tello_msg/share/ament_index/resource_index/packages/tello_msg
[3.283s] -- Up-to-date: /home/roey/tello-ros2/install/tello_msg/share/tello_msg/cmake/export_tello_msg__rosidl_generator_cExport.cmake
[3.283s] -- Up-to-date: /home/roey/tello-ros2/install/tello_msg/share/tello_msg/cmake/export_tello_msg__rosidl_generator_cExport-noconfig.cmake
[3.284s] -- Up-to-date: /home/roey/tello-ros2/install/tello_msg/share/tello_msg/cmake/export_tello_msg__rosidl_typesupport_fastrtps_cExport.cmake
[3.284s] -- Up-to-date: /home/roey/tello-ros2/install/tello_msg/share/tello_msg/cmake/export_tello_msg__rosidl_typesupport_fastrtps_cExport-noconfig.cmake
[3.284s] -- Up-to-date: /home/roey/tello-ros2/install/tello_msg/share/tello_msg/cmake/tello_msg__rosidl_typesupport_introspection_cExport.cmake
[3.284s] -- Up-to-date: /home/roey/tello-ros2/install/tello_msg/share/tello_msg/cmake/tello_msg__rosidl_typesupport_introspection_cExport-noconfig.cmake
[3.284s] -- Up-to-date: /home/roey/tello-ros2/install/tello_msg/share/tello_msg/cmake/tello_msg__rosidl_typesupport_cExport.cmake
[3.284s] -- Up-to-date: /home/roey/tello-ros2/install/tello_msg/share/tello_msg/cmake/tello_msg__rosidl_typesupport_cExport-noconfig.cmake
[3.284s] -- Up-to-date: /home/roey/tello-ros2/install/tello_msg/share/tello_msg/cmake/export_tello_msg__rosidl_generator_cppExport.cmake
[3.284s] -- Up-to-date: /home/roey/tello-ros2/install/tello_msg/share/tello_msg/cmake/export_tello_msg__rosidl_typesupport_fastrtps_cppExport.cmake
[3.284s] -- Up-to-date: /home/roey/tello-ros2/install/tello_msg/share/tello_msg/cmake/export_tello_msg__rosidl_typesupport_fastrtps_cppExport-noconfig.cmake
[3.285s] -- Up-to-date: /home/roey/tello-ros2/install/tello_msg/share/tello_msg/cmake/tello_msg__rosidl_typesupport_introspection_cppExport.cmake
[3.285s] -- Up-to-date: /home/roey/tello-ros2/install/tello_msg/share/tello_msg/cmake/tello_msg__rosidl_typesupport_introspection_cppExport-noconfig.cmake
[3.285s] -- Up-to-date: /home/roey/tello-ros2/install/tello_msg/share/tello_msg/cmake/tello_msg__rosidl_typesupport_cppExport.cmake
[3.285s] -- Up-to-date: /home/roey/tello-ros2/install/tello_msg/share/tello_msg/cmake/tello_msg__rosidl_typesupport_cppExport-noconfig.cmake
[3.285s] -- Up-to-date: /home/roey/tello-ros2/install/tello_msg/share/tello_msg/cmake/export_tello_msg__rosidl_generator_pyExport.cmake
[3.285s] -- Up-to-date: /home/roey/tello-ros2/install/tello_msg/share/tello_msg/cmake/export_tello_msg__rosidl_generator_pyExport-noconfig.cmake
[3.285s] -- Up-to-date: /home/roey/tello-ros2/install/tello_msg/share/tello_msg/cmake/rosidl_cmake-extras.cmake
[3.285s] -- Up-to-date: /home/roey/tello-ros2/install/tello_msg/share/tello_msg/cmake/ament_cmake_export_dependencies-extras.cmake
[3.285s] -- Up-to-date: /home/roey/tello-ros2/install/tello_msg/share/tello_msg/cmake/ament_cmake_export_include_directories-extras.cmake
[3.285s] -- Up-to-date: /home/roey/tello-ros2/install/tello_msg/share/tello_msg/cmake/ament_cmake_export_libraries-extras.cmake
[3.285s] -- Up-to-date: /home/roey/tello-ros2/install/tello_msg/share/tello_msg/cmake/ament_cmake_export_targets-extras.cmake
[3.285s] -- Up-to-date: /home/roey/tello-ros2/install/tello_msg/share/tello_msg/cmake/rosidl_cmake_export_typesupport_targets-extras.cmake
[3.286s] -- Up-to-date: /home/roey/tello-ros2/install/tello_msg/share/tello_msg/cmake/rosidl_cmake_export_typesupport_libraries-extras.cmake
[3.286s] -- Up-to-date: /home/roey/tello-ros2/install/tello_msg/share/tello_msg/cmake/tello_msgConfig.cmake
[3.286s] -- Up-to-date: /home/roey/tello-ros2/install/tello_msg/share/tello_msg/cmake/tello_msgConfig-version.cmake
[3.287s] -- Up-to-date: /home/roey/tello-ros2/install/tello_msg/share/tello_msg/package.xml
[3.288s] Invoked command in '/home/roey/tello-ros2/build/tello_msg' returned '0': CMAKE_PREFIX_PATH=/opt/ros/humble /usr/bin/cmake --install /home/roey/tello-ros2/build/tello_msg
