[0.026s] Invoking command in '/home/roey/tello-ros2/build/tello_msg': CMAKE_PREFIX_PATH=/opt/ros/humble /usr/bin/cmake /home/roey/tello-ros2/workspace/src/tello_msg -DCMAKE_INSTALL_PREFIX=/home/roey/tello-ros2/install/tello_msg
[0.043s] -- Found ament_cmake: 1.3.10 (/opt/ros/humble/share/ament_cmake/cmake)
[0.250s] -- Found rosidl_default_generators: 1.2.0 (/opt/ros/humble/share/rosidl_default_generators/cmake)
[0.253s] -- Using all available rosidl_typesupport_c: rosidl_typesupport_fastrtps_c;rosidl_typesupport_introspection_c
[0.257s] -- Found rosidl_adapter: 3.1.5 (/opt/ros/humble/share/rosidl_adapter/cmake)
[0.305s] -- Using all available rosidl_typesupport_cpp: rosidl_typesupport_fastrtps_cpp;rosidl_typesupport_introspection_cpp
[0.342s] -- Found std_msgs: 4.2.4 (/opt/ros/humble/share/std_msgs/cmake)
[0.388s] -- Found geometry_msgs: 4.2.4 (/opt/ros/humble/share/geometry_msgs/cmake)
[0.883s] -- Found ament_cmake_cppcheck: 0.12.11 (/opt/ros/humble/share/ament_cmake_cppcheck/cmake)
[0.884s] -- Found ament_cmake_cpplint: 0.12.11 (/opt/ros/humble/share/ament_cmake_cpplint/cmake)
[0.885s] -- Found ament_cmake_uncrustify: 0.12.11 (/opt/ros/humble/share/ament_cmake_uncrustify/cmake)
[0.886s] -- Found ament_cmake_ros: 0.10.0 (/opt/ros/humble/share/ament_cmake_ros/cmake)
[1.238s] -- Using all available rosidl_typesupport_c: rosidl_typesupport_fastrtps_c;rosidl_typesupport_introspection_c
[1.688s] -- Using all available rosidl_typesupport_cpp: rosidl_typesupport_fastrtps_cpp;rosidl_typesupport_introspection_cpp
[1.714s] -- Found python_cmake_module: 0.10.0 (/opt/ros/humble/share/python_cmake_module/cmake)
[1.739s] -- Using PYTHON_EXECUTABLE: /usr/local/bin/python3.6
[1.739s] -- Using PYTHON_INCLUDE_DIRS: /usr/local/include/python3.6m
[1.739s] -- Using PYTHON_LIBRARIES: /usr/local/lib/libpython3.6m.a
[1.797s] Traceback (most recent call last):
[1.797s]   File "<string>", line 1, in <module>
[1.797s] ModuleNotFoundError: No module named 'numpy'
[1.799s] CMake Error at /opt/ros/humble/share/rosidl_generator_py/cmake/rosidl_generator_py_generate_interfaces.cmake:204 (message):
[1.799s]   execute_process(/usr/local/bin/python3.6 -c 'import
[1.799s]   numpy;print(numpy.get_include())') returned error code 1
[1.800s] Call Stack (most recent call first):
[1.800s]   /opt/ros/humble/share/ament_cmake_core/cmake/core/ament_execute_extensions.cmake:48 (include)
[1.800s]   /opt/ros/humble/share/rosidl_cmake/cmake/rosidl_generate_interfaces.cmake:286 (ament_execute_extensions)
[1.800s]   CMakeLists.txt:26 (rosidl_generate_interfaces)
[1.800s] 
[1.800s] 
[1.800s] -- Configuring incomplete, errors occurred!
[1.801s] See also "/home/roey/tello-ros2/build/tello_msg/CMakeFiles/CMakeOutput.log".
