[0.023s] Invoking command in '/home/roey/tello-vio/build/orbslam2': CMAKE_PREFIX_PATH=${CMAKE_PREFIX_PATH}:/home/roey/tello-vio/install/tello:/home/roey/tello-ros2/install/tello:/opt/ros/humble /usr/bin/cmake /home/roey/tello-vio/slam/src/orbslam2 -DCMAKE_INSTALL_PREFIX=/home/roey/tello-vio/install/orbslam2
[0.100s] -- The C compiler identification is GNU 11.4.0
[0.205s] -- The CXX compiler identification is GNU 11.4.0
[0.219s] -- Detecting C compiler ABI info
[0.349s] -- Detecting C compiler ABI info - done
[0.364s] -- Check for working C compiler: /usr/bin/cc - skipped
[0.365s] -- Detecting C compile features
[0.367s] -- Detecting C compile features - done
[0.371s] -- Detecting CXX compiler ABI info
[0.539s] -- Detecting CXX compiler ABI info - done
[0.556s] -- Check for working CXX compiler: /usr/bin/c++ - skipped
[0.557s] -- Detecting CXX compile features
[0.558s] -- Detecting CXX compile features - done
[0.565s] -- Found ament_cmake: 1.3.10 (/opt/ros/humble/share/ament_cmake/cmake)
[0.904s] -- Found Python3: /usr/bin/python3 (found version "3.10.12") found components: Interpreter 
[1.088s] -- Found rclcpp: 16.0.10 (/opt/ros/humble/share/rclcpp/cmake)
[1.193s] -- Found rosidl_generator_c: 3.1.5 (/opt/ros/humble/share/rosidl_generator_c/cmake)
[1.208s] -- Found rosidl_adapter: 3.1.5 (/opt/ros/humble/share/rosidl_adapter/cmake)
[1.230s] -- Found rosidl_generator_cpp: 3.1.5 (/opt/ros/humble/share/rosidl_generator_cpp/cmake)
[1.261s] -- Using all available rosidl_typesupport_c: rosidl_typesupport_fastrtps_c;rosidl_typesupport_introspection_c
[1.300s] -- Using all available rosidl_typesupport_cpp: rosidl_typesupport_fastrtps_cpp;rosidl_typesupport_introspection_cpp
[1.412s] -- Found rmw_implementation_cmake: 6.1.2 (/opt/ros/humble/share/rmw_implementation_cmake/cmake)
[1.419s] -- Found rmw_fastrtps_cpp: 6.2.7 (/opt/ros/humble/share/rmw_fastrtps_cpp/cmake)
[1.625s] -- Found OpenSSL: /usr/lib/x86_64-linux-gnu/libcrypto.so (found version "3.0.2")  
[1.683s] -- Found FastRTPS: /opt/ros/humble/include  
[1.773s] -- Using RMW implementation 'rmw_fastrtps_cpp' as default
[1.795s] -- Looking for pthread.h
[1.923s] -- Looking for pthread.h - found
[1.923s] -- Performing Test CMAKE_HAVE_LIBC_PTHREAD
[2.049s] -- Performing Test CMAKE_HAVE_LIBC_PTHREAD - Success
[2.051s] -- Found Threads: TRUE  
[2.175s] -- Found sensor_msgs: 4.2.4 (/opt/ros/humble/share/sensor_msgs/cmake)
[2.251s] -- Found visualization_msgs: 4.2.4 (/opt/ros/humble/share/visualization_msgs/cmake)
[2.299s] -- Found cv_bridge: 3.2.1 (/opt/ros/humble/share/cv_bridge/cmake)
[2.327s] -- Found message_filters: 4.3.5 (/opt/ros/humble/share/message_filters/cmake)
[2.355s] -- Found Boost: /usr/lib/x86_64-linux-gnu/cmake/Boost-1.74.0/BoostConfig.cmake (found version "1.74.0") found components: system 
[2.365s] -- Found OpenCV: /usr (found version "4.5.4") 
[2.367s] -- Found Eigen: /usr/include/eigen3 (Required is at least version "2.91.0") 
[2.560s] -- Configuring done
[2.588s] -- Generating done
[2.591s] -- Build files have been written to: /home/roey/tello-vio/build/orbslam2
[2.610s] Invoked command in '/home/roey/tello-vio/build/orbslam2' returned '0': CMAKE_PREFIX_PATH=${CMAKE_PREFIX_PATH}:/home/roey/tello-vio/install/tello:/home/roey/tello-ros2/install/tello:/opt/ros/humble /usr/bin/cmake /home/roey/tello-vio/slam/src/orbslam2 -DCMAKE_INSTALL_PREFIX=/home/roey/tello-vio/install/orbslam2
[2.614s] Invoking command in '/home/roey/tello-vio/build/orbslam2': CMAKE_PREFIX_PATH=${CMAKE_PREFIX_PATH}:/home/roey/tello-vio/install/tello:/home/roey/tello-ros2/install/tello:/opt/ros/humble /usr/bin/cmake --build /home/roey/tello-vio/build/orbslam2 -- -j8 -l8
[2.706s] [ 66%] Building CXX object CMakeFiles/mono.dir/src/monocular/mono.cpp.o
[2.706s] [ 66%] Building CXX object CMakeFiles/mono.dir/src/monocular/monocular-slam-node.cpp.o
[3.543s] /home/roey/tello-vio/slam/src/orbslam2/src/monocular/mono.cpp:9:9: fatal error: ORB_SLAM2/System.h: No such file or directory
[3.543s]     9 | #include"ORB_SLAM2/System.h"
[3.543s]       |         ^~~~~~~~~~~~~~~~~~~~
[3.544s] compilation terminated.
[3.546s] /home/roey/tello-vio/slam/src/orbslam2/src/monocular/monocular-slam-node.cpp:5:10: fatal error: ORB_SLAM2/MapPoint.h: No such file or directory
[3.546s]     5 | #include "ORB_SLAM2/MapPoint.h"
[3.546s]       |          ^~~~~~~~~~~~~~~~~~~~~~
[3.546s] compilation terminated.
[3.558s] gmake[2]: *** [CMakeFiles/mono.dir/build.make:90: CMakeFiles/mono.dir/src/monocular/monocular-slam-node.cpp.o] Error 1
[3.558s] gmake[2]: *** Waiting for unfinished jobs....
[3.559s] gmake[2]: *** [CMakeFiles/mono.dir/build.make:76: CMakeFiles/mono.dir/src/monocular/mono.cpp.o] Error 1
[3.559s] gmake[1]: *** [CMakeFiles/Makefile2:137: CMakeFiles/mono.dir/all] Error 2
[3.559s] gmake: *** [Makefile:146: all] Error 2
[3.563s] Invoked command in '/home/roey/tello-vio/build/orbslam2' returned '2': CMAKE_PREFIX_PATH=${CMAKE_PREFIX_PATH}:/home/roey/tello-vio/install/tello:/home/roey/tello-ros2/install/tello:/opt/ros/humble /usr/bin/cmake --build /home/roey/tello-vio/build/orbslam2 -- -j8 -l8
