-- The C compiler identification is GNU 11.4.0
-- The CXX compiler identification is GNU 11.4.0
-- Detecting C compiler ABI info
-- Detecting C compiler ABI info - done
-- Check for working C compiler: /usr/bin/cc - skipped
-- Detecting C compile features
-- Detecting C compile features - done
-- Detecting CXX compiler ABI info
-- Detecting CXX compiler ABI info - done
-- Check for working CXX compiler: /usr/bin/c++ - skipped
-- Detecting CXX compile features
-- Detecting CXX compile features - done
-- Found ament_cmake: 1.3.10 (/opt/ros/humble/share/ament_cmake/cmake)
-- Found Python3: /usr/bin/python3 (found version "3.10.12") found components: Interpreter 
-- Found rosidl_default_generators: 1.2.0 (/opt/ros/humble/share/rosidl_default_generators/cmake)
-- Using all available rosidl_typesupport_c: rosidl_typesupport_fastrtps_c;rosidl_typesupport_introspection_c
-- Found rosidl_adapter: 3.1.5 (/opt/ros/humble/share/rosidl_adapter/cmake)
-- Using all available rosidl_typesupport_cpp: rosidl_typesupport_fastrtps_cpp;rosidl_typesupport_introspection_cpp
-- Found std_msgs: 4.2.4 (/opt/ros/humble/share/std_msgs/cmake)
-- Found geometry_msgs: 4.2.4 (/opt/ros/humble/share/geometry_msgs/cmake)
-- Found ament_cmake_cppcheck: 0.12.11 (/opt/ros/humble/share/ament_cmake_cppcheck/cmake)
-- Found ament_cmake_cpplint: 0.12.11 (/opt/ros/humble/share/ament_cmake_cpplint/cmake)
-- Found ament_cmake_uncrustify: 0.12.11 (/opt/ros/humble/share/ament_cmake_uncrustify/cmake)
-- Found ament_cmake_ros: 0.10.0 (/opt/ros/humble/share/ament_cmake_ros/cmake)
-- Using all available rosidl_typesupport_c: rosidl_typesupport_fastrtps_c;rosidl_typesupport_introspection_c
-- Using all available rosidl_typesupport_cpp: rosidl_typesupport_fastrtps_cpp;rosidl_typesupport_introspection_cpp
-- Found PythonInterp: /usr/bin/python3 (found suitable version "3.10.12", minimum required is "3.6") 
-- Found python_cmake_module: 0.10.0 (/opt/ros/humble/share/python_cmake_module/cmake)
-- Found PythonLibs: /usr/lib/x86_64-linux-gnu/libpython3.10.so (found suitable version "3.10.12", minimum required is "3.5") 
-- Using PYTHON_EXECUTABLE: /usr/bin/python3
-- Using PYTHON_INCLUDE_DIRS: /usr/include/python3.10
-- Using PYTHON_LIBRARIES: /usr/lib/x86_64-linux-gnu/libpython3.10.so
-- Found PythonExtra: .so  
-- Found ament_cmake_flake8: 0.12.11 (/opt/ros/humble/share/ament_cmake_flake8/cmake)
-- Found ament_cmake_pep257: 0.12.11 (/opt/ros/humble/share/ament_cmake_pep257/cmake)
-- Configuring done
-- Generating done
-- Build files have been written to: /home/roey/tello-ros2/build/tello_msg
Consolidate compiler generated dependencies of target tello_msg__rosidl_generator_c
[  2%] Built target tello_msg__cpp
[ 12%] Built target tello_msg__rosidl_generator_c
[ 12%] Built target ament_cmake_python_copy_tello_msg
Consolidate compiler generated dependencies of target tello_msg__rosidl_typesupport_cpp
Consolidate compiler generated dependencies of target tello_msg__rosidl_typesupport_fastrtps_cpp
Consolidate compiler generated dependencies of target tello_msg__rosidl_typesupport_c
Consolidate compiler generated dependencies of target tello_msg__rosidl_typesupport_fastrtps_c
Consolidate compiler generated dependencies of target tello_msg__rosidl_typesupport_introspection_cpp
Consolidate compiler generated dependencies of target tello_msg__rosidl_typesupport_introspection_c
[ 23%] Built target tello_msg__rosidl_typesupport_cpp
[ 34%] Built target tello_msg__rosidl_typesupport_fastrtps_cpp
[ 44%] Built target tello_msg__rosidl_typesupport_introspection_cpp
[ 55%] Built target tello_msg__rosidl_typesupport_introspection_c
[ 65%] Built target tello_msg__rosidl_typesupport_c
[ 76%] Built target tello_msg__rosidl_typesupport_fastrtps_c
[ 76%] Built target tello_msg
[ 78%] Built target tello_msg__py
Consolidate compiler generated dependencies of target tello_msg__rosidl_generator_py
[ 87%] Built target tello_msg__rosidl_generator_py
Consolidate compiler generated dependencies of target tello_msg__rosidl_typesupport_fastrtps_c__pyext
Consolidate compiler generated dependencies of target tello_msg__rosidl_typesupport_c__pyext
Consolidate compiler generated dependencies of target tello_msg__rosidl_typesupport_introspection_c__pyext
[ 93%] Built target tello_msg__rosidl_typesupport_c__pyext
[ 95%] Built target tello_msg__rosidl_typesupport_fastrtps_c__pyext
[100%] Built target tello_msg__rosidl_typesupport_introspection_c__pyext
running egg_info
writing tello_msg.egg-info/PKG-INFO
writing dependency_links to tello_msg.egg-info/dependency_links.txt
writing top-level names to tello_msg.egg-info/top_level.txt
reading manifest file 'tello_msg.egg-info/SOURCES.txt'
writing manifest file 'tello_msg.egg-info/SOURCES.txt'
[100%] Built target ament_cmake_python_build_tello_msg_egg
-- Install configuration: ""
-- Up-to-date: /home/roey/tello-ros2/install/tello_msg/share/ament_index/resource_index/rosidl_interfaces/tello_msg
-- Up-to-date: /home/roey/tello-ros2/install/tello_msg/include/tello_msg/tello_msg
-- Up-to-date: /home/roey/tello-ros2/install/tello_msg/include/tello_msg/tello_msg/msg
-- Up-to-date: /home/roey/tello-ros2/install/tello_msg/include/tello_msg/tello_msg/msg/detail
-- Up-to-date: /home/roey/tello-ros2/install/tello_msg/include/tello_msg/tello_msg/msg/detail/tello_id__type_support.h
-- Up-to-date: /home/roey/tello-ros2/install/tello_msg/include/tello_msg/tello_msg/msg/detail/tello_id__struct.h
-- Up-to-date: /home/roey/tello-ros2/install/tello_msg/include/tello_msg/tello_msg/msg/detail/tello_status__struct.h
-- Up-to-date: /home/roey/tello-ros2/install/tello_msg/include/tello_msg/tello_msg/msg/detail/tello_wifi_config__functions.c
-- Up-to-date: /home/roey/tello-ros2/install/tello_msg/include/tello_msg/tello_msg/msg/detail/tello_status__functions.h
-- Up-to-date: /home/roey/tello-ros2/install/tello_msg/include/tello_msg/tello_msg/msg/detail/tello_wifi_config__functions.h
-- Up-to-date: /home/roey/tello-ros2/install/tello_msg/include/tello_msg/tello_msg/msg/detail/tello_id__functions.c
-- Up-to-date: /home/roey/tello-ros2/install/tello_msg/include/tello_msg/tello_msg/msg/detail/tello_id__functions.h
-- Up-to-date: /home/roey/tello-ros2/install/tello_msg/include/tello_msg/tello_msg/msg/detail/tello_status__functions.c
-- Up-to-date: /home/roey/tello-ros2/install/tello_msg/include/tello_msg/tello_msg/msg/detail/tello_wifi_config__struct.h
-- Up-to-date: /home/roey/tello-ros2/install/tello_msg/include/tello_msg/tello_msg/msg/detail/tello_status__type_support.h
-- Up-to-date: /home/roey/tello-ros2/install/tello_msg/include/tello_msg/tello_msg/msg/detail/tello_wifi_config__type_support.h
-- Up-to-date: /home/roey/tello-ros2/install/tello_msg/include/tello_msg/tello_msg/msg/tello_wifi_config.h
-- Up-to-date: /home/roey/tello-ros2/install/tello_msg/include/tello_msg/tello_msg/msg/rosidl_generator_c__visibility_control.h
-- Up-to-date: /home/roey/tello-ros2/install/tello_msg/include/tello_msg/tello_msg/msg/tello_id.h
-- Up-to-date: /home/roey/tello-ros2/install/tello_msg/include/tello_msg/tello_msg/msg/tello_status.h
-- Up-to-date: /home/roey/tello-ros2/install/tello_msg/share/tello_msg/environment/library_path.sh
-- Installing: /home/roey/tello-ros2/install/tello_msg/share/tello_msg/environment/library_path.dsv
-- Up-to-date: /home/roey/tello-ros2/install/tello_msg/lib/libtello_msg__rosidl_generator_c.so
-- Up-to-date: /home/roey/tello-ros2/install/tello_msg/include/tello_msg/tello_msg
-- Up-to-date: /home/roey/tello-ros2/install/tello_msg/include/tello_msg/tello_msg/msg
-- Up-to-date: /home/roey/tello-ros2/install/tello_msg/include/tello_msg/tello_msg/msg/rosidl_typesupport_fastrtps_c__visibility_control.h
-- Up-to-date: /home/roey/tello-ros2/install/tello_msg/include/tello_msg/tello_msg/msg/detail
-- Up-to-date: /home/roey/tello-ros2/install/tello_msg/include/tello_msg/tello_msg/msg/detail/tello_wifi_config__rosidl_typesupport_fastrtps_c.h
-- Up-to-date: /home/roey/tello-ros2/install/tello_msg/include/tello_msg/tello_msg/msg/detail/tello_id__rosidl_typesupport_fastrtps_c.h
-- Up-to-date: /home/roey/tello-ros2/install/tello_msg/include/tello_msg/tello_msg/msg/detail/tello_status__rosidl_typesupport_fastrtps_c.h
-- Up-to-date: /home/roey/tello-ros2/install/tello_msg/lib/libtello_msg__rosidl_typesupport_fastrtps_c.so
-- Up-to-date: /home/roey/tello-ros2/install/tello_msg/include/tello_msg/tello_msg
-- Up-to-date: /home/roey/tello-ros2/install/tello_msg/include/tello_msg/tello_msg/msg
-- Up-to-date: /home/roey/tello-ros2/install/tello_msg/include/tello_msg/tello_msg/msg/rosidl_typesupport_introspection_c__visibility_control.h
-- Up-to-date: /home/roey/tello-ros2/install/tello_msg/include/tello_msg/tello_msg/msg/detail
-- Up-to-date: /home/roey/tello-ros2/install/tello_msg/include/tello_msg/tello_msg/msg/detail/tello_status__type_support.c
-- Up-to-date: /home/roey/tello-ros2/install/tello_msg/include/tello_msg/tello_msg/msg/detail/tello_id__type_support.c
-- Up-to-date: /home/roey/tello-ros2/install/tello_msg/include/tello_msg/tello_msg/msg/detail/tello_status__rosidl_typesupport_introspection_c.h
-- Up-to-date: /home/roey/tello-ros2/install/tello_msg/include/tello_msg/tello_msg/msg/detail/tello_id__rosidl_typesupport_introspection_c.h
-- Up-to-date: /home/roey/tello-ros2/install/tello_msg/include/tello_msg/tello_msg/msg/detail/tello_wifi_config__type_support.c
-- Up-to-date: /home/roey/tello-ros2/install/tello_msg/include/tello_msg/tello_msg/msg/detail/tello_wifi_config__rosidl_typesupport_introspection_c.h
-- Up-to-date: /home/roey/tello-ros2/install/tello_msg/lib/libtello_msg__rosidl_typesupport_introspection_c.so
-- Up-to-date: /home/roey/tello-ros2/install/tello_msg/lib/libtello_msg__rosidl_typesupport_c.so
-- Up-to-date: /home/roey/tello-ros2/install/tello_msg/include/tello_msg/tello_msg
-- Up-to-date: /home/roey/tello-ros2/install/tello_msg/include/tello_msg/tello_msg/msg
-- Up-to-date: /home/roey/tello-ros2/install/tello_msg/include/tello_msg/tello_msg/msg/tello_status.hpp
-- Up-to-date: /home/roey/tello-ros2/install/tello_msg/include/tello_msg/tello_msg/msg/detail
-- Up-to-date: /home/roey/tello-ros2/install/tello_msg/include/tello_msg/tello_msg/msg/detail/tello_id__struct.hpp
-- Up-to-date: /home/roey/tello-ros2/install/tello_msg/include/tello_msg/tello_msg/msg/detail/tello_wifi_config__traits.hpp
-- Up-to-date: /home/roey/tello-ros2/install/tello_msg/include/tello_msg/tello_msg/msg/detail/tello_wifi_config__struct.hpp
-- Up-to-date: /home/roey/tello-ros2/install/tello_msg/include/tello_msg/tello_msg/msg/detail/tello_id__builder.hpp
-- Up-to-date: /home/roey/tello-ros2/install/tello_msg/include/tello_msg/tello_msg/msg/detail/tello_id__traits.hpp
-- Up-to-date: /home/roey/tello-ros2/install/tello_msg/include/tello_msg/tello_msg/msg/detail/tello_status__struct.hpp
-- Up-to-date: /home/roey/tello-ros2/install/tello_msg/include/tello_msg/tello_msg/msg/detail/tello_status__traits.hpp
-- Up-to-date: /home/roey/tello-ros2/install/tello_msg/include/tello_msg/tello_msg/msg/detail/tello_wifi_config__builder.hpp
-- Up-to-date: /home/roey/tello-ros2/install/tello_msg/include/tello_msg/tello_msg/msg/detail/tello_status__builder.hpp
-- Up-to-date: /home/roey/tello-ros2/install/tello_msg/include/tello_msg/tello_msg/msg/tello_wifi_config.hpp
-- Up-to-date: /home/roey/tello-ros2/install/tello_msg/include/tello_msg/tello_msg/msg/tello_id.hpp
-- Up-to-date: /home/roey/tello-ros2/install/tello_msg/include/tello_msg/tello_msg
-- Up-to-date: /home/roey/tello-ros2/install/tello_msg/include/tello_msg/tello_msg/msg
-- Up-to-date: /home/roey/tello-ros2/install/tello_msg/include/tello_msg/tello_msg/msg/detail
-- Up-to-date: /home/roey/tello-ros2/install/tello_msg/include/tello_msg/tello_msg/msg/detail/tello_wifi_config__rosidl_typesupport_fastrtps_cpp.hpp
-- Up-to-date: /home/roey/tello-ros2/install/tello_msg/include/tello_msg/tello_msg/msg/detail/dds_fastrtps
-- Up-to-date: /home/roey/tello-ros2/install/tello_msg/include/tello_msg/tello_msg/msg/detail/tello_id__rosidl_typesupport_fastrtps_cpp.hpp
-- Up-to-date: /home/roey/tello-ros2/install/tello_msg/include/tello_msg/tello_msg/msg/detail/tello_status__rosidl_typesupport_fastrtps_cpp.hpp
-- Up-to-date: /home/roey/tello-ros2/install/tello_msg/include/tello_msg/tello_msg/msg/rosidl_typesupport_fastrtps_cpp__visibility_control.h
-- Up-to-date: /home/roey/tello-ros2/install/tello_msg/lib/libtello_msg__rosidl_typesupport_fastrtps_cpp.so
-- Up-to-date: /home/roey/tello-ros2/install/tello_msg/include/tello_msg/tello_msg
-- Up-to-date: /home/roey/tello-ros2/install/tello_msg/include/tello_msg/tello_msg/msg
-- Up-to-date: /home/roey/tello-ros2/install/tello_msg/include/tello_msg/tello_msg/msg/detail
-- Up-to-date: /home/roey/tello-ros2/install/tello_msg/include/tello_msg/tello_msg/msg/detail/tello_id__rosidl_typesupport_introspection_cpp.hpp
-- Up-to-date: /home/roey/tello-ros2/install/tello_msg/include/tello_msg/tello_msg/msg/detail/tello_wifi_config__type_support.cpp
-- Up-to-date: /home/roey/tello-ros2/install/tello_msg/include/tello_msg/tello_msg/msg/detail/tello_status__rosidl_typesupport_introspection_cpp.hpp
-- Up-to-date: /home/roey/tello-ros2/install/tello_msg/include/tello_msg/tello_msg/msg/detail/tello_id__type_support.cpp
-- Up-to-date: /home/roey/tello-ros2/install/tello_msg/include/tello_msg/tello_msg/msg/detail/tello_wifi_config__rosidl_typesupport_introspection_cpp.hpp
-- Up-to-date: /home/roey/tello-ros2/install/tello_msg/include/tello_msg/tello_msg/msg/detail/tello_status__type_support.cpp
-- Up-to-date: /home/roey/tello-ros2/install/tello_msg/lib/libtello_msg__rosidl_typesupport_introspection_cpp.so
-- Up-to-date: /home/roey/tello-ros2/install/tello_msg/lib/libtello_msg__rosidl_typesupport_cpp.so
-- Up-to-date: /home/roey/tello-ros2/install/tello_msg/share/tello_msg/environment/pythonpath.sh
-- Installing: /home/roey/tello-ros2/install/tello_msg/share/tello_msg/environment/pythonpath.dsv
-- Up-to-date: /home/roey/tello-ros2/install/tello_msg/local/lib/python3.10/dist-packages/tello_msg-0.0.1-py3.10.egg-info
-- Installing: /home/roey/tello-ros2/install/tello_msg/local/lib/python3.10/dist-packages/tello_msg-0.0.1-py3.10.egg-info/top_level.txt
-- Installing: /home/roey/tello-ros2/install/tello_msg/local/lib/python3.10/dist-packages/tello_msg-0.0.1-py3.10.egg-info/SOURCES.txt
-- Installing: /home/roey/tello-ros2/install/tello_msg/local/lib/python3.10/dist-packages/tello_msg-0.0.1-py3.10.egg-info/PKG-INFO
-- Installing: /home/roey/tello-ros2/install/tello_msg/local/lib/python3.10/dist-packages/tello_msg-0.0.1-py3.10.egg-info/dependency_links.txt
-- Up-to-date: /home/roey/tello-ros2/install/tello_msg/local/lib/python3.10/dist-packages/tello_msg
-- Up-to-date: /home/roey/tello-ros2/install/tello_msg/local/lib/python3.10/dist-packages/tello_msg/tello_msg_s__rosidl_typesupport_introspection_c.cpython-310-x86_64-linux-gnu.so
-- Up-to-date: /home/roey/tello-ros2/install/tello_msg/local/lib/python3.10/dist-packages/tello_msg/_tello_msg_s.ep.rosidl_typesupport_introspection_c.c
-- Up-to-date: /home/roey/tello-ros2/install/tello_msg/local/lib/python3.10/dist-packages/tello_msg/libtello_msg__rosidl_generator_py.so
-- Up-to-date: /home/roey/tello-ros2/install/tello_msg/local/lib/python3.10/dist-packages/tello_msg/_tello_msg_s.ep.rosidl_typesupport_c.c
-- Installing: /home/roey/tello-ros2/install/tello_msg/local/lib/python3.10/dist-packages/tello_msg/__init__.py
-- Up-to-date: /home/roey/tello-ros2/install/tello_msg/local/lib/python3.10/dist-packages/tello_msg/msg
-- Up-to-date: /home/roey/tello-ros2/install/tello_msg/local/lib/python3.10/dist-packages/tello_msg/msg/_tello_wifi_config_s.c
-- Up-to-date: /home/roey/tello-ros2/install/tello_msg/local/lib/python3.10/dist-packages/tello_msg/msg/_tello_id_s.c
-- Up-to-date: /home/roey/tello-ros2/install/tello_msg/local/lib/python3.10/dist-packages/tello_msg/msg/_tello_status.py
-- Up-to-date: /home/roey/tello-ros2/install/tello_msg/local/lib/python3.10/dist-packages/tello_msg/msg/_tello_wifi_config.py
-- Up-to-date: /home/roey/tello-ros2/install/tello_msg/local/lib/python3.10/dist-packages/tello_msg/msg/__init__.py
-- Up-to-date: /home/roey/tello-ros2/install/tello_msg/local/lib/python3.10/dist-packages/tello_msg/msg/_tello_id.py
-- Up-to-date: /home/roey/tello-ros2/install/tello_msg/local/lib/python3.10/dist-packages/tello_msg/msg/_tello_status_s.c
-- Up-to-date: /home/roey/tello-ros2/install/tello_msg/local/lib/python3.10/dist-packages/tello_msg/tello_msg_s__rosidl_typesupport_c.cpython-310-x86_64-linux-gnu.so
-- Up-to-date: /home/roey/tello-ros2/install/tello_msg/local/lib/python3.10/dist-packages/tello_msg/tello_msg_s__rosidl_typesupport_fastrtps_c.cpython-310-x86_64-linux-gnu.so
-- Up-to-date: /home/roey/tello-ros2/install/tello_msg/local/lib/python3.10/dist-packages/tello_msg/_tello_msg_s.ep.rosidl_typesupport_fastrtps_c.c
Listing '/home/roey/tello-ros2/install/tello_msg/local/lib/python3.10/dist-packages/tello_msg'...
Compiling '/home/roey/tello-ros2/install/tello_msg/local/lib/python3.10/dist-packages/tello_msg/__init__.py'...
Listing '/home/roey/tello-ros2/install/tello_msg/local/lib/python3.10/dist-packages/tello_msg/msg'...
-- Up-to-date: /home/roey/tello-ros2/install/tello_msg/local/lib/python3.10/dist-packages/tello_msg/tello_msg_s__rosidl_typesupport_fastrtps_c.cpython-310-x86_64-linux-gnu.so
-- Up-to-date: /home/roey/tello-ros2/install/tello_msg/local/lib/python3.10/dist-packages/tello_msg/tello_msg_s__rosidl_typesupport_introspection_c.cpython-310-x86_64-linux-gnu.so
-- Up-to-date: /home/roey/tello-ros2/install/tello_msg/local/lib/python3.10/dist-packages/tello_msg/tello_msg_s__rosidl_typesupport_c.cpython-310-x86_64-linux-gnu.so
-- Up-to-date: /home/roey/tello-ros2/install/tello_msg/lib/libtello_msg__rosidl_generator_py.so
-- Up-to-date: /home/roey/tello-ros2/install/tello_msg/share/tello_msg/msg/TelloStatus.idl
-- Up-to-date: /home/roey/tello-ros2/install/tello_msg/share/tello_msg/msg/TelloID.idl
-- Up-to-date: /home/roey/tello-ros2/install/tello_msg/share/tello_msg/msg/TelloWifiConfig.idl
-- Up-to-date: /home/roey/tello-ros2/install/tello_msg/share/tello_msg/msg/TelloStatus.msg
-- Up-to-date: /home/roey/tello-ros2/install/tello_msg/share/tello_msg/msg/TelloID.msg
-- Up-to-date: /home/roey/tello-ros2/install/tello_msg/share/tello_msg/msg/TelloWifiConfig.msg
-- Up-to-date: /home/roey/tello-ros2/install/tello_msg/share/ament_index/resource_index/package_run_dependencies/tello_msg
-- Up-to-date: /home/roey/tello-ros2/install/tello_msg/share/ament_index/resource_index/parent_prefix_path/tello_msg
-- Up-to-date: /home/roey/tello-ros2/install/tello_msg/share/tello_msg/environment/ament_prefix_path.sh
-- Installing: /home/roey/tello-ros2/install/tello_msg/share/tello_msg/environment/ament_prefix_path.dsv
-- Up-to-date: /home/roey/tello-ros2/install/tello_msg/share/tello_msg/environment/path.sh
-- Installing: /home/roey/tello-ros2/install/tello_msg/share/tello_msg/environment/path.dsv
-- Up-to-date: /home/roey/tello-ros2/install/tello_msg/share/tello_msg/local_setup.bash
-- Up-to-date: /home/roey/tello-ros2/install/tello_msg/share/tello_msg/local_setup.sh
-- Up-to-date: /home/roey/tello-ros2/install/tello_msg/share/tello_msg/local_setup.zsh
-- Installing: /home/roey/tello-ros2/install/tello_msg/share/tello_msg/local_setup.dsv
-- Installing: /home/roey/tello-ros2/install/tello_msg/share/tello_msg/package.dsv
-- Up-to-date: /home/roey/tello-ros2/install/tello_msg/share/ament_index/resource_index/packages/tello_msg
-- Up-to-date: /home/roey/tello-ros2/install/tello_msg/share/tello_msg/cmake/export_tello_msg__rosidl_generator_cExport.cmake
-- Up-to-date: /home/roey/tello-ros2/install/tello_msg/share/tello_msg/cmake/export_tello_msg__rosidl_generator_cExport-noconfig.cmake
-- Up-to-date: /home/roey/tello-ros2/install/tello_msg/share/tello_msg/cmake/export_tello_msg__rosidl_typesupport_fastrtps_cExport.cmake
-- Up-to-date: /home/roey/tello-ros2/install/tello_msg/share/tello_msg/cmake/export_tello_msg__rosidl_typesupport_fastrtps_cExport-noconfig.cmake
-- Up-to-date: /home/roey/tello-ros2/install/tello_msg/share/tello_msg/cmake/tello_msg__rosidl_typesupport_introspection_cExport.cmake
-- Up-to-date: /home/roey/tello-ros2/install/tello_msg/share/tello_msg/cmake/tello_msg__rosidl_typesupport_introspection_cExport-noconfig.cmake
-- Up-to-date: /home/roey/tello-ros2/install/tello_msg/share/tello_msg/cmake/tello_msg__rosidl_typesupport_cExport.cmake
-- Up-to-date: /home/roey/tello-ros2/install/tello_msg/share/tello_msg/cmake/tello_msg__rosidl_typesupport_cExport-noconfig.cmake
-- Up-to-date: /home/roey/tello-ros2/install/tello_msg/share/tello_msg/cmake/export_tello_msg__rosidl_generator_cppExport.cmake
-- Up-to-date: /home/roey/tello-ros2/install/tello_msg/share/tello_msg/cmake/export_tello_msg__rosidl_typesupport_fastrtps_cppExport.cmake
-- Up-to-date: /home/roey/tello-ros2/install/tello_msg/share/tello_msg/cmake/export_tello_msg__rosidl_typesupport_fastrtps_cppExport-noconfig.cmake
-- Up-to-date: /home/roey/tello-ros2/install/tello_msg/share/tello_msg/cmake/tello_msg__rosidl_typesupport_introspection_cppExport.cmake
-- Up-to-date: /home/roey/tello-ros2/install/tello_msg/share/tello_msg/cmake/tello_msg__rosidl_typesupport_introspection_cppExport-noconfig.cmake
-- Up-to-date: /home/roey/tello-ros2/install/tello_msg/share/tello_msg/cmake/tello_msg__rosidl_typesupport_cppExport.cmake
-- Up-to-date: /home/roey/tello-ros2/install/tello_msg/share/tello_msg/cmake/tello_msg__rosidl_typesupport_cppExport-noconfig.cmake
-- Up-to-date: /home/roey/tello-ros2/install/tello_msg/share/tello_msg/cmake/export_tello_msg__rosidl_generator_pyExport.cmake
-- Up-to-date: /home/roey/tello-ros2/install/tello_msg/share/tello_msg/cmake/export_tello_msg__rosidl_generator_pyExport-noconfig.cmake
-- Up-to-date: /home/roey/tello-ros2/install/tello_msg/share/tello_msg/cmake/rosidl_cmake-extras.cmake
-- Up-to-date: /home/roey/tello-ros2/install/tello_msg/share/tello_msg/cmake/ament_cmake_export_dependencies-extras.cmake
-- Up-to-date: /home/roey/tello-ros2/install/tello_msg/share/tello_msg/cmake/ament_cmake_export_include_directories-extras.cmake
-- Up-to-date: /home/roey/tello-ros2/install/tello_msg/share/tello_msg/cmake/ament_cmake_export_libraries-extras.cmake
-- Up-to-date: /home/roey/tello-ros2/install/tello_msg/share/tello_msg/cmake/ament_cmake_export_targets-extras.cmake
-- Up-to-date: /home/roey/tello-ros2/install/tello_msg/share/tello_msg/cmake/rosidl_cmake_export_typesupport_targets-extras.cmake
-- Up-to-date: /home/roey/tello-ros2/install/tello_msg/share/tello_msg/cmake/rosidl_cmake_export_typesupport_libraries-extras.cmake
-- Up-to-date: /home/roey/tello-ros2/install/tello_msg/share/tello_msg/cmake/tello_msgConfig.cmake
-- Up-to-date: /home/roey/tello-ros2/install/tello_msg/share/tello_msg/cmake/tello_msgConfig-version.cmake
-- Up-to-date: /home/roey/tello-ros2/install/tello_msg/share/tello_msg/package.xml
