[0.025s] Invoking command in '/home/roey/tello-ros2/build/tello_msg': CMAKE_PREFIX_PATH=/opt/ros/humble /usr/bin/cmake /home/roey/tello-ros2/workspace/src/tello_msg -DCMAKE_INSTALL_PREFIX=/home/roey/tello-ros2/install/tello_msg
[0.102s] -- The C compiler identification is GNU 11.4.0
[0.184s] -- The CXX compiler identification is GNU 11.4.0
[0.195s] -- Detecting C compiler ABI info
[0.301s] -- Detecting C compiler ABI info - done
[0.313s] -- Check for working C compiler: /usr/bin/cc - skipped
[0.314s] -- Detecting C compile features
[0.315s] -- Detecting C compile features - done
[0.319s] -- Detecting CXX compiler ABI info
[0.455s] -- Detecting CXX compiler ABI info - done
[0.474s] -- Check for working CXX compiler: /usr/bin/c++ - skipped
[0.475s] -- Detecting CXX compile features
[0.476s] -- Detecting CXX compile features - done
[0.481s] -- Found ament_cmake: 1.3.10 (/opt/ros/humble/share/ament_cmake/cmake)
[0.710s] -- Found Python3: /usr/bin/python3 (found version "3.10.12") found components: Interpreter 
[0.860s] -- Found rosidl_default_generators: 1.2.0 (/opt/ros/humble/share/rosidl_default_generators/cmake)
[0.865s] -- Using all available rosidl_typesupport_c: rosidl_typesupport_fastrtps_c;rosidl_typesupport_introspection_c
[0.875s] -- Found rosidl_adapter: 3.1.5 (/opt/ros/humble/share/rosidl_adapter/cmake)
[0.936s] -- Using all available rosidl_typesupport_cpp: rosidl_typesupport_fastrtps_cpp;rosidl_typesupport_introspection_cpp
[0.989s] -- Found std_msgs: 4.2.4 (/opt/ros/humble/share/std_msgs/cmake)
[1.030s] -- Found geometry_msgs: 4.2.4 (/opt/ros/humble/share/geometry_msgs/cmake)
[1.563s] -- Found ament_cmake_cppcheck: 0.12.11 (/opt/ros/humble/share/ament_cmake_cppcheck/cmake)
[1.567s] -- Found ament_cmake_cpplint: 0.12.11 (/opt/ros/humble/share/ament_cmake_cpplint/cmake)
[1.570s] -- Found ament_cmake_uncrustify: 0.12.11 (/opt/ros/humble/share/ament_cmake_uncrustify/cmake)
[1.574s] -- Found ament_cmake_ros: 0.10.0 (/opt/ros/humble/share/ament_cmake_ros/cmake)
[1.978s] -- Using all available rosidl_typesupport_c: rosidl_typesupport_fastrtps_c;rosidl_typesupport_introspection_c
[2.468s] -- Using all available rosidl_typesupport_cpp: rosidl_typesupport_fastrtps_cpp;rosidl_typesupport_introspection_cpp
[2.502s] -- Found PythonInterp: /usr/bin/python3 (found suitable version "3.10.12", minimum required is "3.6") 
[2.505s] -- Found python_cmake_module: 0.10.0 (/opt/ros/humble/share/python_cmake_module/cmake)
[2.543s] -- Found PythonLibs: /usr/lib/x86_64-linux-gnu/libpython3.10.so (found suitable version "3.10.12", minimum required is "3.5") 
[2.543s] -- Using PYTHON_EXECUTABLE: /usr/bin/python3
[2.543s] -- Using PYTHON_INCLUDE_DIRS: /usr/include/python3.10
[2.543s] -- Using PYTHON_LIBRARIES: /usr/lib/x86_64-linux-gnu/libpython3.10.so
[2.574s] -- Found PythonExtra: .so  
[2.659s] -- Found ament_cmake_flake8: 0.12.11 (/opt/ros/humble/share/ament_cmake_flake8/cmake)
[2.662s] -- Found ament_cmake_pep257: 0.12.11 (/opt/ros/humble/share/ament_cmake_pep257/cmake)
[2.672s] -- Configuring done
[2.729s] -- Generating done
[2.733s] -- Build files have been written to: /home/roey/tello-ros2/build/tello_msg
[2.744s] Invoked command in '/home/roey/tello-ros2/build/tello_msg' returned '0': CMAKE_PREFIX_PATH=/opt/ros/humble /usr/bin/cmake /home/roey/tello-ros2/workspace/src/tello_msg -DCMAKE_INSTALL_PREFIX=/home/roey/tello-ros2/install/tello_msg
[2.745s] Invoking command in '/home/roey/tello-ros2/build/tello_msg': CMAKE_PREFIX_PATH=/opt/ros/humble /usr/bin/cmake --build /home/roey/tello-ros2/build/tello_msg -- -j8 -l8
[2.805s] Consolidate compiler generated dependencies of target tello_msg__rosidl_generator_c
[2.816s] [  2%] Built target tello_msg__cpp
[2.822s] [ 12%] Built target tello_msg__rosidl_generator_c
[2.834s] [ 12%] Built target ament_cmake_python_copy_tello_msg
[2.841s] Consolidate compiler generated dependencies of target tello_msg__rosidl_typesupport_cpp
[2.842s] Consolidate compiler generated dependencies of target tello_msg__rosidl_typesupport_fastrtps_cpp
[2.849s] Consolidate compiler generated dependencies of target tello_msg__rosidl_typesupport_c
[2.849s] Consolidate compiler generated dependencies of target tello_msg__rosidl_typesupport_fastrtps_c
[2.849s] Consolidate compiler generated dependencies of target tello_msg__rosidl_typesupport_introspection_cpp
[2.853s] Consolidate compiler generated dependencies of target tello_msg__rosidl_typesupport_introspection_c
[2.861s] [ 23%] Built target tello_msg__rosidl_typesupport_cpp
[2.863s] [ 34%] Built target tello_msg__rosidl_typesupport_fastrtps_cpp
[2.871s] [ 44%] Built target tello_msg__rosidl_typesupport_introspection_cpp
[2.873s] [ 55%] Built target tello_msg__rosidl_typesupport_introspection_c
[2.873s] [ 65%] Built target tello_msg__rosidl_typesupport_c
[2.877s] [ 76%] Built target tello_msg__rosidl_typesupport_fastrtps_c
[2.905s] [ 76%] Built target tello_msg
[2.932s] [ 78%] Built target tello_msg__py
[2.950s] Consolidate compiler generated dependencies of target tello_msg__rosidl_generator_py
[2.967s] [ 87%] Built target tello_msg__rosidl_generator_py
[2.984s] Consolidate compiler generated dependencies of target tello_msg__rosidl_typesupport_fastrtps_c__pyext
[2.984s] Consolidate compiler generated dependencies of target tello_msg__rosidl_typesupport_c__pyext
[2.991s] Consolidate compiler generated dependencies of target tello_msg__rosidl_typesupport_introspection_c__pyext
[2.999s] [ 93%] Built target tello_msg__rosidl_typesupport_c__pyext
[3.001s] [ 95%] Built target tello_msg__rosidl_typesupport_fastrtps_c__pyext
[3.010s] [100%] Built target tello_msg__rosidl_typesupport_introspection_c__pyext
[3.262s] running egg_info
[3.263s] writing tello_msg.egg-info/PKG-INFO
[3.263s] writing dependency_links to tello_msg.egg-info/dependency_links.txt
[3.263s] writing top-level names to tello_msg.egg-info/top_level.txt
[3.268s] reading manifest file 'tello_msg.egg-info/SOURCES.txt'
[3.269s] writing manifest file 'tello_msg.egg-info/SOURCES.txt'
[3.315s] [100%] Built target ament_cmake_python_build_tello_msg_egg
[3.338s] Invoked command in '/home/roey/tello-ros2/build/tello_msg' returned '0': CMAKE_PREFIX_PATH=/opt/ros/humble /usr/bin/cmake --build /home/roey/tello-ros2/build/tello_msg -- -j8 -l8
[3.561s] Invoking command in '/home/roey/tello-ros2/build/tello_msg': CMAKE_PREFIX_PATH=/opt/ros/humble /usr/bin/cmake --install /home/roey/tello-ros2/build/tello_msg
[3.584s] -- Install configuration: ""
[3.585s] -- Up-to-date: /home/roey/tello-ros2/install/tello_msg/share/ament_index/resource_index/rosidl_interfaces/tello_msg
[3.586s] -- Up-to-date: /home/roey/tello-ros2/install/tello_msg/include/tello_msg/tello_msg
[3.590s] -- Up-to-date: /home/roey/tello-ros2/install/tello_msg/include/tello_msg/tello_msg/msg
[3.590s] -- Up-to-date: /home/roey/tello-ros2/install/tello_msg/include/tello_msg/tello_msg/msg/detail
[3.590s] -- Up-to-date: /home/roey/tello-ros2/install/tello_msg/include/tello_msg/tello_msg/msg/detail/tello_id__type_support.h
[3.590s] -- Up-to-date: /home/roey/tello-ros2/install/tello_msg/include/tello_msg/tello_msg/msg/detail/tello_id__struct.h
[3.590s] -- Up-to-date: /home/roey/tello-ros2/install/tello_msg/include/tello_msg/tello_msg/msg/detail/tello_status__struct.h
[3.590s] -- Up-to-date: /home/roey/tello-ros2/install/tello_msg/include/tello_msg/tello_msg/msg/detail/tello_wifi_config__functions.c
[3.590s] -- Up-to-date: /home/roey/tello-ros2/install/tello_msg/include/tello_msg/tello_msg/msg/detail/tello_status__functions.h
[3.591s] -- Up-to-date: /home/roey/tello-ros2/install/tello_msg/include/tello_msg/tello_msg/msg/detail/tello_wifi_config__functions.h
[3.591s] -- Up-to-date: /home/roey/tello-ros2/install/tello_msg/include/tello_msg/tello_msg/msg/detail/tello_id__functions.c
[3.591s] -- Up-to-date: /home/roey/tello-ros2/install/tello_msg/include/tello_msg/tello_msg/msg/detail/tello_id__functions.h
[3.591s] -- Up-to-date: /home/roey/tello-ros2/install/tello_msg/include/tello_msg/tello_msg/msg/detail/tello_status__functions.c
[3.591s] -- Up-to-date: /home/roey/tello-ros2/install/tello_msg/include/tello_msg/tello_msg/msg/detail/tello_wifi_config__struct.h
[3.591s] -- Up-to-date: /home/roey/tello-ros2/install/tello_msg/include/tello_msg/tello_msg/msg/detail/tello_status__type_support.h
[3.592s] -- Up-to-date: /home/roey/tello-ros2/install/tello_msg/include/tello_msg/tello_msg/msg/detail/tello_wifi_config__type_support.h
[3.592s] -- Up-to-date: /home/roey/tello-ros2/install/tello_msg/include/tello_msg/tello_msg/msg/tello_wifi_config.h
[3.592s] -- Up-to-date: /home/roey/tello-ros2/install/tello_msg/include/tello_msg/tello_msg/msg/rosidl_generator_c__visibility_control.h
[3.592s] -- Up-to-date: /home/roey/tello-ros2/install/tello_msg/include/tello_msg/tello_msg/msg/tello_id.h
[3.592s] -- Up-to-date: /home/roey/tello-ros2/install/tello_msg/include/tello_msg/tello_msg/msg/tello_status.h
[3.593s] -- Up-to-date: /home/roey/tello-ros2/install/tello_msg/share/tello_msg/environment/library_path.sh
[3.594s] -- Installing: /home/roey/tello-ros2/install/tello_msg/share/tello_msg/environment/library_path.dsv
[3.594s] -- Up-to-date: /home/roey/tello-ros2/install/tello_msg/lib/libtello_msg__rosidl_generator_c.so
[3.594s] -- Up-to-date: /home/roey/tello-ros2/install/tello_msg/include/tello_msg/tello_msg
[3.594s] -- Up-to-date: /home/roey/tello-ros2/install/tello_msg/include/tello_msg/tello_msg/msg
[3.594s] -- Up-to-date: /home/roey/tello-ros2/install/tello_msg/include/tello_msg/tello_msg/msg/rosidl_typesupport_fastrtps_c__visibility_control.h
[3.594s] -- Up-to-date: /home/roey/tello-ros2/install/tello_msg/include/tello_msg/tello_msg/msg/detail
[3.594s] -- Up-to-date: /home/roey/tello-ros2/install/tello_msg/include/tello_msg/tello_msg/msg/detail/tello_wifi_config__rosidl_typesupport_fastrtps_c.h
[3.595s] -- Up-to-date: /home/roey/tello-ros2/install/tello_msg/include/tello_msg/tello_msg/msg/detail/tello_id__rosidl_typesupport_fastrtps_c.h
[3.595s] -- Up-to-date: /home/roey/tello-ros2/install/tello_msg/include/tello_msg/tello_msg/msg/detail/tello_status__rosidl_typesupport_fastrtps_c.h
[3.595s] -- Up-to-date: /home/roey/tello-ros2/install/tello_msg/lib/libtello_msg__rosidl_typesupport_fastrtps_c.so
[3.595s] -- Up-to-date: /home/roey/tello-ros2/install/tello_msg/include/tello_msg/tello_msg
[3.595s] -- Up-to-date: /home/roey/tello-ros2/install/tello_msg/include/tello_msg/tello_msg/msg
[3.596s] -- Up-to-date: /home/roey/tello-ros2/install/tello_msg/include/tello_msg/tello_msg/msg/rosidl_typesupport_introspection_c__visibility_control.h
[3.596s] -- Up-to-date: /home/roey/tello-ros2/install/tello_msg/include/tello_msg/tello_msg/msg/detail
[3.596s] -- Up-to-date: /home/roey/tello-ros2/install/tello_msg/include/tello_msg/tello_msg/msg/detail/tello_status__type_support.c
[3.596s] -- Up-to-date: /home/roey/tello-ros2/install/tello_msg/include/tello_msg/tello_msg/msg/detail/tello_id__type_support.c
[3.597s] -- Up-to-date: /home/roey/tello-ros2/install/tello_msg/include/tello_msg/tello_msg/msg/detail/tello_status__rosidl_typesupport_introspection_c.h
[3.597s] -- Up-to-date: /home/roey/tello-ros2/install/tello_msg/include/tello_msg/tello_msg/msg/detail/tello_id__rosidl_typesupport_introspection_c.h
[3.597s] -- Up-to-date: /home/roey/tello-ros2/install/tello_msg/include/tello_msg/tello_msg/msg/detail/tello_wifi_config__type_support.c
[3.597s] -- Up-to-date: /home/roey/tello-ros2/install/tello_msg/include/tello_msg/tello_msg/msg/detail/tello_wifi_config__rosidl_typesupport_introspection_c.h
[3.597s] -- Up-to-date: /home/roey/tello-ros2/install/tello_msg/lib/libtello_msg__rosidl_typesupport_introspection_c.so
[3.600s] -- Up-to-date: /home/roey/tello-ros2/install/tello_msg/lib/libtello_msg__rosidl_typesupport_c.so
[3.600s] -- Up-to-date: /home/roey/tello-ros2/install/tello_msg/include/tello_msg/tello_msg
[3.601s] -- Up-to-date: /home/roey/tello-ros2/install/tello_msg/include/tello_msg/tello_msg/msg
[3.601s] -- Up-to-date: /home/roey/tello-ros2/install/tello_msg/include/tello_msg/tello_msg/msg/tello_status.hpp
[3.601s] -- Up-to-date: /home/roey/tello-ros2/install/tello_msg/include/tello_msg/tello_msg/msg/detail
[3.602s] -- Up-to-date: /home/roey/tello-ros2/install/tello_msg/include/tello_msg/tello_msg/msg/detail/tello_id__struct.hpp
[3.602s] -- Up-to-date: /home/roey/tello-ros2/install/tello_msg/include/tello_msg/tello_msg/msg/detail/tello_wifi_config__traits.hpp
[3.602s] -- Up-to-date: /home/roey/tello-ros2/install/tello_msg/include/tello_msg/tello_msg/msg/detail/tello_wifi_config__struct.hpp
[3.602s] -- Up-to-date: /home/roey/tello-ros2/install/tello_msg/include/tello_msg/tello_msg/msg/detail/tello_id__builder.hpp
[3.602s] -- Up-to-date: /home/roey/tello-ros2/install/tello_msg/include/tello_msg/tello_msg/msg/detail/tello_id__traits.hpp
[3.602s] -- Up-to-date: /home/roey/tello-ros2/install/tello_msg/include/tello_msg/tello_msg/msg/detail/tello_status__struct.hpp
[3.602s] -- Up-to-date: /home/roey/tello-ros2/install/tello_msg/include/tello_msg/tello_msg/msg/detail/tello_status__traits.hpp
[3.603s] -- Up-to-date: /home/roey/tello-ros2/install/tello_msg/include/tello_msg/tello_msg/msg/detail/tello_wifi_config__builder.hpp
[3.603s] -- Up-to-date: /home/roey/tello-ros2/install/tello_msg/include/tello_msg/tello_msg/msg/detail/tello_status__builder.hpp
[3.603s] -- Up-to-date: /home/roey/tello-ros2/install/tello_msg/include/tello_msg/tello_msg/msg/tello_wifi_config.hpp
[3.603s] -- Up-to-date: /home/roey/tello-ros2/install/tello_msg/include/tello_msg/tello_msg/msg/tello_id.hpp
[3.603s] -- Up-to-date: /home/roey/tello-ros2/install/tello_msg/include/tello_msg/tello_msg
[3.604s] -- Up-to-date: /home/roey/tello-ros2/install/tello_msg/include/tello_msg/tello_msg/msg
[3.605s] -- Up-to-date: /home/roey/tello-ros2/install/tello_msg/include/tello_msg/tello_msg/msg/detail
[3.605s] -- Up-to-date: /home/roey/tello-ros2/install/tello_msg/include/tello_msg/tello_msg/msg/detail/tello_wifi_config__rosidl_typesupport_fastrtps_cpp.hpp
[3.605s] -- Up-to-date: /home/roey/tello-ros2/install/tello_msg/include/tello_msg/tello_msg/msg/detail/dds_fastrtps
[3.605s] -- Up-to-date: /home/roey/tello-ros2/install/tello_msg/include/tello_msg/tello_msg/msg/detail/tello_id__rosidl_typesupport_fastrtps_cpp.hpp
[3.606s] -- Up-to-date: /home/roey/tello-ros2/install/tello_msg/include/tello_msg/tello_msg/msg/detail/tello_status__rosidl_typesupport_fastrtps_cpp.hpp
[3.609s] -- Up-to-date: /home/roey/tello-ros2/install/tello_msg/include/tello_msg/tello_msg/msg/rosidl_typesupport_fastrtps_cpp__visibility_control.h
[3.609s] -- Up-to-date: /home/roey/tello-ros2/install/tello_msg/lib/libtello_msg__rosidl_typesupport_fastrtps_cpp.so
[3.610s] -- Up-to-date: /home/roey/tello-ros2/install/tello_msg/include/tello_msg/tello_msg
[3.610s] -- Up-to-date: /home/roey/tello-ros2/install/tello_msg/include/tello_msg/tello_msg/msg
[3.610s] -- Up-to-date: /home/roey/tello-ros2/install/tello_msg/include/tello_msg/tello_msg/msg/detail
[3.610s] -- Up-to-date: /home/roey/tello-ros2/install/tello_msg/include/tello_msg/tello_msg/msg/detail/tello_id__rosidl_typesupport_introspection_cpp.hpp
[3.610s] -- Up-to-date: /home/roey/tello-ros2/install/tello_msg/include/tello_msg/tello_msg/msg/detail/tello_wifi_config__type_support.cpp
[3.610s] -- Up-to-date: /home/roey/tello-ros2/install/tello_msg/include/tello_msg/tello_msg/msg/detail/tello_status__rosidl_typesupport_introspection_cpp.hpp
[3.610s] -- Up-to-date: /home/roey/tello-ros2/install/tello_msg/include/tello_msg/tello_msg/msg/detail/tello_id__type_support.cpp
[3.611s] -- Up-to-date: /home/roey/tello-ros2/install/tello_msg/include/tello_msg/tello_msg/msg/detail/tello_wifi_config__rosidl_typesupport_introspection_cpp.hpp
[3.611s] -- Up-to-date: /home/roey/tello-ros2/install/tello_msg/include/tello_msg/tello_msg/msg/detail/tello_status__type_support.cpp
[3.611s] -- Up-to-date: /home/roey/tello-ros2/install/tello_msg/lib/libtello_msg__rosidl_typesupport_introspection_cpp.so
[3.611s] -- Up-to-date: /home/roey/tello-ros2/install/tello_msg/lib/libtello_msg__rosidl_typesupport_cpp.so
[3.611s] -- Up-to-date: /home/roey/tello-ros2/install/tello_msg/share/tello_msg/environment/pythonpath.sh
[3.611s] -- Installing: /home/roey/tello-ros2/install/tello_msg/share/tello_msg/environment/pythonpath.dsv
[3.612s] -- Up-to-date: /home/roey/tello-ros2/install/tello_msg/local/lib/python3.10/dist-packages/tello_msg-0.0.1-py3.10.egg-info
[3.612s] -- Installing: /home/roey/tello-ros2/install/tello_msg/local/lib/python3.10/dist-packages/tello_msg-0.0.1-py3.10.egg-info/top_level.txt
[3.612s] -- Installing: /home/roey/tello-ros2/install/tello_msg/local/lib/python3.10/dist-packages/tello_msg-0.0.1-py3.10.egg-info/SOURCES.txt
[3.612s] -- Installing: /home/roey/tello-ros2/install/tello_msg/local/lib/python3.10/dist-packages/tello_msg-0.0.1-py3.10.egg-info/PKG-INFO
[3.613s] -- Installing: /home/roey/tello-ros2/install/tello_msg/local/lib/python3.10/dist-packages/tello_msg-0.0.1-py3.10.egg-info/dependency_links.txt
[3.613s] -- Up-to-date: /home/roey/tello-ros2/install/tello_msg/local/lib/python3.10/dist-packages/tello_msg
[3.613s] -- Up-to-date: /home/roey/tello-ros2/install/tello_msg/local/lib/python3.10/dist-packages/tello_msg/tello_msg_s__rosidl_typesupport_introspection_c.cpython-310-x86_64-linux-gnu.so
[3.613s] -- Up-to-date: /home/roey/tello-ros2/install/tello_msg/local/lib/python3.10/dist-packages/tello_msg/_tello_msg_s.ep.rosidl_typesupport_introspection_c.c
[3.613s] -- Up-to-date: /home/roey/tello-ros2/install/tello_msg/local/lib/python3.10/dist-packages/tello_msg/libtello_msg__rosidl_generator_py.so
[3.613s] -- Up-to-date: /home/roey/tello-ros2/install/tello_msg/local/lib/python3.10/dist-packages/tello_msg/_tello_msg_s.ep.rosidl_typesupport_c.c
[3.614s] -- Installing: /home/roey/tello-ros2/install/tello_msg/local/lib/python3.10/dist-packages/tello_msg/__init__.py
[3.614s] -- Up-to-date: /home/roey/tello-ros2/install/tello_msg/local/lib/python3.10/dist-packages/tello_msg/msg
[3.614s] -- Up-to-date: /home/roey/tello-ros2/install/tello_msg/local/lib/python3.10/dist-packages/tello_msg/msg/_tello_wifi_config_s.c
[3.614s] -- Up-to-date: /home/roey/tello-ros2/install/tello_msg/local/lib/python3.10/dist-packages/tello_msg/msg/_tello_id_s.c
[3.614s] -- Up-to-date: /home/roey/tello-ros2/install/tello_msg/local/lib/python3.10/dist-packages/tello_msg/msg/_tello_status.py
[3.614s] -- Up-to-date: /home/roey/tello-ros2/install/tello_msg/local/lib/python3.10/dist-packages/tello_msg/msg/_tello_wifi_config.py
[3.614s] -- Up-to-date: /home/roey/tello-ros2/install/tello_msg/local/lib/python3.10/dist-packages/tello_msg/msg/__init__.py
[3.614s] -- Up-to-date: /home/roey/tello-ros2/install/tello_msg/local/lib/python3.10/dist-packages/tello_msg/msg/_tello_id.py
[3.615s] -- Up-to-date: /home/roey/tello-ros2/install/tello_msg/local/lib/python3.10/dist-packages/tello_msg/msg/_tello_status_s.c
[3.615s] -- Up-to-date: /home/roey/tello-ros2/install/tello_msg/local/lib/python3.10/dist-packages/tello_msg/tello_msg_s__rosidl_typesupport_c.cpython-310-x86_64-linux-gnu.so
[3.615s] -- Up-to-date: /home/roey/tello-ros2/install/tello_msg/local/lib/python3.10/dist-packages/tello_msg/tello_msg_s__rosidl_typesupport_fastrtps_c.cpython-310-x86_64-linux-gnu.so
[3.615s] -- Up-to-date: /home/roey/tello-ros2/install/tello_msg/local/lib/python3.10/dist-packages/tello_msg/_tello_msg_s.ep.rosidl_typesupport_fastrtps_c.c
[3.661s] Listing '/home/roey/tello-ros2/install/tello_msg/local/lib/python3.10/dist-packages/tello_msg'...
[3.661s] Compiling '/home/roey/tello-ros2/install/tello_msg/local/lib/python3.10/dist-packages/tello_msg/__init__.py'...
[3.661s] Listing '/home/roey/tello-ros2/install/tello_msg/local/lib/python3.10/dist-packages/tello_msg/msg'...
[3.671s] -- Up-to-date: /home/roey/tello-ros2/install/tello_msg/local/lib/python3.10/dist-packages/tello_msg/tello_msg_s__rosidl_typesupport_fastrtps_c.cpython-310-x86_64-linux-gnu.so
[3.671s] -- Up-to-date: /home/roey/tello-ros2/install/tello_msg/local/lib/python3.10/dist-packages/tello_msg/tello_msg_s__rosidl_typesupport_introspection_c.cpython-310-x86_64-linux-gnu.so
[3.672s] -- Up-to-date: /home/roey/tello-ros2/install/tello_msg/local/lib/python3.10/dist-packages/tello_msg/tello_msg_s__rosidl_typesupport_c.cpython-310-x86_64-linux-gnu.so
[3.672s] -- Up-to-date: /home/roey/tello-ros2/install/tello_msg/lib/libtello_msg__rosidl_generator_py.so
[3.673s] -- Up-to-date: /home/roey/tello-ros2/install/tello_msg/share/tello_msg/msg/TelloStatus.idl
[3.674s] -- Up-to-date: /home/roey/tello-ros2/install/tello_msg/share/tello_msg/msg/TelloID.idl
[3.674s] -- Up-to-date: /home/roey/tello-ros2/install/tello_msg/share/tello_msg/msg/TelloWifiConfig.idl
[3.674s] -- Up-to-date: /home/roey/tello-ros2/install/tello_msg/share/tello_msg/msg/TelloStatus.msg
[3.674s] -- Up-to-date: /home/roey/tello-ros2/install/tello_msg/share/tello_msg/msg/TelloID.msg
[3.674s] -- Up-to-date: /home/roey/tello-ros2/install/tello_msg/share/tello_msg/msg/TelloWifiConfig.msg
[3.674s] -- Up-to-date: /home/roey/tello-ros2/install/tello_msg/share/ament_index/resource_index/package_run_dependencies/tello_msg
[3.674s] -- Up-to-date: /home/roey/tello-ros2/install/tello_msg/share/ament_index/resource_index/parent_prefix_path/tello_msg
[3.675s] -- Up-to-date: /home/roey/tello-ros2/install/tello_msg/share/tello_msg/environment/ament_prefix_path.sh
[3.675s] -- Installing: /home/roey/tello-ros2/install/tello_msg/share/tello_msg/environment/ament_prefix_path.dsv
[3.677s] -- Up-to-date: /home/roey/tello-ros2/install/tello_msg/share/tello_msg/environment/path.sh
[3.677s] -- Installing: /home/roey/tello-ros2/install/tello_msg/share/tello_msg/environment/path.dsv
[3.677s] -- Up-to-date: /home/roey/tello-ros2/install/tello_msg/share/tello_msg/local_setup.bash
[3.677s] -- Up-to-date: /home/roey/tello-ros2/install/tello_msg/share/tello_msg/local_setup.sh
[3.678s] -- Up-to-date: /home/roey/tello-ros2/install/tello_msg/share/tello_msg/local_setup.zsh
[3.678s] -- Installing: /home/roey/tello-ros2/install/tello_msg/share/tello_msg/local_setup.dsv
[3.678s] -- Installing: /home/roey/tello-ros2/install/tello_msg/share/tello_msg/package.dsv
[3.678s] -- Up-to-date: /home/roey/tello-ros2/install/tello_msg/share/ament_index/resource_index/packages/tello_msg
[3.679s] -- Up-to-date: /home/roey/tello-ros2/install/tello_msg/share/tello_msg/cmake/export_tello_msg__rosidl_generator_cExport.cmake
[3.679s] -- Up-to-date: /home/roey/tello-ros2/install/tello_msg/share/tello_msg/cmake/export_tello_msg__rosidl_generator_cExport-noconfig.cmake
[3.679s] -- Up-to-date: /home/roey/tello-ros2/install/tello_msg/share/tello_msg/cmake/export_tello_msg__rosidl_typesupport_fastrtps_cExport.cmake
[3.679s] -- Up-to-date: /home/roey/tello-ros2/install/tello_msg/share/tello_msg/cmake/export_tello_msg__rosidl_typesupport_fastrtps_cExport-noconfig.cmake
[3.679s] -- Up-to-date: /home/roey/tello-ros2/install/tello_msg/share/tello_msg/cmake/tello_msg__rosidl_typesupport_introspection_cExport.cmake
[3.679s] -- Up-to-date: /home/roey/tello-ros2/install/tello_msg/share/tello_msg/cmake/tello_msg__rosidl_typesupport_introspection_cExport-noconfig.cmake
[3.679s] -- Up-to-date: /home/roey/tello-ros2/install/tello_msg/share/tello_msg/cmake/tello_msg__rosidl_typesupport_cExport.cmake
[3.679s] -- Up-to-date: /home/roey/tello-ros2/install/tello_msg/share/tello_msg/cmake/tello_msg__rosidl_typesupport_cExport-noconfig.cmake
[3.679s] -- Up-to-date: /home/roey/tello-ros2/install/tello_msg/share/tello_msg/cmake/export_tello_msg__rosidl_generator_cppExport.cmake
[3.679s] -- Up-to-date: /home/roey/tello-ros2/install/tello_msg/share/tello_msg/cmake/export_tello_msg__rosidl_typesupport_fastrtps_cppExport.cmake
[3.679s] -- Up-to-date: /home/roey/tello-ros2/install/tello_msg/share/tello_msg/cmake/export_tello_msg__rosidl_typesupport_fastrtps_cppExport-noconfig.cmake
[3.679s] -- Up-to-date: /home/roey/tello-ros2/install/tello_msg/share/tello_msg/cmake/tello_msg__rosidl_typesupport_introspection_cppExport.cmake
[3.679s] -- Up-to-date: /home/roey/tello-ros2/install/tello_msg/share/tello_msg/cmake/tello_msg__rosidl_typesupport_introspection_cppExport-noconfig.cmake
[3.680s] -- Up-to-date: /home/roey/tello-ros2/install/tello_msg/share/tello_msg/cmake/tello_msg__rosidl_typesupport_cppExport.cmake
[3.680s] -- Up-to-date: /home/roey/tello-ros2/install/tello_msg/share/tello_msg/cmake/tello_msg__rosidl_typesupport_cppExport-noconfig.cmake
[3.680s] -- Up-to-date: /home/roey/tello-ros2/install/tello_msg/share/tello_msg/cmake/export_tello_msg__rosidl_generator_pyExport.cmake
[3.680s] -- Up-to-date: /home/roey/tello-ros2/install/tello_msg/share/tello_msg/cmake/export_tello_msg__rosidl_generator_pyExport-noconfig.cmake
[3.680s] -- Up-to-date: /home/roey/tello-ros2/install/tello_msg/share/tello_msg/cmake/rosidl_cmake-extras.cmake
[3.680s] -- Up-to-date: /home/roey/tello-ros2/install/tello_msg/share/tello_msg/cmake/ament_cmake_export_dependencies-extras.cmake
[3.680s] -- Up-to-date: /home/roey/tello-ros2/install/tello_msg/share/tello_msg/cmake/ament_cmake_export_include_directories-extras.cmake
[3.680s] -- Up-to-date: /home/roey/tello-ros2/install/tello_msg/share/tello_msg/cmake/ament_cmake_export_libraries-extras.cmake
[3.680s] -- Up-to-date: /home/roey/tello-ros2/install/tello_msg/share/tello_msg/cmake/ament_cmake_export_targets-extras.cmake
[3.681s] -- Up-to-date: /home/roey/tello-ros2/install/tello_msg/share/tello_msg/cmake/rosidl_cmake_export_typesupport_targets-extras.cmake
[3.681s] -- Up-to-date: /home/roey/tello-ros2/install/tello_msg/share/tello_msg/cmake/rosidl_cmake_export_typesupport_libraries-extras.cmake
[3.681s] -- Up-to-date: /home/roey/tello-ros2/install/tello_msg/share/tello_msg/cmake/tello_msgConfig.cmake
[3.681s] -- Up-to-date: /home/roey/tello-ros2/install/tello_msg/share/tello_msg/cmake/tello_msgConfig-version.cmake
[3.681s] -- Up-to-date: /home/roey/tello-ros2/install/tello_msg/share/tello_msg/package.xml
[3.683s] Invoked command in '/home/roey/tello-ros2/build/tello_msg' returned '0': CMAKE_PREFIX_PATH=/opt/ros/humble /usr/bin/cmake --install /home/roey/tello-ros2/build/tello_msg
