[0.028s] Invoking command in '/home/roey/tello-vio/build/tello_msg': CMAKE_PREFIX_PATH=${CMAKE_PREFIX_PATH}:/home/roey/tello-ros2/install/tello:/opt/ros/humble /usr/bin/cmake /home/roey/tello-vio/workspace/src/tello_msg -DCMAKE_INSTALL_PREFIX=/home/roey/tello-vio/install/tello_msg
[0.106s] -- The C compiler identification is GNU 11.4.0
[0.181s] -- The CXX compiler identification is GNU 11.4.0
[0.191s] -- Detecting C compiler ABI info
[0.294s] -- Detecting C compiler ABI info - done
[0.307s] -- Check for working C compiler: /usr/bin/cc - skipped
[0.307s] -- Detecting C compile features
[0.308s] -- Detecting C compile features - done
[0.312s] -- Detecting CXX compiler ABI info
[0.479s] -- Detecting CXX compiler ABI info - done
[0.519s] -- Check for working CXX compiler: /usr/bin/c++ - skipped
[0.519s] -- Detecting CXX compile features
[0.523s] -- Detecting CXX compile features - done
[0.534s] -- Found ament_cmake: 1.3.10 (/opt/ros/humble/share/ament_cmake/cmake)
[0.811s] -- Found Python3: /usr/bin/python3 (found version "3.10.12") found components: Interpreter 
[0.982s] -- Found rosidl_default_generators: 1.2.0 (/opt/ros/humble/share/rosidl_default_generators/cmake)
[0.988s] -- Using all available rosidl_typesupport_c: rosidl_typesupport_fastrtps_c;rosidl_typesupport_introspection_c
[1.000s] -- Found rosidl_adapter: 3.1.5 (/opt/ros/humble/share/rosidl_adapter/cmake)
[1.071s] -- Using all available rosidl_typesupport_cpp: rosidl_typesupport_fastrtps_cpp;rosidl_typesupport_introspection_cpp
[1.130s] -- Found std_msgs: 4.2.4 (/opt/ros/humble/share/std_msgs/cmake)
[1.175s] -- Found geometry_msgs: 4.2.4 (/opt/ros/humble/share/geometry_msgs/cmake)
[1.776s] -- Found ament_cmake_cppcheck: 0.12.11 (/opt/ros/humble/share/ament_cmake_cppcheck/cmake)
[1.780s] -- Found ament_cmake_cpplint: 0.12.11 (/opt/ros/humble/share/ament_cmake_cpplint/cmake)
[1.785s] -- Found ament_cmake_uncrustify: 0.12.11 (/opt/ros/humble/share/ament_cmake_uncrustify/cmake)
[1.789s] -- Found ament_cmake_ros: 0.10.0 (/opt/ros/humble/share/ament_cmake_ros/cmake)
[2.216s] -- Using all available rosidl_typesupport_c: rosidl_typesupport_fastrtps_c;rosidl_typesupport_introspection_c
[2.782s] -- Using all available rosidl_typesupport_cpp: rosidl_typesupport_fastrtps_cpp;rosidl_typesupport_introspection_cpp
[2.819s] -- Found PythonInterp: /usr/bin/python3 (found suitable version "3.10.12", minimum required is "3.6") 
[2.822s] -- Found python_cmake_module: 0.10.0 (/opt/ros/humble/share/python_cmake_module/cmake)
[2.862s] -- Found PythonLibs: /usr/lib/x86_64-linux-gnu/libpython3.10.so (found suitable version "3.10.12", minimum required is "3.5") 
[2.862s] -- Using PYTHON_EXECUTABLE: /usr/bin/python3
[2.862s] -- Using PYTHON_INCLUDE_DIRS: /usr/include/python3.10
[2.862s] -- Using PYTHON_LIBRARIES: /usr/lib/x86_64-linux-gnu/libpython3.10.so
[2.894s] -- Found PythonExtra: .so  
[2.990s] -- Found ament_cmake_flake8: 0.12.11 (/opt/ros/humble/share/ament_cmake_flake8/cmake)
[2.994s] -- Found ament_cmake_pep257: 0.12.11 (/opt/ros/humble/share/ament_cmake_pep257/cmake)
[3.008s] -- Configuring done
[3.063s] -- Generating done
[3.068s] -- Build files have been written to: /home/roey/tello-vio/build/tello_msg
[3.076s] Invoked command in '/home/roey/tello-vio/build/tello_msg' returned '0': CMAKE_PREFIX_PATH=${CMAKE_PREFIX_PATH}:/home/roey/tello-ros2/install/tello:/opt/ros/humble /usr/bin/cmake /home/roey/tello-vio/workspace/src/tello_msg -DCMAKE_INSTALL_PREFIX=/home/roey/tello-vio/install/tello_msg
[3.079s] Invoking command in '/home/roey/tello-vio/build/tello_msg': CMAKE_PREFIX_PATH=${CMAKE_PREFIX_PATH}:/home/roey/tello-ros2/install/tello:/opt/ros/humble /usr/bin/cmake --build /home/roey/tello-vio/build/tello_msg -- -j8 -l8
[3.131s] [  2%] Generating C code for ROS interfaces
[3.145s] [  4%] Generating C++ code for ROS interfaces
[3.156s] [  4%] Built target ament_cmake_python_copy_tello_msg
[3.554s] running egg_info
[3.555s] creating tello_msg.egg-info
[3.556s] writing tello_msg.egg-info/PKG-INFO
[3.556s] writing dependency_links to tello_msg.egg-info/dependency_links.txt
[3.556s] writing top-level names to tello_msg.egg-info/top_level.txt
[3.557s] writing manifest file 'tello_msg.egg-info/SOURCES.txt'
[3.561s] reading manifest file 'tello_msg.egg-info/SOURCES.txt'
[3.561s] writing manifest file 'tello_msg.egg-info/SOURCES.txt'
[3.608s] [  4%] Built target ament_cmake_python_build_tello_msg_egg
[3.958s] [  4%] Built target tello_msg__cpp
[3.976s] [  6%] Building C object CMakeFiles/tello_msg__rosidl_generator_c.dir/rosidl_generator_c/tello_msg/msg/detail/tello_id__functions.c.o
[3.976s] [  8%] Generating C++ type support for eProsima Fast-RTPS
[3.978s] [ 10%] Building C object CMakeFiles/tello_msg__rosidl_generator_c.dir/rosidl_generator_c/tello_msg/msg/detail/tello_status__functions.c.o
[3.978s] [ 12%] Building C object CMakeFiles/tello_msg__rosidl_generator_c.dir/rosidl_generator_c/tello_msg/msg/detail/tello_wifi_config__functions.c.o
[3.978s] [ 14%] Generating C++ type support dispatch for ROS interfaces
[3.982s] [ 17%] Generating C++ introspection for ROS interfaces
[4.088s] [ 19%] Linking C shared library libtello_msg__rosidl_generator_c.so
[4.154s] [ 19%] Built target tello_msg__rosidl_generator_c
[4.175s] [ 21%] Generating C type support for eProsima Fast-RTPS
[4.176s] [ 23%] Generating C introspection for ROS interfaces
[4.181s] [ 25%] Generating C type support dispatch for ROS interfaces
[4.966s] [ 27%] Building CXX object CMakeFiles/tello_msg__rosidl_typesupport_fastrtps_cpp.dir/rosidl_typesupport_fastrtps_cpp/tello_msg/msg/detail/dds_fastrtps/tello_status__type_support.cpp.o
[4.972s] [ 29%] Building CXX object CMakeFiles/tello_msg__rosidl_typesupport_fastrtps_cpp.dir/rosidl_typesupport_fastrtps_cpp/tello_msg/msg/detail/dds_fastrtps/tello_wifi_config__type_support.cpp.o
[4.987s] [ 31%] Building CXX object CMakeFiles/tello_msg__rosidl_typesupport_fastrtps_cpp.dir/rosidl_typesupport_fastrtps_cpp/tello_msg/msg/detail/dds_fastrtps/tello_id__type_support.cpp.o
[5.227s] [ 34%] Building CXX object CMakeFiles/tello_msg__rosidl_typesupport_cpp.dir/rosidl_typesupport_cpp/tello_msg/msg/tello_status__type_support.cpp.o
[5.301s] [ 36%] Building CXX object CMakeFiles/tello_msg__rosidl_typesupport_introspection_cpp.dir/rosidl_typesupport_introspection_cpp/tello_msg/msg/detail/tello_status__type_support.cpp.o
[5.562s] [ 38%] Building CXX object CMakeFiles/tello_msg__rosidl_typesupport_c.dir/rosidl_typesupport_c/tello_msg/msg/tello_status__type_support.cpp.o
[5.655s] [ 40%] Building C object CMakeFiles/tello_msg__rosidl_typesupport_introspection_c.dir/rosidl_typesupport_introspection_c/tello_msg/msg/detail/tello_status__type_support.c.o
[5.661s] [ 42%] Building CXX object CMakeFiles/tello_msg__rosidl_typesupport_c.dir/rosidl_typesupport_c/tello_msg/msg/tello_id__type_support.cpp.o
[5.680s] [ 44%] Building CXX object CMakeFiles/tello_msg__rosidl_typesupport_fastrtps_c.dir/rosidl_typesupport_fastrtps_c/tello_msg/msg/detail/tello_status__type_support_c.cpp.o
[5.727s] [ 46%] Building C object CMakeFiles/tello_msg__rosidl_typesupport_introspection_c.dir/rosidl_typesupport_introspection_c/tello_msg/msg/detail/tello_id__type_support.c.o
[5.733s] [ 48%] Building CXX object CMakeFiles/tello_msg__rosidl_typesupport_c.dir/rosidl_typesupport_c/tello_msg/msg/tello_wifi_config__type_support.cpp.o
[5.793s] [ 53%] Building C object CMakeFiles/tello_msg__rosidl_typesupport_introspection_c.dir/rosidl_typesupport_introspection_c/tello_msg/msg/detail/tello_wifi_config__type_support.c.o
[5.793s] [ 53%] Linking CXX shared library libtello_msg__rosidl_typesupport_c.so
[5.858s] [ 55%] Linking C shared library libtello_msg__rosidl_typesupport_introspection_c.so
[5.886s] [ 55%] Built target tello_msg__rosidl_typesupport_c
[5.904s] [ 57%] Building CXX object CMakeFiles/tello_msg__rosidl_typesupport_introspection_cpp.dir/rosidl_typesupport_introspection_cpp/tello_msg/msg/detail/tello_id__type_support.cpp.o
[5.916s] [ 59%] Building CXX object CMakeFiles/tello_msg__rosidl_typesupport_fastrtps_c.dir/rosidl_typesupport_fastrtps_c/tello_msg/msg/detail/tello_id__type_support_c.cpp.o
[5.921s] [ 59%] Built target tello_msg__rosidl_typesupport_introspection_c
[5.930s] [ 61%] Building CXX object CMakeFiles/tello_msg__rosidl_typesupport_cpp.dir/rosidl_typesupport_cpp/tello_msg/msg/tello_id__type_support.cpp.o
[5.938s] [ 63%] Building CXX object CMakeFiles/tello_msg__rosidl_typesupport_cpp.dir/rosidl_typesupport_cpp/tello_msg/msg/tello_wifi_config__type_support.cpp.o
[6.124s] [ 65%] Building CXX object CMakeFiles/tello_msg__rosidl_typesupport_fastrtps_c.dir/rosidl_typesupport_fastrtps_c/tello_msg/msg/detail/tello_wifi_config__type_support_c.cpp.o
[6.190s] [ 68%] Linking CXX shared library libtello_msg__rosidl_typesupport_fastrtps_cpp.so
[6.193s] [ 70%] Building CXX object CMakeFiles/tello_msg__rosidl_typesupport_introspection_cpp.dir/rosidl_typesupport_introspection_cpp/tello_msg/msg/detail/tello_wifi_config__type_support.cpp.o
[6.531s] [ 70%] Built target tello_msg__rosidl_typesupport_fastrtps_cpp
[6.636s] [ 72%] Linking CXX shared library libtello_msg__rosidl_typesupport_cpp.so
[6.718s] [ 72%] Built target tello_msg__rosidl_typesupport_cpp
[6.842s] [ 74%] Linking CXX shared library libtello_msg__rosidl_typesupport_fastrtps_c.so
[6.958s] [ 74%] Built target tello_msg__rosidl_typesupport_fastrtps_c
[7.042s] [ 76%] Linking CXX shared library libtello_msg__rosidl_typesupport_introspection_cpp.so
[7.126s] [ 76%] Built target tello_msg__rosidl_typesupport_introspection_cpp
[7.152s] [ 76%] Built target tello_msg
[7.178s] [ 78%] Generating Python code for ROS interfaces
[8.291s] [ 78%] Built target tello_msg__py
[8.318s] [ 85%] Building C object CMakeFiles/tello_msg__rosidl_generator_py.dir/rosidl_generator_py/tello_msg/msg/_tello_wifi_config_s.c.o
[8.318s] [ 85%] Building C object CMakeFiles/tello_msg__rosidl_generator_py.dir/rosidl_generator_py/tello_msg/msg/_tello_status_s.c.o
[8.318s] [ 85%] Building C object CMakeFiles/tello_msg__rosidl_generator_py.dir/rosidl_generator_py/tello_msg/msg/_tello_id_s.c.o
[8.473s] [ 87%] Linking C shared library rosidl_generator_py/tello_msg/libtello_msg__rosidl_generator_py.so
[8.527s] [ 87%] Built target tello_msg__rosidl_generator_py
[8.553s] [ 89%] Building C object CMakeFiles/tello_msg__rosidl_typesupport_c__pyext.dir/rosidl_generator_py/tello_msg/_tello_msg_s.ep.rosidl_typesupport_c.c.o
[8.554s] [ 91%] Building C object CMakeFiles/tello_msg__rosidl_typesupport_introspection_c__pyext.dir/rosidl_generator_py/tello_msg/_tello_msg_s.ep.rosidl_typesupport_introspection_c.c.o
[8.554s] [ 93%] Building C object CMakeFiles/tello_msg__rosidl_typesupport_fastrtps_c__pyext.dir/rosidl_generator_py/tello_msg/_tello_msg_s.ep.rosidl_typesupport_fastrtps_c.c.o
[8.693s] [ 95%] Linking C shared library rosidl_generator_py/tello_msg/tello_msg_s__rosidl_typesupport_c.cpython-310-x86_64-linux-gnu.so
[8.694s] [ 97%] Linking C shared library rosidl_generator_py/tello_msg/tello_msg_s__rosidl_typesupport_fastrtps_c.cpython-310-x86_64-linux-gnu.so
[8.699s] [100%] Linking C shared library rosidl_generator_py/tello_msg/tello_msg_s__rosidl_typesupport_introspection_c.cpython-310-x86_64-linux-gnu.so
[8.746s] [100%] Built target tello_msg__rosidl_typesupport_c__pyext
[8.751s] [100%] Built target tello_msg__rosidl_typesupport_fastrtps_c__pyext
[8.754s] [100%] Built target tello_msg__rosidl_typesupport_introspection_c__pyext
[8.769s] Invoked command in '/home/roey/tello-vio/build/tello_msg' returned '0': CMAKE_PREFIX_PATH=${CMAKE_PREFIX_PATH}:/home/roey/tello-ros2/install/tello:/opt/ros/humble /usr/bin/cmake --build /home/roey/tello-vio/build/tello_msg -- -j8 -l8
[8.892s] Invoking command in '/home/roey/tello-vio/build/tello_msg': CMAKE_PREFIX_PATH=${CMAKE_PREFIX_PATH}:/home/roey/tello-ros2/install/tello:/opt/ros/humble /usr/bin/cmake --install /home/roey/tello-vio/build/tello_msg
[8.903s] -- Install configuration: ""
[8.904s] -- Installing: /home/roey/tello-vio/install/tello_msg/share/ament_index/resource_index/rosidl_interfaces/tello_msg
[8.904s] -- Installing: /home/roey/tello-vio/install/tello_msg/include/tello_msg/tello_msg
[8.904s] -- Installing: /home/roey/tello-vio/install/tello_msg/include/tello_msg/tello_msg/msg
[8.904s] -- Installing: /home/roey/tello-vio/install/tello_msg/include/tello_msg/tello_msg/msg/detail
[8.904s] -- Installing: /home/roey/tello-vio/install/tello_msg/include/tello_msg/tello_msg/msg/detail/tello_id__type_support.h
[8.904s] -- Installing: /home/roey/tello-vio/install/tello_msg/include/tello_msg/tello_msg/msg/detail/tello_id__struct.h
[8.905s] -- Installing: /home/roey/tello-vio/install/tello_msg/include/tello_msg/tello_msg/msg/detail/tello_status__struct.h
[8.905s] -- Installing: /home/roey/tello-vio/install/tello_msg/include/tello_msg/tello_msg/msg/detail/tello_wifi_config__functions.c
[8.905s] -- Installing: /home/roey/tello-vio/install/tello_msg/include/tello_msg/tello_msg/msg/detail/tello_status__functions.h
[8.905s] -- Installing: /home/roey/tello-vio/install/tello_msg/include/tello_msg/tello_msg/msg/detail/tello_wifi_config__functions.h
[8.905s] -- Installing: /home/roey/tello-vio/install/tello_msg/include/tello_msg/tello_msg/msg/detail/tello_id__functions.c
[8.905s] -- Installing: /home/roey/tello-vio/install/tello_msg/include/tello_msg/tello_msg/msg/detail/tello_id__functions.h
[8.905s] -- Installing: /home/roey/tello-vio/install/tello_msg/include/tello_msg/tello_msg/msg/detail/tello_status__functions.c
[8.905s] -- Installing: /home/roey/tello-vio/install/tello_msg/include/tello_msg/tello_msg/msg/detail/tello_wifi_config__struct.h
[8.905s] -- Installing: /home/roey/tello-vio/install/tello_msg/include/tello_msg/tello_msg/msg/detail/tello_status__type_support.h
[8.906s] -- Installing: /home/roey/tello-vio/install/tello_msg/include/tello_msg/tello_msg/msg/detail/tello_wifi_config__type_support.h
[8.906s] -- Installing: /home/roey/tello-vio/install/tello_msg/include/tello_msg/tello_msg/msg/tello_wifi_config.h
[8.906s] -- Installing: /home/roey/tello-vio/install/tello_msg/include/tello_msg/tello_msg/msg/rosidl_generator_c__visibility_control.h
[8.906s] -- Installing: /home/roey/tello-vio/install/tello_msg/include/tello_msg/tello_msg/msg/tello_id.h
[8.906s] -- Installing: /home/roey/tello-vio/install/tello_msg/include/tello_msg/tello_msg/msg/tello_status.h
[8.906s] -- Installing: /home/roey/tello-vio/install/tello_msg/share/tello_msg/environment/library_path.sh
[8.906s] -- Installing: /home/roey/tello-vio/install/tello_msg/share/tello_msg/environment/library_path.dsv
[8.906s] -- Installing: /home/roey/tello-vio/install/tello_msg/lib/libtello_msg__rosidl_generator_c.so
[8.907s] -- Set runtime path of "/home/roey/tello-vio/install/tello_msg/lib/libtello_msg__rosidl_generator_c.so" to ""
[8.907s] -- Up-to-date: /home/roey/tello-vio/install/tello_msg/include/tello_msg/tello_msg
[8.907s] -- Up-to-date: /home/roey/tello-vio/install/tello_msg/include/tello_msg/tello_msg/msg
[8.907s] -- Installing: /home/roey/tello-vio/install/tello_msg/include/tello_msg/tello_msg/msg/rosidl_typesupport_fastrtps_c__visibility_control.h
[8.907s] -- Up-to-date: /home/roey/tello-vio/install/tello_msg/include/tello_msg/tello_msg/msg/detail
[8.908s] -- Installing: /home/roey/tello-vio/install/tello_msg/include/tello_msg/tello_msg/msg/detail/tello_wifi_config__rosidl_typesupport_fastrtps_c.h
[8.908s] -- Installing: /home/roey/tello-vio/install/tello_msg/include/tello_msg/tello_msg/msg/detail/tello_id__rosidl_typesupport_fastrtps_c.h
[8.908s] -- Installing: /home/roey/tello-vio/install/tello_msg/include/tello_msg/tello_msg/msg/detail/tello_status__rosidl_typesupport_fastrtps_c.h
[8.908s] -- Installing: /home/roey/tello-vio/install/tello_msg/lib/libtello_msg__rosidl_typesupport_fastrtps_c.so
[8.908s] -- Set runtime path of "/home/roey/tello-vio/install/tello_msg/lib/libtello_msg__rosidl_typesupport_fastrtps_c.so" to ""
[8.908s] -- Up-to-date: /home/roey/tello-vio/install/tello_msg/include/tello_msg/tello_msg
[8.908s] -- Up-to-date: /home/roey/tello-vio/install/tello_msg/include/tello_msg/tello_msg/msg
[8.908s] -- Installing: /home/roey/tello-vio/install/tello_msg/include/tello_msg/tello_msg/msg/rosidl_typesupport_introspection_c__visibility_control.h
[8.909s] -- Up-to-date: /home/roey/tello-vio/install/tello_msg/include/tello_msg/tello_msg/msg/detail
[8.909s] -- Installing: /home/roey/tello-vio/install/tello_msg/include/tello_msg/tello_msg/msg/detail/tello_status__type_support.c
[8.909s] -- Installing: /home/roey/tello-vio/install/tello_msg/include/tello_msg/tello_msg/msg/detail/tello_id__type_support.c
[8.909s] -- Installing: /home/roey/tello-vio/install/tello_msg/include/tello_msg/tello_msg/msg/detail/tello_status__rosidl_typesupport_introspection_c.h
[8.909s] -- Installing: /home/roey/tello-vio/install/tello_msg/include/tello_msg/tello_msg/msg/detail/tello_id__rosidl_typesupport_introspection_c.h
[8.909s] -- Installing: /home/roey/tello-vio/install/tello_msg/include/tello_msg/tello_msg/msg/detail/tello_wifi_config__type_support.c
[8.909s] -- Installing: /home/roey/tello-vio/install/tello_msg/include/tello_msg/tello_msg/msg/detail/tello_wifi_config__rosidl_typesupport_introspection_c.h
[8.909s] -- Installing: /home/roey/tello-vio/install/tello_msg/lib/libtello_msg__rosidl_typesupport_introspection_c.so
[8.910s] -- Set runtime path of "/home/roey/tello-vio/install/tello_msg/lib/libtello_msg__rosidl_typesupport_introspection_c.so" to ""
[8.910s] -- Installing: /home/roey/tello-vio/install/tello_msg/lib/libtello_msg__rosidl_typesupport_c.so
[8.910s] -- Set runtime path of "/home/roey/tello-vio/install/tello_msg/lib/libtello_msg__rosidl_typesupport_c.so" to ""
[8.910s] -- Up-to-date: /home/roey/tello-vio/install/tello_msg/include/tello_msg/tello_msg
[8.910s] -- Up-to-date: /home/roey/tello-vio/install/tello_msg/include/tello_msg/tello_msg/msg
[8.910s] -- Installing: /home/roey/tello-vio/install/tello_msg/include/tello_msg/tello_msg/msg/tello_status.hpp
[8.910s] -- Up-to-date: /home/roey/tello-vio/install/tello_msg/include/tello_msg/tello_msg/msg/detail
[8.910s] -- Installing: /home/roey/tello-vio/install/tello_msg/include/tello_msg/tello_msg/msg/detail/tello_id__struct.hpp
[8.911s] -- Installing: /home/roey/tello-vio/install/tello_msg/include/tello_msg/tello_msg/msg/detail/tello_wifi_config__traits.hpp
[8.911s] -- Installing: /home/roey/tello-vio/install/tello_msg/include/tello_msg/tello_msg/msg/detail/tello_wifi_config__struct.hpp
[8.911s] -- Installing: /home/roey/tello-vio/install/tello_msg/include/tello_msg/tello_msg/msg/detail/tello_id__builder.hpp
[8.911s] -- Installing: /home/roey/tello-vio/install/tello_msg/include/tello_msg/tello_msg/msg/detail/tello_id__traits.hpp
[8.911s] -- Installing: /home/roey/tello-vio/install/tello_msg/include/tello_msg/tello_msg/msg/detail/tello_status__struct.hpp
[8.911s] -- Installing: /home/roey/tello-vio/install/tello_msg/include/tello_msg/tello_msg/msg/detail/tello_status__traits.hpp
[8.911s] -- Installing: /home/roey/tello-vio/install/tello_msg/include/tello_msg/tello_msg/msg/detail/tello_wifi_config__builder.hpp
[8.912s] -- Installing: /home/roey/tello-vio/install/tello_msg/include/tello_msg/tello_msg/msg/detail/tello_status__builder.hpp
[8.912s] -- Installing: /home/roey/tello-vio/install/tello_msg/include/tello_msg/tello_msg/msg/tello_wifi_config.hpp
[8.912s] -- Installing: /home/roey/tello-vio/install/tello_msg/include/tello_msg/tello_msg/msg/tello_id.hpp
[8.912s] -- Up-to-date: /home/roey/tello-vio/install/tello_msg/include/tello_msg/tello_msg
[8.912s] -- Up-to-date: /home/roey/tello-vio/install/tello_msg/include/tello_msg/tello_msg/msg
[8.912s] -- Up-to-date: /home/roey/tello-vio/install/tello_msg/include/tello_msg/tello_msg/msg/detail
[8.912s] -- Installing: /home/roey/tello-vio/install/tello_msg/include/tello_msg/tello_msg/msg/detail/tello_wifi_config__rosidl_typesupport_fastrtps_cpp.hpp
[8.912s] -- Installing: /home/roey/tello-vio/install/tello_msg/include/tello_msg/tello_msg/msg/detail/dds_fastrtps
[8.912s] -- Installing: /home/roey/tello-vio/install/tello_msg/include/tello_msg/tello_msg/msg/detail/tello_id__rosidl_typesupport_fastrtps_cpp.hpp
[8.913s] -- Installing: /home/roey/tello-vio/install/tello_msg/include/tello_msg/tello_msg/msg/detail/tello_status__rosidl_typesupport_fastrtps_cpp.hpp
[8.913s] -- Installing: /home/roey/tello-vio/install/tello_msg/include/tello_msg/tello_msg/msg/rosidl_typesupport_fastrtps_cpp__visibility_control.h
[8.913s] -- Installing: /home/roey/tello-vio/install/tello_msg/lib/libtello_msg__rosidl_typesupport_fastrtps_cpp.so
[8.913s] -- Set runtime path of "/home/roey/tello-vio/install/tello_msg/lib/libtello_msg__rosidl_typesupport_fastrtps_cpp.so" to ""
[8.913s] -- Up-to-date: /home/roey/tello-vio/install/tello_msg/include/tello_msg/tello_msg
[8.913s] -- Up-to-date: /home/roey/tello-vio/install/tello_msg/include/tello_msg/tello_msg/msg
[8.913s] -- Up-to-date: /home/roey/tello-vio/install/tello_msg/include/tello_msg/tello_msg/msg/detail
[8.913s] -- Installing: /home/roey/tello-vio/install/tello_msg/include/tello_msg/tello_msg/msg/detail/tello_id__rosidl_typesupport_introspection_cpp.hpp
[8.914s] -- Installing: /home/roey/tello-vio/install/tello_msg/include/tello_msg/tello_msg/msg/detail/tello_wifi_config__type_support.cpp
[8.914s] -- Installing: /home/roey/tello-vio/install/tello_msg/include/tello_msg/tello_msg/msg/detail/tello_status__rosidl_typesupport_introspection_cpp.hpp
[8.914s] -- Installing: /home/roey/tello-vio/install/tello_msg/include/tello_msg/tello_msg/msg/detail/tello_id__type_support.cpp
[8.914s] -- Installing: /home/roey/tello-vio/install/tello_msg/include/tello_msg/tello_msg/msg/detail/tello_wifi_config__rosidl_typesupport_introspection_cpp.hpp
[8.914s] -- Installing: /home/roey/tello-vio/install/tello_msg/include/tello_msg/tello_msg/msg/detail/tello_status__type_support.cpp
[8.914s] -- Installing: /home/roey/tello-vio/install/tello_msg/lib/libtello_msg__rosidl_typesupport_introspection_cpp.so
[8.914s] -- Set runtime path of "/home/roey/tello-vio/install/tello_msg/lib/libtello_msg__rosidl_typesupport_introspection_cpp.so" to ""
[8.914s] -- Installing: /home/roey/tello-vio/install/tello_msg/lib/libtello_msg__rosidl_typesupport_cpp.so
[8.915s] -- Set runtime path of "/home/roey/tello-vio/install/tello_msg/lib/libtello_msg__rosidl_typesupport_cpp.so" to ""
[8.915s] -- Installing: /home/roey/tello-vio/install/tello_msg/share/tello_msg/environment/pythonpath.sh
[8.915s] -- Installing: /home/roey/tello-vio/install/tello_msg/share/tello_msg/environment/pythonpath.dsv
[8.915s] -- Installing: /home/roey/tello-vio/install/tello_msg/local/lib/python3.10/dist-packages/tello_msg-0.0.1-py3.10.egg-info
[8.915s] -- Installing: /home/roey/tello-vio/install/tello_msg/local/lib/python3.10/dist-packages/tello_msg-0.0.1-py3.10.egg-info/top_level.txt
[8.915s] -- Installing: /home/roey/tello-vio/install/tello_msg/local/lib/python3.10/dist-packages/tello_msg-0.0.1-py3.10.egg-info/SOURCES.txt
[8.915s] -- Installing: /home/roey/tello-vio/install/tello_msg/local/lib/python3.10/dist-packages/tello_msg-0.0.1-py3.10.egg-info/PKG-INFO
[8.916s] -- Installing: /home/roey/tello-vio/install/tello_msg/local/lib/python3.10/dist-packages/tello_msg-0.0.1-py3.10.egg-info/dependency_links.txt
[8.916s] -- Installing: /home/roey/tello-vio/install/tello_msg/local/lib/python3.10/dist-packages/tello_msg
[8.916s] -- Installing: /home/roey/tello-vio/install/tello_msg/local/lib/python3.10/dist-packages/tello_msg/tello_msg_s__rosidl_typesupport_introspection_c.cpython-310-x86_64-linux-gnu.so
[8.916s] -- Installing: /home/roey/tello-vio/install/tello_msg/local/lib/python3.10/dist-packages/tello_msg/_tello_msg_s.ep.rosidl_typesupport_introspection_c.c
[8.916s] -- Installing: /home/roey/tello-vio/install/tello_msg/local/lib/python3.10/dist-packages/tello_msg/libtello_msg__rosidl_generator_py.so
[8.916s] -- Installing: /home/roey/tello-vio/install/tello_msg/local/lib/python3.10/dist-packages/tello_msg/_tello_msg_s.ep.rosidl_typesupport_c.c
[8.916s] -- Installing: /home/roey/tello-vio/install/tello_msg/local/lib/python3.10/dist-packages/tello_msg/__init__.py
[8.917s] -- Installing: /home/roey/tello-vio/install/tello_msg/local/lib/python3.10/dist-packages/tello_msg/msg
[8.917s] -- Installing: /home/roey/tello-vio/install/tello_msg/local/lib/python3.10/dist-packages/tello_msg/msg/_tello_wifi_config_s.c
[8.917s] -- Installing: /home/roey/tello-vio/install/tello_msg/local/lib/python3.10/dist-packages/tello_msg/msg/_tello_id_s.c
[8.917s] -- Installing: /home/roey/tello-vio/install/tello_msg/local/lib/python3.10/dist-packages/tello_msg/msg/_tello_status.py
[8.918s] -- Installing: /home/roey/tello-vio/install/tello_msg/local/lib/python3.10/dist-packages/tello_msg/msg/_tello_wifi_config.py
[8.918s] -- Installing: /home/roey/tello-vio/install/tello_msg/local/lib/python3.10/dist-packages/tello_msg/msg/__init__.py
[8.918s] -- Installing: /home/roey/tello-vio/install/tello_msg/local/lib/python3.10/dist-packages/tello_msg/msg/_tello_id.py
[8.918s] -- Installing: /home/roey/tello-vio/install/tello_msg/local/lib/python3.10/dist-packages/tello_msg/msg/_tello_status_s.c
[8.918s] -- Installing: /home/roey/tello-vio/install/tello_msg/local/lib/python3.10/dist-packages/tello_msg/tello_msg_s__rosidl_typesupport_c.cpython-310-x86_64-linux-gnu.so
[8.918s] -- Installing: /home/roey/tello-vio/install/tello_msg/local/lib/python3.10/dist-packages/tello_msg/tello_msg_s__rosidl_typesupport_fastrtps_c.cpython-310-x86_64-linux-gnu.so
[8.919s] -- Installing: /home/roey/tello-vio/install/tello_msg/local/lib/python3.10/dist-packages/tello_msg/_tello_msg_s.ep.rosidl_typesupport_fastrtps_c.c
[8.969s] Listing '/home/roey/tello-vio/install/tello_msg/local/lib/python3.10/dist-packages/tello_msg'...
[8.969s] Compiling '/home/roey/tello-vio/install/tello_msg/local/lib/python3.10/dist-packages/tello_msg/__init__.py'...
[8.969s] Listing '/home/roey/tello-vio/install/tello_msg/local/lib/python3.10/dist-packages/tello_msg/msg'...
[8.970s] Compiling '/home/roey/tello-vio/install/tello_msg/local/lib/python3.10/dist-packages/tello_msg/msg/__init__.py'...
[8.970s] Compiling '/home/roey/tello-vio/install/tello_msg/local/lib/python3.10/dist-packages/tello_msg/msg/_tello_id.py'...
[8.970s] Compiling '/home/roey/tello-vio/install/tello_msg/local/lib/python3.10/dist-packages/tello_msg/msg/_tello_status.py'...
[8.970s] Compiling '/home/roey/tello-vio/install/tello_msg/local/lib/python3.10/dist-packages/tello_msg/msg/_tello_wifi_config.py'...
[8.976s] -- Installing: /home/roey/tello-vio/install/tello_msg/local/lib/python3.10/dist-packages/tello_msg/tello_msg_s__rosidl_typesupport_fastrtps_c.cpython-310-x86_64-linux-gnu.so
[8.976s] -- Set runtime path of "/home/roey/tello-vio/install/tello_msg/local/lib/python3.10/dist-packages/tello_msg/tello_msg_s__rosidl_typesupport_fastrtps_c.cpython-310-x86_64-linux-gnu.so" to ""
[8.977s] -- Installing: /home/roey/tello-vio/install/tello_msg/local/lib/python3.10/dist-packages/tello_msg/tello_msg_s__rosidl_typesupport_introspection_c.cpython-310-x86_64-linux-gnu.so
[8.977s] -- Set runtime path of "/home/roey/tello-vio/install/tello_msg/local/lib/python3.10/dist-packages/tello_msg/tello_msg_s__rosidl_typesupport_introspection_c.cpython-310-x86_64-linux-gnu.so" to ""
[8.977s] -- Installing: /home/roey/tello-vio/install/tello_msg/local/lib/python3.10/dist-packages/tello_msg/tello_msg_s__rosidl_typesupport_c.cpython-310-x86_64-linux-gnu.so
[8.977s] -- Set runtime path of "/home/roey/tello-vio/install/tello_msg/local/lib/python3.10/dist-packages/tello_msg/tello_msg_s__rosidl_typesupport_c.cpython-310-x86_64-linux-gnu.so" to ""
[8.978s] -- Installing: /home/roey/tello-vio/install/tello_msg/lib/libtello_msg__rosidl_generator_py.so
[8.978s] -- Set runtime path of "/home/roey/tello-vio/install/tello_msg/lib/libtello_msg__rosidl_generator_py.so" to ""
[8.978s] -- Installing: /home/roey/tello-vio/install/tello_msg/share/tello_msg/msg/TelloStatus.idl
[8.978s] -- Installing: /home/roey/tello-vio/install/tello_msg/share/tello_msg/msg/TelloID.idl
[8.978s] -- Installing: /home/roey/tello-vio/install/tello_msg/share/tello_msg/msg/TelloWifiConfig.idl
[8.979s] -- Installing: /home/roey/tello-vio/install/tello_msg/share/tello_msg/msg/TelloStatus.msg
[8.979s] -- Installing: /home/roey/tello-vio/install/tello_msg/share/tello_msg/msg/TelloID.msg
[8.979s] -- Installing: /home/roey/tello-vio/install/tello_msg/share/tello_msg/msg/TelloWifiConfig.msg
[8.979s] -- Installing: /home/roey/tello-vio/install/tello_msg/share/ament_index/resource_index/package_run_dependencies/tello_msg
[8.979s] -- Installing: /home/roey/tello-vio/install/tello_msg/share/ament_index/resource_index/parent_prefix_path/tello_msg
[8.979s] -- Installing: /home/roey/tello-vio/install/tello_msg/share/tello_msg/environment/ament_prefix_path.sh
[8.980s] -- Installing: /home/roey/tello-vio/install/tello_msg/share/tello_msg/environment/ament_prefix_path.dsv
[8.980s] -- Installing: /home/roey/tello-vio/install/tello_msg/share/tello_msg/environment/path.sh
[8.980s] -- Installing: /home/roey/tello-vio/install/tello_msg/share/tello_msg/environment/path.dsv
[8.980s] -- Installing: /home/roey/tello-vio/install/tello_msg/share/tello_msg/local_setup.bash
[8.980s] -- Installing: /home/roey/tello-vio/install/tello_msg/share/tello_msg/local_setup.sh
[8.980s] -- Installing: /home/roey/tello-vio/install/tello_msg/share/tello_msg/local_setup.zsh
[8.980s] -- Installing: /home/roey/tello-vio/install/tello_msg/share/tello_msg/local_setup.dsv
[8.981s] -- Installing: /home/roey/tello-vio/install/tello_msg/share/tello_msg/package.dsv
[8.981s] -- Installing: /home/roey/tello-vio/install/tello_msg/share/ament_index/resource_index/packages/tello_msg
[8.981s] -- Installing: /home/roey/tello-vio/install/tello_msg/share/tello_msg/cmake/export_tello_msg__rosidl_generator_cExport.cmake
[8.981s] -- Installing: /home/roey/tello-vio/install/tello_msg/share/tello_msg/cmake/export_tello_msg__rosidl_generator_cExport-noconfig.cmake
[8.981s] -- Installing: /home/roey/tello-vio/install/tello_msg/share/tello_msg/cmake/export_tello_msg__rosidl_typesupport_fastrtps_cExport.cmake
[8.981s] -- Installing: /home/roey/tello-vio/install/tello_msg/share/tello_msg/cmake/export_tello_msg__rosidl_typesupport_fastrtps_cExport-noconfig.cmake
[8.982s] -- Installing: /home/roey/tello-vio/install/tello_msg/share/tello_msg/cmake/tello_msg__rosidl_typesupport_introspection_cExport.cmake
[8.982s] -- Installing: /home/roey/tello-vio/install/tello_msg/share/tello_msg/cmake/tello_msg__rosidl_typesupport_introspection_cExport-noconfig.cmake
[8.982s] -- Installing: /home/roey/tello-vio/install/tello_msg/share/tello_msg/cmake/tello_msg__rosidl_typesupport_cExport.cmake
[8.982s] -- Installing: /home/roey/tello-vio/install/tello_msg/share/tello_msg/cmake/tello_msg__rosidl_typesupport_cExport-noconfig.cmake
[8.983s] -- Installing: /home/roey/tello-vio/install/tello_msg/share/tello_msg/cmake/export_tello_msg__rosidl_generator_cppExport.cmake
[8.983s] -- Installing: /home/roey/tello-vio/install/tello_msg/share/tello_msg/cmake/export_tello_msg__rosidl_typesupport_fastrtps_cppExport.cmake
[8.983s] -- Installing: /home/roey/tello-vio/install/tello_msg/share/tello_msg/cmake/export_tello_msg__rosidl_typesupport_fastrtps_cppExport-noconfig.cmake
[8.983s] -- Installing: /home/roey/tello-vio/install/tello_msg/share/tello_msg/cmake/tello_msg__rosidl_typesupport_introspection_cppExport.cmake
[8.984s] -- Installing: /home/roey/tello-vio/install/tello_msg/share/tello_msg/cmake/tello_msg__rosidl_typesupport_introspection_cppExport-noconfig.cmake
[8.984s] -- Installing: /home/roey/tello-vio/install/tello_msg/share/tello_msg/cmake/tello_msg__rosidl_typesupport_cppExport.cmake
[8.984s] -- Installing: /home/roey/tello-vio/install/tello_msg/share/tello_msg/cmake/tello_msg__rosidl_typesupport_cppExport-noconfig.cmake
[8.984s] -- Installing: /home/roey/tello-vio/install/tello_msg/share/tello_msg/cmake/export_tello_msg__rosidl_generator_pyExport.cmake
[8.985s] -- Installing: /home/roey/tello-vio/install/tello_msg/share/tello_msg/cmake/export_tello_msg__rosidl_generator_pyExport-noconfig.cmake
[8.985s] -- Installing: /home/roey/tello-vio/install/tello_msg/share/tello_msg/cmake/rosidl_cmake-extras.cmake
[8.985s] -- Installing: /home/roey/tello-vio/install/tello_msg/share/tello_msg/cmake/ament_cmake_export_dependencies-extras.cmake
[8.985s] -- Installing: /home/roey/tello-vio/install/tello_msg/share/tello_msg/cmake/ament_cmake_export_include_directories-extras.cmake
[8.985s] -- Installing: /home/roey/tello-vio/install/tello_msg/share/tello_msg/cmake/ament_cmake_export_libraries-extras.cmake
[8.986s] -- Installing: /home/roey/tello-vio/install/tello_msg/share/tello_msg/cmake/ament_cmake_export_targets-extras.cmake
[8.986s] -- Installing: /home/roey/tello-vio/install/tello_msg/share/tello_msg/cmake/rosidl_cmake_export_typesupport_targets-extras.cmake
[8.986s] -- Installing: /home/roey/tello-vio/install/tello_msg/share/tello_msg/cmake/rosidl_cmake_export_typesupport_libraries-extras.cmake
[8.986s] -- Installing: /home/roey/tello-vio/install/tello_msg/share/tello_msg/cmake/tello_msgConfig.cmake
[8.986s] -- Installing: /home/roey/tello-vio/install/tello_msg/share/tello_msg/cmake/tello_msgConfig-version.cmake
[8.986s] -- Installing: /home/roey/tello-vio/install/tello_msg/share/tello_msg/package.xml
[8.989s] Invoked command in '/home/roey/tello-vio/build/tello_msg' returned '0': CMAKE_PREFIX_PATH=${CMAKE_PREFIX_PATH}:/home/roey/tello-ros2/install/tello:/opt/ros/humble /usr/bin/cmake --install /home/roey/tello-vio/build/tello_msg
