[0.027s] Invoking command in '/home/roey/tello-vio/build/orbslam2': CMAKE_PREFIX_PATH=${CMAKE_PREFIX_PATH}:/home/roey/tello-vio/install/tello:/home/roey/tello-ros2/install/tello:/opt/ros/humble /usr/bin/cmake /home/roey/tello-vio/slam/src/orbslam2 -DCMAKE_INSTALL_PREFIX=/home/roey/tello-vio/install/orbslam2
[0.142s] -- The C compiler identification is GNU 11.4.0
[0.274s] -- The CXX compiler identification is GNU 11.4.0
[0.292s] -- Detecting C compiler ABI info
[0.453s] -- Detecting C compiler ABI info - done
[0.479s] -- Check for working C compiler: /usr/bin/cc - skipped
[0.479s] -- Detecting C compile features
[0.479s] -- Detecting C compile features - done
[0.490s] -- Detecting CXX compiler ABI info
[0.663s] -- Detecting CXX compiler ABI info - done
[0.679s] -- Check for working CXX compiler: /usr/bin/c++ - skipped
[0.680s] -- Detecting CXX compile features
[0.681s] -- Detecting CXX compile features - done
[0.688s] -- Found ament_cmake: 1.3.10 (/opt/ros/humble/share/ament_cmake/cmake)
[0.935s] -- Found Python3: /usr/bin/python3 (found version "3.10.12") found components: Interpreter 
[1.135s] -- Found rclcpp: 16.0.10 (/opt/ros/humble/share/rclcpp/cmake)
[1.246s] -- Found rosidl_generator_c: 3.1.5 (/opt/ros/humble/share/rosidl_generator_c/cmake)
[1.260s] -- Found rosidl_adapter: 3.1.5 (/opt/ros/humble/share/rosidl_adapter/cmake)
[1.282s] -- Found rosidl_generator_cpp: 3.1.5 (/opt/ros/humble/share/rosidl_generator_cpp/cmake)
[1.313s] -- Using all available rosidl_typesupport_c: rosidl_typesupport_fastrtps_c;rosidl_typesupport_introspection_c
[1.357s] -- Using all available rosidl_typesupport_cpp: rosidl_typesupport_fastrtps_cpp;rosidl_typesupport_introspection_cpp
[1.473s] -- Found rmw_implementation_cmake: 6.1.2 (/opt/ros/humble/share/rmw_implementation_cmake/cmake)
[1.480s] -- Found rmw_fastrtps_cpp: 6.2.7 (/opt/ros/humble/share/rmw_fastrtps_cpp/cmake)
[1.667s] -- Found OpenSSL: /usr/lib/x86_64-linux-gnu/libcrypto.so (found version "3.0.2")  
[1.729s] -- Found FastRTPS: /opt/ros/humble/include  
[1.820s] -- Using RMW implementation 'rmw_fastrtps_cpp' as default
[1.841s] -- Looking for pthread.h
[1.982s] -- Looking for pthread.h - found
[1.982s] -- Performing Test CMAKE_HAVE_LIBC_PTHREAD
[2.120s] -- Performing Test CMAKE_HAVE_LIBC_PTHREAD - Success
[2.122s] -- Found Threads: TRUE  
[2.256s] -- Found sensor_msgs: 4.2.4 (/opt/ros/humble/share/sensor_msgs/cmake)
[2.336s] -- Found visualization_msgs: 4.2.4 (/opt/ros/humble/share/visualization_msgs/cmake)
[2.390s] -- Found cv_bridge: 3.2.1 (/opt/ros/humble/share/cv_bridge/cmake)
[2.422s] -- Found message_filters: 4.3.5 (/opt/ros/humble/share/message_filters/cmake)
[2.454s] -- Found Boost: /usr/lib/x86_64-linux-gnu/cmake/Boost-1.74.0/BoostConfig.cmake (found version "1.74.0") found components: system 
[2.466s] -- Found OpenCV: /usr (found version "4.5.4") 
[2.469s] -- Found Eigen: /usr/include/eigen3 (Required is at least version "2.91.0") 
[2.694s] -- Configuring done
[2.727s] -- Generating done
[2.730s] -- Build files have been written to: /home/roey/tello-vio/build/orbslam2
[2.754s] Invoked command in '/home/roey/tello-vio/build/orbslam2' returned '0': CMAKE_PREFIX_PATH=${CMAKE_PREFIX_PATH}:/home/roey/tello-vio/install/tello:/home/roey/tello-ros2/install/tello:/opt/ros/humble /usr/bin/cmake /home/roey/tello-vio/slam/src/orbslam2 -DCMAKE_INSTALL_PREFIX=/home/roey/tello-vio/install/orbslam2
[2.756s] Invoking command in '/home/roey/tello-vio/build/orbslam2': CMAKE_PREFIX_PATH=${CMAKE_PREFIX_PATH}:/home/roey/tello-vio/install/tello:/home/roey/tello-ros2/install/tello:/opt/ros/humble /usr/bin/cmake --build /home/roey/tello-vio/build/orbslam2 -- -j8 -l8
[2.851s] Consolidate compiler generated dependencies of target mono
[2.882s] [ 33%] Building CXX object CMakeFiles/mono.dir/src/monocular/mono.cpp.o
[11.466s] In file included from /home/roey/tello-vio/libs/ORB_SLAM2/Thirdparty/g2o/g2o/types/types_seven_dof_expmap.h:34,
[11.466s]                  from /home/roey/tello-vio/libs/ORB_SLAM2/include/LoopClosing.h:34,
[11.466s]                  from /home/roey/tello-vio/libs/ORB_SLAM2/include/LocalMapping.h:26,
[11.467s]                  from /home/roey/tello-vio/libs/ORB_SLAM2/include/Tracking.h:29,
[11.467s]                  from /home/roey/tello-vio/libs/ORB_SLAM2/include/System.h:29,
[11.467s]                  from /home/roey/tello-vio/slam/src/orbslam2/src/monocular/monocular-slam-node.hpp:16,
[11.467s]                  from /home/roey/tello-vio/slam/src/orbslam2/src/monocular/mono.cpp:7:
[11.467s] /home/roey/tello-vio/libs/ORB_SLAM2/Thirdparty/g2o/g2o/types/../core/base_vertex.h:62:74: warning: ‘Eigen::AlignedBit’ is deprecated [-Wdeprecated-declarations]
[11.467s]    62 |     typedef Eigen::Map<Matrix<double, D, D>, Matrix<double,D,D>::Flags & AlignedBit ? Aligned : Unaligned >  HessianBlockType;
[11.467s]       |                                                                          ^~~~~~~~~~
[11.467s] In file included from /usr/include/eigen3/Eigen/Core:161,
[11.468s]                  from /home/roey/tello-vio/libs/ORB_SLAM2/Thirdparty/g2o/g2o/types/../core/jacobian_workspace.h:30,
[11.468s]                  from /home/roey/tello-vio/libs/ORB_SLAM2/Thirdparty/g2o/g2o/types/../core/optimizable_graph.h:41,
[11.468s]                  from /home/roey/tello-vio/libs/ORB_SLAM2/Thirdparty/g2o/g2o/types/../core/base_vertex.h:30,
[11.468s]                  from /home/roey/tello-vio/libs/ORB_SLAM2/Thirdparty/g2o/g2o/types/types_seven_dof_expmap.h:34,
[11.468s]                  from /home/roey/tello-vio/libs/ORB_SLAM2/include/LoopClosing.h:34,
[11.468s]                  from /home/roey/tello-vio/libs/ORB_SLAM2/include/LocalMapping.h:26,
[11.468s]                  from /home/roey/tello-vio/libs/ORB_SLAM2/include/Tracking.h:29,
[11.468s]                  from /home/roey/tello-vio/libs/ORB_SLAM2/include/System.h:29,
[11.469s]                  from /home/roey/tello-vio/slam/src/orbslam2/src/monocular/monocular-slam-node.hpp:16,
[11.469s]                  from /home/roey/tello-vio/slam/src/orbslam2/src/monocular/mono.cpp:7:
[11.469s] /usr/include/eigen3/Eigen/src/Core/util/Constants.h:167:37: note: declared here
[11.469s]   167 | EIGEN_DEPRECATED const unsigned int AlignedBit = 0x80;
[11.469s]       |                                     ^~~~~~~~~~
[11.512s] In file included from /home/roey/tello-vio/libs/ORB_SLAM2/Thirdparty/g2o/g2o/types/types_seven_dof_expmap.h:35,
[11.512s]                  from /home/roey/tello-vio/libs/ORB_SLAM2/include/LoopClosing.h:34,
[11.512s]                  from /home/roey/tello-vio/libs/ORB_SLAM2/include/LocalMapping.h:26,
[11.513s]                  from /home/roey/tello-vio/libs/ORB_SLAM2/include/Tracking.h:29,
[11.513s]                  from /home/roey/tello-vio/libs/ORB_SLAM2/include/System.h:29,
[11.513s]                  from /home/roey/tello-vio/slam/src/orbslam2/src/monocular/monocular-slam-node.hpp:16,
[11.513s]                  from /home/roey/tello-vio/slam/src/orbslam2/src/monocular/mono.cpp:7:
[11.513s] /home/roey/tello-vio/libs/ORB_SLAM2/Thirdparty/g2o/g2o/types/../core/base_binary_edge.h:59:82: warning: ‘Eigen::AlignedBit’ is deprecated [-Wdeprecated-declarations]
[11.513s]    59 |       typedef Eigen::Map<Matrix<double, Di, Dj>, Matrix<double, Di, Dj>::Flags & AlignedBit ? Aligned : Unaligned > HessianBlockType;
[11.513s]       |                                                                                  ^~~~~~~~~~
[11.513s] In file included from /usr/include/eigen3/Eigen/Core:161,
[11.514s]                  from /home/roey/tello-vio/libs/ORB_SLAM2/Thirdparty/g2o/g2o/types/../core/jacobian_workspace.h:30,
[11.514s]                  from /home/roey/tello-vio/libs/ORB_SLAM2/Thirdparty/g2o/g2o/types/../core/optimizable_graph.h:41,
[11.514s]                  from /home/roey/tello-vio/libs/ORB_SLAM2/Thirdparty/g2o/g2o/types/../core/base_vertex.h:30,
[11.514s]                  from /home/roey/tello-vio/libs/ORB_SLAM2/Thirdparty/g2o/g2o/types/types_seven_dof_expmap.h:34,
[11.514s]                  from /home/roey/tello-vio/libs/ORB_SLAM2/include/LoopClosing.h:34,
[11.514s]                  from /home/roey/tello-vio/libs/ORB_SLAM2/include/LocalMapping.h:26,
[11.514s]                  from /home/roey/tello-vio/libs/ORB_SLAM2/include/Tracking.h:29,
[11.514s]                  from /home/roey/tello-vio/libs/ORB_SLAM2/include/System.h:29,
[11.515s]                  from /home/roey/tello-vio/slam/src/orbslam2/src/monocular/monocular-slam-node.hpp:16,
[11.515s]                  from /home/roey/tello-vio/slam/src/orbslam2/src/monocular/mono.cpp:7:
[11.515s] /usr/include/eigen3/Eigen/src/Core/util/Constants.h:167:37: note: declared here
[11.515s]   167 | EIGEN_DEPRECATED const unsigned int AlignedBit = 0x80;
[11.515s]       |                                     ^~~~~~~~~~
[11.515s] In file included from /home/roey/tello-vio/libs/ORB_SLAM2/Thirdparty/g2o/g2o/types/types_seven_dof_expmap.h:35,
[11.515s]                  from /home/roey/tello-vio/libs/ORB_SLAM2/include/LoopClosing.h:34,
[11.515s]                  from /home/roey/tello-vio/libs/ORB_SLAM2/include/LocalMapping.h:26,
[11.516s]                  from /home/roey/tello-vio/libs/ORB_SLAM2/include/Tracking.h:29,
[11.516s]                  from /home/roey/tello-vio/libs/ORB_SLAM2/include/System.h:29,
[11.516s]                  from /home/roey/tello-vio/slam/src/orbslam2/src/monocular/monocular-slam-node.hpp:16,
[11.516s]                  from /home/roey/tello-vio/slam/src/orbslam2/src/monocular/mono.cpp:7:
[11.516s] /home/roey/tello-vio/libs/ORB_SLAM2/Thirdparty/g2o/g2o/types/../core/base_binary_edge.h:60:82: warning: ‘Eigen::AlignedBit’ is deprecated [-Wdeprecated-declarations]
[11.516s]    60 |       typedef Eigen::Map<Matrix<double, Dj, Di>, Matrix<double, Dj, Di>::Flags & AlignedBit ? Aligned : Unaligned > HessianBlockTransposedType;
[11.516s]       |                                                                                  ^~~~~~~~~~
[11.516s] In file included from /usr/include/eigen3/Eigen/Core:161,
[11.517s]                  from /home/roey/tello-vio/libs/ORB_SLAM2/Thirdparty/g2o/g2o/types/../core/jacobian_workspace.h:30,
[11.517s]                  from /home/roey/tello-vio/libs/ORB_SLAM2/Thirdparty/g2o/g2o/types/../core/optimizable_graph.h:41,
[11.517s]                  from /home/roey/tello-vio/libs/ORB_SLAM2/Thirdparty/g2o/g2o/types/../core/base_vertex.h:30,
[11.517s]                  from /home/roey/tello-vio/libs/ORB_SLAM2/Thirdparty/g2o/g2o/types/types_seven_dof_expmap.h:34,
[11.517s]                  from /home/roey/tello-vio/libs/ORB_SLAM2/include/LoopClosing.h:34,
[11.517s]                  from /home/roey/tello-vio/libs/ORB_SLAM2/include/LocalMapping.h:26,
[11.517s]                  from /home/roey/tello-vio/libs/ORB_SLAM2/include/Tracking.h:29,
[11.517s]                  from /home/roey/tello-vio/libs/ORB_SLAM2/include/System.h:29,
[11.517s]                  from /home/roey/tello-vio/slam/src/orbslam2/src/monocular/monocular-slam-node.hpp:16,
[11.518s]                  from /home/roey/tello-vio/slam/src/orbslam2/src/monocular/mono.cpp:7:
[11.518s] /usr/include/eigen3/Eigen/src/Core/util/Constants.h:167:37: note: declared here
[11.518s]   167 | EIGEN_DEPRECATED const unsigned int AlignedBit = 0x80;
[11.518s]       |                                     ^~~~~~~~~~
[11.621s] In file included from /home/roey/tello-vio/libs/ORB_SLAM2/Thirdparty/g2o/g2o/types/types_six_dof_expmap.h:41,
[11.621s]                  from /home/roey/tello-vio/libs/ORB_SLAM2/Thirdparty/g2o/g2o/types/types_seven_dof_expmap.h:36,
[11.621s]                  from /home/roey/tello-vio/libs/ORB_SLAM2/include/LoopClosing.h:34,
[11.622s]                  from /home/roey/tello-vio/libs/ORB_SLAM2/include/LocalMapping.h:26,
[11.622s]                  from /home/roey/tello-vio/libs/ORB_SLAM2/include/Tracking.h:29,
[11.622s]                  from /home/roey/tello-vio/libs/ORB_SLAM2/include/System.h:29,
[11.622s]                  from /home/roey/tello-vio/slam/src/orbslam2/src/monocular/monocular-slam-node.hpp:16,
[11.622s]                  from /home/roey/tello-vio/slam/src/orbslam2/src/monocular/mono.cpp:7:
[11.622s] /home/roey/tello-vio/libs/ORB_SLAM2/Thirdparty/g2o/g2o/types/se3quat.h:43:38: warning: extra ‘;’ [-Wpedantic]
[11.622s]    43 |       EIGEN_MAKE_ALIGNED_OPERATOR_NEW;
[11.623s]       |                                      ^
[11.623s]       |                                      -
[12.411s] In file included from /home/roey/tello-vio/libs/ORB_SLAM2/Thirdparty/g2o/g2o/types/types_seven_dof_expmap.h:34,
[12.412s]                  from /home/roey/tello-vio/libs/ORB_SLAM2/include/LoopClosing.h:34,
[12.412s]                  from /home/roey/tello-vio/libs/ORB_SLAM2/include/LocalMapping.h:26,
[12.412s]                  from /home/roey/tello-vio/libs/ORB_SLAM2/include/Tracking.h:29,
[12.412s]                  from /home/roey/tello-vio/libs/ORB_SLAM2/include/System.h:29,
[12.412s]                  from /home/roey/tello-vio/slam/src/orbslam2/src/monocular/monocular-slam-node.hpp:16,
[12.412s]                  from /home/roey/tello-vio/slam/src/orbslam2/src/monocular/mono.cpp:7:
[12.412s] /home/roey/tello-vio/libs/ORB_SLAM2/Thirdparty/g2o/g2o/types/../core/base_vertex.h: In instantiation of ‘class g2o::BaseVertex<3, Eigen::Matrix<double, 3, 1> >’:
[12.412s] /home/roey/tello-vio/libs/ORB_SLAM2/Thirdparty/g2o/g2o/types/types_sba.h:40:35:   required from here
[12.413s] /home/roey/tello-vio/libs/ORB_SLAM2/Thirdparty/g2o/g2o/types/../core/base_vertex.h:62:72: warning: ‘Eigen::AlignedBit’ is deprecated [-Wdeprecated-declarations]
[12.413s]    62 |     typedef Eigen::Map<Matrix<double, D, D>, Matrix<double,D,D>::Flags & AlignedBit ? Aligned : Unaligned >  HessianBlockType;
[12.413s]       |                                                                  ~~~~~~^~~~~~~~~~~~
[12.413s] In file included from /usr/include/eigen3/Eigen/Core:161,
[12.413s]                  from /home/roey/tello-vio/libs/ORB_SLAM2/Thirdparty/g2o/g2o/types/../core/jacobian_workspace.h:30,
[12.413s]                  from /home/roey/tello-vio/libs/ORB_SLAM2/Thirdparty/g2o/g2o/types/../core/optimizable_graph.h:41,
[12.413s]                  from /home/roey/tello-vio/libs/ORB_SLAM2/Thirdparty/g2o/g2o/types/../core/base_vertex.h:30,
[12.413s]                  from /home/roey/tello-vio/libs/ORB_SLAM2/Thirdparty/g2o/g2o/types/types_seven_dof_expmap.h:34,
[12.414s]                  from /home/roey/tello-vio/libs/ORB_SLAM2/include/LoopClosing.h:34,
[12.414s]                  from /home/roey/tello-vio/libs/ORB_SLAM2/include/LocalMapping.h:26,
[12.414s]                  from /home/roey/tello-vio/libs/ORB_SLAM2/include/Tracking.h:29,
[12.414s]                  from /home/roey/tello-vio/libs/ORB_SLAM2/include/System.h:29,
[12.414s]                  from /home/roey/tello-vio/slam/src/orbslam2/src/monocular/monocular-slam-node.hpp:16,
[12.414s]                  from /home/roey/tello-vio/slam/src/orbslam2/src/monocular/mono.cpp:7:
[12.414s] /usr/include/eigen3/Eigen/src/Core/util/Constants.h:167:37: note: declared here
[12.414s]   167 | EIGEN_DEPRECATED const unsigned int AlignedBit = 0x80;
[12.415s]       |                                     ^~~~~~~~~~
[12.473s] In file included from /home/roey/tello-vio/libs/ORB_SLAM2/Thirdparty/g2o/g2o/types/types_seven_dof_expmap.h:34,
[12.474s]                  from /home/roey/tello-vio/libs/ORB_SLAM2/include/LoopClosing.h:34,
[12.474s]                  from /home/roey/tello-vio/libs/ORB_SLAM2/include/LocalMapping.h:26,
[12.474s]                  from /home/roey/tello-vio/libs/ORB_SLAM2/include/Tracking.h:29,
[12.474s]                  from /home/roey/tello-vio/libs/ORB_SLAM2/include/System.h:29,
[12.474s]                  from /home/roey/tello-vio/slam/src/orbslam2/src/monocular/monocular-slam-node.hpp:16,
[12.474s]                  from /home/roey/tello-vio/slam/src/orbslam2/src/monocular/mono.cpp:7:
[12.475s] /home/roey/tello-vio/libs/ORB_SLAM2/Thirdparty/g2o/g2o/types/../core/base_vertex.h: In instantiation of ‘class g2o::BaseVertex<6, g2o::SE3Quat>’:
[12.475s] /home/roey/tello-vio/libs/ORB_SLAM2/Thirdparty/g2o/g2o/types/types_six_dof_expmap.h:59:33:   required from here
[12.475s] /home/roey/tello-vio/libs/ORB_SLAM2/Thirdparty/g2o/g2o/types/../core/base_vertex.h:62:72: warning: ‘Eigen::AlignedBit’ is deprecated [-Wdeprecated-declarations]
[12.475s]    62 |     typedef Eigen::Map<Matrix<double, D, D>, Matrix<double,D,D>::Flags & AlignedBit ? Aligned : Unaligned >  HessianBlockType;
[12.475s]       |                                                                  ~~~~~~^~~~~~~~~~~~
[12.475s] In file included from /usr/include/eigen3/Eigen/Core:161,
[12.475s]                  from /home/roey/tello-vio/libs/ORB_SLAM2/Thirdparty/g2o/g2o/types/../core/jacobian_workspace.h:30,
[12.476s]                  from /home/roey/tello-vio/libs/ORB_SLAM2/Thirdparty/g2o/g2o/types/../core/optimizable_graph.h:41,
[12.476s]                  from /home/roey/tello-vio/libs/ORB_SLAM2/Thirdparty/g2o/g2o/types/../core/base_vertex.h:30,
[12.476s]                  from /home/roey/tello-vio/libs/ORB_SLAM2/Thirdparty/g2o/g2o/types/types_seven_dof_expmap.h:34,
[12.476s]                  from /home/roey/tello-vio/libs/ORB_SLAM2/include/LoopClosing.h:34,
[12.476s]                  from /home/roey/tello-vio/libs/ORB_SLAM2/include/LocalMapping.h:26,
[12.476s]                  from /home/roey/tello-vio/libs/ORB_SLAM2/include/Tracking.h:29,
[12.476s]                  from /home/roey/tello-vio/libs/ORB_SLAM2/include/System.h:29,
[12.477s]                  from /home/roey/tello-vio/slam/src/orbslam2/src/monocular/monocular-slam-node.hpp:16,
[12.477s]                  from /home/roey/tello-vio/slam/src/orbslam2/src/monocular/mono.cpp:7:
[12.477s] /usr/include/eigen3/Eigen/src/Core/util/Constants.h:167:37: note: declared here
[12.477s]   167 | EIGEN_DEPRECATED const unsigned int AlignedBit = 0x80;
[12.477s]       |                                     ^~~~~~~~~~
[12.607s] In file included from /home/roey/tello-vio/libs/ORB_SLAM2/Thirdparty/g2o/g2o/types/types_seven_dof_expmap.h:35,
[12.607s]                  from /home/roey/tello-vio/libs/ORB_SLAM2/include/LoopClosing.h:34,
[12.608s]                  from /home/roey/tello-vio/libs/ORB_SLAM2/include/LocalMapping.h:26,
[12.608s]                  from /home/roey/tello-vio/libs/ORB_SLAM2/include/Tracking.h:29,
[12.608s]                  from /home/roey/tello-vio/libs/ORB_SLAM2/include/System.h:29,
[12.608s]                  from /home/roey/tello-vio/slam/src/orbslam2/src/monocular/monocular-slam-node.hpp:16,
[12.608s]                  from /home/roey/tello-vio/slam/src/orbslam2/src/monocular/mono.cpp:7:
[12.608s] /home/roey/tello-vio/libs/ORB_SLAM2/Thirdparty/g2o/g2o/types/../core/base_binary_edge.h: In instantiation of ‘class g2o::BaseBinaryEdge<2, Eigen::Matrix<double, 2, 1>, g2o::VertexSBAPointXYZ, g2o::VertexSE3Expmap>’:
[12.608s] /home/roey/tello-vio/libs/ORB_SLAM2/Thirdparty/g2o/g2o/types/types_six_dof_expmap.h:80:35:   required from here
[12.609s] /home/roey/tello-vio/libs/ORB_SLAM2/Thirdparty/g2o/g2o/types/../core/base_binary_edge.h:59:80: warning: ‘Eigen::AlignedBit’ is deprecated [-Wdeprecated-declarations]
[12.609s]    59 |       typedef Eigen::Map<Matrix<double, Di, Dj>, Matrix<double, Di, Dj>::Flags & AlignedBit ? Aligned : Unaligned > HessianBlockType;
[12.609s]       |                                                                          ~~~~~~^~~~~~~~~~~~
[12.609s] In file included from /usr/include/eigen3/Eigen/Core:161,
[12.609s]                  from /home/roey/tello-vio/libs/ORB_SLAM2/Thirdparty/g2o/g2o/types/../core/jacobian_workspace.h:30,
[12.609s]                  from /home/roey/tello-vio/libs/ORB_SLAM2/Thirdparty/g2o/g2o/types/../core/optimizable_graph.h:41,
[12.609s]                  from /home/roey/tello-vio/libs/ORB_SLAM2/Thirdparty/g2o/g2o/types/../core/base_vertex.h:30,
[12.610s]                  from /home/roey/tello-vio/libs/ORB_SLAM2/Thirdparty/g2o/g2o/types/types_seven_dof_expmap.h:34,
[12.610s]                  from /home/roey/tello-vio/libs/ORB_SLAM2/include/LoopClosing.h:34,
[12.610s]                  from /home/roey/tello-vio/libs/ORB_SLAM2/include/LocalMapping.h:26,
[12.610s]                  from /home/roey/tello-vio/libs/ORB_SLAM2/include/Tracking.h:29,
[12.610s]                  from /home/roey/tello-vio/libs/ORB_SLAM2/include/System.h:29,
[12.610s]                  from /home/roey/tello-vio/slam/src/orbslam2/src/monocular/monocular-slam-node.hpp:16,
[12.610s]                  from /home/roey/tello-vio/slam/src/orbslam2/src/monocular/mono.cpp:7:
[12.611s] /usr/include/eigen3/Eigen/src/Core/util/Constants.h:167:37: note: declared here
[12.611s]   167 | EIGEN_DEPRECATED const unsigned int AlignedBit = 0x80;
[12.611s]       |                                     ^~~~~~~~~~
[12.634s] In file included from /home/roey/tello-vio/libs/ORB_SLAM2/Thirdparty/g2o/g2o/types/types_seven_dof_expmap.h:35,
[12.634s]                  from /home/roey/tello-vio/libs/ORB_SLAM2/include/LoopClosing.h:34,
[12.635s]                  from /home/roey/tello-vio/libs/ORB_SLAM2/include/LocalMapping.h:26,
[12.635s]                  from /home/roey/tello-vio/libs/ORB_SLAM2/include/Tracking.h:29,
[12.635s]                  from /home/roey/tello-vio/libs/ORB_SLAM2/include/System.h:29,
[12.635s]                  from /home/roey/tello-vio/slam/src/orbslam2/src/monocular/monocular-slam-node.hpp:16,
[12.635s]                  from /home/roey/tello-vio/slam/src/orbslam2/src/monocular/mono.cpp:7:
[12.635s] /home/roey/tello-vio/libs/ORB_SLAM2/Thirdparty/g2o/g2o/types/../core/base_binary_edge.h:60:80: warning: ‘Eigen::AlignedBit’ is deprecated [-Wdeprecated-declarations]
[12.635s]    60 |       typedef Eigen::Map<Matrix<double, Dj, Di>, Matrix<double, Dj, Di>::Flags & AlignedBit ? Aligned : Unaligned > HessianBlockTransposedType;
[12.636s]       |                                                                          ~~~~~~^~~~~~~~~~~~
[12.636s] In file included from /usr/include/eigen3/Eigen/Core:161,
[12.636s]                  from /home/roey/tello-vio/libs/ORB_SLAM2/Thirdparty/g2o/g2o/types/../core/jacobian_workspace.h:30,
[12.636s]                  from /home/roey/tello-vio/libs/ORB_SLAM2/Thirdparty/g2o/g2o/types/../core/optimizable_graph.h:41,
[12.636s]                  from /home/roey/tello-vio/libs/ORB_SLAM2/Thirdparty/g2o/g2o/types/../core/base_vertex.h:30,
[12.636s]                  from /home/roey/tello-vio/libs/ORB_SLAM2/Thirdparty/g2o/g2o/types/types_seven_dof_expmap.h:34,
[12.637s]                  from /home/roey/tello-vio/libs/ORB_SLAM2/include/LoopClosing.h:34,
[12.637s]                  from /home/roey/tello-vio/libs/ORB_SLAM2/include/LocalMapping.h:26,
[12.637s]                  from /home/roey/tello-vio/libs/ORB_SLAM2/include/Tracking.h:29,
[12.637s]                  from /home/roey/tello-vio/libs/ORB_SLAM2/include/System.h:29,
[12.637s]                  from /home/roey/tello-vio/slam/src/orbslam2/src/monocular/monocular-slam-node.hpp:16,
[12.637s]                  from /home/roey/tello-vio/slam/src/orbslam2/src/monocular/mono.cpp:7:
[12.637s] /usr/include/eigen3/Eigen/src/Core/util/Constants.h:167:37: note: declared here
[12.644s]   167 | EIGEN_DEPRECATED const unsigned int AlignedBit = 0x80;
[12.644s]       |                                     ^~~~~~~~~~
[12.770s] In file included from /home/roey/tello-vio/libs/ORB_SLAM2/Thirdparty/g2o/g2o/types/types_seven_dof_expmap.h:35,
[12.770s]                  from /home/roey/tello-vio/libs/ORB_SLAM2/include/LoopClosing.h:34,
[12.772s]                  from /home/roey/tello-vio/libs/ORB_SLAM2/include/LocalMapping.h:26,
[12.772s]                  from /home/roey/tello-vio/libs/ORB_SLAM2/include/Tracking.h:29,
[12.773s]                  from /home/roey/tello-vio/libs/ORB_SLAM2/include/System.h:29,
[12.773s]                  from /home/roey/tello-vio/slam/src/orbslam2/src/monocular/monocular-slam-node.hpp:16,
[12.773s]                  from /home/roey/tello-vio/slam/src/orbslam2/src/monocular/mono.cpp:7:
[12.773s] /home/roey/tello-vio/libs/ORB_SLAM2/Thirdparty/g2o/g2o/types/../core/base_binary_edge.h: In instantiation of ‘class g2o::BaseBinaryEdge<3, Eigen::Matrix<double, 3, 1>, g2o::VertexSBAPointXYZ, g2o::VertexSE3Expmap>’:
[12.773s] /home/roey/tello-vio/libs/ORB_SLAM2/Thirdparty/g2o/g2o/types/types_six_dof_expmap.h:112:41:   required from here
[12.773s] /home/roey/tello-vio/libs/ORB_SLAM2/Thirdparty/g2o/g2o/types/../core/base_binary_edge.h:59:80: warning: ‘Eigen::AlignedBit’ is deprecated [-Wdeprecated-declarations]
[12.773s]    59 |       typedef Eigen::Map<Matrix<double, Di, Dj>, Matrix<double, Di, Dj>::Flags & AlignedBit ? Aligned : Unaligned > HessianBlockType;
[12.777s]       |                                                                          ~~~~~~^~~~~~~~~~~~
[12.777s] In file included from /usr/include/eigen3/Eigen/Core:161,
[12.777s]                  from /home/roey/tello-vio/libs/ORB_SLAM2/Thirdparty/g2o/g2o/types/../core/jacobian_workspace.h:30,
[12.777s]                  from /home/roey/tello-vio/libs/ORB_SLAM2/Thirdparty/g2o/g2o/types/../core/optimizable_graph.h:41,
[12.777s]                  from /home/roey/tello-vio/libs/ORB_SLAM2/Thirdparty/g2o/g2o/types/../core/base_vertex.h:30,
[12.778s]                  from /home/roey/tello-vio/libs/ORB_SLAM2/Thirdparty/g2o/g2o/types/types_seven_dof_expmap.h:34,
[12.778s]                  from /home/roey/tello-vio/libs/ORB_SLAM2/include/LoopClosing.h:34,
[12.778s]                  from /home/roey/tello-vio/libs/ORB_SLAM2/include/LocalMapping.h:26,
[12.778s]                  from /home/roey/tello-vio/libs/ORB_SLAM2/include/Tracking.h:29,
[12.778s]                  from /home/roey/tello-vio/libs/ORB_SLAM2/include/System.h:29,
[12.778s]                  from /home/roey/tello-vio/slam/src/orbslam2/src/monocular/monocular-slam-node.hpp:16,
[12.778s]                  from /home/roey/tello-vio/slam/src/orbslam2/src/monocular/mono.cpp:7:
[12.778s] /usr/include/eigen3/Eigen/src/Core/util/Constants.h:167:37: note: declared here
[12.779s]   167 | EIGEN_DEPRECATED const unsigned int AlignedBit = 0x80;
[12.779s]       |                                     ^~~~~~~~~~
[12.779s] In file included from /home/roey/tello-vio/libs/ORB_SLAM2/Thirdparty/g2o/g2o/types/types_seven_dof_expmap.h:35,
[12.779s]                  from /home/roey/tello-vio/libs/ORB_SLAM2/include/LoopClosing.h:34,
[12.779s]                  from /home/roey/tello-vio/libs/ORB_SLAM2/include/LocalMapping.h:26,
[12.779s]                  from /home/roey/tello-vio/libs/ORB_SLAM2/include/Tracking.h:29,
[12.779s]                  from /home/roey/tello-vio/libs/ORB_SLAM2/include/System.h:29,
[12.779s]                  from /home/roey/tello-vio/slam/src/orbslam2/src/monocular/monocular-slam-node.hpp:16,
[12.780s]                  from /home/roey/tello-vio/slam/src/orbslam2/src/monocular/mono.cpp:7:
[12.780s] /home/roey/tello-vio/libs/ORB_SLAM2/Thirdparty/g2o/g2o/types/../core/base_binary_edge.h:60:80: warning: ‘Eigen::AlignedBit’ is deprecated [-Wdeprecated-declarations]
[12.780s]    60 |       typedef Eigen::Map<Matrix<double, Dj, Di>, Matrix<double, Dj, Di>::Flags & AlignedBit ? Aligned : Unaligned > HessianBlockTransposedType;
[12.780s]       |                                                                          ~~~~~~^~~~~~~~~~~~
[12.780s] In file included from /usr/include/eigen3/Eigen/Core:161,
[12.780s]                  from /home/roey/tello-vio/libs/ORB_SLAM2/Thirdparty/g2o/g2o/types/../core/jacobian_workspace.h:30,
[12.780s]                  from /home/roey/tello-vio/libs/ORB_SLAM2/Thirdparty/g2o/g2o/types/../core/optimizable_graph.h:41,
[12.782s]                  from /home/roey/tello-vio/libs/ORB_SLAM2/Thirdparty/g2o/g2o/types/../core/base_vertex.h:30,
[12.783s]                  from /home/roey/tello-vio/libs/ORB_SLAM2/Thirdparty/g2o/g2o/types/types_seven_dof_expmap.h:34,
[12.783s]                  from /home/roey/tello-vio/libs/ORB_SLAM2/include/LoopClosing.h:34,
[12.783s]                  from /home/roey/tello-vio/libs/ORB_SLAM2/include/LocalMapping.h:26,
[12.783s]                  from /home/roey/tello-vio/libs/ORB_SLAM2/include/Tracking.h:29,
[12.783s]                  from /home/roey/tello-vio/libs/ORB_SLAM2/include/System.h:29,
[12.784s]                  from /home/roey/tello-vio/slam/src/orbslam2/src/monocular/monocular-slam-node.hpp:16,
[12.784s]                  from /home/roey/tello-vio/slam/src/orbslam2/src/monocular/mono.cpp:7:
[12.784s] /usr/include/eigen3/Eigen/src/Core/util/Constants.h:167:37: note: declared here
[12.784s]   167 | EIGEN_DEPRECATED const unsigned int AlignedBit = 0x80;
[12.784s]       |                                     ^~~~~~~~~~
[13.243s] In file included from /home/roey/tello-vio/libs/ORB_SLAM2/Thirdparty/g2o/g2o/types/types_seven_dof_expmap.h:34,
[13.243s]                  from /home/roey/tello-vio/libs/ORB_SLAM2/include/LoopClosing.h:34,
[13.243s]                  from /home/roey/tello-vio/libs/ORB_SLAM2/include/LocalMapping.h:26,
[13.243s]                  from /home/roey/tello-vio/libs/ORB_SLAM2/include/Tracking.h:29,
[13.243s]                  from /home/roey/tello-vio/libs/ORB_SLAM2/include/System.h:29,
[13.243s]                  from /home/roey/tello-vio/slam/src/orbslam2/src/monocular/monocular-slam-node.hpp:16,
[13.243s]                  from /home/roey/tello-vio/slam/src/orbslam2/src/monocular/mono.cpp:7:
[13.243s] /home/roey/tello-vio/libs/ORB_SLAM2/Thirdparty/g2o/g2o/types/../core/base_vertex.h: In instantiation of ‘class g2o::BaseVertex<7, g2o::Sim3>’:
[13.244s] /home/roey/tello-vio/libs/ORB_SLAM2/Thirdparty/g2o/g2o/types/types_seven_dof_expmap.h:48:35:   required from here
[13.244s] /home/roey/tello-vio/libs/ORB_SLAM2/Thirdparty/g2o/g2o/types/../core/base_vertex.h:62:72: warning: ‘Eigen::AlignedBit’ is deprecated [-Wdeprecated-declarations]
[13.244s]    62 |     typedef Eigen::Map<Matrix<double, D, D>, Matrix<double,D,D>::Flags & AlignedBit ? Aligned : Unaligned >  HessianBlockType;
[13.244s]       |                                                                  ~~~~~~^~~~~~~~~~~~
[13.244s] In file included from /usr/include/eigen3/Eigen/Core:161,
[13.244s]                  from /home/roey/tello-vio/libs/ORB_SLAM2/Thirdparty/g2o/g2o/types/../core/jacobian_workspace.h:30,
[13.244s]                  from /home/roey/tello-vio/libs/ORB_SLAM2/Thirdparty/g2o/g2o/types/../core/optimizable_graph.h:41,
[13.245s]                  from /home/roey/tello-vio/libs/ORB_SLAM2/Thirdparty/g2o/g2o/types/../core/base_vertex.h:30,
[13.245s]                  from /home/roey/tello-vio/libs/ORB_SLAM2/Thirdparty/g2o/g2o/types/types_seven_dof_expmap.h:34,
[13.245s]                  from /home/roey/tello-vio/libs/ORB_SLAM2/include/LoopClosing.h:34,
[13.245s]                  from /home/roey/tello-vio/libs/ORB_SLAM2/include/LocalMapping.h:26,
[13.245s]                  from /home/roey/tello-vio/libs/ORB_SLAM2/include/Tracking.h:29,
[13.245s]                  from /home/roey/tello-vio/libs/ORB_SLAM2/include/System.h:29,
[13.245s]                  from /home/roey/tello-vio/slam/src/orbslam2/src/monocular/monocular-slam-node.hpp:16,
[13.245s]                  from /home/roey/tello-vio/slam/src/orbslam2/src/monocular/mono.cpp:7:
[13.246s] /usr/include/eigen3/Eigen/src/Core/util/Constants.h:167:37: note: declared here
[13.246s]   167 | EIGEN_DEPRECATED const unsigned int AlignedBit = 0x80;
[13.246s]       |                                     ^~~~~~~~~~
[13.311s] In file included from /home/roey/tello-vio/libs/ORB_SLAM2/Thirdparty/g2o/g2o/types/types_seven_dof_expmap.h:35,
[13.311s]                  from /home/roey/tello-vio/libs/ORB_SLAM2/include/LoopClosing.h:34,
[13.311s]                  from /home/roey/tello-vio/libs/ORB_SLAM2/include/LocalMapping.h:26,
[13.311s]                  from /home/roey/tello-vio/libs/ORB_SLAM2/include/Tracking.h:29,
[13.311s]                  from /home/roey/tello-vio/libs/ORB_SLAM2/include/System.h:29,
[13.312s]                  from /home/roey/tello-vio/slam/src/orbslam2/src/monocular/monocular-slam-node.hpp:16,
[13.312s]                  from /home/roey/tello-vio/slam/src/orbslam2/src/monocular/mono.cpp:7:
[13.312s] /home/roey/tello-vio/libs/ORB_SLAM2/Thirdparty/g2o/g2o/types/../core/base_binary_edge.h: In instantiation of ‘class g2o::BaseBinaryEdge<7, g2o::Sim3, g2o::VertexSim3Expmap, g2o::VertexSim3Expmap>’:
[13.312s] /home/roey/tello-vio/libs/ORB_SLAM2/Thirdparty/g2o/g2o/types/types_seven_dof_expmap.h:99:27:   required from here
[13.312s] /home/roey/tello-vio/libs/ORB_SLAM2/Thirdparty/g2o/g2o/types/../core/base_binary_edge.h:59:80: warning: ‘Eigen::AlignedBit’ is deprecated [-Wdeprecated-declarations]
[13.312s]    59 |       typedef Eigen::Map<Matrix<double, Di, Dj>, Matrix<double, Di, Dj>::Flags & AlignedBit ? Aligned : Unaligned > HessianBlockType;
[13.312s]       |                                                                          ~~~~~~^~~~~~~~~~~~
[13.313s] In file included from /usr/include/eigen3/Eigen/Core:161,
[13.313s]                  from /home/roey/tello-vio/libs/ORB_SLAM2/Thirdparty/g2o/g2o/types/../core/jacobian_workspace.h:30,
[13.313s]                  from /home/roey/tello-vio/libs/ORB_SLAM2/Thirdparty/g2o/g2o/types/../core/optimizable_graph.h:41,
[13.313s]                  from /home/roey/tello-vio/libs/ORB_SLAM2/Thirdparty/g2o/g2o/types/../core/base_vertex.h:30,
[13.313s]                  from /home/roey/tello-vio/libs/ORB_SLAM2/Thirdparty/g2o/g2o/types/types_seven_dof_expmap.h:34,
[13.313s]                  from /home/roey/tello-vio/libs/ORB_SLAM2/include/LoopClosing.h:34,
[13.313s]                  from /home/roey/tello-vio/libs/ORB_SLAM2/include/LocalMapping.h:26,
[13.313s]                  from /home/roey/tello-vio/libs/ORB_SLAM2/include/Tracking.h:29,
[13.314s]                  from /home/roey/tello-vio/libs/ORB_SLAM2/include/System.h:29,
[13.314s]                  from /home/roey/tello-vio/slam/src/orbslam2/src/monocular/monocular-slam-node.hpp:16,
[13.314s]                  from /home/roey/tello-vio/slam/src/orbslam2/src/monocular/mono.cpp:7:
[13.314s] /usr/include/eigen3/Eigen/src/Core/util/Constants.h:167:37: note: declared here
[13.314s]   167 | EIGEN_DEPRECATED const unsigned int AlignedBit = 0x80;
[13.314s]       |                                     ^~~~~~~~~~
[13.314s] In file included from /home/roey/tello-vio/libs/ORB_SLAM2/Thirdparty/g2o/g2o/types/types_seven_dof_expmap.h:35,
[13.314s]                  from /home/roey/tello-vio/libs/ORB_SLAM2/include/LoopClosing.h:34,
[13.314s]                  from /home/roey/tello-vio/libs/ORB_SLAM2/include/LocalMapping.h:26,
[13.315s]                  from /home/roey/tello-vio/libs/ORB_SLAM2/include/Tracking.h:29,
[13.315s]                  from /home/roey/tello-vio/libs/ORB_SLAM2/include/System.h:29,
[13.315s]                  from /home/roey/tello-vio/slam/src/orbslam2/src/monocular/monocular-slam-node.hpp:16,
[13.315s]                  from /home/roey/tello-vio/slam/src/orbslam2/src/monocular/mono.cpp:7:
[13.315s] /home/roey/tello-vio/libs/ORB_SLAM2/Thirdparty/g2o/g2o/types/../core/base_binary_edge.h:60:80: warning: ‘Eigen::AlignedBit’ is deprecated [-Wdeprecated-declarations]
[13.315s]    60 |       typedef Eigen::Map<Matrix<double, Dj, Di>, Matrix<double, Dj, Di>::Flags & AlignedBit ? Aligned : Unaligned > HessianBlockTransposedType;
[13.315s]       |                                                                          ~~~~~~^~~~~~~~~~~~
[13.315s] In file included from /usr/include/eigen3/Eigen/Core:161,
[13.316s]                  from /home/roey/tello-vio/libs/ORB_SLAM2/Thirdparty/g2o/g2o/types/../core/jacobian_workspace.h:30,
[13.316s]                  from /home/roey/tello-vio/libs/ORB_SLAM2/Thirdparty/g2o/g2o/types/../core/optimizable_graph.h:41,
[13.316s]                  from /home/roey/tello-vio/libs/ORB_SLAM2/Thirdparty/g2o/g2o/types/../core/base_vertex.h:30,
[13.316s]                  from /home/roey/tello-vio/libs/ORB_SLAM2/Thirdparty/g2o/g2o/types/types_seven_dof_expmap.h:34,
[13.316s]                  from /home/roey/tello-vio/libs/ORB_SLAM2/include/LoopClosing.h:34,
[13.316s]                  from /home/roey/tello-vio/libs/ORB_SLAM2/include/LocalMapping.h:26,
[13.316s]                  from /home/roey/tello-vio/libs/ORB_SLAM2/include/Tracking.h:29,
[13.316s]                  from /home/roey/tello-vio/libs/ORB_SLAM2/include/System.h:29,
[13.317s]                  from /home/roey/tello-vio/slam/src/orbslam2/src/monocular/monocular-slam-node.hpp:16,
[13.317s]                  from /home/roey/tello-vio/slam/src/orbslam2/src/monocular/mono.cpp:7:
[13.317s] /usr/include/eigen3/Eigen/src/Core/util/Constants.h:167:37: note: declared here
[13.317s]   167 | EIGEN_DEPRECATED const unsigned int AlignedBit = 0x80;
[13.317s]       |                                     ^~~~~~~~~~
[13.408s] In file included from /home/roey/tello-vio/libs/ORB_SLAM2/Thirdparty/g2o/g2o/types/types_seven_dof_expmap.h:35,
[13.408s]                  from /home/roey/tello-vio/libs/ORB_SLAM2/include/LoopClosing.h:34,
[13.408s]                  from /home/roey/tello-vio/libs/ORB_SLAM2/include/LocalMapping.h:26,
[13.408s]                  from /home/roey/tello-vio/libs/ORB_SLAM2/include/Tracking.h:29,
[13.409s]                  from /home/roey/tello-vio/libs/ORB_SLAM2/include/System.h:29,
[13.409s]                  from /home/roey/tello-vio/slam/src/orbslam2/src/monocular/monocular-slam-node.hpp:16,
[13.409s]                  from /home/roey/tello-vio/slam/src/orbslam2/src/monocular/mono.cpp:7:
[13.409s] /home/roey/tello-vio/libs/ORB_SLAM2/Thirdparty/g2o/g2o/types/../core/base_binary_edge.h: In instantiation of ‘class g2o::BaseBinaryEdge<2, Eigen::Matrix<double, 2, 1>, g2o::VertexSBAPointXYZ, g2o::VertexSim3Expmap>’:
[13.409s] /home/roey/tello-vio/libs/ORB_SLAM2/Thirdparty/g2o/g2o/types/types_seven_dof_expmap.h:130:36:   required from here
[13.409s] /home/roey/tello-vio/libs/ORB_SLAM2/Thirdparty/g2o/g2o/types/../core/base_binary_edge.h:59:80: warning: ‘Eigen::AlignedBit’ is deprecated [-Wdeprecated-declarations]
[13.409s]    59 |       typedef Eigen::Map<Matrix<double, Di, Dj>, Matrix<double, Di, Dj>::Flags & AlignedBit ? Aligned : Unaligned > HessianBlockType;
[13.409s]       |                                                                          ~~~~~~^~~~~~~~~~~~
[13.410s] In file included from /usr/include/eigen3/Eigen/Core:161,
[13.410s]                  from /home/roey/tello-vio/libs/ORB_SLAM2/Thirdparty/g2o/g2o/types/../core/jacobian_workspace.h:30,
[13.410s]                  from /home/roey/tello-vio/libs/ORB_SLAM2/Thirdparty/g2o/g2o/types/../core/optimizable_graph.h:41,
[13.410s]                  from /home/roey/tello-vio/libs/ORB_SLAM2/Thirdparty/g2o/g2o/types/../core/base_vertex.h:30,
[13.410s]                  from /home/roey/tello-vio/libs/ORB_SLAM2/Thirdparty/g2o/g2o/types/types_seven_dof_expmap.h:34,
[13.410s]                  from /home/roey/tello-vio/libs/ORB_SLAM2/include/LoopClosing.h:34,
[13.410s]                  from /home/roey/tello-vio/libs/ORB_SLAM2/include/LocalMapping.h:26,
[13.410s]                  from /home/roey/tello-vio/libs/ORB_SLAM2/include/Tracking.h:29,
[13.411s]                  from /home/roey/tello-vio/libs/ORB_SLAM2/include/System.h:29,
[13.411s]                  from /home/roey/tello-vio/slam/src/orbslam2/src/monocular/monocular-slam-node.hpp:16,
[13.411s]                  from /home/roey/tello-vio/slam/src/orbslam2/src/monocular/mono.cpp:7:
[13.411s] /usr/include/eigen3/Eigen/src/Core/util/Constants.h:167:37: note: declared here
[13.411s]   167 | EIGEN_DEPRECATED const unsigned int AlignedBit = 0x80;
[13.411s]       |                                     ^~~~~~~~~~
[13.441s] In file included from /home/roey/tello-vio/libs/ORB_SLAM2/Thirdparty/g2o/g2o/types/types_seven_dof_expmap.h:35,
[13.441s]                  from /home/roey/tello-vio/libs/ORB_SLAM2/include/LoopClosing.h:34,
[13.441s]                  from /home/roey/tello-vio/libs/ORB_SLAM2/include/LocalMapping.h:26,
[13.441s]                  from /home/roey/tello-vio/libs/ORB_SLAM2/include/Tracking.h:29,
[13.441s]                  from /home/roey/tello-vio/libs/ORB_SLAM2/include/System.h:29,
[13.441s]                  from /home/roey/tello-vio/slam/src/orbslam2/src/monocular/monocular-slam-node.hpp:16,
[13.442s]                  from /home/roey/tello-vio/slam/src/orbslam2/src/monocular/mono.cpp:7:
[13.442s] /home/roey/tello-vio/libs/ORB_SLAM2/Thirdparty/g2o/g2o/types/../core/base_binary_edge.h:60:80: warning: ‘Eigen::AlignedBit’ is deprecated [-Wdeprecated-declarations]
[13.442s]    60 |       typedef Eigen::Map<Matrix<double, Dj, Di>, Matrix<double, Dj, Di>::Flags & AlignedBit ? Aligned : Unaligned > HessianBlockTransposedType;
[13.442s]       |                                                                          ~~~~~~^~~~~~~~~~~~
[13.442s] In file included from /usr/include/eigen3/Eigen/Core:161,
[13.442s]                  from /home/roey/tello-vio/libs/ORB_SLAM2/Thirdparty/g2o/g2o/types/../core/jacobian_workspace.h:30,
[13.442s]                  from /home/roey/tello-vio/libs/ORB_SLAM2/Thirdparty/g2o/g2o/types/../core/optimizable_graph.h:41,
[13.442s]                  from /home/roey/tello-vio/libs/ORB_SLAM2/Thirdparty/g2o/g2o/types/../core/base_vertex.h:30,
[13.443s]                  from /home/roey/tello-vio/libs/ORB_SLAM2/Thirdparty/g2o/g2o/types/types_seven_dof_expmap.h:34,
[13.443s]                  from /home/roey/tello-vio/libs/ORB_SLAM2/include/LoopClosing.h:34,
[13.443s]                  from /home/roey/tello-vio/libs/ORB_SLAM2/include/LocalMapping.h:26,
[13.443s]                  from /home/roey/tello-vio/libs/ORB_SLAM2/include/Tracking.h:29,
[13.443s]                  from /home/roey/tello-vio/libs/ORB_SLAM2/include/System.h:29,
[13.443s]                  from /home/roey/tello-vio/slam/src/orbslam2/src/monocular/monocular-slam-node.hpp:16,
[13.443s]                  from /home/roey/tello-vio/slam/src/orbslam2/src/monocular/mono.cpp:7:
[13.443s] /usr/include/eigen3/Eigen/src/Core/util/Constants.h:167:37: note: declared here
[13.444s]   167 | EIGEN_DEPRECATED const unsigned int AlignedBit = 0x80;
[13.444s]       |                                     ^~~~~~~~~~
[24.388s] [ 66%] Linking CXX executable mono
[26.349s] [100%] Built target mono
[26.369s] Invoked command in '/home/roey/tello-vio/build/orbslam2' returned '0': CMAKE_PREFIX_PATH=${CMAKE_PREFIX_PATH}:/home/roey/tello-vio/install/tello:/home/roey/tello-ros2/install/tello:/opt/ros/humble /usr/bin/cmake --build /home/roey/tello-vio/build/orbslam2 -- -j8 -l8
[26.437s] Invoking command in '/home/roey/tello-vio/build/orbslam2': CMAKE_PREFIX_PATH=${CMAKE_PREFIX_PATH}:/home/roey/tello-vio/install/tello:/home/roey/tello-ros2/install/tello:/opt/ros/humble /usr/bin/cmake --install /home/roey/tello-vio/build/orbslam2
[26.452s] -- Install configuration: ""
[26.453s] -- Installing: /home/roey/tello-vio/install/orbslam2/lib/orbslam2/mono
[26.462s] -- Set runtime path of "/home/roey/tello-vio/install/orbslam2/lib/orbslam2/mono" to ""
[26.462s] -- Up-to-date: /home/roey/tello-vio/install/orbslam2/share/ament_index/resource_index/package_run_dependencies/orbslam2
[26.463s] -- Up-to-date: /home/roey/tello-vio/install/orbslam2/share/ament_index/resource_index/parent_prefix_path/orbslam2
[26.463s] -- Up-to-date: /home/roey/tello-vio/install/orbslam2/share/orbslam2/environment/ament_prefix_path.sh
[26.466s] -- Installing: /home/roey/tello-vio/install/orbslam2/share/orbslam2/environment/ament_prefix_path.dsv
[26.466s] -- Up-to-date: /home/roey/tello-vio/install/orbslam2/share/orbslam2/environment/path.sh
[26.466s] -- Installing: /home/roey/tello-vio/install/orbslam2/share/orbslam2/environment/path.dsv
[26.467s] -- Up-to-date: /home/roey/tello-vio/install/orbslam2/share/orbslam2/local_setup.bash
[26.467s] -- Up-to-date: /home/roey/tello-vio/install/orbslam2/share/orbslam2/local_setup.sh
[26.467s] -- Up-to-date: /home/roey/tello-vio/install/orbslam2/share/orbslam2/local_setup.zsh
[26.467s] -- Installing: /home/roey/tello-vio/install/orbslam2/share/orbslam2/local_setup.dsv
[26.467s] -- Installing: /home/roey/tello-vio/install/orbslam2/share/orbslam2/package.dsv
[26.467s] -- Up-to-date: /home/roey/tello-vio/install/orbslam2/share/ament_index/resource_index/packages/orbslam2
[26.467s] -- Up-to-date: /home/roey/tello-vio/install/orbslam2/share/orbslam2/cmake/orbslam2Config.cmake
[26.467s] -- Up-to-date: /home/roey/tello-vio/install/orbslam2/share/orbslam2/cmake/orbslam2Config-version.cmake
[26.468s] -- Up-to-date: /home/roey/tello-vio/install/orbslam2/share/orbslam2/package.xml
[26.472s] Invoked command in '/home/roey/tello-vio/build/orbslam2' returned '0': CMAKE_PREFIX_PATH=${CMAKE_PREFIX_PATH}:/home/roey/tello-vio/install/tello:/home/roey/tello-ros2/install/tello:/opt/ros/humble /usr/bin/cmake --install /home/roey/tello-vio/build/orbslam2
